<?xml version="1.0" encoding="UTF-8"?>
<testsuite xmlns:xsi="http://www.w3.org/2001/XMLSchema-instance" xsi:noNamespaceSchemaLocation="https://maven.apache.org/surefire/maven-surefire-plugin/xsd/surefire-test-report-3.0.xsd" version="3.0" name="com.moviebookingapp.SmokeTest" time="77.037" tests="1" errors="0" skipped="0" failures="0">
  <properties>
    <property name="java.specification.version" value="21"/>
    <property name="sun.cpu.isalist" value="amd64"/>
    <property name="sun.jnu.encoding" value="Cp1252"/>
    <property name="java.class.path" value="C:\Cognizant Jr.Eng\moviebooking-backend\target\test-classes;C:\Cognizant Jr.Eng\moviebooking-backend\target\classes;C:\Users\2263222\.m2\repository\org\springframework\boot\spring-boot-starter-web\3.3.2\spring-boot-starter-web-3.3.2.jar;C:\Users\2263222\.m2\repository\org\springframework\boot\spring-boot-starter\3.3.2\spring-boot-starter-3.3.2.jar;C:\Users\2263222\.m2\repository\org\springframework\boot\spring-boot\3.3.2\spring-boot-3.3.2.jar;C:\Users\2263222\.m2\repository\org\springframework\boot\spring-boot-autoconfigure\3.3.2\spring-boot-autoconfigure-3.3.2.jar;C:\Users\2263222\.m2\repository\org\springframework\boot\spring-boot-starter-logging\3.3.2\spring-boot-starter-logging-3.3.2.jar;C:\Users\2263222\.m2\repository\org\apache\logging\log4j\log4j-to-slf4j\2.23.1\log4j-to-slf4j-2.23.1.jar;C:\Users\2263222\.m2\repository\org\apache\logging\log4j\log4j-api\2.23.1\log4j-api-2.23.1.jar;C:\Users\2263222\.m2\repository\org\slf4j\jul-to-slf4j\2.0.13\jul-to-slf4j-2.0.13.jar;C:\Users\2263222\.m2\repository\jakarta\annotation\jakarta.annotation-api\2.1.1\jakarta.annotation-api-2.1.1.jar;C:\Users\2263222\.m2\repository\org\yaml\snakeyaml\2.2\snakeyaml-2.2.jar;C:\Users\2263222\.m2\repository\org\springframework\boot\spring-boot-starter-json\3.3.2\spring-boot-starter-json-3.3.2.jar;C:\Users\2263222\.m2\repository\com\fasterxml\jackson\datatype\jackson-datatype-jdk8\2.17.2\jackson-datatype-jdk8-2.17.2.jar;C:\Users\2263222\.m2\repository\com\fasterxml\jackson\datatype\jackson-datatype-jsr310\2.17.2\jackson-datatype-jsr310-2.17.2.jar;C:\Users\2263222\.m2\repository\com\fasterxml\jackson\module\jackson-module-parameter-names\2.17.2\jackson-module-parameter-names-2.17.2.jar;C:\Users\2263222\.m2\repository\org\springframework\boot\spring-boot-starter-tomcat\3.3.2\spring-boot-starter-tomcat-3.3.2.jar;C:\Users\2263222\.m2\repository\org\apache\tomcat\embed\tomcat-embed-core\10.1.26\tomcat-embed-core-10.1.26.jar;C:\Users\2263222\.m2\repository\org\apache\tomcat\embed\tomcat-embed-websocket\10.1.26\tomcat-embed-websocket-10.1.26.jar;C:\Users\2263222\.m2\repository\org\springframework\spring-web\6.1.11\spring-web-6.1.11.jar;C:\Users\2263222\.m2\repository\org\springframework\spring-beans\6.1.11\spring-beans-6.1.11.jar;C:\Users\2263222\.m2\repository\org\springframework\spring-webmvc\6.1.11\spring-webmvc-6.1.11.jar;C:\Users\2263222\.m2\repository\org\springframework\spring-aop\6.1.11\spring-aop-6.1.11.jar;C:\Users\2263222\.m2\repository\org\springframework\spring-expression\6.1.11\spring-expression-6.1.11.jar;C:\Users\2263222\.m2\repository\org\springframework\boot\spring-boot-starter-validation\3.3.2\spring-boot-starter-validation-3.3.2.jar;C:\Users\2263222\.m2\repository\org\apache\tomcat\embed\tomcat-embed-el\10.1.26\tomcat-embed-el-10.1.26.jar;C:\Users\2263222\.m2\repository\org\hibernate\validator\hibernate-validator\8.0.1.Final\hibernate-validator-8.0.1.Final.jar;C:\Users\2263222\.m2\repository\jakarta\validation\jakarta.validation-api\3.0.2\jakarta.validation-api-3.0.2.jar;C:\Users\2263222\.m2\repository\org\jboss\logging\jboss-logging\3.5.3.Final\jboss-logging-3.5.3.Final.jar;C:\Users\2263222\.m2\repository\com\fasterxml\classmate\1.7.0\classmate-1.7.0.jar;C:\Users\2263222\.m2\repository\org\springframework\boot\spring-boot-starter-data-jpa\3.3.2\spring-boot-starter-data-jpa-3.3.2.jar;C:\Users\2263222\.m2\repository\org\springframework\boot\spring-boot-starter-aop\3.3.2\spring-boot-starter-aop-3.3.2.jar;C:\Users\2263222\.m2\repository\org\aspectj\aspectjweaver\1.9.22.1\aspectjweaver-1.9.22.1.jar;C:\Users\2263222\.m2\repository\org\springframework\boot\spring-boot-starter-jdbc\3.3.2\spring-boot-starter-jdbc-3.3.2.jar;C:\Users\2263222\.m2\repository\com\zaxxer\HikariCP\5.1.0\HikariCP-5.1.0.jar;C:\Users\2263222\.m2\repository\org\springframework\spring-jdbc\6.1.11\spring-jdbc-6.1.11.jar;C:\Users\2263222\.m2\repository\org\hibernate\orm\hibernate-core\6.5.2.Final\hibernate-core-6.5.2.Final.jar;C:\Users\2263222\.m2\repository\jakarta\persistence\jakarta.persistence-api\3.1.0\jakarta.persistence-api-3.1.0.jar;C:\Users\2263222\.m2\repository\jakarta\transaction\jakarta.transaction-api\2.0.1\jakarta.transaction-api-2.0.1.jar;C:\Users\2263222\.m2\repository\org\hibernate\common\hibernate-commons-annotations\6.0.6.Final\hibernate-commons-annotations-6.0.6.Final.jar;C:\Users\2263222\.m2\repository\io\smallrye\jandex\3.1.2\jandex-3.1.2.jar;C:\Users\2263222\.m2\repository\net\bytebuddy\byte-buddy\1.14.18\byte-buddy-1.14.18.jar;C:\Users\2263222\.m2\repository\org\glassfish\jaxb\jaxb-runtime\4.0.5\jaxb-runtime-4.0.5.jar;C:\Users\2263222\.m2\repository\org\glassfish\jaxb\jaxb-core\4.0.5\jaxb-core-4.0.5.jar;C:\Users\2263222\.m2\repository\org\eclipse\angus\angus-activation\2.0.2\angus-activation-2.0.2.jar;C:\Users\2263222\.m2\repository\org\glassfish\jaxb\txw2\4.0.5\txw2-4.0.5.jar;C:\Users\2263222\.m2\repository\com\sun\istack\istack-commons-runtime\4.1.2\istack-commons-runtime-4.1.2.jar;C:\Users\2263222\.m2\repository\jakarta\inject\jakarta.inject-api\2.0.1\jakarta.inject-api-2.0.1.jar;C:\Users\2263222\.m2\repository\org\antlr\antlr4-runtime\4.13.0\antlr4-runtime-4.13.0.jar;C:\Users\2263222\.m2\repository\org\springframework\data\spring-data-jpa\3.3.2\spring-data-jpa-3.3.2.jar;C:\Users\2263222\.m2\repository\org\springframework\data\spring-data-commons\3.3.2\spring-data-commons-3.3.2.jar;C:\Users\2263222\.m2\repository\org\springframework\spring-orm\6.1.11\spring-orm-6.1.11.jar;C:\Users\2263222\.m2\repository\org\slf4j\slf4j-api\2.0.13\slf4j-api-2.0.13.jar;C:\Users\2263222\.m2\repository\org\springframework\spring-aspects\6.1.11\spring-aspects-6.1.11.jar;C:\Users\2263222\.m2\repository\org\springframework\boot\spring-boot-starter-actuator\3.3.2\spring-boot-starter-actuator-3.3.2.jar;C:\Users\2263222\.m2\repository\org\springframework\boot\spring-boot-actuator-autoconfigure\3.3.2\spring-boot-actuator-autoconfigure-3.3.2.jar;C:\Users\2263222\.m2\repository\org\springframework\boot\spring-boot-actuator\3.3.2\spring-boot-actuator-3.3.2.jar;C:\Users\2263222\.m2\repository\io\micrometer\micrometer-observation\1.13.2\micrometer-observation-1.13.2.jar;C:\Users\2263222\.m2\repository\io\micrometer\micrometer-commons\1.13.2\micrometer-commons-1.13.2.jar;C:\Users\2263222\.m2\repository\io\micrometer\micrometer-jakarta9\1.13.2\micrometer-jakarta9-1.13.2.jar;C:\Users\2263222\.m2\repository\com\mysql\mysql-connector-j\8.3.0\mysql-connector-j-8.3.0.jar;C:\Users\2263222\.m2\repository\org\springframework\kafka\spring-kafka\3.2.2\spring-kafka-3.2.2.jar;C:\Users\2263222\.m2\repository\org\springframework\spring-context\6.1.11\spring-context-6.1.11.jar;C:\Users\2263222\.m2\repository\org\springframework\spring-messaging\6.1.11\spring-messaging-6.1.11.jar;C:\Users\2263222\.m2\repository\org\springframework\spring-tx\6.1.11\spring-tx-6.1.11.jar;C:\Users\2263222\.m2\repository\org\springframework\retry\spring-retry\2.0.7\spring-retry-2.0.7.jar;C:\Users\2263222\.m2\repository\org\apache\kafka\kafka-clients\3.7.1\kafka-clients-3.7.1.jar;C:\Users\2263222\.m2\repository\com\github\luben\zstd-jni\1.5.6-3\zstd-jni-1.5.6-3.jar;C:\Users\2263222\.m2\repository\org\lz4\lz4-java\1.8.0\lz4-java-1.8.0.jar;C:\Users\2263222\.m2\repository\org\xerial\snappy\snappy-java\1.1.10.5\snappy-java-1.1.10.5.jar;C:\Users\2263222\.m2\repository\org\springframework\security\spring-security-crypto\6.3.1\spring-security-crypto-6.3.1.jar;C:\Users\2263222\.m2\repository\org\projectlombok\lombok\1.18.32\lombok-1.18.32.jar;C:\Users\2263222\.m2\repository\net\logstash\logback\logstash-logback-encoder\7.4\logstash-logback-encoder-7.4.jar;C:\Users\2263222\.m2\repository\com\fasterxml\jackson\core\jackson-databind\2.17.2\jackson-databind-2.17.2.jar;C:\Users\2263222\.m2\repository\com\fasterxml\jackson\core\jackson-annotations\2.17.2\jackson-annotations-2.17.2.jar;C:\Users\2263222\.m2\repository\com\fasterxml\jackson\core\jackson-core\2.17.2\jackson-core-2.17.2.jar;C:\Users\2263222\.m2\repository\com\github\danielwegener\logback-kafka-appender\0.1.0\logback-kafka-appender-0.1.0.jar;C:\Users\2263222\.m2\repository\io\micrometer\micrometer-registry-prometheus\1.13.2\micrometer-registry-prometheus-1.13.2.jar;C:\Users\2263222\.m2\repository\io\micrometer\micrometer-core\1.13.2\micrometer-core-1.13.2.jar;C:\Users\2263222\.m2\repository\org\hdrhistogram\HdrHistogram\2.2.2\HdrHistogram-2.2.2.jar;C:\Users\2263222\.m2\repository\org\latencyutils\LatencyUtils\2.0.3\LatencyUtils-2.0.3.jar;C:\Users\2263222\.m2\repository\io\prometheus\prometheus-metrics-core\1.2.1\prometheus-metrics-core-1.2.1.jar;C:\Users\2263222\.m2\repository\io\prometheus\prometheus-metrics-model\1.2.1\prometheus-metrics-model-1.2.1.jar;C:\Users\2263222\.m2\repository\io\prometheus\prometheus-metrics-config\1.2.1\prometheus-metrics-config-1.2.1.jar;C:\Users\2263222\.m2\repository\io\prometheus\prometheus-metrics-tracer-common\1.2.1\prometheus-metrics-tracer-common-1.2.1.jar;C:\Users\2263222\.m2\repository\io\prometheus\prometheus-metrics-exposition-formats\1.2.1\prometheus-metrics-exposition-formats-1.2.1.jar;C:\Users\2263222\.m2\repository\io\prometheus\prometheus-metrics-shaded-protobuf\1.2.1\prometheus-metrics-shaded-protobuf-1.2.1.jar;C:\Users\2263222\.m2\repository\org\springframework\boot\spring-boot-starter-test\3.3.2\spring-boot-starter-test-3.3.2.jar;C:\Users\2263222\.m2\repository\org\springframework\boot\spring-boot-test\3.3.2\spring-boot-test-3.3.2.jar;C:\Users\2263222\.m2\repository\org\springframework\boot\spring-boot-test-autoconfigure\3.3.2\spring-boot-test-autoconfigure-3.3.2.jar;C:\Users\2263222\.m2\repository\com\jayway\jsonpath\json-path\2.9.0\json-path-2.9.0.jar;C:\Users\2263222\.m2\repository\jakarta\xml\bind\jakarta.xml.bind-api\4.0.2\jakarta.xml.bind-api-4.0.2.jar;C:\Users\2263222\.m2\repository\jakarta\activation\jakarta.activation-api\2.1.3\jakarta.activation-api-2.1.3.jar;C:\Users\2263222\.m2\repository\net\minidev\json-smart\2.5.1\json-smart-2.5.1.jar;C:\Users\2263222\.m2\repository\net\minidev\accessors-smart\2.5.1\accessors-smart-2.5.1.jar;C:\Users\2263222\.m2\repository\org\ow2\asm\asm\9.6\asm-9.6.jar;C:\Users\2263222\.m2\repository\org\assertj\assertj-core\3.25.3\assertj-core-3.25.3.jar;C:\Users\2263222\.m2\repository\org\awaitility\awaitility\4.2.1\awaitility-4.2.1.jar;C:\Users\2263222\.m2\repository\org\hamcrest\hamcrest\2.2\hamcrest-2.2.jar;C:\Users\2263222\.m2\repository\org\junit\jupiter\junit-jupiter\5.10.3\junit-jupiter-5.10.3.jar;C:\Users\2263222\.m2\repository\org\junit\jupiter\junit-jupiter-params\5.10.3\junit-jupiter-params-5.10.3.jar;C:\Users\2263222\.m2\repository\org\junit\jupiter\junit-jupiter-engine\5.10.3\junit-jupiter-engine-5.10.3.jar;C:\Users\2263222\.m2\repository\org\mockito\mockito-core\5.11.0\mockito-core-5.11.0.jar;C:\Users\2263222\.m2\repository\net\bytebuddy\byte-buddy-agent\1.14.18\byte-buddy-agent-1.14.18.jar;C:\Users\2263222\.m2\repository\org\objenesis\objenesis\3.3\objenesis-3.3.jar;C:\Users\2263222\.m2\repository\org\mockito\mockito-junit-jupiter\5.11.0\mockito-junit-jupiter-5.11.0.jar;C:\Users\2263222\.m2\repository\org\skyscreamer\jsonassert\1.5.3\jsonassert-1.5.3.jar;C:\Users\2263222\.m2\repository\com\vaadin\external\google\android-json\0.0.20131108.vaadin1\android-json-0.0.20131108.vaadin1.jar;C:\Users\2263222\.m2\repository\org\springframework\spring-core\6.1.11\spring-core-6.1.11.jar;C:\Users\2263222\.m2\repository\org\springframework\spring-jcl\6.1.11\spring-jcl-6.1.11.jar;C:\Users\2263222\.m2\repository\org\springframework\spring-test\6.1.11\spring-test-6.1.11.jar;C:\Users\2263222\.m2\repository\org\xmlunit\xmlunit-core\2.9.1\xmlunit-core-2.9.1.jar;C:\Users\2263222\.m2\repository\org\springframework\kafka\spring-kafka-test\3.2.2\spring-kafka-test-3.2.2.jar;C:\Users\2263222\.m2\repository\org\apache\zookeeper\zookeeper\3.8.4\zookeeper-3.8.4.jar;C:\Users\2263222\.m2\repository\org\apache\zookeeper\zookeeper-jute\3.8.4\zookeeper-jute-3.8.4.jar;C:\Users\2263222\.m2\repository\org\apache\yetus\audience-annotations\0.12.0\audience-annotations-0.12.0.jar;C:\Users\2263222\.m2\repository\io\netty\netty-handler\4.1.111.Final\netty-handler-4.1.111.Final.jar;C:\Users\2263222\.m2\repository\io\netty\netty-common\4.1.111.Final\netty-common-4.1.111.Final.jar;C:\Users\2263222\.m2\repository\io\netty\netty-resolver\4.1.111.Final\netty-resolver-4.1.111.Final.jar;C:\Users\2263222\.m2\repository\io\netty\netty-buffer\4.1.111.Final\netty-buffer-4.1.111.Final.jar;C:\Users\2263222\.m2\repository\io\netty\netty-transport\4.1.111.Final\netty-transport-4.1.111.Final.jar;C:\Users\2263222\.m2\repository\io\netty\netty-transport-native-unix-common\4.1.111.Final\netty-transport-native-unix-common-4.1.111.Final.jar;C:\Users\2263222\.m2\repository\io\netty\netty-codec\4.1.111.Final\netty-codec-4.1.111.Final.jar;C:\Users\2263222\.m2\repository\io\netty\netty-transport-native-epoll\4.1.111.Final\netty-transport-native-epoll-4.1.111.Final.jar;C:\Users\2263222\.m2\repository\io\netty\netty-transport-classes-epoll\4.1.111.Final\netty-transport-classes-epoll-4.1.111.Final.jar;C:\Users\2263222\.m2\repository\ch\qos\logback\logback-core\1.5.6\logback-core-1.5.6.jar;C:\Users\2263222\.m2\repository\ch\qos\logback\logback-classic\1.5.6\logback-classic-1.5.6.jar;C:\Users\2263222\.m2\repository\commons-io\commons-io\2.11.0\commons-io-2.11.0.jar;C:\Users\2263222\.m2\repository\org\apache\kafka\kafka-clients\3.7.1\kafka-clients-3.7.1-test.jar;C:\Users\2263222\.m2\repository\org\apache\kafka\kafka-metadata\3.7.1\kafka-metadata-3.7.1.jar;C:\Users\2263222\.m2\repository\org\apache\kafka\kafka-raft\3.7.1\kafka-raft-3.7.1.jar;C:\Users\2263222\.m2\repository\com\yammer\metrics\metrics-core\2.2.0\metrics-core-2.2.0.jar;C:\Users\2263222\.m2\repository\org\apache\kafka\kafka-server-common\3.7.1\kafka-server-common-3.7.1.jar;C:\Users\2263222\.m2\repository\net\sf\jopt-simple\jopt-simple\5.0.4\jopt-simple-5.0.4.jar;C:\Users\2263222\.m2\repository\org\pcollections\pcollections\4.0.1\pcollections-4.0.1.jar;C:\Users\2263222\.m2\repository\org\apache\kafka\kafka-server-common\3.7.1\kafka-server-common-3.7.1-test.jar;C:\Users\2263222\.m2\repository\org\apache\kafka\kafka-streams-test-utils\3.7.1\kafka-streams-test-utils-3.7.1.jar;C:\Users\2263222\.m2\repository\org\apache\kafka\kafka-streams\3.7.1\kafka-streams-3.7.1.jar;C:\Users\2263222\.m2\repository\org\rocksdb\rocksdbjni\7.9.2\rocksdbjni-7.9.2.jar;C:\Users\2263222\.m2\repository\org\apache\kafka\kafka_2.13\3.7.1\kafka_2.13-3.7.1.jar;C:\Users\2263222\.m2\repository\org\scala-lang\scala-library\2.13.12\scala-library-2.13.12.jar;C:\Users\2263222\.m2\repository\org\apache\kafka\kafka-group-coordinator\3.7.1\kafka-group-coordinator-3.7.1.jar;C:\Users\2263222\.m2\repository\org\apache\kafka\kafka-storage-api\3.7.1\kafka-storage-api-3.7.1.jar;C:\Users\2263222\.m2\repository\org\apache\kafka\kafka-tools-api\3.7.1\kafka-tools-api-3.7.1.jar;C:\Users\2263222\.m2\repository\org\apache\kafka\kafka-storage\3.7.1\kafka-storage-3.7.1.jar;C:\Users\2263222\.m2\repository\com\github\ben-manes\caffeine\caffeine\3.1.8\caffeine-3.1.8.jar;C:\Users\2263222\.m2\repository\org\checkerframework\checker-qual\3.37.0\checker-qual-3.37.0.jar;C:\Users\2263222\.m2\repository\com\google\errorprone\error_prone_annotations\2.21.1\error_prone_annotations-2.21.1.jar;C:\Users\2263222\.m2\repository\org\apache\kafka\kafka-server\3.7.1\kafka-server-3.7.1.jar;C:\Users\2263222\.m2\repository\net\sourceforge\argparse4j\argparse4j\0.7.0\argparse4j-0.7.0.jar;C:\Users\2263222\.m2\repository\commons-validator\commons-validator\1.7\commons-validator-1.7.jar;C:\Users\2263222\.m2\repository\commons-beanutils\commons-beanutils\1.9.4\commons-beanutils-1.9.4.jar;C:\Users\2263222\.m2\repository\commons-digester\commons-digester\2.1\commons-digester-2.1.jar;C:\Users\2263222\.m2\repository\commons-collections\commons-collections\3.2.2\commons-collections-3.2.2.jar;C:\Users\2263222\.m2\repository\com\fasterxml\jackson\module\jackson-module-scala_2.13\2.17.2\jackson-module-scala_2.13-2.17.2.jar;C:\Users\2263222\.m2\repository\com\thoughtworks\paranamer\paranamer\2.8\paranamer-2.8.jar;C:\Users\2263222\.m2\repository\com\fasterxml\jackson\dataformat\jackson-dataformat-csv\2.17.2\jackson-dataformat-csv-2.17.2.jar;C:\Users\2263222\.m2\repository\org\bitbucket\b_c\jose4j\0.9.4\jose4j-0.9.4.jar;C:\Users\2263222\.m2\repository\org\scala-lang\modules\scala-collection-compat_2.13\2.10.0\scala-collection-compat_2.13-2.10.0.jar;C:\Users\2263222\.m2\repository\org\scala-lang\modules\scala-java8-compat_2.13\1.0.2\scala-java8-compat_2.13-1.0.2.jar;C:\Users\2263222\.m2\repository\org\scala-lang\scala-reflect\2.13.12\scala-reflect-2.13.12.jar;C:\Users\2263222\.m2\repository\com\typesafe\scala-logging\scala-logging_2.13\3.9.4\scala-logging_2.13-3.9.4.jar;C:\Users\2263222\.m2\repository\io\dropwizard\metrics\metrics-core\4.1.12.1\metrics-core-4.1.12.1.jar;C:\Users\2263222\.m2\repository\commons-cli\commons-cli\1.4\commons-cli-1.4.jar;C:\Users\2263222\.m2\repository\org\apache\kafka\kafka_2.13\3.7.1\kafka_2.13-3.7.1-test.jar;C:\Users\2263222\.m2\repository\org\junit\jupiter\junit-jupiter-api\5.10.3\junit-jupiter-api-5.10.3.jar;C:\Users\2263222\.m2\repository\org\opentest4j\opentest4j\1.3.0\opentest4j-1.3.0.jar;C:\Users\2263222\.m2\repository\org\junit\platform\junit-platform-commons\1.10.3\junit-platform-commons-1.10.3.jar;C:\Users\2263222\.m2\repository\org\apiguardian\apiguardian-api\1.1.2\apiguardian-api-1.1.2.jar;C:\Users\2263222\.m2\repository\org\junit\platform\junit-platform-launcher\1.10.3\junit-platform-launcher-1.10.3.jar;C:\Users\2263222\.m2\repository\org\junit\platform\junit-platform-engine\1.10.3\junit-platform-engine-1.10.3.jar;"/>
    <property name="java.vm.vendor" value="Oracle Corporation"/>
    <property name="sun.arch.data.model" value="64"/>
    <property name="user.variant" value=""/>
    <property name="java.vendor.url" value="https://java.oracle.com/"/>
    <property name="user.timezone" value="Asia/Calcutta"/>
    <property name="org.jboss.logging.provider" value="slf4j"/>
    <property name="os.name" value="Windows 11"/>
    <property name="java.vm.specification.version" value="21"/>
    <property name="sun.java.launcher" value="SUN_STANDARD"/>
    <property name="user.country" value="IN"/>
    <property name="sun.boot.library.path" value="C:\Users\2263222\.jdks\openjdk-21.0.2\bin"/>
    <property name="sun.java.command" value="C:\Users\2263222\AppData\Local\Temp\surefire12413907610155124838\surefirebooter-20250809150433909_3.jar C:\Users\2263222\AppData\Local\Temp\surefire12413907610155124838 2025-08-09T15-04-32_573-jvmRun1 surefire-20250809150433909_1tmp surefire_0-20250809150433909_2tmp"/>
    <property name="jdk.debug" value="release"/>
    <property name="surefire.test.class.path" value="C:\Cognizant Jr.Eng\moviebooking-backend\target\test-classes;C:\Cognizant Jr.Eng\moviebooking-backend\target\classes;C:\Users\2263222\.m2\repository\org\springframework\boot\spring-boot-starter-web\3.3.2\spring-boot-starter-web-3.3.2.jar;C:\Users\2263222\.m2\repository\org\springframework\boot\spring-boot-starter\3.3.2\spring-boot-starter-3.3.2.jar;C:\Users\2263222\.m2\repository\org\springframework\boot\spring-boot\3.3.2\spring-boot-3.3.2.jar;C:\Users\2263222\.m2\repository\org\springframework\boot\spring-boot-autoconfigure\3.3.2\spring-boot-autoconfigure-3.3.2.jar;C:\Users\2263222\.m2\repository\org\springframework\boot\spring-boot-starter-logging\3.3.2\spring-boot-starter-logging-3.3.2.jar;C:\Users\2263222\.m2\repository\org\apache\logging\log4j\log4j-to-slf4j\2.23.1\log4j-to-slf4j-2.23.1.jar;C:\Users\2263222\.m2\repository\org\apache\logging\log4j\log4j-api\2.23.1\log4j-api-2.23.1.jar;C:\Users\2263222\.m2\repository\org\slf4j\jul-to-slf4j\2.0.13\jul-to-slf4j-2.0.13.jar;C:\Users\2263222\.m2\repository\jakarta\annotation\jakarta.annotation-api\2.1.1\jakarta.annotation-api-2.1.1.jar;C:\Users\2263222\.m2\repository\org\yaml\snakeyaml\2.2\snakeyaml-2.2.jar;C:\Users\2263222\.m2\repository\org\springframework\boot\spring-boot-starter-json\3.3.2\spring-boot-starter-json-3.3.2.jar;C:\Users\2263222\.m2\repository\com\fasterxml\jackson\datatype\jackson-datatype-jdk8\2.17.2\jackson-datatype-jdk8-2.17.2.jar;C:\Users\2263222\.m2\repository\com\fasterxml\jackson\datatype\jackson-datatype-jsr310\2.17.2\jackson-datatype-jsr310-2.17.2.jar;C:\Users\2263222\.m2\repository\com\fasterxml\jackson\module\jackson-module-parameter-names\2.17.2\jackson-module-parameter-names-2.17.2.jar;C:\Users\2263222\.m2\repository\org\springframework\boot\spring-boot-starter-tomcat\3.3.2\spring-boot-starter-tomcat-3.3.2.jar;C:\Users\2263222\.m2\repository\org\apache\tomcat\embed\tomcat-embed-core\10.1.26\tomcat-embed-core-10.1.26.jar;C:\Users\2263222\.m2\repository\org\apache\tomcat\embed\tomcat-embed-websocket\10.1.26\tomcat-embed-websocket-10.1.26.jar;C:\Users\2263222\.m2\repository\org\springframework\spring-web\6.1.11\spring-web-6.1.11.jar;C:\Users\2263222\.m2\repository\org\springframework\spring-beans\6.1.11\spring-beans-6.1.11.jar;C:\Users\2263222\.m2\repository\org\springframework\spring-webmvc\6.1.11\spring-webmvc-6.1.11.jar;C:\Users\2263222\.m2\repository\org\springframework\spring-aop\6.1.11\spring-aop-6.1.11.jar;C:\Users\2263222\.m2\repository\org\springframework\spring-expression\6.1.11\spring-expression-6.1.11.jar;C:\Users\2263222\.m2\repository\org\springframework\boot\spring-boot-starter-validation\3.3.2\spring-boot-starter-validation-3.3.2.jar;C:\Users\2263222\.m2\repository\org\apache\tomcat\embed\tomcat-embed-el\10.1.26\tomcat-embed-el-10.1.26.jar;C:\Users\2263222\.m2\repository\org\hibernate\validator\hibernate-validator\8.0.1.Final\hibernate-validator-8.0.1.Final.jar;C:\Users\2263222\.m2\repository\jakarta\validation\jakarta.validation-api\3.0.2\jakarta.validation-api-3.0.2.jar;C:\Users\2263222\.m2\repository\org\jboss\logging\jboss-logging\3.5.3.Final\jboss-logging-3.5.3.Final.jar;C:\Users\2263222\.m2\repository\com\fasterxml\classmate\1.7.0\classmate-1.7.0.jar;C:\Users\2263222\.m2\repository\org\springframework\boot\spring-boot-starter-data-jpa\3.3.2\spring-boot-starter-data-jpa-3.3.2.jar;C:\Users\2263222\.m2\repository\org\springframework\boot\spring-boot-starter-aop\3.3.2\spring-boot-starter-aop-3.3.2.jar;C:\Users\2263222\.m2\repository\org\aspectj\aspectjweaver\1.9.22.1\aspectjweaver-1.9.22.1.jar;C:\Users\2263222\.m2\repository\org\springframework\boot\spring-boot-starter-jdbc\3.3.2\spring-boot-starter-jdbc-3.3.2.jar;C:\Users\2263222\.m2\repository\com\zaxxer\HikariCP\5.1.0\HikariCP-5.1.0.jar;C:\Users\2263222\.m2\repository\org\springframework\spring-jdbc\6.1.11\spring-jdbc-6.1.11.jar;C:\Users\2263222\.m2\repository\org\hibernate\orm\hibernate-core\6.5.2.Final\hibernate-core-6.5.2.Final.jar;C:\Users\2263222\.m2\repository\jakarta\persistence\jakarta.persistence-api\3.1.0\jakarta.persistence-api-3.1.0.jar;C:\Users\2263222\.m2\repository\jakarta\transaction\jakarta.transaction-api\2.0.1\jakarta.transaction-api-2.0.1.jar;C:\Users\2263222\.m2\repository\org\hibernate\common\hibernate-commons-annotations\6.0.6.Final\hibernate-commons-annotations-6.0.6.Final.jar;C:\Users\2263222\.m2\repository\io\smallrye\jandex\3.1.2\jandex-3.1.2.jar;C:\Users\2263222\.m2\repository\net\bytebuddy\byte-buddy\1.14.18\byte-buddy-1.14.18.jar;C:\Users\2263222\.m2\repository\org\glassfish\jaxb\jaxb-runtime\4.0.5\jaxb-runtime-4.0.5.jar;C:\Users\2263222\.m2\repository\org\glassfish\jaxb\jaxb-core\4.0.5\jaxb-core-4.0.5.jar;C:\Users\2263222\.m2\repository\org\eclipse\angus\angus-activation\2.0.2\angus-activation-2.0.2.jar;C:\Users\2263222\.m2\repository\org\glassfish\jaxb\txw2\4.0.5\txw2-4.0.5.jar;C:\Users\2263222\.m2\repository\com\sun\istack\istack-commons-runtime\4.1.2\istack-commons-runtime-4.1.2.jar;C:\Users\2263222\.m2\repository\jakarta\inject\jakarta.inject-api\2.0.1\jakarta.inject-api-2.0.1.jar;C:\Users\2263222\.m2\repository\org\antlr\antlr4-runtime\4.13.0\antlr4-runtime-4.13.0.jar;C:\Users\2263222\.m2\repository\org\springframework\data\spring-data-jpa\3.3.2\spring-data-jpa-3.3.2.jar;C:\Users\2263222\.m2\repository\org\springframework\data\spring-data-commons\3.3.2\spring-data-commons-3.3.2.jar;C:\Users\2263222\.m2\repository\org\springframework\spring-orm\6.1.11\spring-orm-6.1.11.jar;C:\Users\2263222\.m2\repository\org\slf4j\slf4j-api\2.0.13\slf4j-api-2.0.13.jar;C:\Users\2263222\.m2\repository\org\springframework\spring-aspects\6.1.11\spring-aspects-6.1.11.jar;C:\Users\2263222\.m2\repository\org\springframework\boot\spring-boot-starter-actuator\3.3.2\spring-boot-starter-actuator-3.3.2.jar;C:\Users\2263222\.m2\repository\org\springframework\boot\spring-boot-actuator-autoconfigure\3.3.2\spring-boot-actuator-autoconfigure-3.3.2.jar;C:\Users\2263222\.m2\repository\org\springframework\boot\spring-boot-actuator\3.3.2\spring-boot-actuator-3.3.2.jar;C:\Users\2263222\.m2\repository\io\micrometer\micrometer-observation\1.13.2\micrometer-observation-1.13.2.jar;C:\Users\2263222\.m2\repository\io\micrometer\micrometer-commons\1.13.2\micrometer-commons-1.13.2.jar;C:\Users\2263222\.m2\repository\io\micrometer\micrometer-jakarta9\1.13.2\micrometer-jakarta9-1.13.2.jar;C:\Users\2263222\.m2\repository\com\mysql\mysql-connector-j\8.3.0\mysql-connector-j-8.3.0.jar;C:\Users\2263222\.m2\repository\org\springframework\kafka\spring-kafka\3.2.2\spring-kafka-3.2.2.jar;C:\Users\2263222\.m2\repository\org\springframework\spring-context\6.1.11\spring-context-6.1.11.jar;C:\Users\2263222\.m2\repository\org\springframework\spring-messaging\6.1.11\spring-messaging-6.1.11.jar;C:\Users\2263222\.m2\repository\org\springframework\spring-tx\6.1.11\spring-tx-6.1.11.jar;C:\Users\2263222\.m2\repository\org\springframework\retry\spring-retry\2.0.7\spring-retry-2.0.7.jar;C:\Users\2263222\.m2\repository\org\apache\kafka\kafka-clients\3.7.1\kafka-clients-3.7.1.jar;C:\Users\2263222\.m2\repository\com\github\luben\zstd-jni\1.5.6-3\zstd-jni-1.5.6-3.jar;C:\Users\2263222\.m2\repository\org\lz4\lz4-java\1.8.0\lz4-java-1.8.0.jar;C:\Users\2263222\.m2\repository\org\xerial\snappy\snappy-java\1.1.10.5\snappy-java-1.1.10.5.jar;C:\Users\2263222\.m2\repository\org\springframework\security\spring-security-crypto\6.3.1\spring-security-crypto-6.3.1.jar;C:\Users\2263222\.m2\repository\org\projectlombok\lombok\1.18.32\lombok-1.18.32.jar;C:\Users\2263222\.m2\repository\net\logstash\logback\logstash-logback-encoder\7.4\logstash-logback-encoder-7.4.jar;C:\Users\2263222\.m2\repository\com\fasterxml\jackson\core\jackson-databind\2.17.2\jackson-databind-2.17.2.jar;C:\Users\2263222\.m2\repository\com\fasterxml\jackson\core\jackson-annotations\2.17.2\jackson-annotations-2.17.2.jar;C:\Users\2263222\.m2\repository\com\fasterxml\jackson\core\jackson-core\2.17.2\jackson-core-2.17.2.jar;C:\Users\2263222\.m2\repository\com\github\danielwegener\logback-kafka-appender\0.1.0\logback-kafka-appender-0.1.0.jar;C:\Users\2263222\.m2\repository\io\micrometer\micrometer-registry-prometheus\1.13.2\micrometer-registry-prometheus-1.13.2.jar;C:\Users\2263222\.m2\repository\io\micrometer\micrometer-core\1.13.2\micrometer-core-1.13.2.jar;C:\Users\2263222\.m2\repository\org\hdrhistogram\HdrHistogram\2.2.2\HdrHistogram-2.2.2.jar;C:\Users\2263222\.m2\repository\org\latencyutils\LatencyUtils\2.0.3\LatencyUtils-2.0.3.jar;C:\Users\2263222\.m2\repository\io\prometheus\prometheus-metrics-core\1.2.1\prometheus-metrics-core-1.2.1.jar;C:\Users\2263222\.m2\repository\io\prometheus\prometheus-metrics-model\1.2.1\prometheus-metrics-model-1.2.1.jar;C:\Users\2263222\.m2\repository\io\prometheus\prometheus-metrics-config\1.2.1\prometheus-metrics-config-1.2.1.jar;C:\Users\2263222\.m2\repository\io\prometheus\prometheus-metrics-tracer-common\1.2.1\prometheus-metrics-tracer-common-1.2.1.jar;C:\Users\2263222\.m2\repository\io\prometheus\prometheus-metrics-exposition-formats\1.2.1\prometheus-metrics-exposition-formats-1.2.1.jar;C:\Users\2263222\.m2\repository\io\prometheus\prometheus-metrics-shaded-protobuf\1.2.1\prometheus-metrics-shaded-protobuf-1.2.1.jar;C:\Users\2263222\.m2\repository\org\springframework\boot\spring-boot-starter-test\3.3.2\spring-boot-starter-test-3.3.2.jar;C:\Users\2263222\.m2\repository\org\springframework\boot\spring-boot-test\3.3.2\spring-boot-test-3.3.2.jar;C:\Users\2263222\.m2\repository\org\springframework\boot\spring-boot-test-autoconfigure\3.3.2\spring-boot-test-autoconfigure-3.3.2.jar;C:\Users\2263222\.m2\repository\com\jayway\jsonpath\json-path\2.9.0\json-path-2.9.0.jar;C:\Users\2263222\.m2\repository\jakarta\xml\bind\jakarta.xml.bind-api\4.0.2\jakarta.xml.bind-api-4.0.2.jar;C:\Users\2263222\.m2\repository\jakarta\activation\jakarta.activation-api\2.1.3\jakarta.activation-api-2.1.3.jar;C:\Users\2263222\.m2\repository\net\minidev\json-smart\2.5.1\json-smart-2.5.1.jar;C:\Users\2263222\.m2\repository\net\minidev\accessors-smart\2.5.1\accessors-smart-2.5.1.jar;C:\Users\2263222\.m2\repository\org\ow2\asm\asm\9.6\asm-9.6.jar;C:\Users\2263222\.m2\repository\org\assertj\assertj-core\3.25.3\assertj-core-3.25.3.jar;C:\Users\2263222\.m2\repository\org\awaitility\awaitility\4.2.1\awaitility-4.2.1.jar;C:\Users\2263222\.m2\repository\org\hamcrest\hamcrest\2.2\hamcrest-2.2.jar;C:\Users\2263222\.m2\repository\org\junit\jupiter\junit-jupiter\5.10.3\junit-jupiter-5.10.3.jar;C:\Users\2263222\.m2\repository\org\junit\jupiter\junit-jupiter-params\5.10.3\junit-jupiter-params-5.10.3.jar;C:\Users\2263222\.m2\repository\org\junit\jupiter\junit-jupiter-engine\5.10.3\junit-jupiter-engine-5.10.3.jar;C:\Users\2263222\.m2\repository\org\mockito\mockito-core\5.11.0\mockito-core-5.11.0.jar;C:\Users\2263222\.m2\repository\net\bytebuddy\byte-buddy-agent\1.14.18\byte-buddy-agent-1.14.18.jar;C:\Users\2263222\.m2\repository\org\objenesis\objenesis\3.3\objenesis-3.3.jar;C:\Users\2263222\.m2\repository\org\mockito\mockito-junit-jupiter\5.11.0\mockito-junit-jupiter-5.11.0.jar;C:\Users\2263222\.m2\repository\org\skyscreamer\jsonassert\1.5.3\jsonassert-1.5.3.jar;C:\Users\2263222\.m2\repository\com\vaadin\external\google\android-json\0.0.20131108.vaadin1\android-json-0.0.20131108.vaadin1.jar;C:\Users\2263222\.m2\repository\org\springframework\spring-core\6.1.11\spring-core-6.1.11.jar;C:\Users\2263222\.m2\repository\org\springframework\spring-jcl\6.1.11\spring-jcl-6.1.11.jar;C:\Users\2263222\.m2\repository\org\springframework\spring-test\6.1.11\spring-test-6.1.11.jar;C:\Users\2263222\.m2\repository\org\xmlunit\xmlunit-core\2.9.1\xmlunit-core-2.9.1.jar;C:\Users\2263222\.m2\repository\org\springframework\kafka\spring-kafka-test\3.2.2\spring-kafka-test-3.2.2.jar;C:\Users\2263222\.m2\repository\org\apache\zookeeper\zookeeper\3.8.4\zookeeper-3.8.4.jar;C:\Users\2263222\.m2\repository\org\apache\zookeeper\zookeeper-jute\3.8.4\zookeeper-jute-3.8.4.jar;C:\Users\2263222\.m2\repository\org\apache\yetus\audience-annotations\0.12.0\audience-annotations-0.12.0.jar;C:\Users\2263222\.m2\repository\io\netty\netty-handler\4.1.111.Final\netty-handler-4.1.111.Final.jar;C:\Users\2263222\.m2\repository\io\netty\netty-common\4.1.111.Final\netty-common-4.1.111.Final.jar;C:\Users\2263222\.m2\repository\io\netty\netty-resolver\4.1.111.Final\netty-resolver-4.1.111.Final.jar;C:\Users\2263222\.m2\repository\io\netty\netty-buffer\4.1.111.Final\netty-buffer-4.1.111.Final.jar;C:\Users\2263222\.m2\repository\io\netty\netty-transport\4.1.111.Final\netty-transport-4.1.111.Final.jar;C:\Users\2263222\.m2\repository\io\netty\netty-transport-native-unix-common\4.1.111.Final\netty-transport-native-unix-common-4.1.111.Final.jar;C:\Users\2263222\.m2\repository\io\netty\netty-codec\4.1.111.Final\netty-codec-4.1.111.Final.jar;C:\Users\2263222\.m2\repository\io\netty\netty-transport-native-epoll\4.1.111.Final\netty-transport-native-epoll-4.1.111.Final.jar;C:\Users\2263222\.m2\repository\io\netty\netty-transport-classes-epoll\4.1.111.Final\netty-transport-classes-epoll-4.1.111.Final.jar;C:\Users\2263222\.m2\repository\ch\qos\logback\logback-core\1.5.6\logback-core-1.5.6.jar;C:\Users\2263222\.m2\repository\ch\qos\logback\logback-classic\1.5.6\logback-classic-1.5.6.jar;C:\Users\2263222\.m2\repository\commons-io\commons-io\2.11.0\commons-io-2.11.0.jar;C:\Users\2263222\.m2\repository\org\apache\kafka\kafka-clients\3.7.1\kafka-clients-3.7.1-test.jar;C:\Users\2263222\.m2\repository\org\apache\kafka\kafka-metadata\3.7.1\kafka-metadata-3.7.1.jar;C:\Users\2263222\.m2\repository\org\apache\kafka\kafka-raft\3.7.1\kafka-raft-3.7.1.jar;C:\Users\2263222\.m2\repository\com\yammer\metrics\metrics-core\2.2.0\metrics-core-2.2.0.jar;C:\Users\2263222\.m2\repository\org\apache\kafka\kafka-server-common\3.7.1\kafka-server-common-3.7.1.jar;C:\Users\2263222\.m2\repository\net\sf\jopt-simple\jopt-simple\5.0.4\jopt-simple-5.0.4.jar;C:\Users\2263222\.m2\repository\org\pcollections\pcollections\4.0.1\pcollections-4.0.1.jar;C:\Users\2263222\.m2\repository\org\apache\kafka\kafka-server-common\3.7.1\kafka-server-common-3.7.1-test.jar;C:\Users\2263222\.m2\repository\org\apache\kafka\kafka-streams-test-utils\3.7.1\kafka-streams-test-utils-3.7.1.jar;C:\Users\2263222\.m2\repository\org\apache\kafka\kafka-streams\3.7.1\kafka-streams-3.7.1.jar;C:\Users\2263222\.m2\repository\org\rocksdb\rocksdbjni\7.9.2\rocksdbjni-7.9.2.jar;C:\Users\2263222\.m2\repository\org\apache\kafka\kafka_2.13\3.7.1\kafka_2.13-3.7.1.jar;C:\Users\2263222\.m2\repository\org\scala-lang\scala-library\2.13.12\scala-library-2.13.12.jar;C:\Users\2263222\.m2\repository\org\apache\kafka\kafka-group-coordinator\3.7.1\kafka-group-coordinator-3.7.1.jar;C:\Users\2263222\.m2\repository\org\apache\kafka\kafka-storage-api\3.7.1\kafka-storage-api-3.7.1.jar;C:\Users\2263222\.m2\repository\org\apache\kafka\kafka-tools-api\3.7.1\kafka-tools-api-3.7.1.jar;C:\Users\2263222\.m2\repository\org\apache\kafka\kafka-storage\3.7.1\kafka-storage-3.7.1.jar;C:\Users\2263222\.m2\repository\com\github\ben-manes\caffeine\caffeine\3.1.8\caffeine-3.1.8.jar;C:\Users\2263222\.m2\repository\org\checkerframework\checker-qual\3.37.0\checker-qual-3.37.0.jar;C:\Users\2263222\.m2\repository\com\google\errorprone\error_prone_annotations\2.21.1\error_prone_annotations-2.21.1.jar;C:\Users\2263222\.m2\repository\org\apache\kafka\kafka-server\3.7.1\kafka-server-3.7.1.jar;C:\Users\2263222\.m2\repository\net\sourceforge\argparse4j\argparse4j\0.7.0\argparse4j-0.7.0.jar;C:\Users\2263222\.m2\repository\commons-validator\commons-validator\1.7\commons-validator-1.7.jar;C:\Users\2263222\.m2\repository\commons-beanutils\commons-beanutils\1.9.4\commons-beanutils-1.9.4.jar;C:\Users\2263222\.m2\repository\commons-digester\commons-digester\2.1\commons-digester-2.1.jar;C:\Users\2263222\.m2\repository\commons-collections\commons-collections\3.2.2\commons-collections-3.2.2.jar;C:\Users\2263222\.m2\repository\com\fasterxml\jackson\module\jackson-module-scala_2.13\2.17.2\jackson-module-scala_2.13-2.17.2.jar;C:\Users\2263222\.m2\repository\com\thoughtworks\paranamer\paranamer\2.8\paranamer-2.8.jar;C:\Users\2263222\.m2\repository\com\fasterxml\jackson\dataformat\jackson-dataformat-csv\2.17.2\jackson-dataformat-csv-2.17.2.jar;C:\Users\2263222\.m2\repository\org\bitbucket\b_c\jose4j\0.9.4\jose4j-0.9.4.jar;C:\Users\2263222\.m2\repository\org\scala-lang\modules\scala-collection-compat_2.13\2.10.0\scala-collection-compat_2.13-2.10.0.jar;C:\Users\2263222\.m2\repository\org\scala-lang\modules\scala-java8-compat_2.13\1.0.2\scala-java8-compat_2.13-1.0.2.jar;C:\Users\2263222\.m2\repository\org\scala-lang\scala-reflect\2.13.12\scala-reflect-2.13.12.jar;C:\Users\2263222\.m2\repository\com\typesafe\scala-logging\scala-logging_2.13\3.9.4\scala-logging_2.13-3.9.4.jar;C:\Users\2263222\.m2\repository\io\dropwizard\metrics\metrics-core\4.1.12.1\metrics-core-4.1.12.1.jar;C:\Users\2263222\.m2\repository\commons-cli\commons-cli\1.4\commons-cli-1.4.jar;C:\Users\2263222\.m2\repository\org\apache\kafka\kafka_2.13\3.7.1\kafka_2.13-3.7.1-test.jar;C:\Users\2263222\.m2\repository\org\junit\jupiter\junit-jupiter-api\5.10.3\junit-jupiter-api-5.10.3.jar;C:\Users\2263222\.m2\repository\org\opentest4j\opentest4j\1.3.0\opentest4j-1.3.0.jar;C:\Users\2263222\.m2\repository\org\junit\platform\junit-platform-commons\1.10.3\junit-platform-commons-1.10.3.jar;C:\Users\2263222\.m2\repository\org\apiguardian\apiguardian-api\1.1.2\apiguardian-api-1.1.2.jar;C:\Users\2263222\.m2\repository\org\junit\platform\junit-platform-launcher\1.10.3\junit-platform-launcher-1.10.3.jar;C:\Users\2263222\.m2\repository\org\junit\platform\junit-platform-engine\1.10.3\junit-platform-engine-1.10.3.jar;"/>
    <property name="sun.cpu.endian" value="little"/>
    <property name="user.home" value="C:\Users\2263222"/>
    <property name="user.language" value="en"/>
    <property name="java.specification.vendor" value="Oracle Corporation"/>
    <property name="java.version.date" value="2024-01-16"/>
    <property name="java.home" value="C:\Users\2263222\.jdks\openjdk-21.0.2"/>
    <property name="file.separator" value="\"/>
    <property name="basedir" value="C:\Cognizant Jr.Eng\moviebooking-backend"/>
    <property name="java.vm.compressedOopsMode" value="Zero based"/>
    <property name="line.separator" value="&#10;"/>
    <property name="java.vm.specification.vendor" value="Oracle Corporation"/>
    <property name="java.specification.name" value="Java Platform API Specification"/>
    <property name="FILE_LOG_CHARSET" value="UTF-8"/>
    <property name="java.awt.headless" value="true"/>
    <property name="surefire.real.class.path" value="C:\Users\2263222\AppData\Local\Temp\surefire12413907610155124838\surefirebooter-20250809150433909_3.jar"/>
    <property name="user.script" value=""/>
    <property name="sun.management.compiler" value="HotSpot 64-Bit Tiered Compilers"/>
    <property name="java.runtime.version" value="21.0.2+13-58"/>
    <property name="user.name" value="2263222"/>
    <property name="stdout.encoding" value="Cp1252"/>
    <property name="path.separator" value=";"/>
    <property name="os.version" value="10.0"/>
    <property name="java.runtime.name" value="OpenJDK Runtime Environment"/>
    <property name="file.encoding" value="UTF-8"/>
    <property name="java.vm.name" value="OpenJDK 64-Bit Server VM"/>
    <property name="localRepository" value="C:\Users\2263222\.m2\repository"/>
    <property name="java.vendor.url.bug" value="https://bugreport.java.com/bugreport/"/>
    <property name="java.io.tmpdir" value="C:\Users\2263222\AppData\Local\Temp\"/>
    <property name="idea.version" value="2024.3.5"/>
    <property name="com.zaxxer.hikari.pool_number" value="1"/>
    <property name="java.version" value="21.0.2"/>
    <property name="user.dir" value="C:\Cognizant Jr.Eng\moviebooking-backend"/>
    <property name="os.arch" value="amd64"/>
    <property name="java.vm.specification.name" value="Java Virtual Machine Specification"/>
    <property name="PID" value="21256"/>
    <property name="sun.os.patch.level" value=""/>
    <property name="CONSOLE_LOG_CHARSET" value="UTF-8"/>
    <property name="native.encoding" value="Cp1252"/>
    <property name="java.library.path" value="C:\Users\2263222\.jdks\openjdk-21.0.2\bin;C:\WINDOWS\Sun\Java\bin;C:\WINDOWS\system32;C:\WINDOWS;C:\Program Files\Common Files\Oracle\Java\javapath;C:\WINDOWS\system32;C:\WINDOWS;C:\WINDOWS\System32\Wbem;C:\WINDOWS\System32\WindowsPowerShell\v1.0\;C:\WINDOWS\System32\OpenSSH\;C:\Program Files\nodejs\;C:\Users\2263222\AppData\Local\Programs\Python\Python39;C:\Users\2263222\AppData\Local\Programs\Python\Python39\Scripts;C:\Users\2263222\.jdks\openjdk-21.0.2\bin;C:\Users\2263222\.m2\wrapper\dists\apache-maven-3.9.5-bin\2adeog8mj13csp1uusqnc1f2mo\apache-maven-3.9.5\bin;C:\Program Files\Git\cmd;C:\Program Files\Cloud Foundry;C:\Program Files\cursor\resources\app\bin;C:\Users\2263222\AppData\Local\Microsoft\WindowsApps;C:\Users\2263222\AppData\Local\Programs\Microsoft VS Code\bin;C:\Users\2263222\AppData\Roaming\npm;C:\Program Files\JetBrains\PyCharm Community Edition 2022.2.3\bin;;C:\Users\2263222\.jdks\openjdk-21.0.2\bin;C:\Users\2263222\.m2\wrapper\dists\apache-maven-3.9.5-bin\2adeog8mj13csp1uusqnc1f2mo\apache-maven-3.9.5\bin;C:\Program Files\JetBrains\IntelliJ IDEA Community Edition 2024.3.5\bin;;C:\Maven\apache-maven-3.9.8\bin;C:\Program Files\Cloud Foundry;;."/>
    <property name="java.vm.info" value="mixed mode, sharing"/>
    <property name="stderr.encoding" value="Cp1252"/>
    <property name="java.vendor" value="Oracle Corporation"/>
    <property name="java.vm.version" value="21.0.2+13-58"/>
    <property name="sun.io.unicode.encoding" value="UnicodeLittle"/>
    <property name="java.class.version" value="65.0"/>
    <property name="LOGGED_APPLICATION_NAME" value="[moviebooking-backend] "/>
  </properties>
  <testcase name="contextLoads" classname="com.moviebookingapp.SmokeTest" time="2.413">
    <system-out><![CDATA[15:04:41.873 [main] INFO org.springframework.test.context.support.AnnotationConfigContextLoaderUtils -- Could not detect default configuration classes for test class [com.moviebookingapp.SmokeTest]: SmokeTest does not declare any static, non-private, non-final, nested classes annotated with @Configuration.
15:04:42.744 [main] INFO org.springframework.boot.test.context.SpringBootTestContextBootstrapper -- Found @SpringBootConfiguration com.moviebookingapp.MovieBookingApplication for test class com.moviebookingapp.SmokeTest

  .   ____          _            __ _ _
 /\\ / ___'_ __ _ _(_)_ __  __ _ \ \ \ \
( ( )\___ | '_ | '_| | '_ \/ _` | \ \ \ \
 \\/  ___)| |_)| | | | | || (_| |  ) ) ) )
  '  |____| .__|_| |_|_| |_\__, | / / / /
 =========|_|==============|___/=/_/_/_/

 :: Spring Boot ::                (v3.3.2)

{"@timestamp":"2025-08-09T15:04:48.8206646+05:30","@version":"1","message":"Starting SmokeTest using Java 21.0.2 with PID 21256 (started by 2263222 in C:\\Cognizant Jr.Eng\\moviebooking-backend)","logger_name":"com.moviebookingapp.SmokeTest","thread_name":"main","level":"INFO","level_value":20000}
{"@timestamp":"2025-08-09T15:04:49.0269945+05:30","@version":"1","message":"ProducerConfig values: \r\n\tacks = -1\r\n\tauto.include.jmx.reporter = true\r\n\tbatch.size = 16384\r\n\tbootstrap.servers = [spring.kafka.bootstrap-servers_IS_UNDEFINED]\r\n\tbuffer.memory = 33554432\r\n\tclient.dns.lookup = use_all_dns_ips\r\n\tclient.id = producer-1\r\n\tcompression.type = none\r\n\tconnections.max.idle.ms = 540000\r\n\tdelivery.timeout.ms = 120000\r\n\tenable.idempotence = true\r\n\tenable.metrics.push = true\r\n\tinterceptor.classes = []\r\n\tkey.serializer = class org.apache.kafka.common.serialization.ByteArraySerializer\r\n\tlinger.ms = 0\r\n\tmax.block.ms = 60000\r\n\tmax.in.flight.requests.per.connection = 5\r\n\tmax.request.size = 1048576\r\n\tmetadata.max.age.ms = 300000\r\n\tmetadata.max.idle.ms = 300000\r\n\tmetric.reporters = []\r\n\tmetrics.num.samples = 2\r\n\tmetrics.recording.level = INFO\r\n\tmetrics.sample.window.ms = 30000\r\n\tpartitioner.adaptive.partitioning.enable = true\r\n\tpartitioner.availability.timeout.ms = 0\r\n\tpartitioner.class = null\r\n\tpartitioner.ignore.keys = false\r\n\treceive.buffer.bytes = 32768\r\n\treconnect.backoff.max.ms = 1000\r\n\treconnect.backoff.ms = 50\r\n\trequest.timeout.ms = 30000\r\n\tretries = 2147483647\r\n\tretry.backoff.max.ms = 1000\r\n\tretry.backoff.ms = 100\r\n\tsasl.client.callback.handler.class = null\r\n\tsasl.jaas.config = null\r\n\tsasl.kerberos.kinit.cmd = /usr/bin/kinit\r\n\tsasl.kerberos.min.time.before.relogin = 60000\r\n\tsasl.kerberos.service.name = null\r\n\tsasl.kerberos.ticket.renew.jitter = 0.05\r\n\tsasl.kerberos.ticket.renew.window.factor = 0.8\r\n\tsasl.login.callback.handler.class = null\r\n\tsasl.login.class = null\r\n\tsasl.login.connect.timeout.ms = null\r\n\tsasl.login.read.timeout.ms = null\r\n\tsasl.login.refresh.buffer.seconds = 300\r\n\tsasl.login.refresh.min.period.seconds = 60\r\n\tsasl.login.refresh.window.factor = 0.8\r\n\tsasl.login.refresh.window.jitter = 0.05\r\n\tsasl.login.retry.backoff.max.ms = 10000\r\n\tsasl.login.retry.backoff.ms = 100\r\n\tsasl.mechanism = GSSAPI\r\n\tsasl.oauthbearer.clock.skew.seconds = 30\r\n\tsasl.oauthbearer.expected.audience = null\r\n\tsasl.oauthbearer.expected.issuer = null\r\n\tsasl.oauthbearer.jwks.endpoint.refresh.ms = 3600000\r\n\tsasl.oauthbearer.jwks.endpoint.retry.backoff.max.ms = 10000\r\n\tsasl.oauthbearer.jwks.endpoint.retry.backoff.ms = 100\r\n\tsasl.oauthbearer.jwks.endpoint.url = null\r\n\tsasl.oauthbearer.scope.claim.name = scope\r\n\tsasl.oauthbearer.sub.claim.name = sub\r\n\tsasl.oauthbearer.token.endpoint.url = null\r\n\tsecurity.protocol = PLAINTEXT\r\n\tsecurity.providers = null\r\n\tsend.buffer.bytes = 131072\r\n\tsocket.connection.setup.timeout.max.ms = 30000\r\n\tsocket.connection.setup.timeout.ms = 10000\r\n\tssl.cipher.suites = null\r\n\tssl.enabled.protocols = [TLSv1.2, TLSv1.3]\r\n\tssl.endpoint.identification.algorithm = https\r\n\tssl.engine.factory.class = null\r\n\tssl.key.password = null\r\n\tssl.keymanager.algorithm = SunX509\r\n\tssl.keystore.certificate.chain = null\r\n\tssl.keystore.key = null\r\n\tssl.keystore.location = null\r\n\tssl.keystore.password = null\r\n\tssl.keystore.type = JKS\r\n\tssl.protocol = TLSv1.3\r\n\tssl.provider = null\r\n\tssl.secure.random.implementation = null\r\n\tssl.trustmanager.algorithm = PKIX\r\n\tssl.truststore.certificates = null\r\n\tssl.truststore.location = null\r\n\tssl.truststore.password = null\r\n\tssl.truststore.type = JKS\r\n\ttransaction.timeout.ms = 60000\r\n\ttransactional.id = null\r\n\tvalue.serializer = class org.apache.kafka.common.serialization.ByteArraySerializer\r\n","logger_name":"org.apache.kafka.clients.producer.ProducerConfig","thread_name":"main","level":"INFO","level_value":20000}
{"@timestamp":"2025-08-09T15:04:49.3756904+05:30","@version":"1","message":"initializing Kafka metrics collector","logger_name":"org.apache.kafka.common.telemetry.internals.KafkaMetricsCollector","thread_name":"main","level":"INFO","level_value":20000}
{"@timestamp":"2025-08-09T15:04:49.8312685+05:30","@version":"1","message":"[Producer clientId=producer-1] Instantiated an idempotent producer.","logger_name":"org.apache.kafka.clients.producer.KafkaProducer","thread_name":"main","level":"INFO","level_value":20000}
{"@timestamp":"2025-08-09T15:04:49.8619471+05:30","@version":"1","message":"[Producer clientId=producer-1] Closing the Kafka producer with timeoutMillis = 0 ms.","logger_name":"org.apache.kafka.clients.producer.KafkaProducer","thread_name":"main","level":"INFO","level_value":20000}
{"@timestamp":"2025-08-09T15:04:49.8667075+05:30","@version":"1","message":"Metrics scheduler closed","logger_name":"org.apache.kafka.common.metrics.Metrics","thread_name":"main","level":"INFO","level_value":20000}
{"@timestamp":"2025-08-09T15:04:49.8672295+05:30","@version":"1","message":"Closing reporter org.apache.kafka.common.metrics.JmxReporter","logger_name":"org.apache.kafka.common.metrics.Metrics","thread_name":"main","level":"INFO","level_value":20000}
{"@timestamp":"2025-08-09T15:04:49.8692635+05:30","@version":"1","message":"Closing reporter org.apache.kafka.common.telemetry.internals.ClientTelemetryReporter","logger_name":"org.apache.kafka.common.metrics.Metrics","thread_name":"main","level":"INFO","level_value":20000}
{"@timestamp":"2025-08-09T15:04:49.8702588+05:30","@version":"1","message":"Metrics reporters closed","logger_name":"org.apache.kafka.common.metrics.Metrics","thread_name":"main","level":"INFO","level_value":20000}
{"@timestamp":"2025-08-09T15:04:49.8757558+05:30","@version":"1","message":"App info kafka.producer for producer-1 unregistered","logger_name":"org.apache.kafka.common.utils.AppInfoParser","thread_name":"main","level":"INFO","level_value":20000}
{"@timestamp":"2025-08-09T15:04:49.8788528+05:30","@version":"1","message":"Running with Spring Boot v3.3.2, Spring v6.1.11","logger_name":"com.moviebookingapp.SmokeTest","thread_name":"main","level":"DEBUG","level_value":10000}
{"@timestamp":"2025-08-09T15:04:49.8798549+05:30","@version":"1","message":"ProducerConfig values: \r\n\tacks = -1\r\n\tauto.include.jmx.reporter = true\r\n\tbatch.size = 16384\r\n\tbootstrap.servers = [spring.kafka.bootstrap-servers_IS_UNDEFINED]\r\n\tbuffer.memory = 33554432\r\n\tclient.dns.lookup = use_all_dns_ips\r\n\tclient.id = producer-2\r\n\tcompression.type = none\r\n\tconnections.max.idle.ms = 540000\r\n\tdelivery.timeout.ms = 120000\r\n\tenable.idempotence = true\r\n\tenable.metrics.push = true\r\n\tinterceptor.classes = []\r\n\tkey.serializer = class org.apache.kafka.common.serialization.ByteArraySerializer\r\n\tlinger.ms = 0\r\n\tmax.block.ms = 60000\r\n\tmax.in.flight.requests.per.connection = 5\r\n\tmax.request.size = 1048576\r\n\tmetadata.max.age.ms = 300000\r\n\tmetadata.max.idle.ms = 300000\r\n\tmetric.reporters = []\r\n\tmetrics.num.samples = 2\r\n\tmetrics.recording.level = INFO\r\n\tmetrics.sample.window.ms = 30000\r\n\tpartitioner.adaptive.partitioning.enable = true\r\n\tpartitioner.availability.timeout.ms = 0\r\n\tpartitioner.class = null\r\n\tpartitioner.ignore.keys = false\r\n\treceive.buffer.bytes = 32768\r\n\treconnect.backoff.max.ms = 1000\r\n\treconnect.backoff.ms = 50\r\n\trequest.timeout.ms = 30000\r\n\tretries = 2147483647\r\n\tretry.backoff.max.ms = 1000\r\n\tretry.backoff.ms = 100\r\n\tsasl.client.callback.handler.class = null\r\n\tsasl.jaas.config = null\r\n\tsasl.kerberos.kinit.cmd = /usr/bin/kinit\r\n\tsasl.kerberos.min.time.before.relogin = 60000\r\n\tsasl.kerberos.service.name = null\r\n\tsasl.kerberos.ticket.renew.jitter = 0.05\r\n\tsasl.kerberos.ticket.renew.window.factor = 0.8\r\n\tsasl.login.callback.handler.class = null\r\n\tsasl.login.class = null\r\n\tsasl.login.connect.timeout.ms = null\r\n\tsasl.login.read.timeout.ms = null\r\n\tsasl.login.refresh.buffer.seconds = 300\r\n\tsasl.login.refresh.min.period.seconds = 60\r\n\tsasl.login.refresh.window.factor = 0.8\r\n\tsasl.login.refresh.window.jitter = 0.05\r\n\tsasl.login.retry.backoff.max.ms = 10000\r\n\tsasl.login.retry.backoff.ms = 100\r\n\tsasl.mechanism = GSSAPI\r\n\tsasl.oauthbearer.clock.skew.seconds = 30\r\n\tsasl.oauthbearer.expected.audience = null\r\n\tsasl.oauthbearer.expected.issuer = null\r\n\tsasl.oauthbearer.jwks.endpoint.refresh.ms = 3600000\r\n\tsasl.oauthbearer.jwks.endpoint.retry.backoff.max.ms = 10000\r\n\tsasl.oauthbearer.jwks.endpoint.retry.backoff.ms = 100\r\n\tsasl.oauthbearer.jwks.endpoint.url = null\r\n\tsasl.oauthbearer.scope.claim.name = scope\r\n\tsasl.oauthbearer.sub.claim.name = sub\r\n\tsasl.oauthbearer.token.endpoint.url = null\r\n\tsecurity.protocol = PLAINTEXT\r\n\tsecurity.providers = null\r\n\tsend.buffer.bytes = 131072\r\n\tsocket.connection.setup.timeout.max.ms = 30000\r\n\tsocket.connection.setup.timeout.ms = 10000\r\n\tssl.cipher.suites = null\r\n\tssl.enabled.protocols = [TLSv1.2, TLSv1.3]\r\n\tssl.endpoint.identification.algorithm = https\r\n\tssl.engine.factory.class = null\r\n\tssl.key.password = null\r\n\tssl.keymanager.algorithm = SunX509\r\n\tssl.keystore.certificate.chain = null\r\n\tssl.keystore.key = null\r\n\tssl.keystore.location = null\r\n\tssl.keystore.password = null\r\n\tssl.keystore.type = JKS\r\n\tssl.protocol = TLSv1.3\r\n\tssl.provider = null\r\n\tssl.secure.random.implementation = null\r\n\tssl.trustmanager.algorithm = PKIX\r\n\tssl.truststore.certificates = null\r\n\tssl.truststore.location = null\r\n\tssl.truststore.password = null\r\n\tssl.truststore.type = JKS\r\n\ttransaction.timeout.ms = 60000\r\n\ttransactional.id = null\r\n\tvalue.serializer = class org.apache.kafka.common.serialization.ByteArraySerializer\r\n","logger_name":"org.apache.kafka.clients.producer.ProducerConfig","thread_name":"main","level":"INFO","level_value":20000}
{"@timestamp":"2025-08-09T15:04:49.8838547+05:30","@version":"1","message":"initializing Kafka metrics collector","logger_name":"org.apache.kafka.common.telemetry.internals.KafkaMetricsCollector","thread_name":"main","level":"INFO","level_value":20000}
{"@timestamp":"2025-08-09T15:04:49.8863892+05:30","@version":"1","message":"[Producer clientId=producer-2] Instantiated an idempotent producer.","logger_name":"org.apache.kafka.clients.producer.KafkaProducer","thread_name":"main","level":"INFO","level_value":20000}
{"@timestamp":"2025-08-09T15:04:49.89048+05:30","@version":"1","message":"[Producer clientId=producer-2] Closing the Kafka producer with timeoutMillis = 0 ms.","logger_name":"org.apache.kafka.clients.producer.KafkaProducer","thread_name":"main","level":"INFO","level_value":20000}
{"@timestamp":"2025-08-09T15:04:49.892503+05:30","@version":"1","message":"Metrics scheduler closed","logger_name":"org.apache.kafka.common.metrics.Metrics","thread_name":"main","level":"INFO","level_value":20000}
{"@timestamp":"2025-08-09T15:04:49.892503+05:30","@version":"1","message":"Closing reporter org.apache.kafka.common.metrics.JmxReporter","logger_name":"org.apache.kafka.common.metrics.Metrics","thread_name":"main","level":"INFO","level_value":20000}
{"@timestamp":"2025-08-09T15:04:49.892503+05:30","@version":"1","message":"Closing reporter org.apache.kafka.common.telemetry.internals.ClientTelemetryReporter","logger_name":"org.apache.kafka.common.metrics.Metrics","thread_name":"main","level":"INFO","level_value":20000}
{"@timestamp":"2025-08-09T15:04:49.892503+05:30","@version":"1","message":"Metrics reporters closed","logger_name":"org.apache.kafka.common.metrics.Metrics","thread_name":"main","level":"INFO","level_value":20000}
{"@timestamp":"2025-08-09T15:04:49.8940996+05:30","@version":"1","message":"App info kafka.producer for producer-2 unregistered","logger_name":"org.apache.kafka.common.utils.AppInfoParser","thread_name":"main","level":"INFO","level_value":20000}
{"@timestamp":"2025-08-09T15:04:49.8950455+05:30","@version":"1","message":"No active profile set, falling back to 1 default profile: \"default\"","logger_name":"com.moviebookingapp.SmokeTest","thread_name":"main","level":"INFO","level_value":20000}
{"@timestamp":"2025-08-09T15:04:49.8970422+05:30","@version":"1","message":"ProducerConfig values: \r\n\tacks = -1\r\n\tauto.include.jmx.reporter = true\r\n\tbatch.size = 16384\r\n\tbootstrap.servers = [spring.kafka.bootstrap-servers_IS_UNDEFINED]\r\n\tbuffer.memory = 33554432\r\n\tclient.dns.lookup = use_all_dns_ips\r\n\tclient.id = producer-3\r\n\tcompression.type = none\r\n\tconnections.max.idle.ms = 540000\r\n\tdelivery.timeout.ms = 120000\r\n\tenable.idempotence = true\r\n\tenable.metrics.push = true\r\n\tinterceptor.classes = []\r\n\tkey.serializer = class org.apache.kafka.common.serialization.ByteArraySerializer\r\n\tlinger.ms = 0\r\n\tmax.block.ms = 60000\r\n\tmax.in.flight.requests.per.connection = 5\r\n\tmax.request.size = 1048576\r\n\tmetadata.max.age.ms = 300000\r\n\tmetadata.max.idle.ms = 300000\r\n\tmetric.reporters = []\r\n\tmetrics.num.samples = 2\r\n\tmetrics.recording.level = INFO\r\n\tmetrics.sample.window.ms = 30000\r\n\tpartitioner.adaptive.partitioning.enable = true\r\n\tpartitioner.availability.timeout.ms = 0\r\n\tpartitioner.class = null\r\n\tpartitioner.ignore.keys = false\r\n\treceive.buffer.bytes = 32768\r\n\treconnect.backoff.max.ms = 1000\r\n\treconnect.backoff.ms = 50\r\n\trequest.timeout.ms = 30000\r\n\tretries = 2147483647\r\n\tretry.backoff.max.ms = 1000\r\n\tretry.backoff.ms = 100\r\n\tsasl.client.callback.handler.class = null\r\n\tsasl.jaas.config = null\r\n\tsasl.kerberos.kinit.cmd = /usr/bin/kinit\r\n\tsasl.kerberos.min.time.before.relogin = 60000\r\n\tsasl.kerberos.service.name = null\r\n\tsasl.kerberos.ticket.renew.jitter = 0.05\r\n\tsasl.kerberos.ticket.renew.window.factor = 0.8\r\n\tsasl.login.callback.handler.class = null\r\n\tsasl.login.class = null\r\n\tsasl.login.connect.timeout.ms = null\r\n\tsasl.login.read.timeout.ms = null\r\n\tsasl.login.refresh.buffer.seconds = 300\r\n\tsasl.login.refresh.min.period.seconds = 60\r\n\tsasl.login.refresh.window.factor = 0.8\r\n\tsasl.login.refresh.window.jitter = 0.05\r\n\tsasl.login.retry.backoff.max.ms = 10000\r\n\tsasl.login.retry.backoff.ms = 100\r\n\tsasl.mechanism = GSSAPI\r\n\tsasl.oauthbearer.clock.skew.seconds = 30\r\n\tsasl.oauthbearer.expected.audience = null\r\n\tsasl.oauthbearer.expected.issuer = null\r\n\tsasl.oauthbearer.jwks.endpoint.refresh.ms = 3600000\r\n\tsasl.oauthbearer.jwks.endpoint.retry.backoff.max.ms = 10000\r\n\tsasl.oauthbearer.jwks.endpoint.retry.backoff.ms = 100\r\n\tsasl.oauthbearer.jwks.endpoint.url = null\r\n\tsasl.oauthbearer.scope.claim.name = scope\r\n\tsasl.oauthbearer.sub.claim.name = sub\r\n\tsasl.oauthbearer.token.endpoint.url = null\r\n\tsecurity.protocol = PLAINTEXT\r\n\tsecurity.providers = null\r\n\tsend.buffer.bytes = 131072\r\n\tsocket.connection.setup.timeout.max.ms = 30000\r\n\tsocket.connection.setup.timeout.ms = 10000\r\n\tssl.cipher.suites = null\r\n\tssl.enabled.protocols = [TLSv1.2, TLSv1.3]\r\n\tssl.endpoint.identification.algorithm = https\r\n\tssl.engine.factory.class = null\r\n\tssl.key.password = null\r\n\tssl.keymanager.algorithm = SunX509\r\n\tssl.keystore.certificate.chain = null\r\n\tssl.keystore.key = null\r\n\tssl.keystore.location = null\r\n\tssl.keystore.password = null\r\n\tssl.keystore.type = JKS\r\n\tssl.protocol = TLSv1.3\r\n\tssl.provider = null\r\n\tssl.secure.random.implementation = null\r\n\tssl.trustmanager.algorithm = PKIX\r\n\tssl.truststore.certificates = null\r\n\tssl.truststore.location = null\r\n\tssl.truststore.password = null\r\n\tssl.truststore.type = JKS\r\n\ttransaction.timeout.ms = 60000\r\n\ttransactional.id = null\r\n\tvalue.serializer = class org.apache.kafka.common.serialization.ByteArraySerializer\r\n","logger_name":"org.apache.kafka.clients.producer.ProducerConfig","thread_name":"main","level":"INFO","level_value":20000}
{"@timestamp":"2025-08-09T15:04:49.8980376+05:30","@version":"1","message":"initializing Kafka metrics collector","logger_name":"org.apache.kafka.common.telemetry.internals.KafkaMetricsCollector","thread_name":"main","level":"INFO","level_value":20000}
{"@timestamp":"2025-08-09T15:04:49.9010425+05:30","@version":"1","message":"[Producer clientId=producer-3] Instantiated an idempotent producer.","logger_name":"org.apache.kafka.clients.producer.KafkaProducer","thread_name":"main","level":"INFO","level_value":20000}
{"@timestamp":"2025-08-09T15:04:49.9030411+05:30","@version":"1","message":"[Producer clientId=producer-3] Closing the Kafka producer with timeoutMillis = 0 ms.","logger_name":"org.apache.kafka.clients.producer.KafkaProducer","thread_name":"main","level":"INFO","level_value":20000}
{"@timestamp":"2025-08-09T15:04:49.9081048+05:30","@version":"1","message":"Metrics scheduler closed","logger_name":"org.apache.kafka.common.metrics.Metrics","thread_name":"main","level":"INFO","level_value":20000}
{"@timestamp":"2025-08-09T15:04:49.9081048+05:30","@version":"1","message":"Closing reporter org.apache.kafka.common.metrics.JmxReporter","logger_name":"org.apache.kafka.common.metrics.Metrics","thread_name":"main","level":"INFO","level_value":20000}
{"@timestamp":"2025-08-09T15:04:49.909099+05:30","@version":"1","message":"Closing reporter org.apache.kafka.common.telemetry.internals.ClientTelemetryReporter","logger_name":"org.apache.kafka.common.metrics.Metrics","thread_name":"main","level":"INFO","level_value":20000}
{"@timestamp":"2025-08-09T15:04:49.909099+05:30","@version":"1","message":"Metrics reporters closed","logger_name":"org.apache.kafka.common.metrics.Metrics","thread_name":"main","level":"INFO","level_value":20000}
{"@timestamp":"2025-08-09T15:04:49.909099+05:30","@version":"1","message":"App info kafka.producer for producer-3 unregistered","logger_name":"org.apache.kafka.common.utils.AppInfoParser","thread_name":"main","level":"INFO","level_value":20000}
{"@timestamp":"2025-08-09T15:04:54.6648607+05:30","@version":"1","message":"Bootstrapping Spring Data JPA repositories in DEFAULT mode.","logger_name":"org.springframework.data.repository.config.RepositoryConfigurationDelegate","thread_name":"main","level":"INFO","level_value":20000}
{"@timestamp":"2025-08-09T15:04:54.6671127+05:30","@version":"1","message":"ProducerConfig values: \r\n\tacks = -1\r\n\tauto.include.jmx.reporter = true\r\n\tbatch.size = 16384\r\n\tbootstrap.servers = [spring.kafka.bootstrap-servers_IS_UNDEFINED]\r\n\tbuffer.memory = 33554432\r\n\tclient.dns.lookup = use_all_dns_ips\r\n\tclient.id = producer-4\r\n\tcompression.type = none\r\n\tconnections.max.idle.ms = 540000\r\n\tdelivery.timeout.ms = 120000\r\n\tenable.idempotence = true\r\n\tenable.metrics.push = true\r\n\tinterceptor.classes = []\r\n\tkey.serializer = class org.apache.kafka.common.serialization.ByteArraySerializer\r\n\tlinger.ms = 0\r\n\tmax.block.ms = 60000\r\n\tmax.in.flight.requests.per.connection = 5\r\n\tmax.request.size = 1048576\r\n\tmetadata.max.age.ms = 300000\r\n\tmetadata.max.idle.ms = 300000\r\n\tmetric.reporters = []\r\n\tmetrics.num.samples = 2\r\n\tmetrics.recording.level = INFO\r\n\tmetrics.sample.window.ms = 30000\r\n\tpartitioner.adaptive.partitioning.enable = true\r\n\tpartitioner.availability.timeout.ms = 0\r\n\tpartitioner.class = null\r\n\tpartitioner.ignore.keys = false\r\n\treceive.buffer.bytes = 32768\r\n\treconnect.backoff.max.ms = 1000\r\n\treconnect.backoff.ms = 50\r\n\trequest.timeout.ms = 30000\r\n\tretries = 2147483647\r\n\tretry.backoff.max.ms = 1000\r\n\tretry.backoff.ms = 100\r\n\tsasl.client.callback.handler.class = null\r\n\tsasl.jaas.config = null\r\n\tsasl.kerberos.kinit.cmd = /usr/bin/kinit\r\n\tsasl.kerberos.min.time.before.relogin = 60000\r\n\tsasl.kerberos.service.name = null\r\n\tsasl.kerberos.ticket.renew.jitter = 0.05\r\n\tsasl.kerberos.ticket.renew.window.factor = 0.8\r\n\tsasl.login.callback.handler.class = null\r\n\tsasl.login.class = null\r\n\tsasl.login.connect.timeout.ms = null\r\n\tsasl.login.read.timeout.ms = null\r\n\tsasl.login.refresh.buffer.seconds = 300\r\n\tsasl.login.refresh.min.period.seconds = 60\r\n\tsasl.login.refresh.window.factor = 0.8\r\n\tsasl.login.refresh.window.jitter = 0.05\r\n\tsasl.login.retry.backoff.max.ms = 10000\r\n\tsasl.login.retry.backoff.ms = 100\r\n\tsasl.mechanism = GSSAPI\r\n\tsasl.oauthbearer.clock.skew.seconds = 30\r\n\tsasl.oauthbearer.expected.audience = null\r\n\tsasl.oauthbearer.expected.issuer = null\r\n\tsasl.oauthbearer.jwks.endpoint.refresh.ms = 3600000\r\n\tsasl.oauthbearer.jwks.endpoint.retry.backoff.max.ms = 10000\r\n\tsasl.oauthbearer.jwks.endpoint.retry.backoff.ms = 100\r\n\tsasl.oauthbearer.jwks.endpoint.url = null\r\n\tsasl.oauthbearer.scope.claim.name = scope\r\n\tsasl.oauthbearer.sub.claim.name = sub\r\n\tsasl.oauthbearer.token.endpoint.url = null\r\n\tsecurity.protocol = PLAINTEXT\r\n\tsecurity.providers = null\r\n\tsend.buffer.bytes = 131072\r\n\tsocket.connection.setup.timeout.max.ms = 30000\r\n\tsocket.connection.setup.timeout.ms = 10000\r\n\tssl.cipher.suites = null\r\n\tssl.enabled.protocols = [TLSv1.2, TLSv1.3]\r\n\tssl.endpoint.identification.algorithm = https\r\n\tssl.engine.factory.class = null\r\n\tssl.key.password = null\r\n\tssl.keymanager.algorithm = SunX509\r\n\tssl.keystore.certificate.chain = null\r\n\tssl.keystore.key = null\r\n\tssl.keystore.location = null\r\n\tssl.keystore.password = null\r\n\tssl.keystore.type = JKS\r\n\tssl.protocol = TLSv1.3\r\n\tssl.provider = null\r\n\tssl.secure.random.implementation = null\r\n\tssl.trustmanager.algorithm = PKIX\r\n\tssl.truststore.certificates = null\r\n\tssl.truststore.location = null\r\n\tssl.truststore.password = null\r\n\tssl.truststore.type = JKS\r\n\ttransaction.timeout.ms = 60000\r\n\ttransactional.id = null\r\n\tvalue.serializer = class org.apache.kafka.common.serialization.ByteArraySerializer\r\n","logger_name":"org.apache.kafka.clients.producer.ProducerConfig","thread_name":"main","level":"INFO","level_value":20000}
{"@timestamp":"2025-08-09T15:04:54.6701164+05:30","@version":"1","message":"initializing Kafka metrics collector","logger_name":"org.apache.kafka.common.telemetry.internals.KafkaMetricsCollector","thread_name":"main","level":"INFO","level_value":20000}
{"@timestamp":"2025-08-09T15:04:54.6724213+05:30","@version":"1","message":"[Producer clientId=producer-4] Instantiated an idempotent producer.","logger_name":"org.apache.kafka.clients.producer.KafkaProducer","thread_name":"main","level":"INFO","level_value":20000}
{"@timestamp":"2025-08-09T15:04:54.6764913+05:30","@version":"1","message":"[Producer clientId=producer-4] Closing the Kafka producer with timeoutMillis = 0 ms.","logger_name":"org.apache.kafka.clients.producer.KafkaProducer","thread_name":"main","level":"INFO","level_value":20000}
{"@timestamp":"2025-08-09T15:04:54.6794862+05:30","@version":"1","message":"Metrics scheduler closed","logger_name":"org.apache.kafka.common.metrics.Metrics","thread_name":"main","level":"INFO","level_value":20000}
{"@timestamp":"2025-08-09T15:04:54.6794862+05:30","@version":"1","message":"Closing reporter org.apache.kafka.common.metrics.JmxReporter","logger_name":"org.apache.kafka.common.metrics.Metrics","thread_name":"main","level":"INFO","level_value":20000}
{"@timestamp":"2025-08-09T15:04:54.6814884+05:30","@version":"1","message":"Closing reporter org.apache.kafka.common.telemetry.internals.ClientTelemetryReporter","logger_name":"org.apache.kafka.common.metrics.Metrics","thread_name":"main","level":"INFO","level_value":20000}
{"@timestamp":"2025-08-09T15:04:54.6814884+05:30","@version":"1","message":"Metrics reporters closed","logger_name":"org.apache.kafka.common.metrics.Metrics","thread_name":"main","level":"INFO","level_value":20000}
{"@timestamp":"2025-08-09T15:04:54.6824971+05:30","@version":"1","message":"App info kafka.producer for producer-4 unregistered","logger_name":"org.apache.kafka.common.utils.AppInfoParser","thread_name":"main","level":"INFO","level_value":20000}
{"@timestamp":"2025-08-09T15:04:54.9539191+05:30","@version":"1","message":"Finished Spring Data repository scanning in 240 ms. Found 3 JPA repository interfaces.","logger_name":"org.springframework.data.repository.config.RepositoryConfigurationDelegate","thread_name":"main","level":"INFO","level_value":20000}
{"@timestamp":"2025-08-09T15:04:54.9583861+05:30","@version":"1","message":"ProducerConfig values: \r\n\tacks = -1\r\n\tauto.include.jmx.reporter = true\r\n\tbatch.size = 16384\r\n\tbootstrap.servers = [spring.kafka.bootstrap-servers_IS_UNDEFINED]\r\n\tbuffer.memory = 33554432\r\n\tclient.dns.lookup = use_all_dns_ips\r\n\tclient.id = producer-5\r\n\tcompression.type = none\r\n\tconnections.max.idle.ms = 540000\r\n\tdelivery.timeout.ms = 120000\r\n\tenable.idempotence = true\r\n\tenable.metrics.push = true\r\n\tinterceptor.classes = []\r\n\tkey.serializer = class org.apache.kafka.common.serialization.ByteArraySerializer\r\n\tlinger.ms = 0\r\n\tmax.block.ms = 60000\r\n\tmax.in.flight.requests.per.connection = 5\r\n\tmax.request.size = 1048576\r\n\tmetadata.max.age.ms = 300000\r\n\tmetadata.max.idle.ms = 300000\r\n\tmetric.reporters = []\r\n\tmetrics.num.samples = 2\r\n\tmetrics.recording.level = INFO\r\n\tmetrics.sample.window.ms = 30000\r\n\tpartitioner.adaptive.partitioning.enable = true\r\n\tpartitioner.availability.timeout.ms = 0\r\n\tpartitioner.class = null\r\n\tpartitioner.ignore.keys = false\r\n\treceive.buffer.bytes = 32768\r\n\treconnect.backoff.max.ms = 1000\r\n\treconnect.backoff.ms = 50\r\n\trequest.timeout.ms = 30000\r\n\tretries = 2147483647\r\n\tretry.backoff.max.ms = 1000\r\n\tretry.backoff.ms = 100\r\n\tsasl.client.callback.handler.class = null\r\n\tsasl.jaas.config = null\r\n\tsasl.kerberos.kinit.cmd = /usr/bin/kinit\r\n\tsasl.kerberos.min.time.before.relogin = 60000\r\n\tsasl.kerberos.service.name = null\r\n\tsasl.kerberos.ticket.renew.jitter = 0.05\r\n\tsasl.kerberos.ticket.renew.window.factor = 0.8\r\n\tsasl.login.callback.handler.class = null\r\n\tsasl.login.class = null\r\n\tsasl.login.connect.timeout.ms = null\r\n\tsasl.login.read.timeout.ms = null\r\n\tsasl.login.refresh.buffer.seconds = 300\r\n\tsasl.login.refresh.min.period.seconds = 60\r\n\tsasl.login.refresh.window.factor = 0.8\r\n\tsasl.login.refresh.window.jitter = 0.05\r\n\tsasl.login.retry.backoff.max.ms = 10000\r\n\tsasl.login.retry.backoff.ms = 100\r\n\tsasl.mechanism = GSSAPI\r\n\tsasl.oauthbearer.clock.skew.seconds = 30\r\n\tsasl.oauthbearer.expected.audience = null\r\n\tsasl.oauthbearer.expected.issuer = null\r\n\tsasl.oauthbearer.jwks.endpoint.refresh.ms = 3600000\r\n\tsasl.oauthbearer.jwks.endpoint.retry.backoff.max.ms = 10000\r\n\tsasl.oauthbearer.jwks.endpoint.retry.backoff.ms = 100\r\n\tsasl.oauthbearer.jwks.endpoint.url = null\r\n\tsasl.oauthbearer.scope.claim.name = scope\r\n\tsasl.oauthbearer.sub.claim.name = sub\r\n\tsasl.oauthbearer.token.endpoint.url = null\r\n\tsecurity.protocol = PLAINTEXT\r\n\tsecurity.providers = null\r\n\tsend.buffer.bytes = 131072\r\n\tsocket.connection.setup.timeout.max.ms = 30000\r\n\tsocket.connection.setup.timeout.ms = 10000\r\n\tssl.cipher.suites = null\r\n\tssl.enabled.protocols = [TLSv1.2, TLSv1.3]\r\n\tssl.endpoint.identification.algorithm = https\r\n\tssl.engine.factory.class = null\r\n\tssl.key.password = null\r\n\tssl.keymanager.algorithm = SunX509\r\n\tssl.keystore.certificate.chain = null\r\n\tssl.keystore.key = null\r\n\tssl.keystore.location = null\r\n\tssl.keystore.password = null\r\n\tssl.keystore.type = JKS\r\n\tssl.protocol = TLSv1.3\r\n\tssl.provider = null\r\n\tssl.secure.random.implementation = null\r\n\tssl.trustmanager.algorithm = PKIX\r\n\tssl.truststore.certificates = null\r\n\tssl.truststore.location = null\r\n\tssl.truststore.password = null\r\n\tssl.truststore.type = JKS\r\n\ttransaction.timeout.ms = 60000\r\n\ttransactional.id = null\r\n\tvalue.serializer = class org.apache.kafka.common.serialization.ByteArraySerializer\r\n","logger_name":"org.apache.kafka.clients.producer.ProducerConfig","thread_name":"main","level":"INFO","level_value":20000}
{"@timestamp":"2025-08-09T15:04:54.9624093+05:30","@version":"1","message":"initializing Kafka metrics collector","logger_name":"org.apache.kafka.common.telemetry.internals.KafkaMetricsCollector","thread_name":"main","level":"INFO","level_value":20000}
{"@timestamp":"2025-08-09T15:04:54.9750493+05:30","@version":"1","message":"[Producer clientId=producer-5] Instantiated an idempotent producer.","logger_name":"org.apache.kafka.clients.producer.KafkaProducer","thread_name":"main","level":"INFO","level_value":20000}
{"@timestamp":"2025-08-09T15:04:54.9794905+05:30","@version":"1","message":"[Producer clientId=producer-5] Closing the Kafka producer with timeoutMillis = 0 ms.","logger_name":"org.apache.kafka.clients.producer.KafkaProducer","thread_name":"main","level":"INFO","level_value":20000}
{"@timestamp":"2025-08-09T15:04:54.9921046+05:30","@version":"1","message":"Metrics scheduler closed","logger_name":"org.apache.kafka.common.metrics.Metrics","thread_name":"main","level":"INFO","level_value":20000}
{"@timestamp":"2025-08-09T15:04:54.9937434+05:30","@version":"1","message":"Closing reporter org.apache.kafka.common.metrics.JmxReporter","logger_name":"org.apache.kafka.common.metrics.Metrics","thread_name":"main","level":"INFO","level_value":20000}
{"@timestamp":"2025-08-09T15:04:54.9937434+05:30","@version":"1","message":"Closing reporter org.apache.kafka.common.telemetry.internals.ClientTelemetryReporter","logger_name":"org.apache.kafka.common.metrics.Metrics","thread_name":"main","level":"INFO","level_value":20000}
{"@timestamp":"2025-08-09T15:04:54.9946769+05:30","@version":"1","message":"Metrics reporters closed","logger_name":"org.apache.kafka.common.metrics.Metrics","thread_name":"main","level":"INFO","level_value":20000}
{"@timestamp":"2025-08-09T15:04:54.9976984+05:30","@version":"1","message":"App info kafka.producer for producer-5 unregistered","logger_name":"org.apache.kafka.common.utils.AppInfoParser","thread_name":"main","level":"INFO","level_value":20000}
{"@timestamp":"2025-08-09T15:04:58.3799479+05:30","@version":"1","message":"HHH000204: Processing PersistenceUnitInfo [name: default]","logger_name":"org.hibernate.jpa.internal.util.LogHelper","thread_name":"main","level":"INFO","level_value":20000}
{"@timestamp":"2025-08-09T15:04:58.3819473+05:30","@version":"1","message":"ProducerConfig values: \r\n\tacks = -1\r\n\tauto.include.jmx.reporter = true\r\n\tbatch.size = 16384\r\n\tbootstrap.servers = [spring.kafka.bootstrap-servers_IS_UNDEFINED]\r\n\tbuffer.memory = 33554432\r\n\tclient.dns.lookup = use_all_dns_ips\r\n\tclient.id = producer-6\r\n\tcompression.type = none\r\n\tconnections.max.idle.ms = 540000\r\n\tdelivery.timeout.ms = 120000\r\n\tenable.idempotence = true\r\n\tenable.metrics.push = true\r\n\tinterceptor.classes = []\r\n\tkey.serializer = class org.apache.kafka.common.serialization.ByteArraySerializer\r\n\tlinger.ms = 0\r\n\tmax.block.ms = 60000\r\n\tmax.in.flight.requests.per.connection = 5\r\n\tmax.request.size = 1048576\r\n\tmetadata.max.age.ms = 300000\r\n\tmetadata.max.idle.ms = 300000\r\n\tmetric.reporters = []\r\n\tmetrics.num.samples = 2\r\n\tmetrics.recording.level = INFO\r\n\tmetrics.sample.window.ms = 30000\r\n\tpartitioner.adaptive.partitioning.enable = true\r\n\tpartitioner.availability.timeout.ms = 0\r\n\tpartitioner.class = null\r\n\tpartitioner.ignore.keys = false\r\n\treceive.buffer.bytes = 32768\r\n\treconnect.backoff.max.ms = 1000\r\n\treconnect.backoff.ms = 50\r\n\trequest.timeout.ms = 30000\r\n\tretries = 2147483647\r\n\tretry.backoff.max.ms = 1000\r\n\tretry.backoff.ms = 100\r\n\tsasl.client.callback.handler.class = null\r\n\tsasl.jaas.config = null\r\n\tsasl.kerberos.kinit.cmd = /usr/bin/kinit\r\n\tsasl.kerberos.min.time.before.relogin = 60000\r\n\tsasl.kerberos.service.name = null\r\n\tsasl.kerberos.ticket.renew.jitter = 0.05\r\n\tsasl.kerberos.ticket.renew.window.factor = 0.8\r\n\tsasl.login.callback.handler.class = null\r\n\tsasl.login.class = null\r\n\tsasl.login.connect.timeout.ms = null\r\n\tsasl.login.read.timeout.ms = null\r\n\tsasl.login.refresh.buffer.seconds = 300\r\n\tsasl.login.refresh.min.period.seconds = 60\r\n\tsasl.login.refresh.window.factor = 0.8\r\n\tsasl.login.refresh.window.jitter = 0.05\r\n\tsasl.login.retry.backoff.max.ms = 10000\r\n\tsasl.login.retry.backoff.ms = 100\r\n\tsasl.mechanism = GSSAPI\r\n\tsasl.oauthbearer.clock.skew.seconds = 30\r\n\tsasl.oauthbearer.expected.audience = null\r\n\tsasl.oauthbearer.expected.issuer = null\r\n\tsasl.oauthbearer.jwks.endpoint.refresh.ms = 3600000\r\n\tsasl.oauthbearer.jwks.endpoint.retry.backoff.max.ms = 10000\r\n\tsasl.oauthbearer.jwks.endpoint.retry.backoff.ms = 100\r\n\tsasl.oauthbearer.jwks.endpoint.url = null\r\n\tsasl.oauthbearer.scope.claim.name = scope\r\n\tsasl.oauthbearer.sub.claim.name = sub\r\n\tsasl.oauthbearer.token.endpoint.url = null\r\n\tsecurity.protocol = PLAINTEXT\r\n\tsecurity.providers = null\r\n\tsend.buffer.bytes = 131072\r\n\tsocket.connection.setup.timeout.max.ms = 30000\r\n\tsocket.connection.setup.timeout.ms = 10000\r\n\tssl.cipher.suites = null\r\n\tssl.enabled.protocols = [TLSv1.2, TLSv1.3]\r\n\tssl.endpoint.identification.algorithm = https\r\n\tssl.engine.factory.class = null\r\n\tssl.key.password = null\r\n\tssl.keymanager.algorithm = SunX509\r\n\tssl.keystore.certificate.chain = null\r\n\tssl.keystore.key = null\r\n\tssl.keystore.location = null\r\n\tssl.keystore.password = null\r\n\tssl.keystore.type = JKS\r\n\tssl.protocol = TLSv1.3\r\n\tssl.provider = null\r\n\tssl.secure.random.implementation = null\r\n\tssl.trustmanager.algorithm = PKIX\r\n\tssl.truststore.certificates = null\r\n\tssl.truststore.location = null\r\n\tssl.truststore.password = null\r\n\tssl.truststore.type = JKS\r\n\ttransaction.timeout.ms = 60000\r\n\ttransactional.id = null\r\n\tvalue.serializer = class org.apache.kafka.common.serialization.ByteArraySerializer\r\n","logger_name":"org.apache.kafka.clients.producer.ProducerConfig","thread_name":"main","level":"INFO","level_value":20000}
{"@timestamp":"2025-08-09T15:04:58.3844907+05:30","@version":"1","message":"initializing Kafka metrics collector","logger_name":"org.apache.kafka.common.telemetry.internals.KafkaMetricsCollector","thread_name":"main","level":"INFO","level_value":20000}
{"@timestamp":"2025-08-09T15:04:58.3874927+05:30","@version":"1","message":"[Producer clientId=producer-6] Instantiated an idempotent producer.","logger_name":"org.apache.kafka.clients.producer.KafkaProducer","thread_name":"main","level":"INFO","level_value":20000}
{"@timestamp":"2025-08-09T15:04:58.3894912+05:30","@version":"1","message":"[Producer clientId=producer-6] Closing the Kafka producer with timeoutMillis = 0 ms.","logger_name":"org.apache.kafka.clients.producer.KafkaProducer","thread_name":"main","level":"INFO","level_value":20000}
{"@timestamp":"2025-08-09T15:04:58.3904866+05:30","@version":"1","message":"Metrics scheduler closed","logger_name":"org.apache.kafka.common.metrics.Metrics","thread_name":"main","level":"INFO","level_value":20000}
{"@timestamp":"2025-08-09T15:04:58.3914945+05:30","@version":"1","message":"Closing reporter org.apache.kafka.common.metrics.JmxReporter","logger_name":"org.apache.kafka.common.metrics.Metrics","thread_name":"main","level":"INFO","level_value":20000}
{"@timestamp":"2025-08-09T15:04:58.3914945+05:30","@version":"1","message":"Closing reporter org.apache.kafka.common.telemetry.internals.ClientTelemetryReporter","logger_name":"org.apache.kafka.common.metrics.Metrics","thread_name":"main","level":"INFO","level_value":20000}
{"@timestamp":"2025-08-09T15:04:58.3914945+05:30","@version":"1","message":"Metrics reporters closed","logger_name":"org.apache.kafka.common.metrics.Metrics","thread_name":"main","level":"INFO","level_value":20000}
{"@timestamp":"2025-08-09T15:04:58.3914945+05:30","@version":"1","message":"App info kafka.producer for producer-6 unregistered","logger_name":"org.apache.kafka.common.utils.AppInfoParser","thread_name":"main","level":"INFO","level_value":20000}
{"@timestamp":"2025-08-09T15:04:58.7183586+05:30","@version":"1","message":"HHH000412: Hibernate ORM core version 6.5.2.Final","logger_name":"org.hibernate.Version","thread_name":"main","level":"INFO","level_value":20000}
{"@timestamp":"2025-08-09T15:04:58.7203523+05:30","@version":"1","message":"ProducerConfig values: \r\n\tacks = -1\r\n\tauto.include.jmx.reporter = true\r\n\tbatch.size = 16384\r\n\tbootstrap.servers = [spring.kafka.bootstrap-servers_IS_UNDEFINED]\r\n\tbuffer.memory = 33554432\r\n\tclient.dns.lookup = use_all_dns_ips\r\n\tclient.id = producer-7\r\n\tcompression.type = none\r\n\tconnections.max.idle.ms = 540000\r\n\tdelivery.timeout.ms = 120000\r\n\tenable.idempotence = true\r\n\tenable.metrics.push = true\r\n\tinterceptor.classes = []\r\n\tkey.serializer = class org.apache.kafka.common.serialization.ByteArraySerializer\r\n\tlinger.ms = 0\r\n\tmax.block.ms = 60000\r\n\tmax.in.flight.requests.per.connection = 5\r\n\tmax.request.size = 1048576\r\n\tmetadata.max.age.ms = 300000\r\n\tmetadata.max.idle.ms = 300000\r\n\tmetric.reporters = []\r\n\tmetrics.num.samples = 2\r\n\tmetrics.recording.level = INFO\r\n\tmetrics.sample.window.ms = 30000\r\n\tpartitioner.adaptive.partitioning.enable = true\r\n\tpartitioner.availability.timeout.ms = 0\r\n\tpartitioner.class = null\r\n\tpartitioner.ignore.keys = false\r\n\treceive.buffer.bytes = 32768\r\n\treconnect.backoff.max.ms = 1000\r\n\treconnect.backoff.ms = 50\r\n\trequest.timeout.ms = 30000\r\n\tretries = 2147483647\r\n\tretry.backoff.max.ms = 1000\r\n\tretry.backoff.ms = 100\r\n\tsasl.client.callback.handler.class = null\r\n\tsasl.jaas.config = null\r\n\tsasl.kerberos.kinit.cmd = /usr/bin/kinit\r\n\tsasl.kerberos.min.time.before.relogin = 60000\r\n\tsasl.kerberos.service.name = null\r\n\tsasl.kerberos.ticket.renew.jitter = 0.05\r\n\tsasl.kerberos.ticket.renew.window.factor = 0.8\r\n\tsasl.login.callback.handler.class = null\r\n\tsasl.login.class = null\r\n\tsasl.login.connect.timeout.ms = null\r\n\tsasl.login.read.timeout.ms = null\r\n\tsasl.login.refresh.buffer.seconds = 300\r\n\tsasl.login.refresh.min.period.seconds = 60\r\n\tsasl.login.refresh.window.factor = 0.8\r\n\tsasl.login.refresh.window.jitter = 0.05\r\n\tsasl.login.retry.backoff.max.ms = 10000\r\n\tsasl.login.retry.backoff.ms = 100\r\n\tsasl.mechanism = GSSAPI\r\n\tsasl.oauthbearer.clock.skew.seconds = 30\r\n\tsasl.oauthbearer.expected.audience = null\r\n\tsasl.oauthbearer.expected.issuer = null\r\n\tsasl.oauthbearer.jwks.endpoint.refresh.ms = 3600000\r\n\tsasl.oauthbearer.jwks.endpoint.retry.backoff.max.ms = 10000\r\n\tsasl.oauthbearer.jwks.endpoint.retry.backoff.ms = 100\r\n\tsasl.oauthbearer.jwks.endpoint.url = null\r\n\tsasl.oauthbearer.scope.claim.name = scope\r\n\tsasl.oauthbearer.sub.claim.name = sub\r\n\tsasl.oauthbearer.token.endpoint.url = null\r\n\tsecurity.protocol = PLAINTEXT\r\n\tsecurity.providers = null\r\n\tsend.buffer.bytes = 131072\r\n\tsocket.connection.setup.timeout.max.ms = 30000\r\n\tsocket.connection.setup.timeout.ms = 10000\r\n\tssl.cipher.suites = null\r\n\tssl.enabled.protocols = [TLSv1.2, TLSv1.3]\r\n\tssl.endpoint.identification.algorithm = https\r\n\tssl.engine.factory.class = null\r\n\tssl.key.password = null\r\n\tssl.keymanager.algorithm = SunX509\r\n\tssl.keystore.certificate.chain = null\r\n\tssl.keystore.key = null\r\n\tssl.keystore.location = null\r\n\tssl.keystore.password = null\r\n\tssl.keystore.type = JKS\r\n\tssl.protocol = TLSv1.3\r\n\tssl.provider = null\r\n\tssl.secure.random.implementation = null\r\n\tssl.trustmanager.algorithm = PKIX\r\n\tssl.truststore.certificates = null\r\n\tssl.truststore.location = null\r\n\tssl.truststore.password = null\r\n\tssl.truststore.type = JKS\r\n\ttransaction.timeout.ms = 60000\r\n\ttransactional.id = null\r\n\tvalue.serializer = class org.apache.kafka.common.serialization.ByteArraySerializer\r\n","logger_name":"org.apache.kafka.clients.producer.ProducerConfig","thread_name":"main","level":"INFO","level_value":20000}
{"@timestamp":"2025-08-09T15:04:58.7223544+05:30","@version":"1","message":"initializing Kafka metrics collector","logger_name":"org.apache.kafka.common.telemetry.internals.KafkaMetricsCollector","thread_name":"main","level":"INFO","level_value":20000}
{"@timestamp":"2025-08-09T15:04:58.7238701+05:30","@version":"1","message":"[Producer clientId=producer-7] Instantiated an idempotent producer.","logger_name":"org.apache.kafka.clients.producer.KafkaProducer","thread_name":"main","level":"INFO","level_value":20000}
{"@timestamp":"2025-08-09T15:04:58.7267653+05:30","@version":"1","message":"[Producer clientId=producer-7] Closing the Kafka producer with timeoutMillis = 0 ms.","logger_name":"org.apache.kafka.clients.producer.KafkaProducer","thread_name":"main","level":"INFO","level_value":20000}
{"@timestamp":"2025-08-09T15:04:58.7278649+05:30","@version":"1","message":"Metrics scheduler closed","logger_name":"org.apache.kafka.common.metrics.Metrics","thread_name":"main","level":"INFO","level_value":20000}
{"@timestamp":"2025-08-09T15:04:58.7278649+05:30","@version":"1","message":"Closing reporter org.apache.kafka.common.metrics.JmxReporter","logger_name":"org.apache.kafka.common.metrics.Metrics","thread_name":"main","level":"INFO","level_value":20000}
{"@timestamp":"2025-08-09T15:04:58.7278649+05:30","@version":"1","message":"Closing reporter org.apache.kafka.common.telemetry.internals.ClientTelemetryReporter","logger_name":"org.apache.kafka.common.metrics.Metrics","thread_name":"main","level":"INFO","level_value":20000}
{"@timestamp":"2025-08-09T15:04:58.7288557+05:30","@version":"1","message":"Metrics reporters closed","logger_name":"org.apache.kafka.common.metrics.Metrics","thread_name":"main","level":"INFO","level_value":20000}
{"@timestamp":"2025-08-09T15:04:58.7288557+05:30","@version":"1","message":"App info kafka.producer for producer-7 unregistered","logger_name":"org.apache.kafka.common.utils.AppInfoParser","thread_name":"main","level":"INFO","level_value":20000}
{"@timestamp":"2025-08-09T15:04:58.8519436+05:30","@version":"1","message":"HHH000026: Second-level cache disabled","logger_name":"org.hibernate.cache.internal.RegionFactoryInitiator","thread_name":"main","level":"INFO","level_value":20000}
{"@timestamp":"2025-08-09T15:04:58.8544888+05:30","@version":"1","message":"ProducerConfig values: \r\n\tacks = -1\r\n\tauto.include.jmx.reporter = true\r\n\tbatch.size = 16384\r\n\tbootstrap.servers = [spring.kafka.bootstrap-servers_IS_UNDEFINED]\r\n\tbuffer.memory = 33554432\r\n\tclient.dns.lookup = use_all_dns_ips\r\n\tclient.id = producer-8\r\n\tcompression.type = none\r\n\tconnections.max.idle.ms = 540000\r\n\tdelivery.timeout.ms = 120000\r\n\tenable.idempotence = true\r\n\tenable.metrics.push = true\r\n\tinterceptor.classes = []\r\n\tkey.serializer = class org.apache.kafka.common.serialization.ByteArraySerializer\r\n\tlinger.ms = 0\r\n\tmax.block.ms = 60000\r\n\tmax.in.flight.requests.per.connection = 5\r\n\tmax.request.size = 1048576\r\n\tmetadata.max.age.ms = 300000\r\n\tmetadata.max.idle.ms = 300000\r\n\tmetric.reporters = []\r\n\tmetrics.num.samples = 2\r\n\tmetrics.recording.level = INFO\r\n\tmetrics.sample.window.ms = 30000\r\n\tpartitioner.adaptive.partitioning.enable = true\r\n\tpartitioner.availability.timeout.ms = 0\r\n\tpartitioner.class = null\r\n\tpartitioner.ignore.keys = false\r\n\treceive.buffer.bytes = 32768\r\n\treconnect.backoff.max.ms = 1000\r\n\treconnect.backoff.ms = 50\r\n\trequest.timeout.ms = 30000\r\n\tretries = 2147483647\r\n\tretry.backoff.max.ms = 1000\r\n\tretry.backoff.ms = 100\r\n\tsasl.client.callback.handler.class = null\r\n\tsasl.jaas.config = null\r\n\tsasl.kerberos.kinit.cmd = /usr/bin/kinit\r\n\tsasl.kerberos.min.time.before.relogin = 60000\r\n\tsasl.kerberos.service.name = null\r\n\tsasl.kerberos.ticket.renew.jitter = 0.05\r\n\tsasl.kerberos.ticket.renew.window.factor = 0.8\r\n\tsasl.login.callback.handler.class = null\r\n\tsasl.login.class = null\r\n\tsasl.login.connect.timeout.ms = null\r\n\tsasl.login.read.timeout.ms = null\r\n\tsasl.login.refresh.buffer.seconds = 300\r\n\tsasl.login.refresh.min.period.seconds = 60\r\n\tsasl.login.refresh.window.factor = 0.8\r\n\tsasl.login.refresh.window.jitter = 0.05\r\n\tsasl.login.retry.backoff.max.ms = 10000\r\n\tsasl.login.retry.backoff.ms = 100\r\n\tsasl.mechanism = GSSAPI\r\n\tsasl.oauthbearer.clock.skew.seconds = 30\r\n\tsasl.oauthbearer.expected.audience = null\r\n\tsasl.oauthbearer.expected.issuer = null\r\n\tsasl.oauthbearer.jwks.endpoint.refresh.ms = 3600000\r\n\tsasl.oauthbearer.jwks.endpoint.retry.backoff.max.ms = 10000\r\n\tsasl.oauthbearer.jwks.endpoint.retry.backoff.ms = 100\r\n\tsasl.oauthbearer.jwks.endpoint.url = null\r\n\tsasl.oauthbearer.scope.claim.name = scope\r\n\tsasl.oauthbearer.sub.claim.name = sub\r\n\tsasl.oauthbearer.token.endpoint.url = null\r\n\tsecurity.protocol = PLAINTEXT\r\n\tsecurity.providers = null\r\n\tsend.buffer.bytes = 131072\r\n\tsocket.connection.setup.timeout.max.ms = 30000\r\n\tsocket.connection.setup.timeout.ms = 10000\r\n\tssl.cipher.suites = null\r\n\tssl.enabled.protocols = [TLSv1.2, TLSv1.3]\r\n\tssl.endpoint.identification.algorithm = https\r\n\tssl.engine.factory.class = null\r\n\tssl.key.password = null\r\n\tssl.keymanager.algorithm = SunX509\r\n\tssl.keystore.certificate.chain = null\r\n\tssl.keystore.key = null\r\n\tssl.keystore.location = null\r\n\tssl.keystore.password = null\r\n\tssl.keystore.type = JKS\r\n\tssl.protocol = TLSv1.3\r\n\tssl.provider = null\r\n\tssl.secure.random.implementation = null\r\n\tssl.trustmanager.algorithm = PKIX\r\n\tssl.truststore.certificates = null\r\n\tssl.truststore.location = null\r\n\tssl.truststore.password = null\r\n\tssl.truststore.type = JKS\r\n\ttransaction.timeout.ms = 60000\r\n\ttransactional.id = null\r\n\tvalue.serializer = class org.apache.kafka.common.serialization.ByteArraySerializer\r\n","logger_name":"org.apache.kafka.clients.producer.ProducerConfig","thread_name":"main","level":"INFO","level_value":20000}
{"@timestamp":"2025-08-09T15:04:58.8554874+05:30","@version":"1","message":"initializing Kafka metrics collector","logger_name":"org.apache.kafka.common.telemetry.internals.KafkaMetricsCollector","thread_name":"main","level":"INFO","level_value":20000}
{"@timestamp":"2025-08-09T15:04:58.8578227+05:30","@version":"1","message":"[Producer clientId=producer-8] Instantiated an idempotent producer.","logger_name":"org.apache.kafka.clients.producer.KafkaProducer","thread_name":"main","level":"INFO","level_value":20000}
{"@timestamp":"2025-08-09T15:04:58.8598239+05:30","@version":"1","message":"[Producer clientId=producer-8] Closing the Kafka producer with timeoutMillis = 0 ms.","logger_name":"org.apache.kafka.clients.producer.KafkaProducer","thread_name":"main","level":"INFO","level_value":20000}
{"@timestamp":"2025-08-09T15:04:58.8638834+05:30","@version":"1","message":"Metrics scheduler closed","logger_name":"org.apache.kafka.common.metrics.Metrics","thread_name":"main","level":"INFO","level_value":20000}
{"@timestamp":"2025-08-09T15:04:58.8638834+05:30","@version":"1","message":"Closing reporter org.apache.kafka.common.metrics.JmxReporter","logger_name":"org.apache.kafka.common.metrics.Metrics","thread_name":"main","level":"INFO","level_value":20000}
{"@timestamp":"2025-08-09T15:04:58.8649008+05:30","@version":"1","message":"Closing reporter org.apache.kafka.common.telemetry.internals.ClientTelemetryReporter","logger_name":"org.apache.kafka.common.metrics.Metrics","thread_name":"main","level":"INFO","level_value":20000}
{"@timestamp":"2025-08-09T15:04:58.8649008+05:30","@version":"1","message":"Metrics reporters closed","logger_name":"org.apache.kafka.common.metrics.Metrics","thread_name":"main","level":"INFO","level_value":20000}
{"@timestamp":"2025-08-09T15:04:58.8659245+05:30","@version":"1","message":"App info kafka.producer for producer-8 unregistered","logger_name":"org.apache.kafka.common.utils.AppInfoParser","thread_name":"main","level":"INFO","level_value":20000}
{"@timestamp":"2025-08-09T15:04:59.8718476+05:30","@version":"1","message":"No LoadTimeWeaver setup: ignoring JPA class transformer","logger_name":"org.springframework.orm.jpa.persistenceunit.SpringPersistenceUnitInfo","thread_name":"main","level":"INFO","level_value":20000}
{"@timestamp":"2025-08-09T15:04:59.873429+05:30","@version":"1","message":"ProducerConfig values: \r\n\tacks = -1\r\n\tauto.include.jmx.reporter = true\r\n\tbatch.size = 16384\r\n\tbootstrap.servers = [spring.kafka.bootstrap-servers_IS_UNDEFINED]\r\n\tbuffer.memory = 33554432\r\n\tclient.dns.lookup = use_all_dns_ips\r\n\tclient.id = producer-9\r\n\tcompression.type = none\r\n\tconnections.max.idle.ms = 540000\r\n\tdelivery.timeout.ms = 120000\r\n\tenable.idempotence = true\r\n\tenable.metrics.push = true\r\n\tinterceptor.classes = []\r\n\tkey.serializer = class org.apache.kafka.common.serialization.ByteArraySerializer\r\n\tlinger.ms = 0\r\n\tmax.block.ms = 60000\r\n\tmax.in.flight.requests.per.connection = 5\r\n\tmax.request.size = 1048576\r\n\tmetadata.max.age.ms = 300000\r\n\tmetadata.max.idle.ms = 300000\r\n\tmetric.reporters = []\r\n\tmetrics.num.samples = 2\r\n\tmetrics.recording.level = INFO\r\n\tmetrics.sample.window.ms = 30000\r\n\tpartitioner.adaptive.partitioning.enable = true\r\n\tpartitioner.availability.timeout.ms = 0\r\n\tpartitioner.class = null\r\n\tpartitioner.ignore.keys = false\r\n\treceive.buffer.bytes = 32768\r\n\treconnect.backoff.max.ms = 1000\r\n\treconnect.backoff.ms = 50\r\n\trequest.timeout.ms = 30000\r\n\tretries = 2147483647\r\n\tretry.backoff.max.ms = 1000\r\n\tretry.backoff.ms = 100\r\n\tsasl.client.callback.handler.class = null\r\n\tsasl.jaas.config = null\r\n\tsasl.kerberos.kinit.cmd = /usr/bin/kinit\r\n\tsasl.kerberos.min.time.before.relogin = 60000\r\n\tsasl.kerberos.service.name = null\r\n\tsasl.kerberos.ticket.renew.jitter = 0.05\r\n\tsasl.kerberos.ticket.renew.window.factor = 0.8\r\n\tsasl.login.callback.handler.class = null\r\n\tsasl.login.class = null\r\n\tsasl.login.connect.timeout.ms = null\r\n\tsasl.login.read.timeout.ms = null\r\n\tsasl.login.refresh.buffer.seconds = 300\r\n\tsasl.login.refresh.min.period.seconds = 60\r\n\tsasl.login.refresh.window.factor = 0.8\r\n\tsasl.login.refresh.window.jitter = 0.05\r\n\tsasl.login.retry.backoff.max.ms = 10000\r\n\tsasl.login.retry.backoff.ms = 100\r\n\tsasl.mechanism = GSSAPI\r\n\tsasl.oauthbearer.clock.skew.seconds = 30\r\n\tsasl.oauthbearer.expected.audience = null\r\n\tsasl.oauthbearer.expected.issuer = null\r\n\tsasl.oauthbearer.jwks.endpoint.refresh.ms = 3600000\r\n\tsasl.oauthbearer.jwks.endpoint.retry.backoff.max.ms = 10000\r\n\tsasl.oauthbearer.jwks.endpoint.retry.backoff.ms = 100\r\n\tsasl.oauthbearer.jwks.endpoint.url = null\r\n\tsasl.oauthbearer.scope.claim.name = scope\r\n\tsasl.oauthbearer.sub.claim.name = sub\r\n\tsasl.oauthbearer.token.endpoint.url = null\r\n\tsecurity.protocol = PLAINTEXT\r\n\tsecurity.providers = null\r\n\tsend.buffer.bytes = 131072\r\n\tsocket.connection.setup.timeout.max.ms = 30000\r\n\tsocket.connection.setup.timeout.ms = 10000\r\n\tssl.cipher.suites = null\r\n\tssl.enabled.protocols = [TLSv1.2, TLSv1.3]\r\n\tssl.endpoint.identification.algorithm = https\r\n\tssl.engine.factory.class = null\r\n\tssl.key.password = null\r\n\tssl.keymanager.algorithm = SunX509\r\n\tssl.keystore.certificate.chain = null\r\n\tssl.keystore.key = null\r\n\tssl.keystore.location = null\r\n\tssl.keystore.password = null\r\n\tssl.keystore.type = JKS\r\n\tssl.protocol = TLSv1.3\r\n\tssl.provider = null\r\n\tssl.secure.random.implementation = null\r\n\tssl.trustmanager.algorithm = PKIX\r\n\tssl.truststore.certificates = null\r\n\tssl.truststore.location = null\r\n\tssl.truststore.password = null\r\n\tssl.truststore.type = JKS\r\n\ttransaction.timeout.ms = 60000\r\n\ttransactional.id = null\r\n\tvalue.serializer = class org.apache.kafka.common.serialization.ByteArraySerializer\r\n","logger_name":"org.apache.kafka.clients.producer.ProducerConfig","thread_name":"main","level":"INFO","level_value":20000}
{"@timestamp":"2025-08-09T15:04:59.8745176+05:30","@version":"1","message":"initializing Kafka metrics collector","logger_name":"org.apache.kafka.common.telemetry.internals.KafkaMetricsCollector","thread_name":"main","level":"INFO","level_value":20000}
{"@timestamp":"2025-08-09T15:04:59.8755147+05:30","@version":"1","message":"[Producer clientId=producer-9] Instantiated an idempotent producer.","logger_name":"org.apache.kafka.clients.producer.KafkaProducer","thread_name":"main","level":"INFO","level_value":20000}
{"@timestamp":"2025-08-09T15:04:59.8775141+05:30","@version":"1","message":"[Producer clientId=producer-9] Closing the Kafka producer with timeoutMillis = 0 ms.","logger_name":"org.apache.kafka.clients.producer.KafkaProducer","thread_name":"main","level":"INFO","level_value":20000}
{"@timestamp":"2025-08-09T15:04:59.878531+05:30","@version":"1","message":"Metrics scheduler closed","logger_name":"org.apache.kafka.common.metrics.Metrics","thread_name":"main","level":"INFO","level_value":20000}
{"@timestamp":"2025-08-09T15:04:59.878531+05:30","@version":"1","message":"Closing reporter org.apache.kafka.common.metrics.JmxReporter","logger_name":"org.apache.kafka.common.metrics.Metrics","thread_name":"main","level":"INFO","level_value":20000}
{"@timestamp":"2025-08-09T15:04:59.878531+05:30","@version":"1","message":"Closing reporter org.apache.kafka.common.telemetry.internals.ClientTelemetryReporter","logger_name":"org.apache.kafka.common.metrics.Metrics","thread_name":"main","level":"INFO","level_value":20000}
{"@timestamp":"2025-08-09T15:04:59.878531+05:30","@version":"1","message":"Metrics reporters closed","logger_name":"org.apache.kafka.common.metrics.Metrics","thread_name":"main","level":"INFO","level_value":20000}
{"@timestamp":"2025-08-09T15:04:59.8795331+05:30","@version":"1","message":"App info kafka.producer for producer-9 unregistered","logger_name":"org.apache.kafka.common.utils.AppInfoParser","thread_name":"main","level":"INFO","level_value":20000}
{"@timestamp":"2025-08-09T15:04:59.9635755+05:30","@version":"1","message":"HikariPool-1 - Starting...","logger_name":"com.zaxxer.hikari.HikariDataSource","thread_name":"main","level":"INFO","level_value":20000}
{"@timestamp":"2025-08-09T15:04:59.9654643+05:30","@version":"1","message":"ProducerConfig values: \r\n\tacks = -1\r\n\tauto.include.jmx.reporter = true\r\n\tbatch.size = 16384\r\n\tbootstrap.servers = [spring.kafka.bootstrap-servers_IS_UNDEFINED]\r\n\tbuffer.memory = 33554432\r\n\tclient.dns.lookup = use_all_dns_ips\r\n\tclient.id = producer-10\r\n\tcompression.type = none\r\n\tconnections.max.idle.ms = 540000\r\n\tdelivery.timeout.ms = 120000\r\n\tenable.idempotence = true\r\n\tenable.metrics.push = true\r\n\tinterceptor.classes = []\r\n\tkey.serializer = class org.apache.kafka.common.serialization.ByteArraySerializer\r\n\tlinger.ms = 0\r\n\tmax.block.ms = 60000\r\n\tmax.in.flight.requests.per.connection = 5\r\n\tmax.request.size = 1048576\r\n\tmetadata.max.age.ms = 300000\r\n\tmetadata.max.idle.ms = 300000\r\n\tmetric.reporters = []\r\n\tmetrics.num.samples = 2\r\n\tmetrics.recording.level = INFO\r\n\tmetrics.sample.window.ms = 30000\r\n\tpartitioner.adaptive.partitioning.enable = true\r\n\tpartitioner.availability.timeout.ms = 0\r\n\tpartitioner.class = null\r\n\tpartitioner.ignore.keys = false\r\n\treceive.buffer.bytes = 32768\r\n\treconnect.backoff.max.ms = 1000\r\n\treconnect.backoff.ms = 50\r\n\trequest.timeout.ms = 30000\r\n\tretries = 2147483647\r\n\tretry.backoff.max.ms = 1000\r\n\tretry.backoff.ms = 100\r\n\tsasl.client.callback.handler.class = null\r\n\tsasl.jaas.config = null\r\n\tsasl.kerberos.kinit.cmd = /usr/bin/kinit\r\n\tsasl.kerberos.min.time.before.relogin = 60000\r\n\tsasl.kerberos.service.name = null\r\n\tsasl.kerberos.ticket.renew.jitter = 0.05\r\n\tsasl.kerberos.ticket.renew.window.factor = 0.8\r\n\tsasl.login.callback.handler.class = null\r\n\tsasl.login.class = null\r\n\tsasl.login.connect.timeout.ms = null\r\n\tsasl.login.read.timeout.ms = null\r\n\tsasl.login.refresh.buffer.seconds = 300\r\n\tsasl.login.refresh.min.period.seconds = 60\r\n\tsasl.login.refresh.window.factor = 0.8\r\n\tsasl.login.refresh.window.jitter = 0.05\r\n\tsasl.login.retry.backoff.max.ms = 10000\r\n\tsasl.login.retry.backoff.ms = 100\r\n\tsasl.mechanism = GSSAPI\r\n\tsasl.oauthbearer.clock.skew.seconds = 30\r\n\tsasl.oauthbearer.expected.audience = null\r\n\tsasl.oauthbearer.expected.issuer = null\r\n\tsasl.oauthbearer.jwks.endpoint.refresh.ms = 3600000\r\n\tsasl.oauthbearer.jwks.endpoint.retry.backoff.max.ms = 10000\r\n\tsasl.oauthbearer.jwks.endpoint.retry.backoff.ms = 100\r\n\tsasl.oauthbearer.jwks.endpoint.url = null\r\n\tsasl.oauthbearer.scope.claim.name = scope\r\n\tsasl.oauthbearer.sub.claim.name = sub\r\n\tsasl.oauthbearer.token.endpoint.url = null\r\n\tsecurity.protocol = PLAINTEXT\r\n\tsecurity.providers = null\r\n\tsend.buffer.bytes = 131072\r\n\tsocket.connection.setup.timeout.max.ms = 30000\r\n\tsocket.connection.setup.timeout.ms = 10000\r\n\tssl.cipher.suites = null\r\n\tssl.enabled.protocols = [TLSv1.2, TLSv1.3]\r\n\tssl.endpoint.identification.algorithm = https\r\n\tssl.engine.factory.class = null\r\n\tssl.key.password = null\r\n\tssl.keymanager.algorithm = SunX509\r\n\tssl.keystore.certificate.chain = null\r\n\tssl.keystore.key = null\r\n\tssl.keystore.location = null\r\n\tssl.keystore.password = null\r\n\tssl.keystore.type = JKS\r\n\tssl.protocol = TLSv1.3\r\n\tssl.provider = null\r\n\tssl.secure.random.implementation = null\r\n\tssl.trustmanager.algorithm = PKIX\r\n\tssl.truststore.certificates = null\r\n\tssl.truststore.location = null\r\n\tssl.truststore.password = null\r\n\tssl.truststore.type = JKS\r\n\ttransaction.timeout.ms = 60000\r\n\ttransactional.id = null\r\n\tvalue.serializer = class org.apache.kafka.common.serialization.ByteArraySerializer\r\n","logger_name":"org.apache.kafka.clients.producer.ProducerConfig","thread_name":"main","level":"INFO","level_value":20000}
{"@timestamp":"2025-08-09T15:04:59.9664686+05:30","@version":"1","message":"initializing Kafka metrics collector","logger_name":"org.apache.kafka.common.telemetry.internals.KafkaMetricsCollector","thread_name":"main","level":"INFO","level_value":20000}
{"@timestamp":"2025-08-09T15:04:59.968465+05:30","@version":"1","message":"[Producer clientId=producer-10] Instantiated an idempotent producer.","logger_name":"org.apache.kafka.clients.producer.KafkaProducer","thread_name":"main","level":"INFO","level_value":20000}
{"@timestamp":"2025-08-09T15:04:59.9694666+05:30","@version":"1","message":"[Producer clientId=producer-10] Closing the Kafka producer with timeoutMillis = 0 ms.","logger_name":"org.apache.kafka.clients.producer.KafkaProducer","thread_name":"main","level":"INFO","level_value":20000}
{"@timestamp":"2025-08-09T15:04:59.9704728+05:30","@version":"1","message":"Metrics scheduler closed","logger_name":"org.apache.kafka.common.metrics.Metrics","thread_name":"main","level":"INFO","level_value":20000}
{"@timestamp":"2025-08-09T15:04:59.9704728+05:30","@version":"1","message":"Closing reporter org.apache.kafka.common.metrics.JmxReporter","logger_name":"org.apache.kafka.common.metrics.Metrics","thread_name":"main","level":"INFO","level_value":20000}
{"@timestamp":"2025-08-09T15:04:59.9714732+05:30","@version":"1","message":"Closing reporter org.apache.kafka.common.telemetry.internals.ClientTelemetryReporter","logger_name":"org.apache.kafka.common.metrics.Metrics","thread_name":"main","level":"INFO","level_value":20000}
{"@timestamp":"2025-08-09T15:04:59.9714732+05:30","@version":"1","message":"Metrics reporters closed","logger_name":"org.apache.kafka.common.metrics.Metrics","thread_name":"main","level":"INFO","level_value":20000}
{"@timestamp":"2025-08-09T15:04:59.9714732+05:30","@version":"1","message":"App info kafka.producer for producer-10 unregistered","logger_name":"org.apache.kafka.common.utils.AppInfoParser","thread_name":"main","level":"INFO","level_value":20000}
{"@timestamp":"2025-08-09T15:05:00.8363042+05:30","@version":"1","message":"HikariPool-1 - Added connection com.mysql.cj.jdbc.ConnectionImpl@329efc61","logger_name":"com.zaxxer.hikari.pool.HikariPool","thread_name":"main","level":"INFO","level_value":20000}
{"@timestamp":"2025-08-09T15:05:00.8385479+05:30","@version":"1","message":"ProducerConfig values: \r\n\tacks = -1\r\n\tauto.include.jmx.reporter = true\r\n\tbatch.size = 16384\r\n\tbootstrap.servers = [spring.kafka.bootstrap-servers_IS_UNDEFINED]\r\n\tbuffer.memory = 33554432\r\n\tclient.dns.lookup = use_all_dns_ips\r\n\tclient.id = producer-11\r\n\tcompression.type = none\r\n\tconnections.max.idle.ms = 540000\r\n\tdelivery.timeout.ms = 120000\r\n\tenable.idempotence = true\r\n\tenable.metrics.push = true\r\n\tinterceptor.classes = []\r\n\tkey.serializer = class org.apache.kafka.common.serialization.ByteArraySerializer\r\n\tlinger.ms = 0\r\n\tmax.block.ms = 60000\r\n\tmax.in.flight.requests.per.connection = 5\r\n\tmax.request.size = 1048576\r\n\tmetadata.max.age.ms = 300000\r\n\tmetadata.max.idle.ms = 300000\r\n\tmetric.reporters = []\r\n\tmetrics.num.samples = 2\r\n\tmetrics.recording.level = INFO\r\n\tmetrics.sample.window.ms = 30000\r\n\tpartitioner.adaptive.partitioning.enable = true\r\n\tpartitioner.availability.timeout.ms = 0\r\n\tpartitioner.class = null\r\n\tpartitioner.ignore.keys = false\r\n\treceive.buffer.bytes = 32768\r\n\treconnect.backoff.max.ms = 1000\r\n\treconnect.backoff.ms = 50\r\n\trequest.timeout.ms = 30000\r\n\tretries = 2147483647\r\n\tretry.backoff.max.ms = 1000\r\n\tretry.backoff.ms = 100\r\n\tsasl.client.callback.handler.class = null\r\n\tsasl.jaas.config = null\r\n\tsasl.kerberos.kinit.cmd = /usr/bin/kinit\r\n\tsasl.kerberos.min.time.before.relogin = 60000\r\n\tsasl.kerberos.service.name = null\r\n\tsasl.kerberos.ticket.renew.jitter = 0.05\r\n\tsasl.kerberos.ticket.renew.window.factor = 0.8\r\n\tsasl.login.callback.handler.class = null\r\n\tsasl.login.class = null\r\n\tsasl.login.connect.timeout.ms = null\r\n\tsasl.login.read.timeout.ms = null\r\n\tsasl.login.refresh.buffer.seconds = 300\r\n\tsasl.login.refresh.min.period.seconds = 60\r\n\tsasl.login.refresh.window.factor = 0.8\r\n\tsasl.login.refresh.window.jitter = 0.05\r\n\tsasl.login.retry.backoff.max.ms = 10000\r\n\tsasl.login.retry.backoff.ms = 100\r\n\tsasl.mechanism = GSSAPI\r\n\tsasl.oauthbearer.clock.skew.seconds = 30\r\n\tsasl.oauthbearer.expected.audience = null\r\n\tsasl.oauthbearer.expected.issuer = null\r\n\tsasl.oauthbearer.jwks.endpoint.refresh.ms = 3600000\r\n\tsasl.oauthbearer.jwks.endpoint.retry.backoff.max.ms = 10000\r\n\tsasl.oauthbearer.jwks.endpoint.retry.backoff.ms = 100\r\n\tsasl.oauthbearer.jwks.endpoint.url = null\r\n\tsasl.oauthbearer.scope.claim.name = scope\r\n\tsasl.oauthbearer.sub.claim.name = sub\r\n\tsasl.oauthbearer.token.endpoint.url = null\r\n\tsecurity.protocol = PLAINTEXT\r\n\tsecurity.providers = null\r\n\tsend.buffer.bytes = 131072\r\n\tsocket.connection.setup.timeout.max.ms = 30000\r\n\tsocket.connection.setup.timeout.ms = 10000\r\n\tssl.cipher.suites = null\r\n\tssl.enabled.protocols = [TLSv1.2, TLSv1.3]\r\n\tssl.endpoint.identification.algorithm = https\r\n\tssl.engine.factory.class = null\r\n\tssl.key.password = null\r\n\tssl.keymanager.algorithm = SunX509\r\n\tssl.keystore.certificate.chain = null\r\n\tssl.keystore.key = null\r\n\tssl.keystore.location = null\r\n\tssl.keystore.password = null\r\n\tssl.keystore.type = JKS\r\n\tssl.protocol = TLSv1.3\r\n\tssl.provider = null\r\n\tssl.secure.random.implementation = null\r\n\tssl.trustmanager.algorithm = PKIX\r\n\tssl.truststore.certificates = null\r\n\tssl.truststore.location = null\r\n\tssl.truststore.password = null\r\n\tssl.truststore.type = JKS\r\n\ttransaction.timeout.ms = 60000\r\n\ttransactional.id = null\r\n\tvalue.serializer = class org.apache.kafka.common.serialization.ByteArraySerializer\r\n","logger_name":"org.apache.kafka.clients.producer.ProducerConfig","thread_name":"main","level":"INFO","level_value":20000}
{"@timestamp":"2025-08-09T15:05:00.8395418+05:30","@version":"1","message":"initializing Kafka metrics collector","logger_name":"org.apache.kafka.common.telemetry.internals.KafkaMetricsCollector","thread_name":"main","level":"INFO","level_value":20000}
{"@timestamp":"2025-08-09T15:05:00.8451036+05:30","@version":"1","message":"[Producer clientId=producer-11] Instantiated an idempotent producer.","logger_name":"org.apache.kafka.clients.producer.KafkaProducer","thread_name":"main","level":"INFO","level_value":20000}
{"@timestamp":"2025-08-09T15:05:00.8491233+05:30","@version":"1","message":"[Producer clientId=producer-11] Closing the Kafka producer with timeoutMillis = 0 ms.","logger_name":"org.apache.kafka.clients.producer.KafkaProducer","thread_name":"main","level":"INFO","level_value":20000}
{"@timestamp":"2025-08-09T15:05:00.8501236+05:30","@version":"1","message":"Metrics scheduler closed","logger_name":"org.apache.kafka.common.metrics.Metrics","thread_name":"main","level":"INFO","level_value":20000}
{"@timestamp":"2025-08-09T15:05:00.8511213+05:30","@version":"1","message":"Closing reporter org.apache.kafka.common.metrics.JmxReporter","logger_name":"org.apache.kafka.common.metrics.Metrics","thread_name":"main","level":"INFO","level_value":20000}
{"@timestamp":"2025-08-09T15:05:00.8511213+05:30","@version":"1","message":"Closing reporter org.apache.kafka.common.telemetry.internals.ClientTelemetryReporter","logger_name":"org.apache.kafka.common.metrics.Metrics","thread_name":"main","level":"INFO","level_value":20000}
{"@timestamp":"2025-08-09T15:05:00.8511213+05:30","@version":"1","message":"Metrics reporters closed","logger_name":"org.apache.kafka.common.metrics.Metrics","thread_name":"main","level":"INFO","level_value":20000}
{"@timestamp":"2025-08-09T15:05:00.8511213+05:30","@version":"1","message":"App info kafka.producer for producer-11 unregistered","logger_name":"org.apache.kafka.common.utils.AppInfoParser","thread_name":"main","level":"INFO","level_value":20000}
{"@timestamp":"2025-08-09T15:05:00.8576733+05:30","@version":"1","message":"HikariPool-1 - Start completed.","logger_name":"com.zaxxer.hikari.HikariDataSource","thread_name":"main","level":"INFO","level_value":20000}
{"@timestamp":"2025-08-09T15:05:00.858673+05:30","@version":"1","message":"ProducerConfig values: \r\n\tacks = -1\r\n\tauto.include.jmx.reporter = true\r\n\tbatch.size = 16384\r\n\tbootstrap.servers = [spring.kafka.bootstrap-servers_IS_UNDEFINED]\r\n\tbuffer.memory = 33554432\r\n\tclient.dns.lookup = use_all_dns_ips\r\n\tclient.id = producer-12\r\n\tcompression.type = none\r\n\tconnections.max.idle.ms = 540000\r\n\tdelivery.timeout.ms = 120000\r\n\tenable.idempotence = true\r\n\tenable.metrics.push = true\r\n\tinterceptor.classes = []\r\n\tkey.serializer = class org.apache.kafka.common.serialization.ByteArraySerializer\r\n\tlinger.ms = 0\r\n\tmax.block.ms = 60000\r\n\tmax.in.flight.requests.per.connection = 5\r\n\tmax.request.size = 1048576\r\n\tmetadata.max.age.ms = 300000\r\n\tmetadata.max.idle.ms = 300000\r\n\tmetric.reporters = []\r\n\tmetrics.num.samples = 2\r\n\tmetrics.recording.level = INFO\r\n\tmetrics.sample.window.ms = 30000\r\n\tpartitioner.adaptive.partitioning.enable = true\r\n\tpartitioner.availability.timeout.ms = 0\r\n\tpartitioner.class = null\r\n\tpartitioner.ignore.keys = false\r\n\treceive.buffer.bytes = 32768\r\n\treconnect.backoff.max.ms = 1000\r\n\treconnect.backoff.ms = 50\r\n\trequest.timeout.ms = 30000\r\n\tretries = 2147483647\r\n\tretry.backoff.max.ms = 1000\r\n\tretry.backoff.ms = 100\r\n\tsasl.client.callback.handler.class = null\r\n\tsasl.jaas.config = null\r\n\tsasl.kerberos.kinit.cmd = /usr/bin/kinit\r\n\tsasl.kerberos.min.time.before.relogin = 60000\r\n\tsasl.kerberos.service.name = null\r\n\tsasl.kerberos.ticket.renew.jitter = 0.05\r\n\tsasl.kerberos.ticket.renew.window.factor = 0.8\r\n\tsasl.login.callback.handler.class = null\r\n\tsasl.login.class = null\r\n\tsasl.login.connect.timeout.ms = null\r\n\tsasl.login.read.timeout.ms = null\r\n\tsasl.login.refresh.buffer.seconds = 300\r\n\tsasl.login.refresh.min.period.seconds = 60\r\n\tsasl.login.refresh.window.factor = 0.8\r\n\tsasl.login.refresh.window.jitter = 0.05\r\n\tsasl.login.retry.backoff.max.ms = 10000\r\n\tsasl.login.retry.backoff.ms = 100\r\n\tsasl.mechanism = GSSAPI\r\n\tsasl.oauthbearer.clock.skew.seconds = 30\r\n\tsasl.oauthbearer.expected.audience = null\r\n\tsasl.oauthbearer.expected.issuer = null\r\n\tsasl.oauthbearer.jwks.endpoint.refresh.ms = 3600000\r\n\tsasl.oauthbearer.jwks.endpoint.retry.backoff.max.ms = 10000\r\n\tsasl.oauthbearer.jwks.endpoint.retry.backoff.ms = 100\r\n\tsasl.oauthbearer.jwks.endpoint.url = null\r\n\tsasl.oauthbearer.scope.claim.name = scope\r\n\tsasl.oauthbearer.sub.claim.name = sub\r\n\tsasl.oauthbearer.token.endpoint.url = null\r\n\tsecurity.protocol = PLAINTEXT\r\n\tsecurity.providers = null\r\n\tsend.buffer.bytes = 131072\r\n\tsocket.connection.setup.timeout.max.ms = 30000\r\n\tsocket.connection.setup.timeout.ms = 10000\r\n\tssl.cipher.suites = null\r\n\tssl.enabled.protocols = [TLSv1.2, TLSv1.3]\r\n\tssl.endpoint.identification.algorithm = https\r\n\tssl.engine.factory.class = null\r\n\tssl.key.password = null\r\n\tssl.keymanager.algorithm = SunX509\r\n\tssl.keystore.certificate.chain = null\r\n\tssl.keystore.key = null\r\n\tssl.keystore.location = null\r\n\tssl.keystore.password = null\r\n\tssl.keystore.type = JKS\r\n\tssl.protocol = TLSv1.3\r\n\tssl.provider = null\r\n\tssl.secure.random.implementation = null\r\n\tssl.trustmanager.algorithm = PKIX\r\n\tssl.truststore.certificates = null\r\n\tssl.truststore.location = null\r\n\tssl.truststore.password = null\r\n\tssl.truststore.type = JKS\r\n\ttransaction.timeout.ms = 60000\r\n\ttransactional.id = null\r\n\tvalue.serializer = class org.apache.kafka.common.serialization.ByteArraySerializer\r\n","logger_name":"org.apache.kafka.clients.producer.ProducerConfig","thread_name":"main","level":"INFO","level_value":20000}
{"@timestamp":"2025-08-09T15:05:00.8596748+05:30","@version":"1","message":"initializing Kafka metrics collector","logger_name":"org.apache.kafka.common.telemetry.internals.KafkaMetricsCollector","thread_name":"main","level":"INFO","level_value":20000}
{"@timestamp":"2025-08-09T15:05:00.8606725+05:30","@version":"1","message":"[Producer clientId=producer-12] Instantiated an idempotent producer.","logger_name":"org.apache.kafka.clients.producer.KafkaProducer","thread_name":"main","level":"INFO","level_value":20000}
{"@timestamp":"2025-08-09T15:05:00.8642271+05:30","@version":"1","message":"[Producer clientId=producer-12] Closing the Kafka producer with timeoutMillis = 0 ms.","logger_name":"org.apache.kafka.clients.producer.KafkaProducer","thread_name":"main","level":"INFO","level_value":20000}
{"@timestamp":"2025-08-09T15:05:00.8652281+05:30","@version":"1","message":"Metrics scheduler closed","logger_name":"org.apache.kafka.common.metrics.Metrics","thread_name":"main","level":"INFO","level_value":20000}
{"@timestamp":"2025-08-09T15:05:00.8662372+05:30","@version":"1","message":"Closing reporter org.apache.kafka.common.metrics.JmxReporter","logger_name":"org.apache.kafka.common.metrics.Metrics","thread_name":"main","level":"INFO","level_value":20000}
{"@timestamp":"2025-08-09T15:05:00.8662372+05:30","@version":"1","message":"Closing reporter org.apache.kafka.common.telemetry.internals.ClientTelemetryReporter","logger_name":"org.apache.kafka.common.metrics.Metrics","thread_name":"main","level":"INFO","level_value":20000}
{"@timestamp":"2025-08-09T15:05:00.8662372+05:30","@version":"1","message":"Metrics reporters closed","logger_name":"org.apache.kafka.common.metrics.Metrics","thread_name":"main","level":"INFO","level_value":20000}
{"@timestamp":"2025-08-09T15:05:00.8672259+05:30","@version":"1","message":"App info kafka.producer for producer-12 unregistered","logger_name":"org.apache.kafka.common.utils.AppInfoParser","thread_name":"main","level":"INFO","level_value":20000}
{"@timestamp":"2025-08-09T15:05:01.1067071+05:30","@version":"1","message":"HHH90000025: MySQL8Dialect does not need to be specified explicitly using 'hibernate.dialect' (remove the property setting and it will be selected by default)","logger_name":"org.hibernate.orm.deprecation","thread_name":"main","level":"WARN","level_value":30000}
{"@timestamp":"2025-08-09T15:05:01.1097055+05:30","@version":"1","message":"ProducerConfig values: \r\n\tacks = -1\r\n\tauto.include.jmx.reporter = true\r\n\tbatch.size = 16384\r\n\tbootstrap.servers = [spring.kafka.bootstrap-servers_IS_UNDEFINED]\r\n\tbuffer.memory = 33554432\r\n\tclient.dns.lookup = use_all_dns_ips\r\n\tclient.id = producer-13\r\n\tcompression.type = none\r\n\tconnections.max.idle.ms = 540000\r\n\tdelivery.timeout.ms = 120000\r\n\tenable.idempotence = true\r\n\tenable.metrics.push = true\r\n\tinterceptor.classes = []\r\n\tkey.serializer = class org.apache.kafka.common.serialization.ByteArraySerializer\r\n\tlinger.ms = 0\r\n\tmax.block.ms = 60000\r\n\tmax.in.flight.requests.per.connection = 5\r\n\tmax.request.size = 1048576\r\n\tmetadata.max.age.ms = 300000\r\n\tmetadata.max.idle.ms = 300000\r\n\tmetric.reporters = []\r\n\tmetrics.num.samples = 2\r\n\tmetrics.recording.level = INFO\r\n\tmetrics.sample.window.ms = 30000\r\n\tpartitioner.adaptive.partitioning.enable = true\r\n\tpartitioner.availability.timeout.ms = 0\r\n\tpartitioner.class = null\r\n\tpartitioner.ignore.keys = false\r\n\treceive.buffer.bytes = 32768\r\n\treconnect.backoff.max.ms = 1000\r\n\treconnect.backoff.ms = 50\r\n\trequest.timeout.ms = 30000\r\n\tretries = 2147483647\r\n\tretry.backoff.max.ms = 1000\r\n\tretry.backoff.ms = 100\r\n\tsasl.client.callback.handler.class = null\r\n\tsasl.jaas.config = null\r\n\tsasl.kerberos.kinit.cmd = /usr/bin/kinit\r\n\tsasl.kerberos.min.time.before.relogin = 60000\r\n\tsasl.kerberos.service.name = null\r\n\tsasl.kerberos.ticket.renew.jitter = 0.05\r\n\tsasl.kerberos.ticket.renew.window.factor = 0.8\r\n\tsasl.login.callback.handler.class = null\r\n\tsasl.login.class = null\r\n\tsasl.login.connect.timeout.ms = null\r\n\tsasl.login.read.timeout.ms = null\r\n\tsasl.login.refresh.buffer.seconds = 300\r\n\tsasl.login.refresh.min.period.seconds = 60\r\n\tsasl.login.refresh.window.factor = 0.8\r\n\tsasl.login.refresh.window.jitter = 0.05\r\n\tsasl.login.retry.backoff.max.ms = 10000\r\n\tsasl.login.retry.backoff.ms = 100\r\n\tsasl.mechanism = GSSAPI\r\n\tsasl.oauthbearer.clock.skew.seconds = 30\r\n\tsasl.oauthbearer.expected.audience = null\r\n\tsasl.oauthbearer.expected.issuer = null\r\n\tsasl.oauthbearer.jwks.endpoint.refresh.ms = 3600000\r\n\tsasl.oauthbearer.jwks.endpoint.retry.backoff.max.ms = 10000\r\n\tsasl.oauthbearer.jwks.endpoint.retry.backoff.ms = 100\r\n\tsasl.oauthbearer.jwks.endpoint.url = null\r\n\tsasl.oauthbearer.scope.claim.name = scope\r\n\tsasl.oauthbearer.sub.claim.name = sub\r\n\tsasl.oauthbearer.token.endpoint.url = null\r\n\tsecurity.protocol = PLAINTEXT\r\n\tsecurity.providers = null\r\n\tsend.buffer.bytes = 131072\r\n\tsocket.connection.setup.timeout.max.ms = 30000\r\n\tsocket.connection.setup.timeout.ms = 10000\r\n\tssl.cipher.suites = null\r\n\tssl.enabled.protocols = [TLSv1.2, TLSv1.3]\r\n\tssl.endpoint.identification.algorithm = https\r\n\tssl.engine.factory.class = null\r\n\tssl.key.password = null\r\n\tssl.keymanager.algorithm = SunX509\r\n\tssl.keystore.certificate.chain = null\r\n\tssl.keystore.key = null\r\n\tssl.keystore.location = null\r\n\tssl.keystore.password = null\r\n\tssl.keystore.type = JKS\r\n\tssl.protocol = TLSv1.3\r\n\tssl.provider = null\r\n\tssl.secure.random.implementation = null\r\n\tssl.trustmanager.algorithm = PKIX\r\n\tssl.truststore.certificates = null\r\n\tssl.truststore.location = null\r\n\tssl.truststore.password = null\r\n\tssl.truststore.type = JKS\r\n\ttransaction.timeout.ms = 60000\r\n\ttransactional.id = null\r\n\tvalue.serializer = class org.apache.kafka.common.serialization.ByteArraySerializer\r\n","logger_name":"org.apache.kafka.clients.producer.ProducerConfig","thread_name":"main","level":"INFO","level_value":20000}
{"@timestamp":"2025-08-09T15:05:01.1117048+05:30","@version":"1","message":"initializing Kafka metrics collector","logger_name":"org.apache.kafka.common.telemetry.internals.KafkaMetricsCollector","thread_name":"main","level":"INFO","level_value":20000}
{"@timestamp":"2025-08-09T15:05:01.1142542+05:30","@version":"1","message":"[Producer clientId=producer-13] Instantiated an idempotent producer.","logger_name":"org.apache.kafka.clients.producer.KafkaProducer","thread_name":"main","level":"INFO","level_value":20000}
{"@timestamp":"2025-08-09T15:05:01.1172699+05:30","@version":"1","message":"[Producer clientId=producer-13] Closing the Kafka producer with timeoutMillis = 0 ms.","logger_name":"org.apache.kafka.clients.producer.KafkaProducer","thread_name":"main","level":"INFO","level_value":20000}
{"@timestamp":"2025-08-09T15:05:01.1192737+05:30","@version":"1","message":"Metrics scheduler closed","logger_name":"org.apache.kafka.common.metrics.Metrics","thread_name":"main","level":"INFO","level_value":20000}
{"@timestamp":"2025-08-09T15:05:01.1192737+05:30","@version":"1","message":"Closing reporter org.apache.kafka.common.metrics.JmxReporter","logger_name":"org.apache.kafka.common.metrics.Metrics","thread_name":"main","level":"INFO","level_value":20000}
{"@timestamp":"2025-08-09T15:05:01.1202726+05:30","@version":"1","message":"Closing reporter org.apache.kafka.common.telemetry.internals.ClientTelemetryReporter","logger_name":"org.apache.kafka.common.metrics.Metrics","thread_name":"main","level":"INFO","level_value":20000}
{"@timestamp":"2025-08-09T15:05:01.1202726+05:30","@version":"1","message":"Metrics reporters closed","logger_name":"org.apache.kafka.common.metrics.Metrics","thread_name":"main","level":"INFO","level_value":20000}
{"@timestamp":"2025-08-09T15:05:01.1202726+05:30","@version":"1","message":"App info kafka.producer for producer-13 unregistered","logger_name":"org.apache.kafka.common.utils.AppInfoParser","thread_name":"main","level":"INFO","level_value":20000}
{"@timestamp":"2025-08-09T15:05:01.1237824+05:30","@version":"1","message":"HHH90000026: MySQL8Dialect has been deprecated; use org.hibernate.dialect.MySQLDialect instead","logger_name":"org.hibernate.orm.deprecation","thread_name":"main","level":"WARN","level_value":30000}
{"@timestamp":"2025-08-09T15:05:01.1248004+05:30","@version":"1","message":"ProducerConfig values: \r\n\tacks = -1\r\n\tauto.include.jmx.reporter = true\r\n\tbatch.size = 16384\r\n\tbootstrap.servers = [spring.kafka.bootstrap-servers_IS_UNDEFINED]\r\n\tbuffer.memory = 33554432\r\n\tclient.dns.lookup = use_all_dns_ips\r\n\tclient.id = producer-14\r\n\tcompression.type = none\r\n\tconnections.max.idle.ms = 540000\r\n\tdelivery.timeout.ms = 120000\r\n\tenable.idempotence = true\r\n\tenable.metrics.push = true\r\n\tinterceptor.classes = []\r\n\tkey.serializer = class org.apache.kafka.common.serialization.ByteArraySerializer\r\n\tlinger.ms = 0\r\n\tmax.block.ms = 60000\r\n\tmax.in.flight.requests.per.connection = 5\r\n\tmax.request.size = 1048576\r\n\tmetadata.max.age.ms = 300000\r\n\tmetadata.max.idle.ms = 300000\r\n\tmetric.reporters = []\r\n\tmetrics.num.samples = 2\r\n\tmetrics.recording.level = INFO\r\n\tmetrics.sample.window.ms = 30000\r\n\tpartitioner.adaptive.partitioning.enable = true\r\n\tpartitioner.availability.timeout.ms = 0\r\n\tpartitioner.class = null\r\n\tpartitioner.ignore.keys = false\r\n\treceive.buffer.bytes = 32768\r\n\treconnect.backoff.max.ms = 1000\r\n\treconnect.backoff.ms = 50\r\n\trequest.timeout.ms = 30000\r\n\tretries = 2147483647\r\n\tretry.backoff.max.ms = 1000\r\n\tretry.backoff.ms = 100\r\n\tsasl.client.callback.handler.class = null\r\n\tsasl.jaas.config = null\r\n\tsasl.kerberos.kinit.cmd = /usr/bin/kinit\r\n\tsasl.kerberos.min.time.before.relogin = 60000\r\n\tsasl.kerberos.service.name = null\r\n\tsasl.kerberos.ticket.renew.jitter = 0.05\r\n\tsasl.kerberos.ticket.renew.window.factor = 0.8\r\n\tsasl.login.callback.handler.class = null\r\n\tsasl.login.class = null\r\n\tsasl.login.connect.timeout.ms = null\r\n\tsasl.login.read.timeout.ms = null\r\n\tsasl.login.refresh.buffer.seconds = 300\r\n\tsasl.login.refresh.min.period.seconds = 60\r\n\tsasl.login.refresh.window.factor = 0.8\r\n\tsasl.login.refresh.window.jitter = 0.05\r\n\tsasl.login.retry.backoff.max.ms = 10000\r\n\tsasl.login.retry.backoff.ms = 100\r\n\tsasl.mechanism = GSSAPI\r\n\tsasl.oauthbearer.clock.skew.seconds = 30\r\n\tsasl.oauthbearer.expected.audience = null\r\n\tsasl.oauthbearer.expected.issuer = null\r\n\tsasl.oauthbearer.jwks.endpoint.refresh.ms = 3600000\r\n\tsasl.oauthbearer.jwks.endpoint.retry.backoff.max.ms = 10000\r\n\tsasl.oauthbearer.jwks.endpoint.retry.backoff.ms = 100\r\n\tsasl.oauthbearer.jwks.endpoint.url = null\r\n\tsasl.oauthbearer.scope.claim.name = scope\r\n\tsasl.oauthbearer.sub.claim.name = sub\r\n\tsasl.oauthbearer.token.endpoint.url = null\r\n\tsecurity.protocol = PLAINTEXT\r\n\tsecurity.providers = null\r\n\tsend.buffer.bytes = 131072\r\n\tsocket.connection.setup.timeout.max.ms = 30000\r\n\tsocket.connection.setup.timeout.ms = 10000\r\n\tssl.cipher.suites = null\r\n\tssl.enabled.protocols = [TLSv1.2, TLSv1.3]\r\n\tssl.endpoint.identification.algorithm = https\r\n\tssl.engine.factory.class = null\r\n\tssl.key.password = null\r\n\tssl.keymanager.algorithm = SunX509\r\n\tssl.keystore.certificate.chain = null\r\n\tssl.keystore.key = null\r\n\tssl.keystore.location = null\r\n\tssl.keystore.password = null\r\n\tssl.keystore.type = JKS\r\n\tssl.protocol = TLSv1.3\r\n\tssl.provider = null\r\n\tssl.secure.random.implementation = null\r\n\tssl.trustmanager.algorithm = PKIX\r\n\tssl.truststore.certificates = null\r\n\tssl.truststore.location = null\r\n\tssl.truststore.password = null\r\n\tssl.truststore.type = JKS\r\n\ttransaction.timeout.ms = 60000\r\n\ttransactional.id = null\r\n\tvalue.serializer = class org.apache.kafka.common.serialization.ByteArraySerializer\r\n","logger_name":"org.apache.kafka.clients.producer.ProducerConfig","thread_name":"main","level":"INFO","level_value":20000}
{"@timestamp":"2025-08-09T15:05:01.1268199+05:30","@version":"1","message":"initializing Kafka metrics collector","logger_name":"org.apache.kafka.common.telemetry.internals.KafkaMetricsCollector","thread_name":"main","level":"INFO","level_value":20000}
{"@timestamp":"2025-08-09T15:05:01.1288639+05:30","@version":"1","message":"[Producer clientId=producer-14] Instantiated an idempotent producer.","logger_name":"org.apache.kafka.clients.producer.KafkaProducer","thread_name":"main","level":"INFO","level_value":20000}
{"@timestamp":"2025-08-09T15:05:01.1308608+05:30","@version":"1","message":"[Producer clientId=producer-14] Closing the Kafka producer with timeoutMillis = 0 ms.","logger_name":"org.apache.kafka.clients.producer.KafkaProducer","thread_name":"main","level":"INFO","level_value":20000}
{"@timestamp":"2025-08-09T15:05:01.1400274+05:30","@version":"1","message":"Metrics scheduler closed","logger_name":"org.apache.kafka.common.metrics.Metrics","thread_name":"main","level":"INFO","level_value":20000}
{"@timestamp":"2025-08-09T15:05:01.1400274+05:30","@version":"1","message":"Closing reporter org.apache.kafka.common.metrics.JmxReporter","logger_name":"org.apache.kafka.common.metrics.Metrics","thread_name":"main","level":"INFO","level_value":20000}
{"@timestamp":"2025-08-09T15:05:01.141054+05:30","@version":"1","message":"Closing reporter org.apache.kafka.common.telemetry.internals.ClientTelemetryReporter","logger_name":"org.apache.kafka.common.metrics.Metrics","thread_name":"main","level":"INFO","level_value":20000}
{"@timestamp":"2025-08-09T15:05:01.141054+05:30","@version":"1","message":"Metrics reporters closed","logger_name":"org.apache.kafka.common.metrics.Metrics","thread_name":"main","level":"INFO","level_value":20000}
{"@timestamp":"2025-08-09T15:05:01.141054+05:30","@version":"1","message":"App info kafka.producer for producer-14 unregistered","logger_name":"org.apache.kafka.common.utils.AppInfoParser","thread_name":"main","level":"INFO","level_value":20000}
{"@timestamp":"2025-08-09T15:05:04.7956963+05:30","@version":"1","message":"HHH000489: No JTA platform available (set 'hibernate.transaction.jta.platform' to enable JTA platform integration)","logger_name":"org.hibernate.engine.transaction.jta.platform.internal.JtaPlatformInitiator","thread_name":"main","level":"INFO","level_value":20000}
{"@timestamp":"2025-08-09T15:05:04.7976985+05:30","@version":"1","message":"ProducerConfig values: \r\n\tacks = -1\r\n\tauto.include.jmx.reporter = true\r\n\tbatch.size = 16384\r\n\tbootstrap.servers = [spring.kafka.bootstrap-servers_IS_UNDEFINED]\r\n\tbuffer.memory = 33554432\r\n\tclient.dns.lookup = use_all_dns_ips\r\n\tclient.id = producer-15\r\n\tcompression.type = none\r\n\tconnections.max.idle.ms = 540000\r\n\tdelivery.timeout.ms = 120000\r\n\tenable.idempotence = true\r\n\tenable.metrics.push = true\r\n\tinterceptor.classes = []\r\n\tkey.serializer = class org.apache.kafka.common.serialization.ByteArraySerializer\r\n\tlinger.ms = 0\r\n\tmax.block.ms = 60000\r\n\tmax.in.flight.requests.per.connection = 5\r\n\tmax.request.size = 1048576\r\n\tmetadata.max.age.ms = 300000\r\n\tmetadata.max.idle.ms = 300000\r\n\tmetric.reporters = []\r\n\tmetrics.num.samples = 2\r\n\tmetrics.recording.level = INFO\r\n\tmetrics.sample.window.ms = 30000\r\n\tpartitioner.adaptive.partitioning.enable = true\r\n\tpartitioner.availability.timeout.ms = 0\r\n\tpartitioner.class = null\r\n\tpartitioner.ignore.keys = false\r\n\treceive.buffer.bytes = 32768\r\n\treconnect.backoff.max.ms = 1000\r\n\treconnect.backoff.ms = 50\r\n\trequest.timeout.ms = 30000\r\n\tretries = 2147483647\r\n\tretry.backoff.max.ms = 1000\r\n\tretry.backoff.ms = 100\r\n\tsasl.client.callback.handler.class = null\r\n\tsasl.jaas.config = null\r\n\tsasl.kerberos.kinit.cmd = /usr/bin/kinit\r\n\tsasl.kerberos.min.time.before.relogin = 60000\r\n\tsasl.kerberos.service.name = null\r\n\tsasl.kerberos.ticket.renew.jitter = 0.05\r\n\tsasl.kerberos.ticket.renew.window.factor = 0.8\r\n\tsasl.login.callback.handler.class = null\r\n\tsasl.login.class = null\r\n\tsasl.login.connect.timeout.ms = null\r\n\tsasl.login.read.timeout.ms = null\r\n\tsasl.login.refresh.buffer.seconds = 300\r\n\tsasl.login.refresh.min.period.seconds = 60\r\n\tsasl.login.refresh.window.factor = 0.8\r\n\tsasl.login.refresh.window.jitter = 0.05\r\n\tsasl.login.retry.backoff.max.ms = 10000\r\n\tsasl.login.retry.backoff.ms = 100\r\n\tsasl.mechanism = GSSAPI\r\n\tsasl.oauthbearer.clock.skew.seconds = 30\r\n\tsasl.oauthbearer.expected.audience = null\r\n\tsasl.oauthbearer.expected.issuer = null\r\n\tsasl.oauthbearer.jwks.endpoint.refresh.ms = 3600000\r\n\tsasl.oauthbearer.jwks.endpoint.retry.backoff.max.ms = 10000\r\n\tsasl.oauthbearer.jwks.endpoint.retry.backoff.ms = 100\r\n\tsasl.oauthbearer.jwks.endpoint.url = null\r\n\tsasl.oauthbearer.scope.claim.name = scope\r\n\tsasl.oauthbearer.sub.claim.name = sub\r\n\tsasl.oauthbearer.token.endpoint.url = null\r\n\tsecurity.protocol = PLAINTEXT\r\n\tsecurity.providers = null\r\n\tsend.buffer.bytes = 131072\r\n\tsocket.connection.setup.timeout.max.ms = 30000\r\n\tsocket.connection.setup.timeout.ms = 10000\r\n\tssl.cipher.suites = null\r\n\tssl.enabled.protocols = [TLSv1.2, TLSv1.3]\r\n\tssl.endpoint.identification.algorithm = https\r\n\tssl.engine.factory.class = null\r\n\tssl.key.password = null\r\n\tssl.keymanager.algorithm = SunX509\r\n\tssl.keystore.certificate.chain = null\r\n\tssl.keystore.key = null\r\n\tssl.keystore.location = null\r\n\tssl.keystore.password = null\r\n\tssl.keystore.type = JKS\r\n\tssl.protocol = TLSv1.3\r\n\tssl.provider = null\r\n\tssl.secure.random.implementation = null\r\n\tssl.trustmanager.algorithm = PKIX\r\n\tssl.truststore.certificates = null\r\n\tssl.truststore.location = null\r\n\tssl.truststore.password = null\r\n\tssl.truststore.type = JKS\r\n\ttransaction.timeout.ms = 60000\r\n\ttransactional.id = null\r\n\tvalue.serializer = class org.apache.kafka.common.serialization.ByteArraySerializer\r\n","logger_name":"org.apache.kafka.clients.producer.ProducerConfig","thread_name":"main","level":"INFO","level_value":20000}
{"@timestamp":"2025-08-09T15:05:04.7987677+05:30","@version":"1","message":"initializing Kafka metrics collector","logger_name":"org.apache.kafka.common.telemetry.internals.KafkaMetricsCollector","thread_name":"main","level":"INFO","level_value":20000}
{"@timestamp":"2025-08-09T15:05:04.7997649+05:30","@version":"1","message":"[Producer clientId=producer-15] Instantiated an idempotent producer.","logger_name":"org.apache.kafka.clients.producer.KafkaProducer","thread_name":"main","level":"INFO","level_value":20000}
{"@timestamp":"2025-08-09T15:05:04.8007666+05:30","@version":"1","message":"[Producer clientId=producer-15] Closing the Kafka producer with timeoutMillis = 0 ms.","logger_name":"org.apache.kafka.clients.producer.KafkaProducer","thread_name":"main","level":"INFO","level_value":20000}
{"@timestamp":"2025-08-09T15:05:04.801695+05:30","@version":"1","message":"Metrics scheduler closed","logger_name":"org.apache.kafka.common.metrics.Metrics","thread_name":"main","level":"INFO","level_value":20000}
{"@timestamp":"2025-08-09T15:05:04.801695+05:30","@version":"1","message":"Closing reporter org.apache.kafka.common.metrics.JmxReporter","logger_name":"org.apache.kafka.common.metrics.Metrics","thread_name":"main","level":"INFO","level_value":20000}
{"@timestamp":"2025-08-09T15:05:04.801695+05:30","@version":"1","message":"Closing reporter org.apache.kafka.common.telemetry.internals.ClientTelemetryReporter","logger_name":"org.apache.kafka.common.metrics.Metrics","thread_name":"main","level":"INFO","level_value":20000}
{"@timestamp":"2025-08-09T15:05:04.801695+05:30","@version":"1","message":"Metrics reporters closed","logger_name":"org.apache.kafka.common.metrics.Metrics","thread_name":"main","level":"INFO","level_value":20000}
{"@timestamp":"2025-08-09T15:05:04.801695+05:30","@version":"1","message":"App info kafka.producer for producer-15 unregistered","logger_name":"org.apache.kafka.common.utils.AppInfoParser","thread_name":"main","level":"INFO","level_value":20000}
{"@timestamp":"2025-08-09T15:05:05.4710011+05:30","@version":"1","message":"Initialized JPA EntityManagerFactory for persistence unit 'default'","logger_name":"org.springframework.orm.jpa.LocalContainerEntityManagerFactoryBean","thread_name":"main","level":"INFO","level_value":20000}
{"@timestamp":"2025-08-09T15:05:05.4719965+05:30","@version":"1","message":"ProducerConfig values: \r\n\tacks = -1\r\n\tauto.include.jmx.reporter = true\r\n\tbatch.size = 16384\r\n\tbootstrap.servers = [spring.kafka.bootstrap-servers_IS_UNDEFINED]\r\n\tbuffer.memory = 33554432\r\n\tclient.dns.lookup = use_all_dns_ips\r\n\tclient.id = producer-16\r\n\tcompression.type = none\r\n\tconnections.max.idle.ms = 540000\r\n\tdelivery.timeout.ms = 120000\r\n\tenable.idempotence = true\r\n\tenable.metrics.push = true\r\n\tinterceptor.classes = []\r\n\tkey.serializer = class org.apache.kafka.common.serialization.ByteArraySerializer\r\n\tlinger.ms = 0\r\n\tmax.block.ms = 60000\r\n\tmax.in.flight.requests.per.connection = 5\r\n\tmax.request.size = 1048576\r\n\tmetadata.max.age.ms = 300000\r\n\tmetadata.max.idle.ms = 300000\r\n\tmetric.reporters = []\r\n\tmetrics.num.samples = 2\r\n\tmetrics.recording.level = INFO\r\n\tmetrics.sample.window.ms = 30000\r\n\tpartitioner.adaptive.partitioning.enable = true\r\n\tpartitioner.availability.timeout.ms = 0\r\n\tpartitioner.class = null\r\n\tpartitioner.ignore.keys = false\r\n\treceive.buffer.bytes = 32768\r\n\treconnect.backoff.max.ms = 1000\r\n\treconnect.backoff.ms = 50\r\n\trequest.timeout.ms = 30000\r\n\tretries = 2147483647\r\n\tretry.backoff.max.ms = 1000\r\n\tretry.backoff.ms = 100\r\n\tsasl.client.callback.handler.class = null\r\n\tsasl.jaas.config = null\r\n\tsasl.kerberos.kinit.cmd = /usr/bin/kinit\r\n\tsasl.kerberos.min.time.before.relogin = 60000\r\n\tsasl.kerberos.service.name = null\r\n\tsasl.kerberos.ticket.renew.jitter = 0.05\r\n\tsasl.kerberos.ticket.renew.window.factor = 0.8\r\n\tsasl.login.callback.handler.class = null\r\n\tsasl.login.class = null\r\n\tsasl.login.connect.timeout.ms = null\r\n\tsasl.login.read.timeout.ms = null\r\n\tsasl.login.refresh.buffer.seconds = 300\r\n\tsasl.login.refresh.min.period.seconds = 60\r\n\tsasl.login.refresh.window.factor = 0.8\r\n\tsasl.login.refresh.window.jitter = 0.05\r\n\tsasl.login.retry.backoff.max.ms = 10000\r\n\tsasl.login.retry.backoff.ms = 100\r\n\tsasl.mechanism = GSSAPI\r\n\tsasl.oauthbearer.clock.skew.seconds = 30\r\n\tsasl.oauthbearer.expected.audience = null\r\n\tsasl.oauthbearer.expected.issuer = null\r\n\tsasl.oauthbearer.jwks.endpoint.refresh.ms = 3600000\r\n\tsasl.oauthbearer.jwks.endpoint.retry.backoff.max.ms = 10000\r\n\tsasl.oauthbearer.jwks.endpoint.retry.backoff.ms = 100\r\n\tsasl.oauthbearer.jwks.endpoint.url = null\r\n\tsasl.oauthbearer.scope.claim.name = scope\r\n\tsasl.oauthbearer.sub.claim.name = sub\r\n\tsasl.oauthbearer.token.endpoint.url = null\r\n\tsecurity.protocol = PLAINTEXT\r\n\tsecurity.providers = null\r\n\tsend.buffer.bytes = 131072\r\n\tsocket.connection.setup.timeout.max.ms = 30000\r\n\tsocket.connection.setup.timeout.ms = 10000\r\n\tssl.cipher.suites = null\r\n\tssl.enabled.protocols = [TLSv1.2, TLSv1.3]\r\n\tssl.endpoint.identification.algorithm = https\r\n\tssl.engine.factory.class = null\r\n\tssl.key.password = null\r\n\tssl.keymanager.algorithm = SunX509\r\n\tssl.keystore.certificate.chain = null\r\n\tssl.keystore.key = null\r\n\tssl.keystore.location = null\r\n\tssl.keystore.password = null\r\n\tssl.keystore.type = JKS\r\n\tssl.protocol = TLSv1.3\r\n\tssl.provider = null\r\n\tssl.secure.random.implementation = null\r\n\tssl.trustmanager.algorithm = PKIX\r\n\tssl.truststore.certificates = null\r\n\tssl.truststore.location = null\r\n\tssl.truststore.password = null\r\n\tssl.truststore.type = JKS\r\n\ttransaction.timeout.ms = 60000\r\n\ttransactional.id = null\r\n\tvalue.serializer = class org.apache.kafka.common.serialization.ByteArraySerializer\r\n","logger_name":"org.apache.kafka.clients.producer.ProducerConfig","thread_name":"main","level":"INFO","level_value":20000}
{"@timestamp":"2025-08-09T15:05:05.4735864+05:30","@version":"1","message":"initializing Kafka metrics collector","logger_name":"org.apache.kafka.common.telemetry.internals.KafkaMetricsCollector","thread_name":"main","level":"INFO","level_value":20000}
{"@timestamp":"2025-08-09T15:05:05.4745497+05:30","@version":"1","message":"[Producer clientId=producer-16] Instantiated an idempotent producer.","logger_name":"org.apache.kafka.clients.producer.KafkaProducer","thread_name":"main","level":"INFO","level_value":20000}
{"@timestamp":"2025-08-09T15:05:05.4765414+05:30","@version":"1","message":"[Producer clientId=producer-16] Closing the Kafka producer with timeoutMillis = 0 ms.","logger_name":"org.apache.kafka.clients.producer.KafkaProducer","thread_name":"main","level":"INFO","level_value":20000}
{"@timestamp":"2025-08-09T15:05:05.4765414+05:30","@version":"1","message":"Metrics scheduler closed","logger_name":"org.apache.kafka.common.metrics.Metrics","thread_name":"main","level":"INFO","level_value":20000}
{"@timestamp":"2025-08-09T15:05:05.4775471+05:30","@version":"1","message":"Closing reporter org.apache.kafka.common.metrics.JmxReporter","logger_name":"org.apache.kafka.common.metrics.Metrics","thread_name":"main","level":"INFO","level_value":20000}
{"@timestamp":"2025-08-09T15:05:05.4775471+05:30","@version":"1","message":"Closing reporter org.apache.kafka.common.telemetry.internals.ClientTelemetryReporter","logger_name":"org.apache.kafka.common.metrics.Metrics","thread_name":"main","level":"INFO","level_value":20000}
{"@timestamp":"2025-08-09T15:05:05.4775471+05:30","@version":"1","message":"Metrics reporters closed","logger_name":"org.apache.kafka.common.metrics.Metrics","thread_name":"main","level":"INFO","level_value":20000}
{"@timestamp":"2025-08-09T15:05:05.4775471+05:30","@version":"1","message":"App info kafka.producer for producer-16 unregistered","logger_name":"org.apache.kafka.common.utils.AppInfoParser","thread_name":"main","level":"INFO","level_value":20000}
{"@timestamp":"2025-08-09T15:05:06.9286355+05:30","@version":"1","message":"Hibernate is in classpath; If applicable, HQL parser will be used.","logger_name":"org.springframework.data.jpa.repository.query.QueryEnhancerFactory","thread_name":"main","level":"INFO","level_value":20000}
{"@timestamp":"2025-08-09T15:05:06.9306343+05:30","@version":"1","message":"ProducerConfig values: \r\n\tacks = -1\r\n\tauto.include.jmx.reporter = true\r\n\tbatch.size = 16384\r\n\tbootstrap.servers = [spring.kafka.bootstrap-servers_IS_UNDEFINED]\r\n\tbuffer.memory = 33554432\r\n\tclient.dns.lookup = use_all_dns_ips\r\n\tclient.id = producer-17\r\n\tcompression.type = none\r\n\tconnections.max.idle.ms = 540000\r\n\tdelivery.timeout.ms = 120000\r\n\tenable.idempotence = true\r\n\tenable.metrics.push = true\r\n\tinterceptor.classes = []\r\n\tkey.serializer = class org.apache.kafka.common.serialization.ByteArraySerializer\r\n\tlinger.ms = 0\r\n\tmax.block.ms = 60000\r\n\tmax.in.flight.requests.per.connection = 5\r\n\tmax.request.size = 1048576\r\n\tmetadata.max.age.ms = 300000\r\n\tmetadata.max.idle.ms = 300000\r\n\tmetric.reporters = []\r\n\tmetrics.num.samples = 2\r\n\tmetrics.recording.level = INFO\r\n\tmetrics.sample.window.ms = 30000\r\n\tpartitioner.adaptive.partitioning.enable = true\r\n\tpartitioner.availability.timeout.ms = 0\r\n\tpartitioner.class = null\r\n\tpartitioner.ignore.keys = false\r\n\treceive.buffer.bytes = 32768\r\n\treconnect.backoff.max.ms = 1000\r\n\treconnect.backoff.ms = 50\r\n\trequest.timeout.ms = 30000\r\n\tretries = 2147483647\r\n\tretry.backoff.max.ms = 1000\r\n\tretry.backoff.ms = 100\r\n\tsasl.client.callback.handler.class = null\r\n\tsasl.jaas.config = null\r\n\tsasl.kerberos.kinit.cmd = /usr/bin/kinit\r\n\tsasl.kerberos.min.time.before.relogin = 60000\r\n\tsasl.kerberos.service.name = null\r\n\tsasl.kerberos.ticket.renew.jitter = 0.05\r\n\tsasl.kerberos.ticket.renew.window.factor = 0.8\r\n\tsasl.login.callback.handler.class = null\r\n\tsasl.login.class = null\r\n\tsasl.login.connect.timeout.ms = null\r\n\tsasl.login.read.timeout.ms = null\r\n\tsasl.login.refresh.buffer.seconds = 300\r\n\tsasl.login.refresh.min.period.seconds = 60\r\n\tsasl.login.refresh.window.factor = 0.8\r\n\tsasl.login.refresh.window.jitter = 0.05\r\n\tsasl.login.retry.backoff.max.ms = 10000\r\n\tsasl.login.retry.backoff.ms = 100\r\n\tsasl.mechanism = GSSAPI\r\n\tsasl.oauthbearer.clock.skew.seconds = 30\r\n\tsasl.oauthbearer.expected.audience = null\r\n\tsasl.oauthbearer.expected.issuer = null\r\n\tsasl.oauthbearer.jwks.endpoint.refresh.ms = 3600000\r\n\tsasl.oauthbearer.jwks.endpoint.retry.backoff.max.ms = 10000\r\n\tsasl.oauthbearer.jwks.endpoint.retry.backoff.ms = 100\r\n\tsasl.oauthbearer.jwks.endpoint.url = null\r\n\tsasl.oauthbearer.scope.claim.name = scope\r\n\tsasl.oauthbearer.sub.claim.name = sub\r\n\tsasl.oauthbearer.token.endpoint.url = null\r\n\tsecurity.protocol = PLAINTEXT\r\n\tsecurity.providers = null\r\n\tsend.buffer.bytes = 131072\r\n\tsocket.connection.setup.timeout.max.ms = 30000\r\n\tsocket.connection.setup.timeout.ms = 10000\r\n\tssl.cipher.suites = null\r\n\tssl.enabled.protocols = [TLSv1.2, TLSv1.3]\r\n\tssl.endpoint.identification.algorithm = https\r\n\tssl.engine.factory.class = null\r\n\tssl.key.password = null\r\n\tssl.keymanager.algorithm = SunX509\r\n\tssl.keystore.certificate.chain = null\r\n\tssl.keystore.key = null\r\n\tssl.keystore.location = null\r\n\tssl.keystore.password = null\r\n\tssl.keystore.type = JKS\r\n\tssl.protocol = TLSv1.3\r\n\tssl.provider = null\r\n\tssl.secure.random.implementation = null\r\n\tssl.trustmanager.algorithm = PKIX\r\n\tssl.truststore.certificates = null\r\n\tssl.truststore.location = null\r\n\tssl.truststore.password = null\r\n\tssl.truststore.type = JKS\r\n\ttransaction.timeout.ms = 60000\r\n\ttransactional.id = null\r\n\tvalue.serializer = class org.apache.kafka.common.serialization.ByteArraySerializer\r\n","logger_name":"org.apache.kafka.clients.producer.ProducerConfig","thread_name":"main","level":"INFO","level_value":20000}
{"@timestamp":"2025-08-09T15:05:06.9316317+05:30","@version":"1","message":"initializing Kafka metrics collector","logger_name":"org.apache.kafka.common.telemetry.internals.KafkaMetricsCollector","thread_name":"main","level":"INFO","level_value":20000}
{"@timestamp":"2025-08-09T15:05:06.9341754+05:30","@version":"1","message":"[Producer clientId=producer-17] Instantiated an idempotent producer.","logger_name":"org.apache.kafka.clients.producer.KafkaProducer","thread_name":"main","level":"INFO","level_value":20000}
{"@timestamp":"2025-08-09T15:05:06.937209+05:30","@version":"1","message":"[Producer clientId=producer-17] Closing the Kafka producer with timeoutMillis = 0 ms.","logger_name":"org.apache.kafka.clients.producer.KafkaProducer","thread_name":"main","level":"INFO","level_value":20000}
{"@timestamp":"2025-08-09T15:05:06.9392054+05:30","@version":"1","message":"Metrics scheduler closed","logger_name":"org.apache.kafka.common.metrics.Metrics","thread_name":"main","level":"INFO","level_value":20000}
{"@timestamp":"2025-08-09T15:05:06.9392054+05:30","@version":"1","message":"Closing reporter org.apache.kafka.common.metrics.JmxReporter","logger_name":"org.apache.kafka.common.metrics.Metrics","thread_name":"main","level":"INFO","level_value":20000}
{"@timestamp":"2025-08-09T15:05:06.9402098+05:30","@version":"1","message":"Closing reporter org.apache.kafka.common.telemetry.internals.ClientTelemetryReporter","logger_name":"org.apache.kafka.common.metrics.Metrics","thread_name":"main","level":"INFO","level_value":20000}
{"@timestamp":"2025-08-09T15:05:06.9402098+05:30","@version":"1","message":"Metrics reporters closed","logger_name":"org.apache.kafka.common.metrics.Metrics","thread_name":"main","level":"INFO","level_value":20000}
{"@timestamp":"2025-08-09T15:05:06.9402098+05:30","@version":"1","message":"App info kafka.producer for producer-17 unregistered","logger_name":"org.apache.kafka.common.utils.AppInfoParser","thread_name":"main","level":"INFO","level_value":20000}
{"@timestamp":"2025-08-09T15:05:13.0934879+05:30","@version":"1","message":"Exposing 3 endpoints beneath base path '/actuator'","logger_name":"org.springframework.boot.actuate.endpoint.web.EndpointLinksResolver","thread_name":"main","level":"INFO","level_value":20000}
{"@timestamp":"2025-08-09T15:05:13.0965183+05:30","@version":"1","message":"ProducerConfig values: \r\n\tacks = -1\r\n\tauto.include.jmx.reporter = true\r\n\tbatch.size = 16384\r\n\tbootstrap.servers = [spring.kafka.bootstrap-servers_IS_UNDEFINED]\r\n\tbuffer.memory = 33554432\r\n\tclient.dns.lookup = use_all_dns_ips\r\n\tclient.id = producer-18\r\n\tcompression.type = none\r\n\tconnections.max.idle.ms = 540000\r\n\tdelivery.timeout.ms = 120000\r\n\tenable.idempotence = true\r\n\tenable.metrics.push = true\r\n\tinterceptor.classes = []\r\n\tkey.serializer = class org.apache.kafka.common.serialization.ByteArraySerializer\r\n\tlinger.ms = 0\r\n\tmax.block.ms = 60000\r\n\tmax.in.flight.requests.per.connection = 5\r\n\tmax.request.size = 1048576\r\n\tmetadata.max.age.ms = 300000\r\n\tmetadata.max.idle.ms = 300000\r\n\tmetric.reporters = []\r\n\tmetrics.num.samples = 2\r\n\tmetrics.recording.level = INFO\r\n\tmetrics.sample.window.ms = 30000\r\n\tpartitioner.adaptive.partitioning.enable = true\r\n\tpartitioner.availability.timeout.ms = 0\r\n\tpartitioner.class = null\r\n\tpartitioner.ignore.keys = false\r\n\treceive.buffer.bytes = 32768\r\n\treconnect.backoff.max.ms = 1000\r\n\treconnect.backoff.ms = 50\r\n\trequest.timeout.ms = 30000\r\n\tretries = 2147483647\r\n\tretry.backoff.max.ms = 1000\r\n\tretry.backoff.ms = 100\r\n\tsasl.client.callback.handler.class = null\r\n\tsasl.jaas.config = null\r\n\tsasl.kerberos.kinit.cmd = /usr/bin/kinit\r\n\tsasl.kerberos.min.time.before.relogin = 60000\r\n\tsasl.kerberos.service.name = null\r\n\tsasl.kerberos.ticket.renew.jitter = 0.05\r\n\tsasl.kerberos.ticket.renew.window.factor = 0.8\r\n\tsasl.login.callback.handler.class = null\r\n\tsasl.login.class = null\r\n\tsasl.login.connect.timeout.ms = null\r\n\tsasl.login.read.timeout.ms = null\r\n\tsasl.login.refresh.buffer.seconds = 300\r\n\tsasl.login.refresh.min.period.seconds = 60\r\n\tsasl.login.refresh.window.factor = 0.8\r\n\tsasl.login.refresh.window.jitter = 0.05\r\n\tsasl.login.retry.backoff.max.ms = 10000\r\n\tsasl.login.retry.backoff.ms = 100\r\n\tsasl.mechanism = GSSAPI\r\n\tsasl.oauthbearer.clock.skew.seconds = 30\r\n\tsasl.oauthbearer.expected.audience = null\r\n\tsasl.oauthbearer.expected.issuer = null\r\n\tsasl.oauthbearer.jwks.endpoint.refresh.ms = 3600000\r\n\tsasl.oauthbearer.jwks.endpoint.retry.backoff.max.ms = 10000\r\n\tsasl.oauthbearer.jwks.endpoint.retry.backoff.ms = 100\r\n\tsasl.oauthbearer.jwks.endpoint.url = null\r\n\tsasl.oauthbearer.scope.claim.name = scope\r\n\tsasl.oauthbearer.sub.claim.name = sub\r\n\tsasl.oauthbearer.token.endpoint.url = null\r\n\tsecurity.protocol = PLAINTEXT\r\n\tsecurity.providers = null\r\n\tsend.buffer.bytes = 131072\r\n\tsocket.connection.setup.timeout.max.ms = 30000\r\n\tsocket.connection.setup.timeout.ms = 10000\r\n\tssl.cipher.suites = null\r\n\tssl.enabled.protocols = [TLSv1.2, TLSv1.3]\r\n\tssl.endpoint.identification.algorithm = https\r\n\tssl.engine.factory.class = null\r\n\tssl.key.password = null\r\n\tssl.keymanager.algorithm = SunX509\r\n\tssl.keystore.certificate.chain = null\r\n\tssl.keystore.key = null\r\n\tssl.keystore.location = null\r\n\tssl.keystore.password = null\r\n\tssl.keystore.type = JKS\r\n\tssl.protocol = TLSv1.3\r\n\tssl.provider = null\r\n\tssl.secure.random.implementation = null\r\n\tssl.trustmanager.algorithm = PKIX\r\n\tssl.truststore.certificates = null\r\n\tssl.truststore.location = null\r\n\tssl.truststore.password = null\r\n\tssl.truststore.type = JKS\r\n\ttransaction.timeout.ms = 60000\r\n\ttransactional.id = null\r\n\tvalue.serializer = class org.apache.kafka.common.serialization.ByteArraySerializer\r\n","logger_name":"org.apache.kafka.clients.producer.ProducerConfig","thread_name":"main","level":"INFO","level_value":20000}
{"@timestamp":"2025-08-09T15:05:13.0977762+05:30","@version":"1","message":"initializing Kafka metrics collector","logger_name":"org.apache.kafka.common.telemetry.internals.KafkaMetricsCollector","thread_name":"main","level":"INFO","level_value":20000}
{"@timestamp":"2025-08-09T15:05:13.1008116+05:30","@version":"1","message":"[Producer clientId=producer-18] Instantiated an idempotent producer.","logger_name":"org.apache.kafka.clients.producer.KafkaProducer","thread_name":"main","level":"INFO","level_value":20000}
{"@timestamp":"2025-08-09T15:05:13.1043731+05:30","@version":"1","message":"[Producer clientId=producer-18] Closing the Kafka producer with timeoutMillis = 0 ms.","logger_name":"org.apache.kafka.clients.producer.KafkaProducer","thread_name":"main","level":"INFO","level_value":20000}
{"@timestamp":"2025-08-09T15:05:13.1063928+05:30","@version":"1","message":"Metrics scheduler closed","logger_name":"org.apache.kafka.common.metrics.Metrics","thread_name":"main","level":"INFO","level_value":20000}
{"@timestamp":"2025-08-09T15:05:13.1063928+05:30","@version":"1","message":"Closing reporter org.apache.kafka.common.metrics.JmxReporter","logger_name":"org.apache.kafka.common.metrics.Metrics","thread_name":"main","level":"INFO","level_value":20000}
{"@timestamp":"2025-08-09T15:05:13.1063928+05:30","@version":"1","message":"Closing reporter org.apache.kafka.common.telemetry.internals.ClientTelemetryReporter","logger_name":"org.apache.kafka.common.metrics.Metrics","thread_name":"main","level":"INFO","level_value":20000}
{"@timestamp":"2025-08-09T15:05:13.1063928+05:30","@version":"1","message":"Metrics reporters closed","logger_name":"org.apache.kafka.common.metrics.Metrics","thread_name":"main","level":"INFO","level_value":20000}
{"@timestamp":"2025-08-09T15:05:13.1073955+05:30","@version":"1","message":"App info kafka.producer for producer-18 unregistered","logger_name":"org.apache.kafka.common.utils.AppInfoParser","thread_name":"main","level":"INFO","level_value":20000}
{"@timestamp":"2025-08-09T15:05:13.5190113+05:30","@version":"1","message":"AdminClientConfig values: \r\n\tauto.include.jmx.reporter = true\r\n\tbootstrap.controllers = []\r\n\tbootstrap.servers = [localhost:9092]\r\n\tclient.dns.lookup = use_all_dns_ips\r\n\tclient.id = moviebooking-backend-admin-0\r\n\tconnections.max.idle.ms = 300000\r\n\tdefault.api.timeout.ms = 60000\r\n\tenable.metrics.push = true\r\n\tmetadata.max.age.ms = 300000\r\n\tmetric.reporters = []\r\n\tmetrics.num.samples = 2\r\n\tmetrics.recording.level = INFO\r\n\tmetrics.sample.window.ms = 30000\r\n\treceive.buffer.bytes = 65536\r\n\treconnect.backoff.max.ms = 1000\r\n\treconnect.backoff.ms = 50\r\n\trequest.timeout.ms = 30000\r\n\tretries = 2147483647\r\n\tretry.backoff.max.ms = 1000\r\n\tretry.backoff.ms = 100\r\n\tsasl.client.callback.handler.class = null\r\n\tsasl.jaas.config = null\r\n\tsasl.kerberos.kinit.cmd = /usr/bin/kinit\r\n\tsasl.kerberos.min.time.before.relogin = 60000\r\n\tsasl.kerberos.service.name = null\r\n\tsasl.kerberos.ticket.renew.jitter = 0.05\r\n\tsasl.kerberos.ticket.renew.window.factor = 0.8\r\n\tsasl.login.callback.handler.class = null\r\n\tsasl.login.class = null\r\n\tsasl.login.connect.timeout.ms = null\r\n\tsasl.login.read.timeout.ms = null\r\n\tsasl.login.refresh.buffer.seconds = 300\r\n\tsasl.login.refresh.min.period.seconds = 60\r\n\tsasl.login.refresh.window.factor = 0.8\r\n\tsasl.login.refresh.window.jitter = 0.05\r\n\tsasl.login.retry.backoff.max.ms = 10000\r\n\tsasl.login.retry.backoff.ms = 100\r\n\tsasl.mechanism = GSSAPI\r\n\tsasl.oauthbearer.clock.skew.seconds = 30\r\n\tsasl.oauthbearer.expected.audience = null\r\n\tsasl.oauthbearer.expected.issuer = null\r\n\tsasl.oauthbearer.jwks.endpoint.refresh.ms = 3600000\r\n\tsasl.oauthbearer.jwks.endpoint.retry.backoff.max.ms = 10000\r\n\tsasl.oauthbearer.jwks.endpoint.retry.backoff.ms = 100\r\n\tsasl.oauthbearer.jwks.endpoint.url = null\r\n\tsasl.oauthbearer.scope.claim.name = scope\r\n\tsasl.oauthbearer.sub.claim.name = sub\r\n\tsasl.oauthbearer.token.endpoint.url = null\r\n\tsecurity.protocol = PLAINTEXT\r\n\tsecurity.providers = null\r\n\tsend.buffer.bytes = 131072\r\n\tsocket.connection.setup.timeout.max.ms = 30000\r\n\tsocket.connection.setup.timeout.ms = 10000\r\n\tssl.cipher.suites = null\r\n\tssl.enabled.protocols = [TLSv1.2, TLSv1.3]\r\n\tssl.endpoint.identification.algorithm = https\r\n\tssl.engine.factory.class = null\r\n\tssl.key.password = null\r\n\tssl.keymanager.algorithm = SunX509\r\n\tssl.keystore.certificate.chain = null\r\n\tssl.keystore.key = null\r\n\tssl.keystore.location = null\r\n\tssl.keystore.password = null\r\n\tssl.keystore.type = JKS\r\n\tssl.protocol = TLSv1.3\r\n\tssl.provider = null\r\n\tssl.secure.random.implementation = null\r\n\tssl.trustmanager.algorithm = PKIX\r\n\tssl.truststore.certificates = null\r\n\tssl.truststore.location = null\r\n\tssl.truststore.password = null\r\n\tssl.truststore.type = JKS\r\n","logger_name":"org.apache.kafka.clients.admin.AdminClientConfig","thread_name":"main","level":"INFO","level_value":20000}
{"@timestamp":"2025-08-09T15:05:13.7588986+05:30","@version":"1","message":"Kafka version: 3.7.1","logger_name":"org.apache.kafka.common.utils.AppInfoParser","thread_name":"main","level":"INFO","level_value":20000}
{"@timestamp":"2025-08-09T15:05:13.7609016+05:30","@version":"1","message":"ProducerConfig values: \r\n\tacks = -1\r\n\tauto.include.jmx.reporter = true\r\n\tbatch.size = 16384\r\n\tbootstrap.servers = [spring.kafka.bootstrap-servers_IS_UNDEFINED]\r\n\tbuffer.memory = 33554432\r\n\tclient.dns.lookup = use_all_dns_ips\r\n\tclient.id = producer-19\r\n\tcompression.type = none\r\n\tconnections.max.idle.ms = 540000\r\n\tdelivery.timeout.ms = 120000\r\n\tenable.idempotence = true\r\n\tenable.metrics.push = true\r\n\tinterceptor.classes = []\r\n\tkey.serializer = class org.apache.kafka.common.serialization.ByteArraySerializer\r\n\tlinger.ms = 0\r\n\tmax.block.ms = 60000\r\n\tmax.in.flight.requests.per.connection = 5\r\n\tmax.request.size = 1048576\r\n\tmetadata.max.age.ms = 300000\r\n\tmetadata.max.idle.ms = 300000\r\n\tmetric.reporters = []\r\n\tmetrics.num.samples = 2\r\n\tmetrics.recording.level = INFO\r\n\tmetrics.sample.window.ms = 30000\r\n\tpartitioner.adaptive.partitioning.enable = true\r\n\tpartitioner.availability.timeout.ms = 0\r\n\tpartitioner.class = null\r\n\tpartitioner.ignore.keys = false\r\n\treceive.buffer.bytes = 32768\r\n\treconnect.backoff.max.ms = 1000\r\n\treconnect.backoff.ms = 50\r\n\trequest.timeout.ms = 30000\r\n\tretries = 2147483647\r\n\tretry.backoff.max.ms = 1000\r\n\tretry.backoff.ms = 100\r\n\tsasl.client.callback.handler.class = null\r\n\tsasl.jaas.config = null\r\n\tsasl.kerberos.kinit.cmd = /usr/bin/kinit\r\n\tsasl.kerberos.min.time.before.relogin = 60000\r\n\tsasl.kerberos.service.name = null\r\n\tsasl.kerberos.ticket.renew.jitter = 0.05\r\n\tsasl.kerberos.ticket.renew.window.factor = 0.8\r\n\tsasl.login.callback.handler.class = null\r\n\tsasl.login.class = null\r\n\tsasl.login.connect.timeout.ms = null\r\n\tsasl.login.read.timeout.ms = null\r\n\tsasl.login.refresh.buffer.seconds = 300\r\n\tsasl.login.refresh.min.period.seconds = 60\r\n\tsasl.login.refresh.window.factor = 0.8\r\n\tsasl.login.refresh.window.jitter = 0.05\r\n\tsasl.login.retry.backoff.max.ms = 10000\r\n\tsasl.login.retry.backoff.ms = 100\r\n\tsasl.mechanism = GSSAPI\r\n\tsasl.oauthbearer.clock.skew.seconds = 30\r\n\tsasl.oauthbearer.expected.audience = null\r\n\tsasl.oauthbearer.expected.issuer = null\r\n\tsasl.oauthbearer.jwks.endpoint.refresh.ms = 3600000\r\n\tsasl.oauthbearer.jwks.endpoint.retry.backoff.max.ms = 10000\r\n\tsasl.oauthbearer.jwks.endpoint.retry.backoff.ms = 100\r\n\tsasl.oauthbearer.jwks.endpoint.url = null\r\n\tsasl.oauthbearer.scope.claim.name = scope\r\n\tsasl.oauthbearer.sub.claim.name = sub\r\n\tsasl.oauthbearer.token.endpoint.url = null\r\n\tsecurity.protocol = PLAINTEXT\r\n\tsecurity.providers = null\r\n\tsend.buffer.bytes = 131072\r\n\tsocket.connection.setup.timeout.max.ms = 30000\r\n\tsocket.connection.setup.timeout.ms = 10000\r\n\tssl.cipher.suites = null\r\n\tssl.enabled.protocols = [TLSv1.2, TLSv1.3]\r\n\tssl.endpoint.identification.algorithm = https\r\n\tssl.engine.factory.class = null\r\n\tssl.key.password = null\r\n\tssl.keymanager.algorithm = SunX509\r\n\tssl.keystore.certificate.chain = null\r\n\tssl.keystore.key = null\r\n\tssl.keystore.location = null\r\n\tssl.keystore.password = null\r\n\tssl.keystore.type = JKS\r\n\tssl.protocol = TLSv1.3\r\n\tssl.provider = null\r\n\tssl.secure.random.implementation = null\r\n\tssl.trustmanager.algorithm = PKIX\r\n\tssl.truststore.certificates = null\r\n\tssl.truststore.location = null\r\n\tssl.truststore.password = null\r\n\tssl.truststore.type = JKS\r\n\ttransaction.timeout.ms = 60000\r\n\ttransactional.id = null\r\n\tvalue.serializer = class org.apache.kafka.common.serialization.ByteArraySerializer\r\n","logger_name":"org.apache.kafka.clients.producer.ProducerConfig","thread_name":"main","level":"INFO","level_value":20000}
{"@timestamp":"2025-08-09T15:05:13.7619019+05:30","@version":"1","message":"initializing Kafka metrics collector","logger_name":"org.apache.kafka.common.telemetry.internals.KafkaMetricsCollector","thread_name":"main","level":"INFO","level_value":20000}
{"@timestamp":"2025-08-09T15:05:13.7644407+05:30","@version":"1","message":"[Producer clientId=producer-19] Instantiated an idempotent producer.","logger_name":"org.apache.kafka.clients.producer.KafkaProducer","thread_name":"main","level":"INFO","level_value":20000}
{"@timestamp":"2025-08-09T15:05:13.7674598+05:30","@version":"1","message":"[Producer clientId=producer-19] Closing the Kafka producer with timeoutMillis = 0 ms.","logger_name":"org.apache.kafka.clients.producer.KafkaProducer","thread_name":"main","level":"INFO","level_value":20000}
{"@timestamp":"2025-08-09T15:05:13.7694643+05:30","@version":"1","message":"Metrics scheduler closed","logger_name":"org.apache.kafka.common.metrics.Metrics","thread_name":"main","level":"INFO","level_value":20000}
{"@timestamp":"2025-08-09T15:05:13.7694643+05:30","@version":"1","message":"Closing reporter org.apache.kafka.common.metrics.JmxReporter","logger_name":"org.apache.kafka.common.metrics.Metrics","thread_name":"main","level":"INFO","level_value":20000}
{"@timestamp":"2025-08-09T15:05:13.7707667+05:30","@version":"1","message":"Closing reporter org.apache.kafka.common.telemetry.internals.ClientTelemetryReporter","logger_name":"org.apache.kafka.common.metrics.Metrics","thread_name":"main","level":"INFO","level_value":20000}
{"@timestamp":"2025-08-09T15:05:13.7707667+05:30","@version":"1","message":"Metrics reporters closed","logger_name":"org.apache.kafka.common.metrics.Metrics","thread_name":"main","level":"INFO","level_value":20000}
{"@timestamp":"2025-08-09T15:05:13.7718669+05:30","@version":"1","message":"App info kafka.producer for producer-19 unregistered","logger_name":"org.apache.kafka.common.utils.AppInfoParser","thread_name":"main","level":"INFO","level_value":20000}
{"@timestamp":"2025-08-09T15:05:13.7739304+05:30","@version":"1","message":"ProducerConfig values: \r\n\tacks = -1\r\n\tauto.include.jmx.reporter = true\r\n\tbatch.size = 16384\r\n\tbootstrap.servers = [spring.kafka.bootstrap-servers_IS_UNDEFINED]\r\n\tbuffer.memory = 33554432\r\n\tclient.dns.lookup = use_all_dns_ips\r\n\tclient.id = producer-20\r\n\tcompression.type = none\r\n\tconnections.max.idle.ms = 540000\r\n\tdelivery.timeout.ms = 120000\r\n\tenable.idempotence = true\r\n\tenable.metrics.push = true\r\n\tinterceptor.classes = []\r\n\tkey.serializer = class org.apache.kafka.common.serialization.ByteArraySerializer\r\n\tlinger.ms = 0\r\n\tmax.block.ms = 60000\r\n\tmax.in.flight.requests.per.connection = 5\r\n\tmax.request.size = 1048576\r\n\tmetadata.max.age.ms = 300000\r\n\tmetadata.max.idle.ms = 300000\r\n\tmetric.reporters = []\r\n\tmetrics.num.samples = 2\r\n\tmetrics.recording.level = INFO\r\n\tmetrics.sample.window.ms = 30000\r\n\tpartitioner.adaptive.partitioning.enable = true\r\n\tpartitioner.availability.timeout.ms = 0\r\n\tpartitioner.class = null\r\n\tpartitioner.ignore.keys = false\r\n\treceive.buffer.bytes = 32768\r\n\treconnect.backoff.max.ms = 1000\r\n\treconnect.backoff.ms = 50\r\n\trequest.timeout.ms = 30000\r\n\tretries = 2147483647\r\n\tretry.backoff.max.ms = 1000\r\n\tretry.backoff.ms = 100\r\n\tsasl.client.callback.handler.class = null\r\n\tsasl.jaas.config = null\r\n\tsasl.kerberos.kinit.cmd = /usr/bin/kinit\r\n\tsasl.kerberos.min.time.before.relogin = 60000\r\n\tsasl.kerberos.service.name = null\r\n\tsasl.kerberos.ticket.renew.jitter = 0.05\r\n\tsasl.kerberos.ticket.renew.window.factor = 0.8\r\n\tsasl.login.callback.handler.class = null\r\n\tsasl.login.class = null\r\n\tsasl.login.connect.timeout.ms = null\r\n\tsasl.login.read.timeout.ms = null\r\n\tsasl.login.refresh.buffer.seconds = 300\r\n\tsasl.login.refresh.min.period.seconds = 60\r\n\tsasl.login.refresh.window.factor = 0.8\r\n\tsasl.login.refresh.window.jitter = 0.05\r\n\tsasl.login.retry.backoff.max.ms = 10000\r\n\tsasl.login.retry.backoff.ms = 100\r\n\tsasl.mechanism = GSSAPI\r\n\tsasl.oauthbearer.clock.skew.seconds = 30\r\n\tsasl.oauthbearer.expected.audience = null\r\n\tsasl.oauthbearer.expected.issuer = null\r\n\tsasl.oauthbearer.jwks.endpoint.refresh.ms = 3600000\r\n\tsasl.oauthbearer.jwks.endpoint.retry.backoff.max.ms = 10000\r\n\tsasl.oauthbearer.jwks.endpoint.retry.backoff.ms = 100\r\n\tsasl.oauthbearer.jwks.endpoint.url = null\r\n\tsasl.oauthbearer.scope.claim.name = scope\r\n\tsasl.oauthbearer.sub.claim.name = sub\r\n\tsasl.oauthbearer.token.endpoint.url = null\r\n\tsecurity.protocol = PLAINTEXT\r\n\tsecurity.providers = null\r\n\tsend.buffer.bytes = 131072\r\n\tsocket.connection.setup.timeout.max.ms = 30000\r\n\tsocket.connection.setup.timeout.ms = 10000\r\n\tssl.cipher.suites = null\r\n\tssl.enabled.protocols = [TLSv1.2, TLSv1.3]\r\n\tssl.endpoint.identification.algorithm = https\r\n\tssl.engine.factory.class = null\r\n\tssl.key.password = null\r\n\tssl.keymanager.algorithm = SunX509\r\n\tssl.keystore.certificate.chain = null\r\n\tssl.keystore.key = null\r\n\tssl.keystore.location = null\r\n\tssl.keystore.password = null\r\n\tssl.keystore.type = JKS\r\n\tssl.protocol = TLSv1.3\r\n\tssl.provider = null\r\n\tssl.secure.random.implementation = null\r\n\tssl.trustmanager.algorithm = PKIX\r\n\tssl.truststore.certificates = null\r\n\tssl.truststore.location = null\r\n\tssl.truststore.password = null\r\n\tssl.truststore.type = JKS\r\n\ttransaction.timeout.ms = 60000\r\n\ttransactional.id = null\r\n\tvalue.serializer = class org.apache.kafka.common.serialization.ByteArraySerializer\r\n","logger_name":"org.apache.kafka.clients.producer.ProducerConfig","thread_name":"main","level":"INFO","level_value":20000}
{"@timestamp":"2025-08-09T15:05:13.7749256+05:30","@version":"1","message":"initializing Kafka metrics collector","logger_name":"org.apache.kafka.common.telemetry.internals.KafkaMetricsCollector","thread_name":"main","level":"INFO","level_value":20000}
{"@timestamp":"2025-08-09T15:05:13.7769501+05:30","@version":"1","message":"[Producer clientId=producer-20] Instantiated an idempotent producer.","logger_name":"org.apache.kafka.clients.producer.KafkaProducer","thread_name":"main","level":"INFO","level_value":20000}
{"@timestamp":"2025-08-09T15:05:13.7799442+05:30","@version":"1","message":"[Producer clientId=producer-20] Closing the Kafka producer with timeoutMillis = 0 ms.","logger_name":"org.apache.kafka.clients.producer.KafkaProducer","thread_name":"main","level":"INFO","level_value":20000}
{"@timestamp":"2025-08-09T15:05:13.7819398+05:30","@version":"1","message":"Metrics scheduler closed","logger_name":"org.apache.kafka.common.metrics.Metrics","thread_name":"main","level":"INFO","level_value":20000}
{"@timestamp":"2025-08-09T15:05:13.7819398+05:30","@version":"1","message":"Closing reporter org.apache.kafka.common.metrics.JmxReporter","logger_name":"org.apache.kafka.common.metrics.Metrics","thread_name":"main","level":"INFO","level_value":20000}
{"@timestamp":"2025-08-09T15:05:13.7819398+05:30","@version":"1","message":"Closing reporter org.apache.kafka.common.telemetry.internals.ClientTelemetryReporter","logger_name":"org.apache.kafka.common.metrics.Metrics","thread_name":"main","level":"INFO","level_value":20000}
{"@timestamp":"2025-08-09T15:05:13.7829406+05:30","@version":"1","message":"Metrics reporters closed","logger_name":"org.apache.kafka.common.metrics.Metrics","thread_name":"main","level":"INFO","level_value":20000}
{"@timestamp":"2025-08-09T15:05:13.7829406+05:30","@version":"1","message":"App info kafka.producer for producer-20 unregistered","logger_name":"org.apache.kafka.common.utils.AppInfoParser","thread_name":"main","level":"INFO","level_value":20000}
{"@timestamp":"2025-08-09T15:05:13.7834605+05:30","@version":"1","message":"Kafka commitId: e2494e6ffb89f828","logger_name":"org.apache.kafka.common.utils.AppInfoParser","thread_name":"main","level":"INFO","level_value":20000}
{"@timestamp":"2025-08-09T15:05:13.7844887+05:30","@version":"1","message":"ProducerConfig values: \r\n\tacks = -1\r\n\tauto.include.jmx.reporter = true\r\n\tbatch.size = 16384\r\n\tbootstrap.servers = [spring.kafka.bootstrap-servers_IS_UNDEFINED]\r\n\tbuffer.memory = 33554432\r\n\tclient.dns.lookup = use_all_dns_ips\r\n\tclient.id = producer-21\r\n\tcompression.type = none\r\n\tconnections.max.idle.ms = 540000\r\n\tdelivery.timeout.ms = 120000\r\n\tenable.idempotence = true\r\n\tenable.metrics.push = true\r\n\tinterceptor.classes = []\r\n\tkey.serializer = class org.apache.kafka.common.serialization.ByteArraySerializer\r\n\tlinger.ms = 0\r\n\tmax.block.ms = 60000\r\n\tmax.in.flight.requests.per.connection = 5\r\n\tmax.request.size = 1048576\r\n\tmetadata.max.age.ms = 300000\r\n\tmetadata.max.idle.ms = 300000\r\n\tmetric.reporters = []\r\n\tmetrics.num.samples = 2\r\n\tmetrics.recording.level = INFO\r\n\tmetrics.sample.window.ms = 30000\r\n\tpartitioner.adaptive.partitioning.enable = true\r\n\tpartitioner.availability.timeout.ms = 0\r\n\tpartitioner.class = null\r\n\tpartitioner.ignore.keys = false\r\n\treceive.buffer.bytes = 32768\r\n\treconnect.backoff.max.ms = 1000\r\n\treconnect.backoff.ms = 50\r\n\trequest.timeout.ms = 30000\r\n\tretries = 2147483647\r\n\tretry.backoff.max.ms = 1000\r\n\tretry.backoff.ms = 100\r\n\tsasl.client.callback.handler.class = null\r\n\tsasl.jaas.config = null\r\n\tsasl.kerberos.kinit.cmd = /usr/bin/kinit\r\n\tsasl.kerberos.min.time.before.relogin = 60000\r\n\tsasl.kerberos.service.name = null\r\n\tsasl.kerberos.ticket.renew.jitter = 0.05\r\n\tsasl.kerberos.ticket.renew.window.factor = 0.8\r\n\tsasl.login.callback.handler.class = null\r\n\tsasl.login.class = null\r\n\tsasl.login.connect.timeout.ms = null\r\n\tsasl.login.read.timeout.ms = null\r\n\tsasl.login.refresh.buffer.seconds = 300\r\n\tsasl.login.refresh.min.period.seconds = 60\r\n\tsasl.login.refresh.window.factor = 0.8\r\n\tsasl.login.refresh.window.jitter = 0.05\r\n\tsasl.login.retry.backoff.max.ms = 10000\r\n\tsasl.login.retry.backoff.ms = 100\r\n\tsasl.mechanism = GSSAPI\r\n\tsasl.oauthbearer.clock.skew.seconds = 30\r\n\tsasl.oauthbearer.expected.audience = null\r\n\tsasl.oauthbearer.expected.issuer = null\r\n\tsasl.oauthbearer.jwks.endpoint.refresh.ms = 3600000\r\n\tsasl.oauthbearer.jwks.endpoint.retry.backoff.max.ms = 10000\r\n\tsasl.oauthbearer.jwks.endpoint.retry.backoff.ms = 100\r\n\tsasl.oauthbearer.jwks.endpoint.url = null\r\n\tsasl.oauthbearer.scope.claim.name = scope\r\n\tsasl.oauthbearer.sub.claim.name = sub\r\n\tsasl.oauthbearer.token.endpoint.url = null\r\n\tsecurity.protocol = PLAINTEXT\r\n\tsecurity.providers = null\r\n\tsend.buffer.bytes = 131072\r\n\tsocket.connection.setup.timeout.max.ms = 30000\r\n\tsocket.connection.setup.timeout.ms = 10000\r\n\tssl.cipher.suites = null\r\n\tssl.enabled.protocols = [TLSv1.2, TLSv1.3]\r\n\tssl.endpoint.identification.algorithm = https\r\n\tssl.engine.factory.class = null\r\n\tssl.key.password = null\r\n\tssl.keymanager.algorithm = SunX509\r\n\tssl.keystore.certificate.chain = null\r\n\tssl.keystore.key = null\r\n\tssl.keystore.location = null\r\n\tssl.keystore.password = null\r\n\tssl.keystore.type = JKS\r\n\tssl.protocol = TLSv1.3\r\n\tssl.provider = null\r\n\tssl.secure.random.implementation = null\r\n\tssl.trustmanager.algorithm = PKIX\r\n\tssl.truststore.certificates = null\r\n\tssl.truststore.location = null\r\n\tssl.truststore.password = null\r\n\tssl.truststore.type = JKS\r\n\ttransaction.timeout.ms = 60000\r\n\ttransactional.id = null\r\n\tvalue.serializer = class org.apache.kafka.common.serialization.ByteArraySerializer\r\n","logger_name":"org.apache.kafka.clients.producer.ProducerConfig","thread_name":"main","level":"INFO","level_value":20000}
{"@timestamp":"2025-08-09T15:05:13.7865116+05:30","@version":"1","message":"initializing Kafka metrics collector","logger_name":"org.apache.kafka.common.telemetry.internals.KafkaMetricsCollector","thread_name":"main","level":"INFO","level_value":20000}
{"@timestamp":"2025-08-09T15:05:13.7876335+05:30","@version":"1","message":"[Producer clientId=producer-21] Instantiated an idempotent producer.","logger_name":"org.apache.kafka.clients.producer.KafkaProducer","thread_name":"main","level":"INFO","level_value":20000}
{"@timestamp":"2025-08-09T15:05:13.7896642+05:30","@version":"1","message":"[Producer clientId=producer-21] Closing the Kafka producer with timeoutMillis = 0 ms.","logger_name":"org.apache.kafka.clients.producer.KafkaProducer","thread_name":"main","level":"INFO","level_value":20000}
{"@timestamp":"2025-08-09T15:05:13.7952292+05:30","@version":"1","message":"Metrics scheduler closed","logger_name":"org.apache.kafka.common.metrics.Metrics","thread_name":"main","level":"INFO","level_value":20000}
{"@timestamp":"2025-08-09T15:05:13.7964686+05:30","@version":"1","message":"Closing reporter org.apache.kafka.common.metrics.JmxReporter","logger_name":"org.apache.kafka.common.metrics.Metrics","thread_name":"main","level":"INFO","level_value":20000}
{"@timestamp":"2025-08-09T15:05:13.7964686+05:30","@version":"1","message":"Closing reporter org.apache.kafka.common.telemetry.internals.ClientTelemetryReporter","logger_name":"org.apache.kafka.common.metrics.Metrics","thread_name":"main","level":"INFO","level_value":20000}
{"@timestamp":"2025-08-09T15:05:13.7964686+05:30","@version":"1","message":"Metrics reporters closed","logger_name":"org.apache.kafka.common.metrics.Metrics","thread_name":"main","level":"INFO","level_value":20000}
{"@timestamp":"2025-08-09T15:05:13.7975021+05:30","@version":"1","message":"App info kafka.producer for producer-21 unregistered","logger_name":"org.apache.kafka.common.utils.AppInfoParser","thread_name":"main","level":"INFO","level_value":20000}
{"@timestamp":"2025-08-09T15:05:13.7975021+05:30","@version":"1","message":"Kafka startTimeMs: 1754732113755","logger_name":"org.apache.kafka.common.utils.AppInfoParser","thread_name":"main","level":"INFO","level_value":20000}
{"@timestamp":"2025-08-09T15:05:13.7997542+05:30","@version":"1","message":"ProducerConfig values: \r\n\tacks = -1\r\n\tauto.include.jmx.reporter = true\r\n\tbatch.size = 16384\r\n\tbootstrap.servers = [spring.kafka.bootstrap-servers_IS_UNDEFINED]\r\n\tbuffer.memory = 33554432\r\n\tclient.dns.lookup = use_all_dns_ips\r\n\tclient.id = producer-22\r\n\tcompression.type = none\r\n\tconnections.max.idle.ms = 540000\r\n\tdelivery.timeout.ms = 120000\r\n\tenable.idempotence = true\r\n\tenable.metrics.push = true\r\n\tinterceptor.classes = []\r\n\tkey.serializer = class org.apache.kafka.common.serialization.ByteArraySerializer\r\n\tlinger.ms = 0\r\n\tmax.block.ms = 60000\r\n\tmax.in.flight.requests.per.connection = 5\r\n\tmax.request.size = 1048576\r\n\tmetadata.max.age.ms = 300000\r\n\tmetadata.max.idle.ms = 300000\r\n\tmetric.reporters = []\r\n\tmetrics.num.samples = 2\r\n\tmetrics.recording.level = INFO\r\n\tmetrics.sample.window.ms = 30000\r\n\tpartitioner.adaptive.partitioning.enable = true\r\n\tpartitioner.availability.timeout.ms = 0\r\n\tpartitioner.class = null\r\n\tpartitioner.ignore.keys = false\r\n\treceive.buffer.bytes = 32768\r\n\treconnect.backoff.max.ms = 1000\r\n\treconnect.backoff.ms = 50\r\n\trequest.timeout.ms = 30000\r\n\tretries = 2147483647\r\n\tretry.backoff.max.ms = 1000\r\n\tretry.backoff.ms = 100\r\n\tsasl.client.callback.handler.class = null\r\n\tsasl.jaas.config = null\r\n\tsasl.kerberos.kinit.cmd = /usr/bin/kinit\r\n\tsasl.kerberos.min.time.before.relogin = 60000\r\n\tsasl.kerberos.service.name = null\r\n\tsasl.kerberos.ticket.renew.jitter = 0.05\r\n\tsasl.kerberos.ticket.renew.window.factor = 0.8\r\n\tsasl.login.callback.handler.class = null\r\n\tsasl.login.class = null\r\n\tsasl.login.connect.timeout.ms = null\r\n\tsasl.login.read.timeout.ms = null\r\n\tsasl.login.refresh.buffer.seconds = 300\r\n\tsasl.login.refresh.min.period.seconds = 60\r\n\tsasl.login.refresh.window.factor = 0.8\r\n\tsasl.login.refresh.window.jitter = 0.05\r\n\tsasl.login.retry.backoff.max.ms = 10000\r\n\tsasl.login.retry.backoff.ms = 100\r\n\tsasl.mechanism = GSSAPI\r\n\tsasl.oauthbearer.clock.skew.seconds = 30\r\n\tsasl.oauthbearer.expected.audience = null\r\n\tsasl.oauthbearer.expected.issuer = null\r\n\tsasl.oauthbearer.jwks.endpoint.refresh.ms = 3600000\r\n\tsasl.oauthbearer.jwks.endpoint.retry.backoff.max.ms = 10000\r\n\tsasl.oauthbearer.jwks.endpoint.retry.backoff.ms = 100\r\n\tsasl.oauthbearer.jwks.endpoint.url = null\r\n\tsasl.oauthbearer.scope.claim.name = scope\r\n\tsasl.oauthbearer.sub.claim.name = sub\r\n\tsasl.oauthbearer.token.endpoint.url = null\r\n\tsecurity.protocol = PLAINTEXT\r\n\tsecurity.providers = null\r\n\tsend.buffer.bytes = 131072\r\n\tsocket.connection.setup.timeout.max.ms = 30000\r\n\tsocket.connection.setup.timeout.ms = 10000\r\n\tssl.cipher.suites = null\r\n\tssl.enabled.protocols = [TLSv1.2, TLSv1.3]\r\n\tssl.endpoint.identification.algorithm = https\r\n\tssl.engine.factory.class = null\r\n\tssl.key.password = null\r\n\tssl.keymanager.algorithm = SunX509\r\n\tssl.keystore.certificate.chain = null\r\n\tssl.keystore.key = null\r\n\tssl.keystore.location = null\r\n\tssl.keystore.password = null\r\n\tssl.keystore.type = JKS\r\n\tssl.protocol = TLSv1.3\r\n\tssl.provider = null\r\n\tssl.secure.random.implementation = null\r\n\tssl.trustmanager.algorithm = PKIX\r\n\tssl.truststore.certificates = null\r\n\tssl.truststore.location = null\r\n\tssl.truststore.password = null\r\n\tssl.truststore.type = JKS\r\n\ttransaction.timeout.ms = 60000\r\n\ttransactional.id = null\r\n\tvalue.serializer = class org.apache.kafka.common.serialization.ByteArraySerializer\r\n","logger_name":"org.apache.kafka.clients.producer.ProducerConfig","thread_name":"main","level":"INFO","level_value":20000}
{"@timestamp":"2025-08-09T15:05:13.8017881+05:30","@version":"1","message":"initializing Kafka metrics collector","logger_name":"org.apache.kafka.common.telemetry.internals.KafkaMetricsCollector","thread_name":"main","level":"INFO","level_value":20000}
{"@timestamp":"2025-08-09T15:05:13.8053424+05:30","@version":"1","message":"[Producer clientId=producer-22] Instantiated an idempotent producer.","logger_name":"org.apache.kafka.clients.producer.KafkaProducer","thread_name":"main","level":"INFO","level_value":20000}
{"@timestamp":"2025-08-09T15:05:13.8083662+05:30","@version":"1","message":"[Producer clientId=producer-22] Closing the Kafka producer with timeoutMillis = 0 ms.","logger_name":"org.apache.kafka.clients.producer.KafkaProducer","thread_name":"main","level":"INFO","level_value":20000}
{"@timestamp":"2025-08-09T15:05:13.8103709+05:30","@version":"1","message":"Metrics scheduler closed","logger_name":"org.apache.kafka.common.metrics.Metrics","thread_name":"main","level":"INFO","level_value":20000}
{"@timestamp":"2025-08-09T15:05:13.8103709+05:30","@version":"1","message":"Closing reporter org.apache.kafka.common.metrics.JmxReporter","logger_name":"org.apache.kafka.common.metrics.Metrics","thread_name":"main","level":"INFO","level_value":20000}
{"@timestamp":"2025-08-09T15:05:13.8103709+05:30","@version":"1","message":"Closing reporter org.apache.kafka.common.telemetry.internals.ClientTelemetryReporter","logger_name":"org.apache.kafka.common.metrics.Metrics","thread_name":"main","level":"INFO","level_value":20000}
{"@timestamp":"2025-08-09T15:05:13.8103709+05:30","@version":"1","message":"Metrics reporters closed","logger_name":"org.apache.kafka.common.metrics.Metrics","thread_name":"main","level":"INFO","level_value":20000}
{"@timestamp":"2025-08-09T15:05:13.8103709+05:30","@version":"1","message":"App info kafka.producer for producer-22 unregistered","logger_name":"org.apache.kafka.common.utils.AppInfoParser","thread_name":"main","level":"INFO","level_value":20000}
{"@timestamp":"2025-08-09T15:05:13.9093124+05:30","@version":"1","message":"[AdminClient clientId=moviebooking-backend-admin-0] Node -1 disconnected.","logger_name":"org.apache.kafka.clients.NetworkClient","thread_name":"kafka-admin-client-thread | moviebooking-backend-admin-0","level":"INFO","level_value":20000}
{"@timestamp":"2025-08-09T15:05:13.9138604+05:30","@version":"1","message":"[AdminClient clientId=moviebooking-backend-admin-0] Connection to node -1 (localhost/127.0.0.1:9092) could not be established. Node may not be available.","logger_name":"org.apache.kafka.clients.NetworkClient","thread_name":"kafka-admin-client-thread | moviebooking-backend-admin-0","level":"WARN","level_value":30000}
{"@timestamp":"2025-08-09T15:05:13.9158577+05:30","@version":"1","message":"ProducerConfig values: \r\n\tacks = -1\r\n\tauto.include.jmx.reporter = true\r\n\tbatch.size = 16384\r\n\tbootstrap.servers = [spring.kafka.bootstrap-servers_IS_UNDEFINED]\r\n\tbuffer.memory = 33554432\r\n\tclient.dns.lookup = use_all_dns_ips\r\n\tclient.id = producer-23\r\n\tcompression.type = none\r\n\tconnections.max.idle.ms = 540000\r\n\tdelivery.timeout.ms = 120000\r\n\tenable.idempotence = true\r\n\tenable.metrics.push = true\r\n\tinterceptor.classes = []\r\n\tkey.serializer = class org.apache.kafka.common.serialization.ByteArraySerializer\r\n\tlinger.ms = 0\r\n\tmax.block.ms = 60000\r\n\tmax.in.flight.requests.per.connection = 5\r\n\tmax.request.size = 1048576\r\n\tmetadata.max.age.ms = 300000\r\n\tmetadata.max.idle.ms = 300000\r\n\tmetric.reporters = []\r\n\tmetrics.num.samples = 2\r\n\tmetrics.recording.level = INFO\r\n\tmetrics.sample.window.ms = 30000\r\n\tpartitioner.adaptive.partitioning.enable = true\r\n\tpartitioner.availability.timeout.ms = 0\r\n\tpartitioner.class = null\r\n\tpartitioner.ignore.keys = false\r\n\treceive.buffer.bytes = 32768\r\n\treconnect.backoff.max.ms = 1000\r\n\treconnect.backoff.ms = 50\r\n\trequest.timeout.ms = 30000\r\n\tretries = 2147483647\r\n\tretry.backoff.max.ms = 1000\r\n\tretry.backoff.ms = 100\r\n\tsasl.client.callback.handler.class = null\r\n\tsasl.jaas.config = null\r\n\tsasl.kerberos.kinit.cmd = /usr/bin/kinit\r\n\tsasl.kerberos.min.time.before.relogin = 60000\r\n\tsasl.kerberos.service.name = null\r\n\tsasl.kerberos.ticket.renew.jitter = 0.05\r\n\tsasl.kerberos.ticket.renew.window.factor = 0.8\r\n\tsasl.login.callback.handler.class = null\r\n\tsasl.login.class = null\r\n\tsasl.login.connect.timeout.ms = null\r\n\tsasl.login.read.timeout.ms = null\r\n\tsasl.login.refresh.buffer.seconds = 300\r\n\tsasl.login.refresh.min.period.seconds = 60\r\n\tsasl.login.refresh.window.factor = 0.8\r\n\tsasl.login.refresh.window.jitter = 0.05\r\n\tsasl.login.retry.backoff.max.ms = 10000\r\n\tsasl.login.retry.backoff.ms = 100\r\n\tsasl.mechanism = GSSAPI\r\n\tsasl.oauthbearer.clock.skew.seconds = 30\r\n\tsasl.oauthbearer.expected.audience = null\r\n\tsasl.oauthbearer.expected.issuer = null\r\n\tsasl.oauthbearer.jwks.endpoint.refresh.ms = 3600000\r\n\tsasl.oauthbearer.jwks.endpoint.retry.backoff.max.ms = 10000\r\n\tsasl.oauthbearer.jwks.endpoint.retry.backoff.ms = 100\r\n\tsasl.oauthbearer.jwks.endpoint.url = null\r\n\tsasl.oauthbearer.scope.claim.name = scope\r\n\tsasl.oauthbearer.sub.claim.name = sub\r\n\tsasl.oauthbearer.token.endpoint.url = null\r\n\tsecurity.protocol = PLAINTEXT\r\n\tsecurity.providers = null\r\n\tsend.buffer.bytes = 131072\r\n\tsocket.connection.setup.timeout.max.ms = 30000\r\n\tsocket.connection.setup.timeout.ms = 10000\r\n\tssl.cipher.suites = null\r\n\tssl.enabled.protocols = [TLSv1.2, TLSv1.3]\r\n\tssl.endpoint.identification.algorithm = https\r\n\tssl.engine.factory.class = null\r\n\tssl.key.password = null\r\n\tssl.keymanager.algorithm = SunX509\r\n\tssl.keystore.certificate.chain = null\r\n\tssl.keystore.key = null\r\n\tssl.keystore.location = null\r\n\tssl.keystore.password = null\r\n\tssl.keystore.type = JKS\r\n\tssl.protocol = TLSv1.3\r\n\tssl.provider = null\r\n\tssl.secure.random.implementation = null\r\n\tssl.trustmanager.algorithm = PKIX\r\n\tssl.truststore.certificates = null\r\n\tssl.truststore.location = null\r\n\tssl.truststore.password = null\r\n\tssl.truststore.type = JKS\r\n\ttransaction.timeout.ms = 60000\r\n\ttransactional.id = null\r\n\tvalue.serializer = class org.apache.kafka.common.serialization.ByteArraySerializer\r\n","logger_name":"org.apache.kafka.clients.producer.ProducerConfig","thread_name":"kafka-admin-client-thread | moviebooking-backend-admin-0","level":"INFO","level_value":20000}
{"@timestamp":"2025-08-09T15:05:13.9168657+05:30","@version":"1","message":"initializing Kafka metrics collector","logger_name":"org.apache.kafka.common.telemetry.internals.KafkaMetricsCollector","thread_name":"kafka-admin-client-thread | moviebooking-backend-admin-0","level":"INFO","level_value":20000}
{"@timestamp":"2025-08-09T15:05:13.9178616+05:30","@version":"1","message":"[Producer clientId=producer-23] Instantiated an idempotent producer.","logger_name":"org.apache.kafka.clients.producer.KafkaProducer","thread_name":"kafka-admin-client-thread | moviebooking-backend-admin-0","level":"INFO","level_value":20000}
{"@timestamp":"2025-08-09T15:05:13.920859+05:30","@version":"1","message":"[Producer clientId=producer-23] Closing the Kafka producer with timeoutMillis = 0 ms.","logger_name":"org.apache.kafka.clients.producer.KafkaProducer","thread_name":"kafka-admin-client-thread | moviebooking-backend-admin-0","level":"INFO","level_value":20000}
{"@timestamp":"2025-08-09T15:05:13.9228576+05:30","@version":"1","message":"Metrics scheduler closed","logger_name":"org.apache.kafka.common.metrics.Metrics","thread_name":"kafka-admin-client-thread | moviebooking-backend-admin-0","level":"INFO","level_value":20000}
{"@timestamp":"2025-08-09T15:05:13.9233816+05:30","@version":"1","message":"Closing reporter org.apache.kafka.common.metrics.JmxReporter","logger_name":"org.apache.kafka.common.metrics.Metrics","thread_name":"kafka-admin-client-thread | moviebooking-backend-admin-0","level":"INFO","level_value":20000}
{"@timestamp":"2025-08-09T15:05:13.9233816+05:30","@version":"1","message":"Closing reporter org.apache.kafka.common.telemetry.internals.ClientTelemetryReporter","logger_name":"org.apache.kafka.common.metrics.Metrics","thread_name":"kafka-admin-client-thread | moviebooking-backend-admin-0","level":"INFO","level_value":20000}
{"@timestamp":"2025-08-09T15:05:13.9233816+05:30","@version":"1","message":"Metrics reporters closed","logger_name":"org.apache.kafka.common.metrics.Metrics","thread_name":"kafka-admin-client-thread | moviebooking-backend-admin-0","level":"INFO","level_value":20000}
{"@timestamp":"2025-08-09T15:05:13.9233816+05:30","@version":"1","message":"App info kafka.producer for producer-23 unregistered","logger_name":"org.apache.kafka.common.utils.AppInfoParser","thread_name":"kafka-admin-client-thread | moviebooking-backend-admin-0","level":"INFO","level_value":20000}
{"@timestamp":"2025-08-09T15:05:14.0349178+05:30","@version":"1","message":"[AdminClient clientId=moviebooking-backend-admin-0] Node -1 disconnected.","logger_name":"org.apache.kafka.clients.NetworkClient","thread_name":"kafka-admin-client-thread | moviebooking-backend-admin-0","level":"INFO","level_value":20000}
{"@timestamp":"2025-08-09T15:05:14.0369381+05:30","@version":"1","message":"ProducerConfig values: \r\n\tacks = -1\r\n\tauto.include.jmx.reporter = true\r\n\tbatch.size = 16384\r\n\tbootstrap.servers = [spring.kafka.bootstrap-servers_IS_UNDEFINED]\r\n\tbuffer.memory = 33554432\r\n\tclient.dns.lookup = use_all_dns_ips\r\n\tclient.id = producer-24\r\n\tcompression.type = none\r\n\tconnections.max.idle.ms = 540000\r\n\tdelivery.timeout.ms = 120000\r\n\tenable.idempotence = true\r\n\tenable.metrics.push = true\r\n\tinterceptor.classes = []\r\n\tkey.serializer = class org.apache.kafka.common.serialization.ByteArraySerializer\r\n\tlinger.ms = 0\r\n\tmax.block.ms = 60000\r\n\tmax.in.flight.requests.per.connection = 5\r\n\tmax.request.size = 1048576\r\n\tmetadata.max.age.ms = 300000\r\n\tmetadata.max.idle.ms = 300000\r\n\tmetric.reporters = []\r\n\tmetrics.num.samples = 2\r\n\tmetrics.recording.level = INFO\r\n\tmetrics.sample.window.ms = 30000\r\n\tpartitioner.adaptive.partitioning.enable = true\r\n\tpartitioner.availability.timeout.ms = 0\r\n\tpartitioner.class = null\r\n\tpartitioner.ignore.keys = false\r\n\treceive.buffer.bytes = 32768\r\n\treconnect.backoff.max.ms = 1000\r\n\treconnect.backoff.ms = 50\r\n\trequest.timeout.ms = 30000\r\n\tretries = 2147483647\r\n\tretry.backoff.max.ms = 1000\r\n\tretry.backoff.ms = 100\r\n\tsasl.client.callback.handler.class = null\r\n\tsasl.jaas.config = null\r\n\tsasl.kerberos.kinit.cmd = /usr/bin/kinit\r\n\tsasl.kerberos.min.time.before.relogin = 60000\r\n\tsasl.kerberos.service.name = null\r\n\tsasl.kerberos.ticket.renew.jitter = 0.05\r\n\tsasl.kerberos.ticket.renew.window.factor = 0.8\r\n\tsasl.login.callback.handler.class = null\r\n\tsasl.login.class = null\r\n\tsasl.login.connect.timeout.ms = null\r\n\tsasl.login.read.timeout.ms = null\r\n\tsasl.login.refresh.buffer.seconds = 300\r\n\tsasl.login.refresh.min.period.seconds = 60\r\n\tsasl.login.refresh.window.factor = 0.8\r\n\tsasl.login.refresh.window.jitter = 0.05\r\n\tsasl.login.retry.backoff.max.ms = 10000\r\n\tsasl.login.retry.backoff.ms = 100\r\n\tsasl.mechanism = GSSAPI\r\n\tsasl.oauthbearer.clock.skew.seconds = 30\r\n\tsasl.oauthbearer.expected.audience = null\r\n\tsasl.oauthbearer.expected.issuer = null\r\n\tsasl.oauthbearer.jwks.endpoint.refresh.ms = 3600000\r\n\tsasl.oauthbearer.jwks.endpoint.retry.backoff.max.ms = 10000\r\n\tsasl.oauthbearer.jwks.endpoint.retry.backoff.ms = 100\r\n\tsasl.oauthbearer.jwks.endpoint.url = null\r\n\tsasl.oauthbearer.scope.claim.name = scope\r\n\tsasl.oauthbearer.sub.claim.name = sub\r\n\tsasl.oauthbearer.token.endpoint.url = null\r\n\tsecurity.protocol = PLAINTEXT\r\n\tsecurity.providers = null\r\n\tsend.buffer.bytes = 131072\r\n\tsocket.connection.setup.timeout.max.ms = 30000\r\n\tsocket.connection.setup.timeout.ms = 10000\r\n\tssl.cipher.suites = null\r\n\tssl.enabled.protocols = [TLSv1.2, TLSv1.3]\r\n\tssl.endpoint.identification.algorithm = https\r\n\tssl.engine.factory.class = null\r\n\tssl.key.password = null\r\n\tssl.keymanager.algorithm = SunX509\r\n\tssl.keystore.certificate.chain = null\r\n\tssl.keystore.key = null\r\n\tssl.keystore.location = null\r\n\tssl.keystore.password = null\r\n\tssl.keystore.type = JKS\r\n\tssl.protocol = TLSv1.3\r\n\tssl.provider = null\r\n\tssl.secure.random.implementation = null\r\n\tssl.trustmanager.algorithm = PKIX\r\n\tssl.truststore.certificates = null\r\n\tssl.truststore.location = null\r\n\tssl.truststore.password = null\r\n\tssl.truststore.type = JKS\r\n\ttransaction.timeout.ms = 60000\r\n\ttransactional.id = null\r\n\tvalue.serializer = class org.apache.kafka.common.serialization.ByteArraySerializer\r\n","logger_name":"org.apache.kafka.clients.producer.ProducerConfig","thread_name":"kafka-admin-client-thread | moviebooking-backend-admin-0","level":"INFO","level_value":20000}
{"@timestamp":"2025-08-09T15:05:14.0379432+05:30","@version":"1","message":"initializing Kafka metrics collector","logger_name":"org.apache.kafka.common.telemetry.internals.KafkaMetricsCollector","thread_name":"kafka-admin-client-thread | moviebooking-backend-admin-0","level":"INFO","level_value":20000}
{"@timestamp":"2025-08-09T15:05:14.0389439+05:30","@version":"1","message":"[Producer clientId=producer-24] Instantiated an idempotent producer.","logger_name":"org.apache.kafka.clients.producer.KafkaProducer","thread_name":"kafka-admin-client-thread | moviebooking-backend-admin-0","level":"INFO","level_value":20000}
{"@timestamp":"2025-08-09T15:05:14.0399417+05:30","@version":"1","message":"[Producer clientId=producer-24] Closing the Kafka producer with timeoutMillis = 0 ms.","logger_name":"org.apache.kafka.clients.producer.KafkaProducer","thread_name":"kafka-admin-client-thread | moviebooking-backend-admin-0","level":"INFO","level_value":20000}
{"@timestamp":"2025-08-09T15:05:14.0409424+05:30","@version":"1","message":"Metrics scheduler closed","logger_name":"org.apache.kafka.common.metrics.Metrics","thread_name":"kafka-admin-client-thread | moviebooking-backend-admin-0","level":"INFO","level_value":20000}
{"@timestamp":"2025-08-09T15:05:14.0409424+05:30","@version":"1","message":"Closing reporter org.apache.kafka.common.metrics.JmxReporter","logger_name":"org.apache.kafka.common.metrics.Metrics","thread_name":"kafka-admin-client-thread | moviebooking-backend-admin-0","level":"INFO","level_value":20000}
{"@timestamp":"2025-08-09T15:05:14.0419385+05:30","@version":"1","message":"Closing reporter org.apache.kafka.common.telemetry.internals.ClientTelemetryReporter","logger_name":"org.apache.kafka.common.metrics.Metrics","thread_name":"kafka-admin-client-thread | moviebooking-backend-admin-0","level":"INFO","level_value":20000}
{"@timestamp":"2025-08-09T15:05:14.0419385+05:30","@version":"1","message":"Metrics reporters closed","logger_name":"org.apache.kafka.common.metrics.Metrics","thread_name":"kafka-admin-client-thread | moviebooking-backend-admin-0","level":"INFO","level_value":20000}
{"@timestamp":"2025-08-09T15:05:14.0419385+05:30","@version":"1","message":"App info kafka.producer for producer-24 unregistered","logger_name":"org.apache.kafka.common.utils.AppInfoParser","thread_name":"kafka-admin-client-thread | moviebooking-backend-admin-0","level":"INFO","level_value":20000}
{"@timestamp":"2025-08-09T15:05:14.0419385+05:30","@version":"1","message":"[AdminClient clientId=moviebooking-backend-admin-0] Connection to node -1 (localhost/127.0.0.1:9092) could not be established. Node may not be available.","logger_name":"org.apache.kafka.clients.NetworkClient","thread_name":"kafka-admin-client-thread | moviebooking-backend-admin-0","level":"WARN","level_value":30000}
{"@timestamp":"2025-08-09T15:05:14.0434626+05:30","@version":"1","message":"ProducerConfig values: \r\n\tacks = -1\r\n\tauto.include.jmx.reporter = true\r\n\tbatch.size = 16384\r\n\tbootstrap.servers = [spring.kafka.bootstrap-servers_IS_UNDEFINED]\r\n\tbuffer.memory = 33554432\r\n\tclient.dns.lookup = use_all_dns_ips\r\n\tclient.id = producer-25\r\n\tcompression.type = none\r\n\tconnections.max.idle.ms = 540000\r\n\tdelivery.timeout.ms = 120000\r\n\tenable.idempotence = true\r\n\tenable.metrics.push = true\r\n\tinterceptor.classes = []\r\n\tkey.serializer = class org.apache.kafka.common.serialization.ByteArraySerializer\r\n\tlinger.ms = 0\r\n\tmax.block.ms = 60000\r\n\tmax.in.flight.requests.per.connection = 5\r\n\tmax.request.size = 1048576\r\n\tmetadata.max.age.ms = 300000\r\n\tmetadata.max.idle.ms = 300000\r\n\tmetric.reporters = []\r\n\tmetrics.num.samples = 2\r\n\tmetrics.recording.level = INFO\r\n\tmetrics.sample.window.ms = 30000\r\n\tpartitioner.adaptive.partitioning.enable = true\r\n\tpartitioner.availability.timeout.ms = 0\r\n\tpartitioner.class = null\r\n\tpartitioner.ignore.keys = false\r\n\treceive.buffer.bytes = 32768\r\n\treconnect.backoff.max.ms = 1000\r\n\treconnect.backoff.ms = 50\r\n\trequest.timeout.ms = 30000\r\n\tretries = 2147483647\r\n\tretry.backoff.max.ms = 1000\r\n\tretry.backoff.ms = 100\r\n\tsasl.client.callback.handler.class = null\r\n\tsasl.jaas.config = null\r\n\tsasl.kerberos.kinit.cmd = /usr/bin/kinit\r\n\tsasl.kerberos.min.time.before.relogin = 60000\r\n\tsasl.kerberos.service.name = null\r\n\tsasl.kerberos.ticket.renew.jitter = 0.05\r\n\tsasl.kerberos.ticket.renew.window.factor = 0.8\r\n\tsasl.login.callback.handler.class = null\r\n\tsasl.login.class = null\r\n\tsasl.login.connect.timeout.ms = null\r\n\tsasl.login.read.timeout.ms = null\r\n\tsasl.login.refresh.buffer.seconds = 300\r\n\tsasl.login.refresh.min.period.seconds = 60\r\n\tsasl.login.refresh.window.factor = 0.8\r\n\tsasl.login.refresh.window.jitter = 0.05\r\n\tsasl.login.retry.backoff.max.ms = 10000\r\n\tsasl.login.retry.backoff.ms = 100\r\n\tsasl.mechanism = GSSAPI\r\n\tsasl.oauthbearer.clock.skew.seconds = 30\r\n\tsasl.oauthbearer.expected.audience = null\r\n\tsasl.oauthbearer.expected.issuer = null\r\n\tsasl.oauthbearer.jwks.endpoint.refresh.ms = 3600000\r\n\tsasl.oauthbearer.jwks.endpoint.retry.backoff.max.ms = 10000\r\n\tsasl.oauthbearer.jwks.endpoint.retry.backoff.ms = 100\r\n\tsasl.oauthbearer.jwks.endpoint.url = null\r\n\tsasl.oauthbearer.scope.claim.name = scope\r\n\tsasl.oauthbearer.sub.claim.name = sub\r\n\tsasl.oauthbearer.token.endpoint.url = null\r\n\tsecurity.protocol = PLAINTEXT\r\n\tsecurity.providers = null\r\n\tsend.buffer.bytes = 131072\r\n\tsocket.connection.setup.timeout.max.ms = 30000\r\n\tsocket.connection.setup.timeout.ms = 10000\r\n\tssl.cipher.suites = null\r\n\tssl.enabled.protocols = [TLSv1.2, TLSv1.3]\r\n\tssl.endpoint.identification.algorithm = https\r\n\tssl.engine.factory.class = null\r\n\tssl.key.password = null\r\n\tssl.keymanager.algorithm = SunX509\r\n\tssl.keystore.certificate.chain = null\r\n\tssl.keystore.key = null\r\n\tssl.keystore.location = null\r\n\tssl.keystore.password = null\r\n\tssl.keystore.type = JKS\r\n\tssl.protocol = TLSv1.3\r\n\tssl.provider = null\r\n\tssl.secure.random.implementation = null\r\n\tssl.trustmanager.algorithm = PKIX\r\n\tssl.truststore.certificates = null\r\n\tssl.truststore.location = null\r\n\tssl.truststore.password = null\r\n\tssl.truststore.type = JKS\r\n\ttransaction.timeout.ms = 60000\r\n\ttransactional.id = null\r\n\tvalue.serializer = class org.apache.kafka.common.serialization.ByteArraySerializer\r\n","logger_name":"org.apache.kafka.clients.producer.ProducerConfig","thread_name":"kafka-admin-client-thread | moviebooking-backend-admin-0","level":"INFO","level_value":20000}
{"@timestamp":"2025-08-09T15:05:14.0434626+05:30","@version":"1","message":"initializing Kafka metrics collector","logger_name":"org.apache.kafka.common.telemetry.internals.KafkaMetricsCollector","thread_name":"kafka-admin-client-thread | moviebooking-backend-admin-0","level":"INFO","level_value":20000}
{"@timestamp":"2025-08-09T15:05:14.0444852+05:30","@version":"1","message":"[Producer clientId=producer-25] Instantiated an idempotent producer.","logger_name":"org.apache.kafka.clients.producer.KafkaProducer","thread_name":"kafka-admin-client-thread | moviebooking-backend-admin-0","level":"INFO","level_value":20000}
{"@timestamp":"2025-08-09T15:05:14.0455055+05:30","@version":"1","message":"[Producer clientId=producer-25] Closing the Kafka producer with timeoutMillis = 0 ms.","logger_name":"org.apache.kafka.clients.producer.KafkaProducer","thread_name":"kafka-admin-client-thread | moviebooking-backend-admin-0","level":"INFO","level_value":20000}
{"@timestamp":"2025-08-09T15:05:14.0475091+05:30","@version":"1","message":"Metrics scheduler closed","logger_name":"org.apache.kafka.common.metrics.Metrics","thread_name":"kafka-admin-client-thread | moviebooking-backend-admin-0","level":"INFO","level_value":20000}
{"@timestamp":"2025-08-09T15:05:14.0475091+05:30","@version":"1","message":"Closing reporter org.apache.kafka.common.metrics.JmxReporter","logger_name":"org.apache.kafka.common.metrics.Metrics","thread_name":"kafka-admin-client-thread | moviebooking-backend-admin-0","level":"INFO","level_value":20000}
{"@timestamp":"2025-08-09T15:05:14.0485152+05:30","@version":"1","message":"Closing reporter org.apache.kafka.common.telemetry.internals.ClientTelemetryReporter","logger_name":"org.apache.kafka.common.metrics.Metrics","thread_name":"kafka-admin-client-thread | moviebooking-backend-admin-0","level":"INFO","level_value":20000}
{"@timestamp":"2025-08-09T15:05:14.0485152+05:30","@version":"1","message":"Metrics reporters closed","logger_name":"org.apache.kafka.common.metrics.Metrics","thread_name":"kafka-admin-client-thread | moviebooking-backend-admin-0","level":"INFO","level_value":20000}
{"@timestamp":"2025-08-09T15:05:14.0485152+05:30","@version":"1","message":"App info kafka.producer for producer-25 unregistered","logger_name":"org.apache.kafka.common.utils.AppInfoParser","thread_name":"kafka-admin-client-thread | moviebooking-backend-admin-0","level":"INFO","level_value":20000}
{"@timestamp":"2025-08-09T15:05:14.1607706+05:30","@version":"1","message":"[AdminClient clientId=moviebooking-backend-admin-0] Node -1 disconnected.","logger_name":"org.apache.kafka.clients.NetworkClient","thread_name":"kafka-admin-client-thread | moviebooking-backend-admin-0","level":"INFO","level_value":20000}
{"@timestamp":"2025-08-09T15:05:14.1617693+05:30","@version":"1","message":"ProducerConfig values: \r\n\tacks = -1\r\n\tauto.include.jmx.reporter = true\r\n\tbatch.size = 16384\r\n\tbootstrap.servers = [spring.kafka.bootstrap-servers_IS_UNDEFINED]\r\n\tbuffer.memory = 33554432\r\n\tclient.dns.lookup = use_all_dns_ips\r\n\tclient.id = producer-26\r\n\tcompression.type = none\r\n\tconnections.max.idle.ms = 540000\r\n\tdelivery.timeout.ms = 120000\r\n\tenable.idempotence = true\r\n\tenable.metrics.push = true\r\n\tinterceptor.classes = []\r\n\tkey.serializer = class org.apache.kafka.common.serialization.ByteArraySerializer\r\n\tlinger.ms = 0\r\n\tmax.block.ms = 60000\r\n\tmax.in.flight.requests.per.connection = 5\r\n\tmax.request.size = 1048576\r\n\tmetadata.max.age.ms = 300000\r\n\tmetadata.max.idle.ms = 300000\r\n\tmetric.reporters = []\r\n\tmetrics.num.samples = 2\r\n\tmetrics.recording.level = INFO\r\n\tmetrics.sample.window.ms = 30000\r\n\tpartitioner.adaptive.partitioning.enable = true\r\n\tpartitioner.availability.timeout.ms = 0\r\n\tpartitioner.class = null\r\n\tpartitioner.ignore.keys = false\r\n\treceive.buffer.bytes = 32768\r\n\treconnect.backoff.max.ms = 1000\r\n\treconnect.backoff.ms = 50\r\n\trequest.timeout.ms = 30000\r\n\tretries = 2147483647\r\n\tretry.backoff.max.ms = 1000\r\n\tretry.backoff.ms = 100\r\n\tsasl.client.callback.handler.class = null\r\n\tsasl.jaas.config = null\r\n\tsasl.kerberos.kinit.cmd = /usr/bin/kinit\r\n\tsasl.kerberos.min.time.before.relogin = 60000\r\n\tsasl.kerberos.service.name = null\r\n\tsasl.kerberos.ticket.renew.jitter = 0.05\r\n\tsasl.kerberos.ticket.renew.window.factor = 0.8\r\n\tsasl.login.callback.handler.class = null\r\n\tsasl.login.class = null\r\n\tsasl.login.connect.timeout.ms = null\r\n\tsasl.login.read.timeout.ms = null\r\n\tsasl.login.refresh.buffer.seconds = 300\r\n\tsasl.login.refresh.min.period.seconds = 60\r\n\tsasl.login.refresh.window.factor = 0.8\r\n\tsasl.login.refresh.window.jitter = 0.05\r\n\tsasl.login.retry.backoff.max.ms = 10000\r\n\tsasl.login.retry.backoff.ms = 100\r\n\tsasl.mechanism = GSSAPI\r\n\tsasl.oauthbearer.clock.skew.seconds = 30\r\n\tsasl.oauthbearer.expected.audience = null\r\n\tsasl.oauthbearer.expected.issuer = null\r\n\tsasl.oauthbearer.jwks.endpoint.refresh.ms = 3600000\r\n\tsasl.oauthbearer.jwks.endpoint.retry.backoff.max.ms = 10000\r\n\tsasl.oauthbearer.jwks.endpoint.retry.backoff.ms = 100\r\n\tsasl.oauthbearer.jwks.endpoint.url = null\r\n\tsasl.oauthbearer.scope.claim.name = scope\r\n\tsasl.oauthbearer.sub.claim.name = sub\r\n\tsasl.oauthbearer.token.endpoint.url = null\r\n\tsecurity.protocol = PLAINTEXT\r\n\tsecurity.providers = null\r\n\tsend.buffer.bytes = 131072\r\n\tsocket.connection.setup.timeout.max.ms = 30000\r\n\tsocket.connection.setup.timeout.ms = 10000\r\n\tssl.cipher.suites = null\r\n\tssl.enabled.protocols = [TLSv1.2, TLSv1.3]\r\n\tssl.endpoint.identification.algorithm = https\r\n\tssl.engine.factory.class = null\r\n\tssl.key.password = null\r\n\tssl.keymanager.algorithm = SunX509\r\n\tssl.keystore.certificate.chain = null\r\n\tssl.keystore.key = null\r\n\tssl.keystore.location = null\r\n\tssl.keystore.password = null\r\n\tssl.keystore.type = JKS\r\n\tssl.protocol = TLSv1.3\r\n\tssl.provider = null\r\n\tssl.secure.random.implementation = null\r\n\tssl.trustmanager.algorithm = PKIX\r\n\tssl.truststore.certificates = null\r\n\tssl.truststore.location = null\r\n\tssl.truststore.password = null\r\n\tssl.truststore.type = JKS\r\n\ttransaction.timeout.ms = 60000\r\n\ttransactional.id = null\r\n\tvalue.serializer = class org.apache.kafka.common.serialization.ByteArraySerializer\r\n","logger_name":"org.apache.kafka.clients.producer.ProducerConfig","thread_name":"kafka-admin-client-thread | moviebooking-backend-admin-0","level":"INFO","level_value":20000}
{"@timestamp":"2025-08-09T15:05:14.1632906+05:30","@version":"1","message":"initializing Kafka metrics collector","logger_name":"org.apache.kafka.common.telemetry.internals.KafkaMetricsCollector","thread_name":"kafka-admin-client-thread | moviebooking-backend-admin-0","level":"INFO","level_value":20000}
{"@timestamp":"2025-08-09T15:05:14.1643151+05:30","@version":"1","message":"[Producer clientId=producer-26] Instantiated an idempotent producer.","logger_name":"org.apache.kafka.clients.producer.KafkaProducer","thread_name":"kafka-admin-client-thread | moviebooking-backend-admin-0","level":"INFO","level_value":20000}
{"@timestamp":"2025-08-09T15:05:14.1653127+05:30","@version":"1","message":"[Producer clientId=producer-26] Closing the Kafka producer with timeoutMillis = 0 ms.","logger_name":"org.apache.kafka.clients.producer.KafkaProducer","thread_name":"kafka-admin-client-thread | moviebooking-backend-admin-0","level":"INFO","level_value":20000}
{"@timestamp":"2025-08-09T15:05:14.1663764+05:30","@version":"1","message":"Metrics scheduler closed","logger_name":"org.apache.kafka.common.metrics.Metrics","thread_name":"kafka-admin-client-thread | moviebooking-backend-admin-0","level":"INFO","level_value":20000}
{"@timestamp":"2025-08-09T15:05:14.1663764+05:30","@version":"1","message":"Closing reporter org.apache.kafka.common.metrics.JmxReporter","logger_name":"org.apache.kafka.common.metrics.Metrics","thread_name":"kafka-admin-client-thread | moviebooking-backend-admin-0","level":"INFO","level_value":20000}
{"@timestamp":"2025-08-09T15:05:14.1673327+05:30","@version":"1","message":"Closing reporter org.apache.kafka.common.telemetry.internals.ClientTelemetryReporter","logger_name":"org.apache.kafka.common.metrics.Metrics","thread_name":"kafka-admin-client-thread | moviebooking-backend-admin-0","level":"INFO","level_value":20000}
{"@timestamp":"2025-08-09T15:05:14.1673327+05:30","@version":"1","message":"Metrics reporters closed","logger_name":"org.apache.kafka.common.metrics.Metrics","thread_name":"kafka-admin-client-thread | moviebooking-backend-admin-0","level":"INFO","level_value":20000}
{"@timestamp":"2025-08-09T15:05:14.1673327+05:30","@version":"1","message":"App info kafka.producer for producer-26 unregistered","logger_name":"org.apache.kafka.common.utils.AppInfoParser","thread_name":"kafka-admin-client-thread | moviebooking-backend-admin-0","level":"INFO","level_value":20000}
{"@timestamp":"2025-08-09T15:05:14.1673327+05:30","@version":"1","message":"[AdminClient clientId=moviebooking-backend-admin-0] Connection to node -1 (localhost/127.0.0.1:9092) could not be established. Node may not be available.","logger_name":"org.apache.kafka.clients.NetworkClient","thread_name":"kafka-admin-client-thread | moviebooking-backend-admin-0","level":"WARN","level_value":30000}
{"@timestamp":"2025-08-09T15:05:14.1683352+05:30","@version":"1","message":"ProducerConfig values: \r\n\tacks = -1\r\n\tauto.include.jmx.reporter = true\r\n\tbatch.size = 16384\r\n\tbootstrap.servers = [spring.kafka.bootstrap-servers_IS_UNDEFINED]\r\n\tbuffer.memory = 33554432\r\n\tclient.dns.lookup = use_all_dns_ips\r\n\tclient.id = producer-27\r\n\tcompression.type = none\r\n\tconnections.max.idle.ms = 540000\r\n\tdelivery.timeout.ms = 120000\r\n\tenable.idempotence = true\r\n\tenable.metrics.push = true\r\n\tinterceptor.classes = []\r\n\tkey.serializer = class org.apache.kafka.common.serialization.ByteArraySerializer\r\n\tlinger.ms = 0\r\n\tmax.block.ms = 60000\r\n\tmax.in.flight.requests.per.connection = 5\r\n\tmax.request.size = 1048576\r\n\tmetadata.max.age.ms = 300000\r\n\tmetadata.max.idle.ms = 300000\r\n\tmetric.reporters = []\r\n\tmetrics.num.samples = 2\r\n\tmetrics.recording.level = INFO\r\n\tmetrics.sample.window.ms = 30000\r\n\tpartitioner.adaptive.partitioning.enable = true\r\n\tpartitioner.availability.timeout.ms = 0\r\n\tpartitioner.class = null\r\n\tpartitioner.ignore.keys = false\r\n\treceive.buffer.bytes = 32768\r\n\treconnect.backoff.max.ms = 1000\r\n\treconnect.backoff.ms = 50\r\n\trequest.timeout.ms = 30000\r\n\tretries = 2147483647\r\n\tretry.backoff.max.ms = 1000\r\n\tretry.backoff.ms = 100\r\n\tsasl.client.callback.handler.class = null\r\n\tsasl.jaas.config = null\r\n\tsasl.kerberos.kinit.cmd = /usr/bin/kinit\r\n\tsasl.kerberos.min.time.before.relogin = 60000\r\n\tsasl.kerberos.service.name = null\r\n\tsasl.kerberos.ticket.renew.jitter = 0.05\r\n\tsasl.kerberos.ticket.renew.window.factor = 0.8\r\n\tsasl.login.callback.handler.class = null\r\n\tsasl.login.class = null\r\n\tsasl.login.connect.timeout.ms = null\r\n\tsasl.login.read.timeout.ms = null\r\n\tsasl.login.refresh.buffer.seconds = 300\r\n\tsasl.login.refresh.min.period.seconds = 60\r\n\tsasl.login.refresh.window.factor = 0.8\r\n\tsasl.login.refresh.window.jitter = 0.05\r\n\tsasl.login.retry.backoff.max.ms = 10000\r\n\tsasl.login.retry.backoff.ms = 100\r\n\tsasl.mechanism = GSSAPI\r\n\tsasl.oauthbearer.clock.skew.seconds = 30\r\n\tsasl.oauthbearer.expected.audience = null\r\n\tsasl.oauthbearer.expected.issuer = null\r\n\tsasl.oauthbearer.jwks.endpoint.refresh.ms = 3600000\r\n\tsasl.oauthbearer.jwks.endpoint.retry.backoff.max.ms = 10000\r\n\tsasl.oauthbearer.jwks.endpoint.retry.backoff.ms = 100\r\n\tsasl.oauthbearer.jwks.endpoint.url = null\r\n\tsasl.oauthbearer.scope.claim.name = scope\r\n\tsasl.oauthbearer.sub.claim.name = sub\r\n\tsasl.oauthbearer.token.endpoint.url = null\r\n\tsecurity.protocol = PLAINTEXT\r\n\tsecurity.providers = null\r\n\tsend.buffer.bytes = 131072\r\n\tsocket.connection.setup.timeout.max.ms = 30000\r\n\tsocket.connection.setup.timeout.ms = 10000\r\n\tssl.cipher.suites = null\r\n\tssl.enabled.protocols = [TLSv1.2, TLSv1.3]\r\n\tssl.endpoint.identification.algorithm = https\r\n\tssl.engine.factory.class = null\r\n\tssl.key.password = null\r\n\tssl.keymanager.algorithm = SunX509\r\n\tssl.keystore.certificate.chain = null\r\n\tssl.keystore.key = null\r\n\tssl.keystore.location = null\r\n\tssl.keystore.password = null\r\n\tssl.keystore.type = JKS\r\n\tssl.protocol = TLSv1.3\r\n\tssl.provider = null\r\n\tssl.secure.random.implementation = null\r\n\tssl.trustmanager.algorithm = PKIX\r\n\tssl.truststore.certificates = null\r\n\tssl.truststore.location = null\r\n\tssl.truststore.password = null\r\n\tssl.truststore.type = JKS\r\n\ttransaction.timeout.ms = 60000\r\n\ttransactional.id = null\r\n\tvalue.serializer = class org.apache.kafka.common.serialization.ByteArraySerializer\r\n","logger_name":"org.apache.kafka.clients.producer.ProducerConfig","thread_name":"kafka-admin-client-thread | moviebooking-backend-admin-0","level":"INFO","level_value":20000}
{"@timestamp":"2025-08-09T15:05:14.1693387+05:30","@version":"1","message":"initializing Kafka metrics collector","logger_name":"org.apache.kafka.common.telemetry.internals.KafkaMetricsCollector","thread_name":"kafka-admin-client-thread | moviebooking-backend-admin-0","level":"INFO","level_value":20000}
{"@timestamp":"2025-08-09T15:05:14.1703329+05:30","@version":"1","message":"[Producer clientId=producer-27] Instantiated an idempotent producer.","logger_name":"org.apache.kafka.clients.producer.KafkaProducer","thread_name":"kafka-admin-client-thread | moviebooking-backend-admin-0","level":"INFO","level_value":20000}
{"@timestamp":"2025-08-09T15:05:14.1713312+05:30","@version":"1","message":"[Producer clientId=producer-27] Closing the Kafka producer with timeoutMillis = 0 ms.","logger_name":"org.apache.kafka.clients.producer.KafkaProducer","thread_name":"kafka-admin-client-thread | moviebooking-backend-admin-0","level":"INFO","level_value":20000}
{"@timestamp":"2025-08-09T15:05:14.1739006+05:30","@version":"1","message":"Metrics scheduler closed","logger_name":"org.apache.kafka.common.metrics.Metrics","thread_name":"kafka-admin-client-thread | moviebooking-backend-admin-0","level":"INFO","level_value":20000}
{"@timestamp":"2025-08-09T15:05:14.1739006+05:30","@version":"1","message":"Closing reporter org.apache.kafka.common.metrics.JmxReporter","logger_name":"org.apache.kafka.common.metrics.Metrics","thread_name":"kafka-admin-client-thread | moviebooking-backend-admin-0","level":"INFO","level_value":20000}
{"@timestamp":"2025-08-09T15:05:14.1739006+05:30","@version":"1","message":"Closing reporter org.apache.kafka.common.telemetry.internals.ClientTelemetryReporter","logger_name":"org.apache.kafka.common.metrics.Metrics","thread_name":"kafka-admin-client-thread | moviebooking-backend-admin-0","level":"INFO","level_value":20000}
{"@timestamp":"2025-08-09T15:05:14.1748899+05:30","@version":"1","message":"Metrics reporters closed","logger_name":"org.apache.kafka.common.metrics.Metrics","thread_name":"kafka-admin-client-thread | moviebooking-backend-admin-0","level":"INFO","level_value":20000}
{"@timestamp":"2025-08-09T15:05:14.1748899+05:30","@version":"1","message":"App info kafka.producer for producer-27 unregistered","logger_name":"org.apache.kafka.common.utils.AppInfoParser","thread_name":"kafka-admin-client-thread | moviebooking-backend-admin-0","level":"INFO","level_value":20000}
{"@timestamp":"2025-08-09T15:05:14.3951202+05:30","@version":"1","message":"[AdminClient clientId=moviebooking-backend-admin-0] Node -1 disconnected.","logger_name":"org.apache.kafka.clients.NetworkClient","thread_name":"kafka-admin-client-thread | moviebooking-backend-admin-0","level":"INFO","level_value":20000}
{"@timestamp":"2025-08-09T15:05:14.3961072+05:30","@version":"1","message":"ProducerConfig values: \r\n\tacks = -1\r\n\tauto.include.jmx.reporter = true\r\n\tbatch.size = 16384\r\n\tbootstrap.servers = [spring.kafka.bootstrap-servers_IS_UNDEFINED]\r\n\tbuffer.memory = 33554432\r\n\tclient.dns.lookup = use_all_dns_ips\r\n\tclient.id = producer-28\r\n\tcompression.type = none\r\n\tconnections.max.idle.ms = 540000\r\n\tdelivery.timeout.ms = 120000\r\n\tenable.idempotence = true\r\n\tenable.metrics.push = true\r\n\tinterceptor.classes = []\r\n\tkey.serializer = class org.apache.kafka.common.serialization.ByteArraySerializer\r\n\tlinger.ms = 0\r\n\tmax.block.ms = 60000\r\n\tmax.in.flight.requests.per.connection = 5\r\n\tmax.request.size = 1048576\r\n\tmetadata.max.age.ms = 300000\r\n\tmetadata.max.idle.ms = 300000\r\n\tmetric.reporters = []\r\n\tmetrics.num.samples = 2\r\n\tmetrics.recording.level = INFO\r\n\tmetrics.sample.window.ms = 30000\r\n\tpartitioner.adaptive.partitioning.enable = true\r\n\tpartitioner.availability.timeout.ms = 0\r\n\tpartitioner.class = null\r\n\tpartitioner.ignore.keys = false\r\n\treceive.buffer.bytes = 32768\r\n\treconnect.backoff.max.ms = 1000\r\n\treconnect.backoff.ms = 50\r\n\trequest.timeout.ms = 30000\r\n\tretries = 2147483647\r\n\tretry.backoff.max.ms = 1000\r\n\tretry.backoff.ms = 100\r\n\tsasl.client.callback.handler.class = null\r\n\tsasl.jaas.config = null\r\n\tsasl.kerberos.kinit.cmd = /usr/bin/kinit\r\n\tsasl.kerberos.min.time.before.relogin = 60000\r\n\tsasl.kerberos.service.name = null\r\n\tsasl.kerberos.ticket.renew.jitter = 0.05\r\n\tsasl.kerberos.ticket.renew.window.factor = 0.8\r\n\tsasl.login.callback.handler.class = null\r\n\tsasl.login.class = null\r\n\tsasl.login.connect.timeout.ms = null\r\n\tsasl.login.read.timeout.ms = null\r\n\tsasl.login.refresh.buffer.seconds = 300\r\n\tsasl.login.refresh.min.period.seconds = 60\r\n\tsasl.login.refresh.window.factor = 0.8\r\n\tsasl.login.refresh.window.jitter = 0.05\r\n\tsasl.login.retry.backoff.max.ms = 10000\r\n\tsasl.login.retry.backoff.ms = 100\r\n\tsasl.mechanism = GSSAPI\r\n\tsasl.oauthbearer.clock.skew.seconds = 30\r\n\tsasl.oauthbearer.expected.audience = null\r\n\tsasl.oauthbearer.expected.issuer = null\r\n\tsasl.oauthbearer.jwks.endpoint.refresh.ms = 3600000\r\n\tsasl.oauthbearer.jwks.endpoint.retry.backoff.max.ms = 10000\r\n\tsasl.oauthbearer.jwks.endpoint.retry.backoff.ms = 100\r\n\tsasl.oauthbearer.jwks.endpoint.url = null\r\n\tsasl.oauthbearer.scope.claim.name = scope\r\n\tsasl.oauthbearer.sub.claim.name = sub\r\n\tsasl.oauthbearer.token.endpoint.url = null\r\n\tsecurity.protocol = PLAINTEXT\r\n\tsecurity.providers = null\r\n\tsend.buffer.bytes = 131072\r\n\tsocket.connection.setup.timeout.max.ms = 30000\r\n\tsocket.connection.setup.timeout.ms = 10000\r\n\tssl.cipher.suites = null\r\n\tssl.enabled.protocols = [TLSv1.2, TLSv1.3]\r\n\tssl.endpoint.identification.algorithm = https\r\n\tssl.engine.factory.class = null\r\n\tssl.key.password = null\r\n\tssl.keymanager.algorithm = SunX509\r\n\tssl.keystore.certificate.chain = null\r\n\tssl.keystore.key = null\r\n\tssl.keystore.location = null\r\n\tssl.keystore.password = null\r\n\tssl.keystore.type = JKS\r\n\tssl.protocol = TLSv1.3\r\n\tssl.provider = null\r\n\tssl.secure.random.implementation = null\r\n\tssl.trustmanager.algorithm = PKIX\r\n\tssl.truststore.certificates = null\r\n\tssl.truststore.location = null\r\n\tssl.truststore.password = null\r\n\tssl.truststore.type = JKS\r\n\ttransaction.timeout.ms = 60000\r\n\ttransactional.id = null\r\n\tvalue.serializer = class org.apache.kafka.common.serialization.ByteArraySerializer\r\n","logger_name":"org.apache.kafka.clients.producer.ProducerConfig","thread_name":"kafka-admin-client-thread | moviebooking-backend-admin-0","level":"INFO","level_value":20000}
{"@timestamp":"2025-08-09T15:05:14.3971053+05:30","@version":"1","message":"initializing Kafka metrics collector","logger_name":"org.apache.kafka.common.telemetry.internals.KafkaMetricsCollector","thread_name":"kafka-admin-client-thread | moviebooking-backend-admin-0","level":"INFO","level_value":20000}
{"@timestamp":"2025-08-09T15:05:14.4001148+05:30","@version":"1","message":"[Producer clientId=producer-28] Instantiated an idempotent producer.","logger_name":"org.apache.kafka.clients.producer.KafkaProducer","thread_name":"kafka-admin-client-thread | moviebooking-backend-admin-0","level":"INFO","level_value":20000}
{"@timestamp":"2025-08-09T15:05:14.4021149+05:30","@version":"1","message":"[Producer clientId=producer-28] Closing the Kafka producer with timeoutMillis = 0 ms.","logger_name":"org.apache.kafka.clients.producer.KafkaProducer","thread_name":"kafka-admin-client-thread | moviebooking-backend-admin-0","level":"INFO","level_value":20000}
{"@timestamp":"2025-08-09T15:05:14.4031117+05:30","@version":"1","message":"Metrics scheduler closed","logger_name":"org.apache.kafka.common.metrics.Metrics","thread_name":"kafka-admin-client-thread | moviebooking-backend-admin-0","level":"INFO","level_value":20000}
{"@timestamp":"2025-08-09T15:05:14.4031117+05:30","@version":"1","message":"Closing reporter org.apache.kafka.common.metrics.JmxReporter","logger_name":"org.apache.kafka.common.metrics.Metrics","thread_name":"kafka-admin-client-thread | moviebooking-backend-admin-0","level":"INFO","level_value":20000}
{"@timestamp":"2025-08-09T15:05:14.4036302+05:30","@version":"1","message":"Closing reporter org.apache.kafka.common.telemetry.internals.ClientTelemetryReporter","logger_name":"org.apache.kafka.common.metrics.Metrics","thread_name":"kafka-admin-client-thread | moviebooking-backend-admin-0","level":"INFO","level_value":20000}
{"@timestamp":"2025-08-09T15:05:14.4036302+05:30","@version":"1","message":"Metrics reporters closed","logger_name":"org.apache.kafka.common.metrics.Metrics","thread_name":"kafka-admin-client-thread | moviebooking-backend-admin-0","level":"INFO","level_value":20000}
{"@timestamp":"2025-08-09T15:05:14.4036302+05:30","@version":"1","message":"App info kafka.producer for producer-28 unregistered","logger_name":"org.apache.kafka.common.utils.AppInfoParser","thread_name":"kafka-admin-client-thread | moviebooking-backend-admin-0","level":"INFO","level_value":20000}
{"@timestamp":"2025-08-09T15:05:14.4046569+05:30","@version":"1","message":"[AdminClient clientId=moviebooking-backend-admin-0] Connection to node -1 (localhost/127.0.0.1:9092) could not be established. Node may not be available.","logger_name":"org.apache.kafka.clients.NetworkClient","thread_name":"kafka-admin-client-thread | moviebooking-backend-admin-0","level":"WARN","level_value":30000}
{"@timestamp":"2025-08-09T15:05:14.4066814+05:30","@version":"1","message":"ProducerConfig values: \r\n\tacks = -1\r\n\tauto.include.jmx.reporter = true\r\n\tbatch.size = 16384\r\n\tbootstrap.servers = [spring.kafka.bootstrap-servers_IS_UNDEFINED]\r\n\tbuffer.memory = 33554432\r\n\tclient.dns.lookup = use_all_dns_ips\r\n\tclient.id = producer-29\r\n\tcompression.type = none\r\n\tconnections.max.idle.ms = 540000\r\n\tdelivery.timeout.ms = 120000\r\n\tenable.idempotence = true\r\n\tenable.metrics.push = true\r\n\tinterceptor.classes = []\r\n\tkey.serializer = class org.apache.kafka.common.serialization.ByteArraySerializer\r\n\tlinger.ms = 0\r\n\tmax.block.ms = 60000\r\n\tmax.in.flight.requests.per.connection = 5\r\n\tmax.request.size = 1048576\r\n\tmetadata.max.age.ms = 300000\r\n\tmetadata.max.idle.ms = 300000\r\n\tmetric.reporters = []\r\n\tmetrics.num.samples = 2\r\n\tmetrics.recording.level = INFO\r\n\tmetrics.sample.window.ms = 30000\r\n\tpartitioner.adaptive.partitioning.enable = true\r\n\tpartitioner.availability.timeout.ms = 0\r\n\tpartitioner.class = null\r\n\tpartitioner.ignore.keys = false\r\n\treceive.buffer.bytes = 32768\r\n\treconnect.backoff.max.ms = 1000\r\n\treconnect.backoff.ms = 50\r\n\trequest.timeout.ms = 30000\r\n\tretries = 2147483647\r\n\tretry.backoff.max.ms = 1000\r\n\tretry.backoff.ms = 100\r\n\tsasl.client.callback.handler.class = null\r\n\tsasl.jaas.config = null\r\n\tsasl.kerberos.kinit.cmd = /usr/bin/kinit\r\n\tsasl.kerberos.min.time.before.relogin = 60000\r\n\tsasl.kerberos.service.name = null\r\n\tsasl.kerberos.ticket.renew.jitter = 0.05\r\n\tsasl.kerberos.ticket.renew.window.factor = 0.8\r\n\tsasl.login.callback.handler.class = null\r\n\tsasl.login.class = null\r\n\tsasl.login.connect.timeout.ms = null\r\n\tsasl.login.read.timeout.ms = null\r\n\tsasl.login.refresh.buffer.seconds = 300\r\n\tsasl.login.refresh.min.period.seconds = 60\r\n\tsasl.login.refresh.window.factor = 0.8\r\n\tsasl.login.refresh.window.jitter = 0.05\r\n\tsasl.login.retry.backoff.max.ms = 10000\r\n\tsasl.login.retry.backoff.ms = 100\r\n\tsasl.mechanism = GSSAPI\r\n\tsasl.oauthbearer.clock.skew.seconds = 30\r\n\tsasl.oauthbearer.expected.audience = null\r\n\tsasl.oauthbearer.expected.issuer = null\r\n\tsasl.oauthbearer.jwks.endpoint.refresh.ms = 3600000\r\n\tsasl.oauthbearer.jwks.endpoint.retry.backoff.max.ms = 10000\r\n\tsasl.oauthbearer.jwks.endpoint.retry.backoff.ms = 100\r\n\tsasl.oauthbearer.jwks.endpoint.url = null\r\n\tsasl.oauthbearer.scope.claim.name = scope\r\n\tsasl.oauthbearer.sub.claim.name = sub\r\n\tsasl.oauthbearer.token.endpoint.url = null\r\n\tsecurity.protocol = PLAINTEXT\r\n\tsecurity.providers = null\r\n\tsend.buffer.bytes = 131072\r\n\tsocket.connection.setup.timeout.max.ms = 30000\r\n\tsocket.connection.setup.timeout.ms = 10000\r\n\tssl.cipher.suites = null\r\n\tssl.enabled.protocols = [TLSv1.2, TLSv1.3]\r\n\tssl.endpoint.identification.algorithm = https\r\n\tssl.engine.factory.class = null\r\n\tssl.key.password = null\r\n\tssl.keymanager.algorithm = SunX509\r\n\tssl.keystore.certificate.chain = null\r\n\tssl.keystore.key = null\r\n\tssl.keystore.location = null\r\n\tssl.keystore.password = null\r\n\tssl.keystore.type = JKS\r\n\tssl.protocol = TLSv1.3\r\n\tssl.provider = null\r\n\tssl.secure.random.implementation = null\r\n\tssl.trustmanager.algorithm = PKIX\r\n\tssl.truststore.certificates = null\r\n\tssl.truststore.location = null\r\n\tssl.truststore.password = null\r\n\tssl.truststore.type = JKS\r\n\ttransaction.timeout.ms = 60000\r\n\ttransactional.id = null\r\n\tvalue.serializer = class org.apache.kafka.common.serialization.ByteArraySerializer\r\n","logger_name":"org.apache.kafka.clients.producer.ProducerConfig","thread_name":"kafka-admin-client-thread | moviebooking-backend-admin-0","level":"INFO","level_value":20000}
{"@timestamp":"2025-08-09T15:05:14.4086909+05:30","@version":"1","message":"initializing Kafka metrics collector","logger_name":"org.apache.kafka.common.telemetry.internals.KafkaMetricsCollector","thread_name":"kafka-admin-client-thread | moviebooking-backend-admin-0","level":"INFO","level_value":20000}
{"@timestamp":"2025-08-09T15:05:14.4096862+05:30","@version":"1","message":"[Producer clientId=producer-29] Instantiated an idempotent producer.","logger_name":"org.apache.kafka.clients.producer.KafkaProducer","thread_name":"kafka-admin-client-thread | moviebooking-backend-admin-0","level":"INFO","level_value":20000}
{"@timestamp":"2025-08-09T15:05:14.4106865+05:30","@version":"1","message":"[Producer clientId=producer-29] Closing the Kafka producer with timeoutMillis = 0 ms.","logger_name":"org.apache.kafka.clients.producer.KafkaProducer","thread_name":"kafka-admin-client-thread | moviebooking-backend-admin-0","level":"INFO","level_value":20000}
{"@timestamp":"2025-08-09T15:05:14.4116873+05:30","@version":"1","message":"Metrics scheduler closed","logger_name":"org.apache.kafka.common.metrics.Metrics","thread_name":"kafka-admin-client-thread | moviebooking-backend-admin-0","level":"INFO","level_value":20000}
{"@timestamp":"2025-08-09T15:05:14.4116873+05:30","@version":"1","message":"Closing reporter org.apache.kafka.common.metrics.JmxReporter","logger_name":"org.apache.kafka.common.metrics.Metrics","thread_name":"kafka-admin-client-thread | moviebooking-backend-admin-0","level":"INFO","level_value":20000}
{"@timestamp":"2025-08-09T15:05:14.4116873+05:30","@version":"1","message":"Closing reporter org.apache.kafka.common.telemetry.internals.ClientTelemetryReporter","logger_name":"org.apache.kafka.common.metrics.Metrics","thread_name":"kafka-admin-client-thread | moviebooking-backend-admin-0","level":"INFO","level_value":20000}
{"@timestamp":"2025-08-09T15:05:14.4116873+05:30","@version":"1","message":"Metrics reporters closed","logger_name":"org.apache.kafka.common.metrics.Metrics","thread_name":"kafka-admin-client-thread | moviebooking-backend-admin-0","level":"INFO","level_value":20000}
{"@timestamp":"2025-08-09T15:05:14.4116873+05:30","@version":"1","message":"App info kafka.producer for producer-29 unregistered","logger_name":"org.apache.kafka.common.utils.AppInfoParser","thread_name":"kafka-admin-client-thread | moviebooking-backend-admin-0","level":"INFO","level_value":20000}
{"@timestamp":"2025-08-09T15:05:14.8463038+05:30","@version":"1","message":"[AdminClient clientId=moviebooking-backend-admin-0] Node -1 disconnected.","logger_name":"org.apache.kafka.clients.NetworkClient","thread_name":"kafka-admin-client-thread | moviebooking-backend-admin-0","level":"INFO","level_value":20000}
{"@timestamp":"2025-08-09T15:05:14.8483008+05:30","@version":"1","message":"ProducerConfig values: \r\n\tacks = -1\r\n\tauto.include.jmx.reporter = true\r\n\tbatch.size = 16384\r\n\tbootstrap.servers = [spring.kafka.bootstrap-servers_IS_UNDEFINED]\r\n\tbuffer.memory = 33554432\r\n\tclient.dns.lookup = use_all_dns_ips\r\n\tclient.id = producer-30\r\n\tcompression.type = none\r\n\tconnections.max.idle.ms = 540000\r\n\tdelivery.timeout.ms = 120000\r\n\tenable.idempotence = true\r\n\tenable.metrics.push = true\r\n\tinterceptor.classes = []\r\n\tkey.serializer = class org.apache.kafka.common.serialization.ByteArraySerializer\r\n\tlinger.ms = 0\r\n\tmax.block.ms = 60000\r\n\tmax.in.flight.requests.per.connection = 5\r\n\tmax.request.size = 1048576\r\n\tmetadata.max.age.ms = 300000\r\n\tmetadata.max.idle.ms = 300000\r\n\tmetric.reporters = []\r\n\tmetrics.num.samples = 2\r\n\tmetrics.recording.level = INFO\r\n\tmetrics.sample.window.ms = 30000\r\n\tpartitioner.adaptive.partitioning.enable = true\r\n\tpartitioner.availability.timeout.ms = 0\r\n\tpartitioner.class = null\r\n\tpartitioner.ignore.keys = false\r\n\treceive.buffer.bytes = 32768\r\n\treconnect.backoff.max.ms = 1000\r\n\treconnect.backoff.ms = 50\r\n\trequest.timeout.ms = 30000\r\n\tretries = 2147483647\r\n\tretry.backoff.max.ms = 1000\r\n\tretry.backoff.ms = 100\r\n\tsasl.client.callback.handler.class = null\r\n\tsasl.jaas.config = null\r\n\tsasl.kerberos.kinit.cmd = /usr/bin/kinit\r\n\tsasl.kerberos.min.time.before.relogin = 60000\r\n\tsasl.kerberos.service.name = null\r\n\tsasl.kerberos.ticket.renew.jitter = 0.05\r\n\tsasl.kerberos.ticket.renew.window.factor = 0.8\r\n\tsasl.login.callback.handler.class = null\r\n\tsasl.login.class = null\r\n\tsasl.login.connect.timeout.ms = null\r\n\tsasl.login.read.timeout.ms = null\r\n\tsasl.login.refresh.buffer.seconds = 300\r\n\tsasl.login.refresh.min.period.seconds = 60\r\n\tsasl.login.refresh.window.factor = 0.8\r\n\tsasl.login.refresh.window.jitter = 0.05\r\n\tsasl.login.retry.backoff.max.ms = 10000\r\n\tsasl.login.retry.backoff.ms = 100\r\n\tsasl.mechanism = GSSAPI\r\n\tsasl.oauthbearer.clock.skew.seconds = 30\r\n\tsasl.oauthbearer.expected.audience = null\r\n\tsasl.oauthbearer.expected.issuer = null\r\n\tsasl.oauthbearer.jwks.endpoint.refresh.ms = 3600000\r\n\tsasl.oauthbearer.jwks.endpoint.retry.backoff.max.ms = 10000\r\n\tsasl.oauthbearer.jwks.endpoint.retry.backoff.ms = 100\r\n\tsasl.oauthbearer.jwks.endpoint.url = null\r\n\tsasl.oauthbearer.scope.claim.name = scope\r\n\tsasl.oauthbearer.sub.claim.name = sub\r\n\tsasl.oauthbearer.token.endpoint.url = null\r\n\tsecurity.protocol = PLAINTEXT\r\n\tsecurity.providers = null\r\n\tsend.buffer.bytes = 131072\r\n\tsocket.connection.setup.timeout.max.ms = 30000\r\n\tsocket.connection.setup.timeout.ms = 10000\r\n\tssl.cipher.suites = null\r\n\tssl.enabled.protocols = [TLSv1.2, TLSv1.3]\r\n\tssl.endpoint.identification.algorithm = https\r\n\tssl.engine.factory.class = null\r\n\tssl.key.password = null\r\n\tssl.keymanager.algorithm = SunX509\r\n\tssl.keystore.certificate.chain = null\r\n\tssl.keystore.key = null\r\n\tssl.keystore.location = null\r\n\tssl.keystore.password = null\r\n\tssl.keystore.type = JKS\r\n\tssl.protocol = TLSv1.3\r\n\tssl.provider = null\r\n\tssl.secure.random.implementation = null\r\n\tssl.trustmanager.algorithm = PKIX\r\n\tssl.truststore.certificates = null\r\n\tssl.truststore.location = null\r\n\tssl.truststore.password = null\r\n\tssl.truststore.type = JKS\r\n\ttransaction.timeout.ms = 60000\r\n\ttransactional.id = null\r\n\tvalue.serializer = class org.apache.kafka.common.serialization.ByteArraySerializer\r\n","logger_name":"org.apache.kafka.clients.producer.ProducerConfig","thread_name":"kafka-admin-client-thread | moviebooking-backend-admin-0","level":"INFO","level_value":20000}
{"@timestamp":"2025-08-09T15:05:14.8493027+05:30","@version":"1","message":"initializing Kafka metrics collector","logger_name":"org.apache.kafka.common.telemetry.internals.KafkaMetricsCollector","thread_name":"kafka-admin-client-thread | moviebooking-backend-admin-0","level":"INFO","level_value":20000}
{"@timestamp":"2025-08-09T15:05:14.8512953+05:30","@version":"1","message":"[Producer clientId=producer-30] Instantiated an idempotent producer.","logger_name":"org.apache.kafka.clients.producer.KafkaProducer","thread_name":"kafka-admin-client-thread | moviebooking-backend-admin-0","level":"INFO","level_value":20000}
{"@timestamp":"2025-08-09T15:05:14.8529116+05:30","@version":"1","message":"[Producer clientId=producer-30] Closing the Kafka producer with timeoutMillis = 0 ms.","logger_name":"org.apache.kafka.clients.producer.KafkaProducer","thread_name":"kafka-admin-client-thread | moviebooking-backend-admin-0","level":"INFO","level_value":20000}
{"@timestamp":"2025-08-09T15:05:14.8538529+05:30","@version":"1","message":"Metrics scheduler closed","logger_name":"org.apache.kafka.common.metrics.Metrics","thread_name":"kafka-admin-client-thread | moviebooking-backend-admin-0","level":"INFO","level_value":20000}
{"@timestamp":"2025-08-09T15:05:14.8538529+05:30","@version":"1","message":"Closing reporter org.apache.kafka.common.metrics.JmxReporter","logger_name":"org.apache.kafka.common.metrics.Metrics","thread_name":"kafka-admin-client-thread | moviebooking-backend-admin-0","level":"INFO","level_value":20000}
{"@timestamp":"2025-08-09T15:05:14.8538529+05:30","@version":"1","message":"Closing reporter org.apache.kafka.common.telemetry.internals.ClientTelemetryReporter","logger_name":"org.apache.kafka.common.metrics.Metrics","thread_name":"kafka-admin-client-thread | moviebooking-backend-admin-0","level":"INFO","level_value":20000}
{"@timestamp":"2025-08-09T15:05:14.8548509+05:30","@version":"1","message":"Metrics reporters closed","logger_name":"org.apache.kafka.common.metrics.Metrics","thread_name":"kafka-admin-client-thread | moviebooking-backend-admin-0","level":"INFO","level_value":20000}
{"@timestamp":"2025-08-09T15:05:14.8548509+05:30","@version":"1","message":"App info kafka.producer for producer-30 unregistered","logger_name":"org.apache.kafka.common.utils.AppInfoParser","thread_name":"kafka-admin-client-thread | moviebooking-backend-admin-0","level":"INFO","level_value":20000}
{"@timestamp":"2025-08-09T15:05:14.8548509+05:30","@version":"1","message":"[AdminClient clientId=moviebooking-backend-admin-0] Connection to node -1 (localhost/127.0.0.1:9092) could not be established. Node may not be available.","logger_name":"org.apache.kafka.clients.NetworkClient","thread_name":"kafka-admin-client-thread | moviebooking-backend-admin-0","level":"WARN","level_value":30000}
{"@timestamp":"2025-08-09T15:05:14.8568675+05:30","@version":"1","message":"ProducerConfig values: \r\n\tacks = -1\r\n\tauto.include.jmx.reporter = true\r\n\tbatch.size = 16384\r\n\tbootstrap.servers = [spring.kafka.bootstrap-servers_IS_UNDEFINED]\r\n\tbuffer.memory = 33554432\r\n\tclient.dns.lookup = use_all_dns_ips\r\n\tclient.id = producer-31\r\n\tcompression.type = none\r\n\tconnections.max.idle.ms = 540000\r\n\tdelivery.timeout.ms = 120000\r\n\tenable.idempotence = true\r\n\tenable.metrics.push = true\r\n\tinterceptor.classes = []\r\n\tkey.serializer = class org.apache.kafka.common.serialization.ByteArraySerializer\r\n\tlinger.ms = 0\r\n\tmax.block.ms = 60000\r\n\tmax.in.flight.requests.per.connection = 5\r\n\tmax.request.size = 1048576\r\n\tmetadata.max.age.ms = 300000\r\n\tmetadata.max.idle.ms = 300000\r\n\tmetric.reporters = []\r\n\tmetrics.num.samples = 2\r\n\tmetrics.recording.level = INFO\r\n\tmetrics.sample.window.ms = 30000\r\n\tpartitioner.adaptive.partitioning.enable = true\r\n\tpartitioner.availability.timeout.ms = 0\r\n\tpartitioner.class = null\r\n\tpartitioner.ignore.keys = false\r\n\treceive.buffer.bytes = 32768\r\n\treconnect.backoff.max.ms = 1000\r\n\treconnect.backoff.ms = 50\r\n\trequest.timeout.ms = 30000\r\n\tretries = 2147483647\r\n\tretry.backoff.max.ms = 1000\r\n\tretry.backoff.ms = 100\r\n\tsasl.client.callback.handler.class = null\r\n\tsasl.jaas.config = null\r\n\tsasl.kerberos.kinit.cmd = /usr/bin/kinit\r\n\tsasl.kerberos.min.time.before.relogin = 60000\r\n\tsasl.kerberos.service.name = null\r\n\tsasl.kerberos.ticket.renew.jitter = 0.05\r\n\tsasl.kerberos.ticket.renew.window.factor = 0.8\r\n\tsasl.login.callback.handler.class = null\r\n\tsasl.login.class = null\r\n\tsasl.login.connect.timeout.ms = null\r\n\tsasl.login.read.timeout.ms = null\r\n\tsasl.login.refresh.buffer.seconds = 300\r\n\tsasl.login.refresh.min.period.seconds = 60\r\n\tsasl.login.refresh.window.factor = 0.8\r\n\tsasl.login.refresh.window.jitter = 0.05\r\n\tsasl.login.retry.backoff.max.ms = 10000\r\n\tsasl.login.retry.backoff.ms = 100\r\n\tsasl.mechanism = GSSAPI\r\n\tsasl.oauthbearer.clock.skew.seconds = 30\r\n\tsasl.oauthbearer.expected.audience = null\r\n\tsasl.oauthbearer.expected.issuer = null\r\n\tsasl.oauthbearer.jwks.endpoint.refresh.ms = 3600000\r\n\tsasl.oauthbearer.jwks.endpoint.retry.backoff.max.ms = 10000\r\n\tsasl.oauthbearer.jwks.endpoint.retry.backoff.ms = 100\r\n\tsasl.oauthbearer.jwks.endpoint.url = null\r\n\tsasl.oauthbearer.scope.claim.name = scope\r\n\tsasl.oauthbearer.sub.claim.name = sub\r\n\tsasl.oauthbearer.token.endpoint.url = null\r\n\tsecurity.protocol = PLAINTEXT\r\n\tsecurity.providers = null\r\n\tsend.buffer.bytes = 131072\r\n\tsocket.connection.setup.timeout.max.ms = 30000\r\n\tsocket.connection.setup.timeout.ms = 10000\r\n\tssl.cipher.suites = null\r\n\tssl.enabled.protocols = [TLSv1.2, TLSv1.3]\r\n\tssl.endpoint.identification.algorithm = https\r\n\tssl.engine.factory.class = null\r\n\tssl.key.password = null\r\n\tssl.keymanager.algorithm = SunX509\r\n\tssl.keystore.certificate.chain = null\r\n\tssl.keystore.key = null\r\n\tssl.keystore.location = null\r\n\tssl.keystore.password = null\r\n\tssl.keystore.type = JKS\r\n\tssl.protocol = TLSv1.3\r\n\tssl.provider = null\r\n\tssl.secure.random.implementation = null\r\n\tssl.trustmanager.algorithm = PKIX\r\n\tssl.truststore.certificates = null\r\n\tssl.truststore.location = null\r\n\tssl.truststore.password = null\r\n\tssl.truststore.type = JKS\r\n\ttransaction.timeout.ms = 60000\r\n\ttransactional.id = null\r\n\tvalue.serializer = class org.apache.kafka.common.serialization.ByteArraySerializer\r\n","logger_name":"org.apache.kafka.clients.producer.ProducerConfig","thread_name":"kafka-admin-client-thread | moviebooking-backend-admin-0","level":"INFO","level_value":20000}
{"@timestamp":"2025-08-09T15:05:14.8568675+05:30","@version":"1","message":"initializing Kafka metrics collector","logger_name":"org.apache.kafka.common.telemetry.internals.KafkaMetricsCollector","thread_name":"kafka-admin-client-thread | moviebooking-backend-admin-0","level":"INFO","level_value":20000}
{"@timestamp":"2025-08-09T15:05:14.8588817+05:30","@version":"1","message":"[Producer clientId=producer-31] Instantiated an idempotent producer.","logger_name":"org.apache.kafka.clients.producer.KafkaProducer","thread_name":"kafka-admin-client-thread | moviebooking-backend-admin-0","level":"INFO","level_value":20000}
{"@timestamp":"2025-08-09T15:05:14.8608758+05:30","@version":"1","message":"[Producer clientId=producer-31] Closing the Kafka producer with timeoutMillis = 0 ms.","logger_name":"org.apache.kafka.clients.producer.KafkaProducer","thread_name":"kafka-admin-client-thread | moviebooking-backend-admin-0","level":"INFO","level_value":20000}
{"@timestamp":"2025-08-09T15:05:14.8618741+05:30","@version":"1","message":"Metrics scheduler closed","logger_name":"org.apache.kafka.common.metrics.Metrics","thread_name":"kafka-admin-client-thread | moviebooking-backend-admin-0","level":"INFO","level_value":20000}
{"@timestamp":"2025-08-09T15:05:14.8618741+05:30","@version":"1","message":"Closing reporter org.apache.kafka.common.metrics.JmxReporter","logger_name":"org.apache.kafka.common.metrics.Metrics","thread_name":"kafka-admin-client-thread | moviebooking-backend-admin-0","level":"INFO","level_value":20000}
{"@timestamp":"2025-08-09T15:05:14.8618741+05:30","@version":"1","message":"Closing reporter org.apache.kafka.common.telemetry.internals.ClientTelemetryReporter","logger_name":"org.apache.kafka.common.metrics.Metrics","thread_name":"kafka-admin-client-thread | moviebooking-backend-admin-0","level":"INFO","level_value":20000}
{"@timestamp":"2025-08-09T15:05:14.8618741+05:30","@version":"1","message":"Metrics reporters closed","logger_name":"org.apache.kafka.common.metrics.Metrics","thread_name":"kafka-admin-client-thread | moviebooking-backend-admin-0","level":"INFO","level_value":20000}
{"@timestamp":"2025-08-09T15:05:14.8618741+05:30","@version":"1","message":"App info kafka.producer for producer-31 unregistered","logger_name":"org.apache.kafka.common.utils.AppInfoParser","thread_name":"kafka-admin-client-thread | moviebooking-backend-admin-0","level":"INFO","level_value":20000}
{"@timestamp":"2025-08-09T15:05:15.8431226+05:30","@version":"1","message":"[AdminClient clientId=moviebooking-backend-admin-0] Node -1 disconnected.","logger_name":"org.apache.kafka.clients.NetworkClient","thread_name":"kafka-admin-client-thread | moviebooking-backend-admin-0","level":"INFO","level_value":20000}
{"@timestamp":"2025-08-09T15:05:15.8454964+05:30","@version":"1","message":"ProducerConfig values: \r\n\tacks = -1\r\n\tauto.include.jmx.reporter = true\r\n\tbatch.size = 16384\r\n\tbootstrap.servers = [spring.kafka.bootstrap-servers_IS_UNDEFINED]\r\n\tbuffer.memory = 33554432\r\n\tclient.dns.lookup = use_all_dns_ips\r\n\tclient.id = producer-32\r\n\tcompression.type = none\r\n\tconnections.max.idle.ms = 540000\r\n\tdelivery.timeout.ms = 120000\r\n\tenable.idempotence = true\r\n\tenable.metrics.push = true\r\n\tinterceptor.classes = []\r\n\tkey.serializer = class org.apache.kafka.common.serialization.ByteArraySerializer\r\n\tlinger.ms = 0\r\n\tmax.block.ms = 60000\r\n\tmax.in.flight.requests.per.connection = 5\r\n\tmax.request.size = 1048576\r\n\tmetadata.max.age.ms = 300000\r\n\tmetadata.max.idle.ms = 300000\r\n\tmetric.reporters = []\r\n\tmetrics.num.samples = 2\r\n\tmetrics.recording.level = INFO\r\n\tmetrics.sample.window.ms = 30000\r\n\tpartitioner.adaptive.partitioning.enable = true\r\n\tpartitioner.availability.timeout.ms = 0\r\n\tpartitioner.class = null\r\n\tpartitioner.ignore.keys = false\r\n\treceive.buffer.bytes = 32768\r\n\treconnect.backoff.max.ms = 1000\r\n\treconnect.backoff.ms = 50\r\n\trequest.timeout.ms = 30000\r\n\tretries = 2147483647\r\n\tretry.backoff.max.ms = 1000\r\n\tretry.backoff.ms = 100\r\n\tsasl.client.callback.handler.class = null\r\n\tsasl.jaas.config = null\r\n\tsasl.kerberos.kinit.cmd = /usr/bin/kinit\r\n\tsasl.kerberos.min.time.before.relogin = 60000\r\n\tsasl.kerberos.service.name = null\r\n\tsasl.kerberos.ticket.renew.jitter = 0.05\r\n\tsasl.kerberos.ticket.renew.window.factor = 0.8\r\n\tsasl.login.callback.handler.class = null\r\n\tsasl.login.class = null\r\n\tsasl.login.connect.timeout.ms = null\r\n\tsasl.login.read.timeout.ms = null\r\n\tsasl.login.refresh.buffer.seconds = 300\r\n\tsasl.login.refresh.min.period.seconds = 60\r\n\tsasl.login.refresh.window.factor = 0.8\r\n\tsasl.login.refresh.window.jitter = 0.05\r\n\tsasl.login.retry.backoff.max.ms = 10000\r\n\tsasl.login.retry.backoff.ms = 100\r\n\tsasl.mechanism = GSSAPI\r\n\tsasl.oauthbearer.clock.skew.seconds = 30\r\n\tsasl.oauthbearer.expected.audience = null\r\n\tsasl.oauthbearer.expected.issuer = null\r\n\tsasl.oauthbearer.jwks.endpoint.refresh.ms = 3600000\r\n\tsasl.oauthbearer.jwks.endpoint.retry.backoff.max.ms = 10000\r\n\tsasl.oauthbearer.jwks.endpoint.retry.backoff.ms = 100\r\n\tsasl.oauthbearer.jwks.endpoint.url = null\r\n\tsasl.oauthbearer.scope.claim.name = scope\r\n\tsasl.oauthbearer.sub.claim.name = sub\r\n\tsasl.oauthbearer.token.endpoint.url = null\r\n\tsecurity.protocol = PLAINTEXT\r\n\tsecurity.providers = null\r\n\tsend.buffer.bytes = 131072\r\n\tsocket.connection.setup.timeout.max.ms = 30000\r\n\tsocket.connection.setup.timeout.ms = 10000\r\n\tssl.cipher.suites = null\r\n\tssl.enabled.protocols = [TLSv1.2, TLSv1.3]\r\n\tssl.endpoint.identification.algorithm = https\r\n\tssl.engine.factory.class = null\r\n\tssl.key.password = null\r\n\tssl.keymanager.algorithm = SunX509\r\n\tssl.keystore.certificate.chain = null\r\n\tssl.keystore.key = null\r\n\tssl.keystore.location = null\r\n\tssl.keystore.password = null\r\n\tssl.keystore.type = JKS\r\n\tssl.protocol = TLSv1.3\r\n\tssl.provider = null\r\n\tssl.secure.random.implementation = null\r\n\tssl.trustmanager.algorithm = PKIX\r\n\tssl.truststore.certificates = null\r\n\tssl.truststore.location = null\r\n\tssl.truststore.password = null\r\n\tssl.truststore.type = JKS\r\n\ttransaction.timeout.ms = 60000\r\n\ttransactional.id = null\r\n\tvalue.serializer = class org.apache.kafka.common.serialization.ByteArraySerializer\r\n","logger_name":"org.apache.kafka.clients.producer.ProducerConfig","thread_name":"kafka-admin-client-thread | moviebooking-backend-admin-0","level":"INFO","level_value":20000}
{"@timestamp":"2025-08-09T15:05:15.8470259+05:30","@version":"1","message":"initializing Kafka metrics collector","logger_name":"org.apache.kafka.common.telemetry.internals.KafkaMetricsCollector","thread_name":"kafka-admin-client-thread | moviebooking-backend-admin-0","level":"INFO","level_value":20000}
{"@timestamp":"2025-08-09T15:05:15.8490564+05:30","@version":"1","message":"[Producer clientId=producer-32] Instantiated an idempotent producer.","logger_name":"org.apache.kafka.clients.producer.KafkaProducer","thread_name":"kafka-admin-client-thread | moviebooking-backend-admin-0","level":"INFO","level_value":20000}
{"@timestamp":"2025-08-09T15:05:15.8510616+05:30","@version":"1","message":"[Producer clientId=producer-32] Closing the Kafka producer with timeoutMillis = 0 ms.","logger_name":"org.apache.kafka.clients.producer.KafkaProducer","thread_name":"kafka-admin-client-thread | moviebooking-backend-admin-0","level":"INFO","level_value":20000}
{"@timestamp":"2025-08-09T15:05:15.8540586+05:30","@version":"1","message":"Metrics scheduler closed","logger_name":"org.apache.kafka.common.metrics.Metrics","thread_name":"kafka-admin-client-thread | moviebooking-backend-admin-0","level":"INFO","level_value":20000}
{"@timestamp":"2025-08-09T15:05:15.8540586+05:30","@version":"1","message":"Closing reporter org.apache.kafka.common.metrics.JmxReporter","logger_name":"org.apache.kafka.common.metrics.Metrics","thread_name":"kafka-admin-client-thread | moviebooking-backend-admin-0","level":"INFO","level_value":20000}
{"@timestamp":"2025-08-09T15:05:15.8550913+05:30","@version":"1","message":"Closing reporter org.apache.kafka.common.telemetry.internals.ClientTelemetryReporter","logger_name":"org.apache.kafka.common.metrics.Metrics","thread_name":"kafka-admin-client-thread | moviebooking-backend-admin-0","level":"INFO","level_value":20000}
{"@timestamp":"2025-08-09T15:05:15.8550913+05:30","@version":"1","message":"Metrics reporters closed","logger_name":"org.apache.kafka.common.metrics.Metrics","thread_name":"kafka-admin-client-thread | moviebooking-backend-admin-0","level":"INFO","level_value":20000}
{"@timestamp":"2025-08-09T15:05:15.8550913+05:30","@version":"1","message":"App info kafka.producer for producer-32 unregistered","logger_name":"org.apache.kafka.common.utils.AppInfoParser","thread_name":"kafka-admin-client-thread | moviebooking-backend-admin-0","level":"INFO","level_value":20000}
{"@timestamp":"2025-08-09T15:05:15.8560907+05:30","@version":"1","message":"[AdminClient clientId=moviebooking-backend-admin-0] Connection to node -1 (localhost/127.0.0.1:9092) could not be established. Node may not be available.","logger_name":"org.apache.kafka.clients.NetworkClient","thread_name":"kafka-admin-client-thread | moviebooking-backend-admin-0","level":"WARN","level_value":30000}
{"@timestamp":"2025-08-09T15:05:15.8570835+05:30","@version":"1","message":"ProducerConfig values: \r\n\tacks = -1\r\n\tauto.include.jmx.reporter = true\r\n\tbatch.size = 16384\r\n\tbootstrap.servers = [spring.kafka.bootstrap-servers_IS_UNDEFINED]\r\n\tbuffer.memory = 33554432\r\n\tclient.dns.lookup = use_all_dns_ips\r\n\tclient.id = producer-33\r\n\tcompression.type = none\r\n\tconnections.max.idle.ms = 540000\r\n\tdelivery.timeout.ms = 120000\r\n\tenable.idempotence = true\r\n\tenable.metrics.push = true\r\n\tinterceptor.classes = []\r\n\tkey.serializer = class org.apache.kafka.common.serialization.ByteArraySerializer\r\n\tlinger.ms = 0\r\n\tmax.block.ms = 60000\r\n\tmax.in.flight.requests.per.connection = 5\r\n\tmax.request.size = 1048576\r\n\tmetadata.max.age.ms = 300000\r\n\tmetadata.max.idle.ms = 300000\r\n\tmetric.reporters = []\r\n\tmetrics.num.samples = 2\r\n\tmetrics.recording.level = INFO\r\n\tmetrics.sample.window.ms = 30000\r\n\tpartitioner.adaptive.partitioning.enable = true\r\n\tpartitioner.availability.timeout.ms = 0\r\n\tpartitioner.class = null\r\n\tpartitioner.ignore.keys = false\r\n\treceive.buffer.bytes = 32768\r\n\treconnect.backoff.max.ms = 1000\r\n\treconnect.backoff.ms = 50\r\n\trequest.timeout.ms = 30000\r\n\tretries = 2147483647\r\n\tretry.backoff.max.ms = 1000\r\n\tretry.backoff.ms = 100\r\n\tsasl.client.callback.handler.class = null\r\n\tsasl.jaas.config = null\r\n\tsasl.kerberos.kinit.cmd = /usr/bin/kinit\r\n\tsasl.kerberos.min.time.before.relogin = 60000\r\n\tsasl.kerberos.service.name = null\r\n\tsasl.kerberos.ticket.renew.jitter = 0.05\r\n\tsasl.kerberos.ticket.renew.window.factor = 0.8\r\n\tsasl.login.callback.handler.class = null\r\n\tsasl.login.class = null\r\n\tsasl.login.connect.timeout.ms = null\r\n\tsasl.login.read.timeout.ms = null\r\n\tsasl.login.refresh.buffer.seconds = 300\r\n\tsasl.login.refresh.min.period.seconds = 60\r\n\tsasl.login.refresh.window.factor = 0.8\r\n\tsasl.login.refresh.window.jitter = 0.05\r\n\tsasl.login.retry.backoff.max.ms = 10000\r\n\tsasl.login.retry.backoff.ms = 100\r\n\tsasl.mechanism = GSSAPI\r\n\tsasl.oauthbearer.clock.skew.seconds = 30\r\n\tsasl.oauthbearer.expected.audience = null\r\n\tsasl.oauthbearer.expected.issuer = null\r\n\tsasl.oauthbearer.jwks.endpoint.refresh.ms = 3600000\r\n\tsasl.oauthbearer.jwks.endpoint.retry.backoff.max.ms = 10000\r\n\tsasl.oauthbearer.jwks.endpoint.retry.backoff.ms = 100\r\n\tsasl.oauthbearer.jwks.endpoint.url = null\r\n\tsasl.oauthbearer.scope.claim.name = scope\r\n\tsasl.oauthbearer.sub.claim.name = sub\r\n\tsasl.oauthbearer.token.endpoint.url = null\r\n\tsecurity.protocol = PLAINTEXT\r\n\tsecurity.providers = null\r\n\tsend.buffer.bytes = 131072\r\n\tsocket.connection.setup.timeout.max.ms = 30000\r\n\tsocket.connection.setup.timeout.ms = 10000\r\n\tssl.cipher.suites = null\r\n\tssl.enabled.protocols = [TLSv1.2, TLSv1.3]\r\n\tssl.endpoint.identification.algorithm = https\r\n\tssl.engine.factory.class = null\r\n\tssl.key.password = null\r\n\tssl.keymanager.algorithm = SunX509\r\n\tssl.keystore.certificate.chain = null\r\n\tssl.keystore.key = null\r\n\tssl.keystore.location = null\r\n\tssl.keystore.password = null\r\n\tssl.keystore.type = JKS\r\n\tssl.protocol = TLSv1.3\r\n\tssl.provider = null\r\n\tssl.secure.random.implementation = null\r\n\tssl.trustmanager.algorithm = PKIX\r\n\tssl.truststore.certificates = null\r\n\tssl.truststore.location = null\r\n\tssl.truststore.password = null\r\n\tssl.truststore.type = JKS\r\n\ttransaction.timeout.ms = 60000\r\n\ttransactional.id = null\r\n\tvalue.serializer = class org.apache.kafka.common.serialization.ByteArraySerializer\r\n","logger_name":"org.apache.kafka.clients.producer.ProducerConfig","thread_name":"kafka-admin-client-thread | moviebooking-backend-admin-0","level":"INFO","level_value":20000}
{"@timestamp":"2025-08-09T15:05:15.8580796+05:30","@version":"1","message":"initializing Kafka metrics collector","logger_name":"org.apache.kafka.common.telemetry.internals.KafkaMetricsCollector","thread_name":"kafka-admin-client-thread | moviebooking-backend-admin-0","level":"INFO","level_value":20000}
{"@timestamp":"2025-08-09T15:05:15.8600872+05:30","@version":"1","message":"[Producer clientId=producer-33] Instantiated an idempotent producer.","logger_name":"org.apache.kafka.clients.producer.KafkaProducer","thread_name":"kafka-admin-client-thread | moviebooking-backend-admin-0","level":"INFO","level_value":20000}
{"@timestamp":"2025-08-09T15:05:15.861083+05:30","@version":"1","message":"[Producer clientId=producer-33] Closing the Kafka producer with timeoutMillis = 0 ms.","logger_name":"org.apache.kafka.clients.producer.KafkaProducer","thread_name":"kafka-admin-client-thread | moviebooking-backend-admin-0","level":"INFO","level_value":20000}
{"@timestamp":"2025-08-09T15:05:15.8626862+05:30","@version":"1","message":"Metrics scheduler closed","logger_name":"org.apache.kafka.common.metrics.Metrics","thread_name":"kafka-admin-client-thread | moviebooking-backend-admin-0","level":"INFO","level_value":20000}
{"@timestamp":"2025-08-09T15:05:15.8626862+05:30","@version":"1","message":"Closing reporter org.apache.kafka.common.metrics.JmxReporter","logger_name":"org.apache.kafka.common.metrics.Metrics","thread_name":"kafka-admin-client-thread | moviebooking-backend-admin-0","level":"INFO","level_value":20000}
{"@timestamp":"2025-08-09T15:05:15.8626862+05:30","@version":"1","message":"Closing reporter org.apache.kafka.common.telemetry.internals.ClientTelemetryReporter","logger_name":"org.apache.kafka.common.metrics.Metrics","thread_name":"kafka-admin-client-thread | moviebooking-backend-admin-0","level":"INFO","level_value":20000}
{"@timestamp":"2025-08-09T15:05:15.8636382+05:30","@version":"1","message":"Metrics reporters closed","logger_name":"org.apache.kafka.common.metrics.Metrics","thread_name":"kafka-admin-client-thread | moviebooking-backend-admin-0","level":"INFO","level_value":20000}
{"@timestamp":"2025-08-09T15:05:15.8636382+05:30","@version":"1","message":"App info kafka.producer for producer-33 unregistered","logger_name":"org.apache.kafka.common.utils.AppInfoParser","thread_name":"kafka-admin-client-thread | moviebooking-backend-admin-0","level":"INFO","level_value":20000}
{"@timestamp":"2025-08-09T15:05:16.7428831+05:30","@version":"1","message":"[AdminClient clientId=moviebooking-backend-admin-0] Node -1 disconnected.","logger_name":"org.apache.kafka.clients.NetworkClient","thread_name":"kafka-admin-client-thread | moviebooking-backend-admin-0","level":"INFO","level_value":20000}
{"@timestamp":"2025-08-09T15:05:16.7448274+05:30","@version":"1","message":"ProducerConfig values: \r\n\tacks = -1\r\n\tauto.include.jmx.reporter = true\r\n\tbatch.size = 16384\r\n\tbootstrap.servers = [spring.kafka.bootstrap-servers_IS_UNDEFINED]\r\n\tbuffer.memory = 33554432\r\n\tclient.dns.lookup = use_all_dns_ips\r\n\tclient.id = producer-34\r\n\tcompression.type = none\r\n\tconnections.max.idle.ms = 540000\r\n\tdelivery.timeout.ms = 120000\r\n\tenable.idempotence = true\r\n\tenable.metrics.push = true\r\n\tinterceptor.classes = []\r\n\tkey.serializer = class org.apache.kafka.common.serialization.ByteArraySerializer\r\n\tlinger.ms = 0\r\n\tmax.block.ms = 60000\r\n\tmax.in.flight.requests.per.connection = 5\r\n\tmax.request.size = 1048576\r\n\tmetadata.max.age.ms = 300000\r\n\tmetadata.max.idle.ms = 300000\r\n\tmetric.reporters = []\r\n\tmetrics.num.samples = 2\r\n\tmetrics.recording.level = INFO\r\n\tmetrics.sample.window.ms = 30000\r\n\tpartitioner.adaptive.partitioning.enable = true\r\n\tpartitioner.availability.timeout.ms = 0\r\n\tpartitioner.class = null\r\n\tpartitioner.ignore.keys = false\r\n\treceive.buffer.bytes = 32768\r\n\treconnect.backoff.max.ms = 1000\r\n\treconnect.backoff.ms = 50\r\n\trequest.timeout.ms = 30000\r\n\tretries = 2147483647\r\n\tretry.backoff.max.ms = 1000\r\n\tretry.backoff.ms = 100\r\n\tsasl.client.callback.handler.class = null\r\n\tsasl.jaas.config = null\r\n\tsasl.kerberos.kinit.cmd = /usr/bin/kinit\r\n\tsasl.kerberos.min.time.before.relogin = 60000\r\n\tsasl.kerberos.service.name = null\r\n\tsasl.kerberos.ticket.renew.jitter = 0.05\r\n\tsasl.kerberos.ticket.renew.window.factor = 0.8\r\n\tsasl.login.callback.handler.class = null\r\n\tsasl.login.class = null\r\n\tsasl.login.connect.timeout.ms = null\r\n\tsasl.login.read.timeout.ms = null\r\n\tsasl.login.refresh.buffer.seconds = 300\r\n\tsasl.login.refresh.min.period.seconds = 60\r\n\tsasl.login.refresh.window.factor = 0.8\r\n\tsasl.login.refresh.window.jitter = 0.05\r\n\tsasl.login.retry.backoff.max.ms = 10000\r\n\tsasl.login.retry.backoff.ms = 100\r\n\tsasl.mechanism = GSSAPI\r\n\tsasl.oauthbearer.clock.skew.seconds = 30\r\n\tsasl.oauthbearer.expected.audience = null\r\n\tsasl.oauthbearer.expected.issuer = null\r\n\tsasl.oauthbearer.jwks.endpoint.refresh.ms = 3600000\r\n\tsasl.oauthbearer.jwks.endpoint.retry.backoff.max.ms = 10000\r\n\tsasl.oauthbearer.jwks.endpoint.retry.backoff.ms = 100\r\n\tsasl.oauthbearer.jwks.endpoint.url = null\r\n\tsasl.oauthbearer.scope.claim.name = scope\r\n\tsasl.oauthbearer.sub.claim.name = sub\r\n\tsasl.oauthbearer.token.endpoint.url = null\r\n\tsecurity.protocol = PLAINTEXT\r\n\tsecurity.providers = null\r\n\tsend.buffer.bytes = 131072\r\n\tsocket.connection.setup.timeout.max.ms = 30000\r\n\tsocket.connection.setup.timeout.ms = 10000\r\n\tssl.cipher.suites = null\r\n\tssl.enabled.protocols = [TLSv1.2, TLSv1.3]\r\n\tssl.endpoint.identification.algorithm = https\r\n\tssl.engine.factory.class = null\r\n\tssl.key.password = null\r\n\tssl.keymanager.algorithm = SunX509\r\n\tssl.keystore.certificate.chain = null\r\n\tssl.keystore.key = null\r\n\tssl.keystore.location = null\r\n\tssl.keystore.password = null\r\n\tssl.keystore.type = JKS\r\n\tssl.protocol = TLSv1.3\r\n\tssl.provider = null\r\n\tssl.secure.random.implementation = null\r\n\tssl.trustmanager.algorithm = PKIX\r\n\tssl.truststore.certificates = null\r\n\tssl.truststore.location = null\r\n\tssl.truststore.password = null\r\n\tssl.truststore.type = JKS\r\n\ttransaction.timeout.ms = 60000\r\n\ttransactional.id = null\r\n\tvalue.serializer = class org.apache.kafka.common.serialization.ByteArraySerializer\r\n","logger_name":"org.apache.kafka.clients.producer.ProducerConfig","thread_name":"kafka-admin-client-thread | moviebooking-backend-admin-0","level":"INFO","level_value":20000}
{"@timestamp":"2025-08-09T15:05:16.7458484+05:30","@version":"1","message":"initializing Kafka metrics collector","logger_name":"org.apache.kafka.common.telemetry.internals.KafkaMetricsCollector","thread_name":"kafka-admin-client-thread | moviebooking-backend-admin-0","level":"INFO","level_value":20000}
{"@timestamp":"2025-08-09T15:05:16.7488496+05:30","@version":"1","message":"[Producer clientId=producer-34] Instantiated an idempotent producer.","logger_name":"org.apache.kafka.clients.producer.KafkaProducer","thread_name":"kafka-admin-client-thread | moviebooking-backend-admin-0","level":"INFO","level_value":20000}
{"@timestamp":"2025-08-09T15:05:16.7508509+05:30","@version":"1","message":"[Producer clientId=producer-34] Closing the Kafka producer with timeoutMillis = 0 ms.","logger_name":"org.apache.kafka.clients.producer.KafkaProducer","thread_name":"kafka-admin-client-thread | moviebooking-backend-admin-0","level":"INFO","level_value":20000}
{"@timestamp":"2025-08-09T15:05:16.75285+05:30","@version":"1","message":"Metrics scheduler closed","logger_name":"org.apache.kafka.common.metrics.Metrics","thread_name":"kafka-admin-client-thread | moviebooking-backend-admin-0","level":"INFO","level_value":20000}
{"@timestamp":"2025-08-09T15:05:16.7533798+05:30","@version":"1","message":"Closing reporter org.apache.kafka.common.metrics.JmxReporter","logger_name":"org.apache.kafka.common.metrics.Metrics","thread_name":"kafka-admin-client-thread | moviebooking-backend-admin-0","level":"INFO","level_value":20000}
{"@timestamp":"2025-08-09T15:05:16.7544166+05:30","@version":"1","message":"Closing reporter org.apache.kafka.common.telemetry.internals.ClientTelemetryReporter","logger_name":"org.apache.kafka.common.metrics.Metrics","thread_name":"kafka-admin-client-thread | moviebooking-backend-admin-0","level":"INFO","level_value":20000}
{"@timestamp":"2025-08-09T15:05:16.7544166+05:30","@version":"1","message":"Metrics reporters closed","logger_name":"org.apache.kafka.common.metrics.Metrics","thread_name":"kafka-admin-client-thread | moviebooking-backend-admin-0","level":"INFO","level_value":20000}
{"@timestamp":"2025-08-09T15:05:16.7544166+05:30","@version":"1","message":"App info kafka.producer for producer-34 unregistered","logger_name":"org.apache.kafka.common.utils.AppInfoParser","thread_name":"kafka-admin-client-thread | moviebooking-backend-admin-0","level":"INFO","level_value":20000}
{"@timestamp":"2025-08-09T15:05:16.755802+05:30","@version":"1","message":"[AdminClient clientId=moviebooking-backend-admin-0] Connection to node -1 (localhost/127.0.0.1:9092) could not be established. Node may not be available.","logger_name":"org.apache.kafka.clients.NetworkClient","thread_name":"kafka-admin-client-thread | moviebooking-backend-admin-0","level":"WARN","level_value":30000}
{"@timestamp":"2025-08-09T15:05:16.7570509+05:30","@version":"1","message":"ProducerConfig values: \r\n\tacks = -1\r\n\tauto.include.jmx.reporter = true\r\n\tbatch.size = 16384\r\n\tbootstrap.servers = [spring.kafka.bootstrap-servers_IS_UNDEFINED]\r\n\tbuffer.memory = 33554432\r\n\tclient.dns.lookup = use_all_dns_ips\r\n\tclient.id = producer-35\r\n\tcompression.type = none\r\n\tconnections.max.idle.ms = 540000\r\n\tdelivery.timeout.ms = 120000\r\n\tenable.idempotence = true\r\n\tenable.metrics.push = true\r\n\tinterceptor.classes = []\r\n\tkey.serializer = class org.apache.kafka.common.serialization.ByteArraySerializer\r\n\tlinger.ms = 0\r\n\tmax.block.ms = 60000\r\n\tmax.in.flight.requests.per.connection = 5\r\n\tmax.request.size = 1048576\r\n\tmetadata.max.age.ms = 300000\r\n\tmetadata.max.idle.ms = 300000\r\n\tmetric.reporters = []\r\n\tmetrics.num.samples = 2\r\n\tmetrics.recording.level = INFO\r\n\tmetrics.sample.window.ms = 30000\r\n\tpartitioner.adaptive.partitioning.enable = true\r\n\tpartitioner.availability.timeout.ms = 0\r\n\tpartitioner.class = null\r\n\tpartitioner.ignore.keys = false\r\n\treceive.buffer.bytes = 32768\r\n\treconnect.backoff.max.ms = 1000\r\n\treconnect.backoff.ms = 50\r\n\trequest.timeout.ms = 30000\r\n\tretries = 2147483647\r\n\tretry.backoff.max.ms = 1000\r\n\tretry.backoff.ms = 100\r\n\tsasl.client.callback.handler.class = null\r\n\tsasl.jaas.config = null\r\n\tsasl.kerberos.kinit.cmd = /usr/bin/kinit\r\n\tsasl.kerberos.min.time.before.relogin = 60000\r\n\tsasl.kerberos.service.name = null\r\n\tsasl.kerberos.ticket.renew.jitter = 0.05\r\n\tsasl.kerberos.ticket.renew.window.factor = 0.8\r\n\tsasl.login.callback.handler.class = null\r\n\tsasl.login.class = null\r\n\tsasl.login.connect.timeout.ms = null\r\n\tsasl.login.read.timeout.ms = null\r\n\tsasl.login.refresh.buffer.seconds = 300\r\n\tsasl.login.refresh.min.period.seconds = 60\r\n\tsasl.login.refresh.window.factor = 0.8\r\n\tsasl.login.refresh.window.jitter = 0.05\r\n\tsasl.login.retry.backoff.max.ms = 10000\r\n\tsasl.login.retry.backoff.ms = 100\r\n\tsasl.mechanism = GSSAPI\r\n\tsasl.oauthbearer.clock.skew.seconds = 30\r\n\tsasl.oauthbearer.expected.audience = null\r\n\tsasl.oauthbearer.expected.issuer = null\r\n\tsasl.oauthbearer.jwks.endpoint.refresh.ms = 3600000\r\n\tsasl.oauthbearer.jwks.endpoint.retry.backoff.max.ms = 10000\r\n\tsasl.oauthbearer.jwks.endpoint.retry.backoff.ms = 100\r\n\tsasl.oauthbearer.jwks.endpoint.url = null\r\n\tsasl.oauthbearer.scope.claim.name = scope\r\n\tsasl.oauthbearer.sub.claim.name = sub\r\n\tsasl.oauthbearer.token.endpoint.url = null\r\n\tsecurity.protocol = PLAINTEXT\r\n\tsecurity.providers = null\r\n\tsend.buffer.bytes = 131072\r\n\tsocket.connection.setup.timeout.max.ms = 30000\r\n\tsocket.connection.setup.timeout.ms = 10000\r\n\tssl.cipher.suites = null\r\n\tssl.enabled.protocols = [TLSv1.2, TLSv1.3]\r\n\tssl.endpoint.identification.algorithm = https\r\n\tssl.engine.factory.class = null\r\n\tssl.key.password = null\r\n\tssl.keymanager.algorithm = SunX509\r\n\tssl.keystore.certificate.chain = null\r\n\tssl.keystore.key = null\r\n\tssl.keystore.location = null\r\n\tssl.keystore.password = null\r\n\tssl.keystore.type = JKS\r\n\tssl.protocol = TLSv1.3\r\n\tssl.provider = null\r\n\tssl.secure.random.implementation = null\r\n\tssl.trustmanager.algorithm = PKIX\r\n\tssl.truststore.certificates = null\r\n\tssl.truststore.location = null\r\n\tssl.truststore.password = null\r\n\tssl.truststore.type = JKS\r\n\ttransaction.timeout.ms = 60000\r\n\ttransactional.id = null\r\n\tvalue.serializer = class org.apache.kafka.common.serialization.ByteArraySerializer\r\n","logger_name":"org.apache.kafka.clients.producer.ProducerConfig","thread_name":"kafka-admin-client-thread | moviebooking-backend-admin-0","level":"INFO","level_value":20000}
{"@timestamp":"2025-08-09T15:05:16.758101+05:30","@version":"1","message":"initializing Kafka metrics collector","logger_name":"org.apache.kafka.common.telemetry.internals.KafkaMetricsCollector","thread_name":"kafka-admin-client-thread | moviebooking-backend-admin-0","level":"INFO","level_value":20000}
{"@timestamp":"2025-08-09T15:05:16.7600972+05:30","@version":"1","message":"[Producer clientId=producer-35] Instantiated an idempotent producer.","logger_name":"org.apache.kafka.clients.producer.KafkaProducer","thread_name":"kafka-admin-client-thread | moviebooking-backend-admin-0","level":"INFO","level_value":20000}
{"@timestamp":"2025-08-09T15:05:16.7610934+05:30","@version":"1","message":"[Producer clientId=producer-35] Closing the Kafka producer with timeoutMillis = 0 ms.","logger_name":"org.apache.kafka.clients.producer.KafkaProducer","thread_name":"kafka-admin-client-thread | moviebooking-backend-admin-0","level":"INFO","level_value":20000}
{"@timestamp":"2025-08-09T15:05:16.7637173+05:30","@version":"1","message":"Metrics scheduler closed","logger_name":"org.apache.kafka.common.metrics.Metrics","thread_name":"kafka-admin-client-thread | moviebooking-backend-admin-0","level":"INFO","level_value":20000}
{"@timestamp":"2025-08-09T15:05:16.7637173+05:30","@version":"1","message":"Closing reporter org.apache.kafka.common.metrics.JmxReporter","logger_name":"org.apache.kafka.common.metrics.Metrics","thread_name":"kafka-admin-client-thread | moviebooking-backend-admin-0","level":"INFO","level_value":20000}
{"@timestamp":"2025-08-09T15:05:16.7637173+05:30","@version":"1","message":"Closing reporter org.apache.kafka.common.telemetry.internals.ClientTelemetryReporter","logger_name":"org.apache.kafka.common.metrics.Metrics","thread_name":"kafka-admin-client-thread | moviebooking-backend-admin-0","level":"INFO","level_value":20000}
{"@timestamp":"2025-08-09T15:05:16.7637173+05:30","@version":"1","message":"Metrics reporters closed","logger_name":"org.apache.kafka.common.metrics.Metrics","thread_name":"kafka-admin-client-thread | moviebooking-backend-admin-0","level":"INFO","level_value":20000}
{"@timestamp":"2025-08-09T15:05:16.7647091+05:30","@version":"1","message":"App info kafka.producer for producer-35 unregistered","logger_name":"org.apache.kafka.common.utils.AppInfoParser","thread_name":"kafka-admin-client-thread | moviebooking-backend-admin-0","level":"INFO","level_value":20000}
{"@timestamp":"2025-08-09T15:05:17.6447165+05:30","@version":"1","message":"[AdminClient clientId=moviebooking-backend-admin-0] Node -1 disconnected.","logger_name":"org.apache.kafka.clients.NetworkClient","thread_name":"kafka-admin-client-thread | moviebooking-backend-admin-0","level":"INFO","level_value":20000}
{"@timestamp":"2025-08-09T15:05:17.6467406+05:30","@version":"1","message":"ProducerConfig values: \r\n\tacks = -1\r\n\tauto.include.jmx.reporter = true\r\n\tbatch.size = 16384\r\n\tbootstrap.servers = [spring.kafka.bootstrap-servers_IS_UNDEFINED]\r\n\tbuffer.memory = 33554432\r\n\tclient.dns.lookup = use_all_dns_ips\r\n\tclient.id = producer-36\r\n\tcompression.type = none\r\n\tconnections.max.idle.ms = 540000\r\n\tdelivery.timeout.ms = 120000\r\n\tenable.idempotence = true\r\n\tenable.metrics.push = true\r\n\tinterceptor.classes = []\r\n\tkey.serializer = class org.apache.kafka.common.serialization.ByteArraySerializer\r\n\tlinger.ms = 0\r\n\tmax.block.ms = 60000\r\n\tmax.in.flight.requests.per.connection = 5\r\n\tmax.request.size = 1048576\r\n\tmetadata.max.age.ms = 300000\r\n\tmetadata.max.idle.ms = 300000\r\n\tmetric.reporters = []\r\n\tmetrics.num.samples = 2\r\n\tmetrics.recording.level = INFO\r\n\tmetrics.sample.window.ms = 30000\r\n\tpartitioner.adaptive.partitioning.enable = true\r\n\tpartitioner.availability.timeout.ms = 0\r\n\tpartitioner.class = null\r\n\tpartitioner.ignore.keys = false\r\n\treceive.buffer.bytes = 32768\r\n\treconnect.backoff.max.ms = 1000\r\n\treconnect.backoff.ms = 50\r\n\trequest.timeout.ms = 30000\r\n\tretries = 2147483647\r\n\tretry.backoff.max.ms = 1000\r\n\tretry.backoff.ms = 100\r\n\tsasl.client.callback.handler.class = null\r\n\tsasl.jaas.config = null\r\n\tsasl.kerberos.kinit.cmd = /usr/bin/kinit\r\n\tsasl.kerberos.min.time.before.relogin = 60000\r\n\tsasl.kerberos.service.name = null\r\n\tsasl.kerberos.ticket.renew.jitter = 0.05\r\n\tsasl.kerberos.ticket.renew.window.factor = 0.8\r\n\tsasl.login.callback.handler.class = null\r\n\tsasl.login.class = null\r\n\tsasl.login.connect.timeout.ms = null\r\n\tsasl.login.read.timeout.ms = null\r\n\tsasl.login.refresh.buffer.seconds = 300\r\n\tsasl.login.refresh.min.period.seconds = 60\r\n\tsasl.login.refresh.window.factor = 0.8\r\n\tsasl.login.refresh.window.jitter = 0.05\r\n\tsasl.login.retry.backoff.max.ms = 10000\r\n\tsasl.login.retry.backoff.ms = 100\r\n\tsasl.mechanism = GSSAPI\r\n\tsasl.oauthbearer.clock.skew.seconds = 30\r\n\tsasl.oauthbearer.expected.audience = null\r\n\tsasl.oauthbearer.expected.issuer = null\r\n\tsasl.oauthbearer.jwks.endpoint.refresh.ms = 3600000\r\n\tsasl.oauthbearer.jwks.endpoint.retry.backoff.max.ms = 10000\r\n\tsasl.oauthbearer.jwks.endpoint.retry.backoff.ms = 100\r\n\tsasl.oauthbearer.jwks.endpoint.url = null\r\n\tsasl.oauthbearer.scope.claim.name = scope\r\n\tsasl.oauthbearer.sub.claim.name = sub\r\n\tsasl.oauthbearer.token.endpoint.url = null\r\n\tsecurity.protocol = PLAINTEXT\r\n\tsecurity.providers = null\r\n\tsend.buffer.bytes = 131072\r\n\tsocket.connection.setup.timeout.max.ms = 30000\r\n\tsocket.connection.setup.timeout.ms = 10000\r\n\tssl.cipher.suites = null\r\n\tssl.enabled.protocols = [TLSv1.2, TLSv1.3]\r\n\tssl.endpoint.identification.algorithm = https\r\n\tssl.engine.factory.class = null\r\n\tssl.key.password = null\r\n\tssl.keymanager.algorithm = SunX509\r\n\tssl.keystore.certificate.chain = null\r\n\tssl.keystore.key = null\r\n\tssl.keystore.location = null\r\n\tssl.keystore.password = null\r\n\tssl.keystore.type = JKS\r\n\tssl.protocol = TLSv1.3\r\n\tssl.provider = null\r\n\tssl.secure.random.implementation = null\r\n\tssl.trustmanager.algorithm = PKIX\r\n\tssl.truststore.certificates = null\r\n\tssl.truststore.location = null\r\n\tssl.truststore.password = null\r\n\tssl.truststore.type = JKS\r\n\ttransaction.timeout.ms = 60000\r\n\ttransactional.id = null\r\n\tvalue.serializer = class org.apache.kafka.common.serialization.ByteArraySerializer\r\n","logger_name":"org.apache.kafka.clients.producer.ProducerConfig","thread_name":"kafka-admin-client-thread | moviebooking-backend-admin-0","level":"INFO","level_value":20000}
{"@timestamp":"2025-08-09T15:05:17.64774+05:30","@version":"1","message":"initializing Kafka metrics collector","logger_name":"org.apache.kafka.common.telemetry.internals.KafkaMetricsCollector","thread_name":"kafka-admin-client-thread | moviebooking-backend-admin-0","level":"INFO","level_value":20000}
{"@timestamp":"2025-08-09T15:05:17.649739+05:30","@version":"1","message":"[Producer clientId=producer-36] Instantiated an idempotent producer.","logger_name":"org.apache.kafka.clients.producer.KafkaProducer","thread_name":"kafka-admin-client-thread | moviebooking-backend-admin-0","level":"INFO","level_value":20000}
{"@timestamp":"2025-08-09T15:05:17.650737+05:30","@version":"1","message":"[Producer clientId=producer-36] Closing the Kafka producer with timeoutMillis = 0 ms.","logger_name":"org.apache.kafka.clients.producer.KafkaProducer","thread_name":"kafka-admin-client-thread | moviebooking-backend-admin-0","level":"INFO","level_value":20000}
{"@timestamp":"2025-08-09T15:05:17.651742+05:30","@version":"1","message":"Metrics scheduler closed","logger_name":"org.apache.kafka.common.metrics.Metrics","thread_name":"kafka-admin-client-thread | moviebooking-backend-admin-0","level":"INFO","level_value":20000}
{"@timestamp":"2025-08-09T15:05:17.6527361+05:30","@version":"1","message":"Closing reporter org.apache.kafka.common.metrics.JmxReporter","logger_name":"org.apache.kafka.common.metrics.Metrics","thread_name":"kafka-admin-client-thread | moviebooking-backend-admin-0","level":"INFO","level_value":20000}
{"@timestamp":"2025-08-09T15:05:17.6527361+05:30","@version":"1","message":"Closing reporter org.apache.kafka.common.telemetry.internals.ClientTelemetryReporter","logger_name":"org.apache.kafka.common.metrics.Metrics","thread_name":"kafka-admin-client-thread | moviebooking-backend-admin-0","level":"INFO","level_value":20000}
{"@timestamp":"2025-08-09T15:05:17.6527361+05:30","@version":"1","message":"Metrics reporters closed","logger_name":"org.apache.kafka.common.metrics.Metrics","thread_name":"kafka-admin-client-thread | moviebooking-backend-admin-0","level":"INFO","level_value":20000}
{"@timestamp":"2025-08-09T15:05:17.6532523+05:30","@version":"1","message":"App info kafka.producer for producer-36 unregistered","logger_name":"org.apache.kafka.common.utils.AppInfoParser","thread_name":"kafka-admin-client-thread | moviebooking-backend-admin-0","level":"INFO","level_value":20000}
{"@timestamp":"2025-08-09T15:05:17.6532523+05:30","@version":"1","message":"[AdminClient clientId=moviebooking-backend-admin-0] Connection to node -1 (localhost/127.0.0.1:9092) could not be established. Node may not be available.","logger_name":"org.apache.kafka.clients.NetworkClient","thread_name":"kafka-admin-client-thread | moviebooking-backend-admin-0","level":"WARN","level_value":30000}
{"@timestamp":"2025-08-09T15:05:17.6542738+05:30","@version":"1","message":"ProducerConfig values: \r\n\tacks = -1\r\n\tauto.include.jmx.reporter = true\r\n\tbatch.size = 16384\r\n\tbootstrap.servers = [spring.kafka.bootstrap-servers_IS_UNDEFINED]\r\n\tbuffer.memory = 33554432\r\n\tclient.dns.lookup = use_all_dns_ips\r\n\tclient.id = producer-37\r\n\tcompression.type = none\r\n\tconnections.max.idle.ms = 540000\r\n\tdelivery.timeout.ms = 120000\r\n\tenable.idempotence = true\r\n\tenable.metrics.push = true\r\n\tinterceptor.classes = []\r\n\tkey.serializer = class org.apache.kafka.common.serialization.ByteArraySerializer\r\n\tlinger.ms = 0\r\n\tmax.block.ms = 60000\r\n\tmax.in.flight.requests.per.connection = 5\r\n\tmax.request.size = 1048576\r\n\tmetadata.max.age.ms = 300000\r\n\tmetadata.max.idle.ms = 300000\r\n\tmetric.reporters = []\r\n\tmetrics.num.samples = 2\r\n\tmetrics.recording.level = INFO\r\n\tmetrics.sample.window.ms = 30000\r\n\tpartitioner.adaptive.partitioning.enable = true\r\n\tpartitioner.availability.timeout.ms = 0\r\n\tpartitioner.class = null\r\n\tpartitioner.ignore.keys = false\r\n\treceive.buffer.bytes = 32768\r\n\treconnect.backoff.max.ms = 1000\r\n\treconnect.backoff.ms = 50\r\n\trequest.timeout.ms = 30000\r\n\tretries = 2147483647\r\n\tretry.backoff.max.ms = 1000\r\n\tretry.backoff.ms = 100\r\n\tsasl.client.callback.handler.class = null\r\n\tsasl.jaas.config = null\r\n\tsasl.kerberos.kinit.cmd = /usr/bin/kinit\r\n\tsasl.kerberos.min.time.before.relogin = 60000\r\n\tsasl.kerberos.service.name = null\r\n\tsasl.kerberos.ticket.renew.jitter = 0.05\r\n\tsasl.kerberos.ticket.renew.window.factor = 0.8\r\n\tsasl.login.callback.handler.class = null\r\n\tsasl.login.class = null\r\n\tsasl.login.connect.timeout.ms = null\r\n\tsasl.login.read.timeout.ms = null\r\n\tsasl.login.refresh.buffer.seconds = 300\r\n\tsasl.login.refresh.min.period.seconds = 60\r\n\tsasl.login.refresh.window.factor = 0.8\r\n\tsasl.login.refresh.window.jitter = 0.05\r\n\tsasl.login.retry.backoff.max.ms = 10000\r\n\tsasl.login.retry.backoff.ms = 100\r\n\tsasl.mechanism = GSSAPI\r\n\tsasl.oauthbearer.clock.skew.seconds = 30\r\n\tsasl.oauthbearer.expected.audience = null\r\n\tsasl.oauthbearer.expected.issuer = null\r\n\tsasl.oauthbearer.jwks.endpoint.refresh.ms = 3600000\r\n\tsasl.oauthbearer.jwks.endpoint.retry.backoff.max.ms = 10000\r\n\tsasl.oauthbearer.jwks.endpoint.retry.backoff.ms = 100\r\n\tsasl.oauthbearer.jwks.endpoint.url = null\r\n\tsasl.oauthbearer.scope.claim.name = scope\r\n\tsasl.oauthbearer.sub.claim.name = sub\r\n\tsasl.oauthbearer.token.endpoint.url = null\r\n\tsecurity.protocol = PLAINTEXT\r\n\tsecurity.providers = null\r\n\tsend.buffer.bytes = 131072\r\n\tsocket.connection.setup.timeout.max.ms = 30000\r\n\tsocket.connection.setup.timeout.ms = 10000\r\n\tssl.cipher.suites = null\r\n\tssl.enabled.protocols = [TLSv1.2, TLSv1.3]\r\n\tssl.endpoint.identification.algorithm = https\r\n\tssl.engine.factory.class = null\r\n\tssl.key.password = null\r\n\tssl.keymanager.algorithm = SunX509\r\n\tssl.keystore.certificate.chain = null\r\n\tssl.keystore.key = null\r\n\tssl.keystore.location = null\r\n\tssl.keystore.password = null\r\n\tssl.keystore.type = JKS\r\n\tssl.protocol = TLSv1.3\r\n\tssl.provider = null\r\n\tssl.secure.random.implementation = null\r\n\tssl.trustmanager.algorithm = PKIX\r\n\tssl.truststore.certificates = null\r\n\tssl.truststore.location = null\r\n\tssl.truststore.password = null\r\n\tssl.truststore.type = JKS\r\n\ttransaction.timeout.ms = 60000\r\n\ttransactional.id = null\r\n\tvalue.serializer = class org.apache.kafka.common.serialization.ByteArraySerializer\r\n","logger_name":"org.apache.kafka.clients.producer.ProducerConfig","thread_name":"kafka-admin-client-thread | moviebooking-backend-admin-0","level":"INFO","level_value":20000}
{"@timestamp":"2025-08-09T15:05:17.6552934+05:30","@version":"1","message":"initializing Kafka metrics collector","logger_name":"org.apache.kafka.common.telemetry.internals.KafkaMetricsCollector","thread_name":"kafka-admin-client-thread | moviebooking-backend-admin-0","level":"INFO","level_value":20000}
{"@timestamp":"2025-08-09T15:05:17.6562939+05:30","@version":"1","message":"[Producer clientId=producer-37] Instantiated an idempotent producer.","logger_name":"org.apache.kafka.clients.producer.KafkaProducer","thread_name":"kafka-admin-client-thread | moviebooking-backend-admin-0","level":"INFO","level_value":20000}
{"@timestamp":"2025-08-09T15:05:17.6572917+05:30","@version":"1","message":"[Producer clientId=producer-37] Closing the Kafka producer with timeoutMillis = 0 ms.","logger_name":"org.apache.kafka.clients.producer.KafkaProducer","thread_name":"kafka-admin-client-thread | moviebooking-backend-admin-0","level":"INFO","level_value":20000}
{"@timestamp":"2025-08-09T15:05:17.6582916+05:30","@version":"1","message":"Metrics scheduler closed","logger_name":"org.apache.kafka.common.metrics.Metrics","thread_name":"kafka-admin-client-thread | moviebooking-backend-admin-0","level":"INFO","level_value":20000}
{"@timestamp":"2025-08-09T15:05:17.6582916+05:30","@version":"1","message":"Closing reporter org.apache.kafka.common.metrics.JmxReporter","logger_name":"org.apache.kafka.common.metrics.Metrics","thread_name":"kafka-admin-client-thread | moviebooking-backend-admin-0","level":"INFO","level_value":20000}
{"@timestamp":"2025-08-09T15:05:17.6582916+05:30","@version":"1","message":"Closing reporter org.apache.kafka.common.telemetry.internals.ClientTelemetryReporter","logger_name":"org.apache.kafka.common.metrics.Metrics","thread_name":"kafka-admin-client-thread | moviebooking-backend-admin-0","level":"INFO","level_value":20000}
{"@timestamp":"2025-08-09T15:05:17.6582916+05:30","@version":"1","message":"Metrics reporters closed","logger_name":"org.apache.kafka.common.metrics.Metrics","thread_name":"kafka-admin-client-thread | moviebooking-backend-admin-0","level":"INFO","level_value":20000}
{"@timestamp":"2025-08-09T15:05:17.6592915+05:30","@version":"1","message":"App info kafka.producer for producer-37 unregistered","logger_name":"org.apache.kafka.common.utils.AppInfoParser","thread_name":"kafka-admin-client-thread | moviebooking-backend-admin-0","level":"INFO","level_value":20000}
{"@timestamp":"2025-08-09T15:05:18.644382+05:30","@version":"1","message":"[AdminClient clientId=moviebooking-backend-admin-0] Node -1 disconnected.","logger_name":"org.apache.kafka.clients.NetworkClient","thread_name":"kafka-admin-client-thread | moviebooking-backend-admin-0","level":"INFO","level_value":20000}
{"@timestamp":"2025-08-09T15:05:18.6464364+05:30","@version":"1","message":"ProducerConfig values: \r\n\tacks = -1\r\n\tauto.include.jmx.reporter = true\r\n\tbatch.size = 16384\r\n\tbootstrap.servers = [spring.kafka.bootstrap-servers_IS_UNDEFINED]\r\n\tbuffer.memory = 33554432\r\n\tclient.dns.lookup = use_all_dns_ips\r\n\tclient.id = producer-38\r\n\tcompression.type = none\r\n\tconnections.max.idle.ms = 540000\r\n\tdelivery.timeout.ms = 120000\r\n\tenable.idempotence = true\r\n\tenable.metrics.push = true\r\n\tinterceptor.classes = []\r\n\tkey.serializer = class org.apache.kafka.common.serialization.ByteArraySerializer\r\n\tlinger.ms = 0\r\n\tmax.block.ms = 60000\r\n\tmax.in.flight.requests.per.connection = 5\r\n\tmax.request.size = 1048576\r\n\tmetadata.max.age.ms = 300000\r\n\tmetadata.max.idle.ms = 300000\r\n\tmetric.reporters = []\r\n\tmetrics.num.samples = 2\r\n\tmetrics.recording.level = INFO\r\n\tmetrics.sample.window.ms = 30000\r\n\tpartitioner.adaptive.partitioning.enable = true\r\n\tpartitioner.availability.timeout.ms = 0\r\n\tpartitioner.class = null\r\n\tpartitioner.ignore.keys = false\r\n\treceive.buffer.bytes = 32768\r\n\treconnect.backoff.max.ms = 1000\r\n\treconnect.backoff.ms = 50\r\n\trequest.timeout.ms = 30000\r\n\tretries = 2147483647\r\n\tretry.backoff.max.ms = 1000\r\n\tretry.backoff.ms = 100\r\n\tsasl.client.callback.handler.class = null\r\n\tsasl.jaas.config = null\r\n\tsasl.kerberos.kinit.cmd = /usr/bin/kinit\r\n\tsasl.kerberos.min.time.before.relogin = 60000\r\n\tsasl.kerberos.service.name = null\r\n\tsasl.kerberos.ticket.renew.jitter = 0.05\r\n\tsasl.kerberos.ticket.renew.window.factor = 0.8\r\n\tsasl.login.callback.handler.class = null\r\n\tsasl.login.class = null\r\n\tsasl.login.connect.timeout.ms = null\r\n\tsasl.login.read.timeout.ms = null\r\n\tsasl.login.refresh.buffer.seconds = 300\r\n\tsasl.login.refresh.min.period.seconds = 60\r\n\tsasl.login.refresh.window.factor = 0.8\r\n\tsasl.login.refresh.window.jitter = 0.05\r\n\tsasl.login.retry.backoff.max.ms = 10000\r\n\tsasl.login.retry.backoff.ms = 100\r\n\tsasl.mechanism = GSSAPI\r\n\tsasl.oauthbearer.clock.skew.seconds = 30\r\n\tsasl.oauthbearer.expected.audience = null\r\n\tsasl.oauthbearer.expected.issuer = null\r\n\tsasl.oauthbearer.jwks.endpoint.refresh.ms = 3600000\r\n\tsasl.oauthbearer.jwks.endpoint.retry.backoff.max.ms = 10000\r\n\tsasl.oauthbearer.jwks.endpoint.retry.backoff.ms = 100\r\n\tsasl.oauthbearer.jwks.endpoint.url = null\r\n\tsasl.oauthbearer.scope.claim.name = scope\r\n\tsasl.oauthbearer.sub.claim.name = sub\r\n\tsasl.oauthbearer.token.endpoint.url = null\r\n\tsecurity.protocol = PLAINTEXT\r\n\tsecurity.providers = null\r\n\tsend.buffer.bytes = 131072\r\n\tsocket.connection.setup.timeout.max.ms = 30000\r\n\tsocket.connection.setup.timeout.ms = 10000\r\n\tssl.cipher.suites = null\r\n\tssl.enabled.protocols = [TLSv1.2, TLSv1.3]\r\n\tssl.endpoint.identification.algorithm = https\r\n\tssl.engine.factory.class = null\r\n\tssl.key.password = null\r\n\tssl.keymanager.algorithm = SunX509\r\n\tssl.keystore.certificate.chain = null\r\n\tssl.keystore.key = null\r\n\tssl.keystore.location = null\r\n\tssl.keystore.password = null\r\n\tssl.keystore.type = JKS\r\n\tssl.protocol = TLSv1.3\r\n\tssl.provider = null\r\n\tssl.secure.random.implementation = null\r\n\tssl.trustmanager.algorithm = PKIX\r\n\tssl.truststore.certificates = null\r\n\tssl.truststore.location = null\r\n\tssl.truststore.password = null\r\n\tssl.truststore.type = JKS\r\n\ttransaction.timeout.ms = 60000\r\n\ttransactional.id = null\r\n\tvalue.serializer = class org.apache.kafka.common.serialization.ByteArraySerializer\r\n","logger_name":"org.apache.kafka.clients.producer.ProducerConfig","thread_name":"kafka-admin-client-thread | moviebooking-backend-admin-0","level":"INFO","level_value":20000}
{"@timestamp":"2025-08-09T15:05:18.6483895+05:30","@version":"1","message":"initializing Kafka metrics collector","logger_name":"org.apache.kafka.common.telemetry.internals.KafkaMetricsCollector","thread_name":"kafka-admin-client-thread | moviebooking-backend-admin-0","level":"INFO","level_value":20000}
{"@timestamp":"2025-08-09T15:05:18.651379+05:30","@version":"1","message":"[Producer clientId=producer-38] Instantiated an idempotent producer.","logger_name":"org.apache.kafka.clients.producer.KafkaProducer","thread_name":"kafka-admin-client-thread | moviebooking-backend-admin-0","level":"INFO","level_value":20000}
{"@timestamp":"2025-08-09T15:05:18.6549443+05:30","@version":"1","message":"[Producer clientId=producer-38] Closing the Kafka producer with timeoutMillis = 0 ms.","logger_name":"org.apache.kafka.clients.producer.KafkaProducer","thread_name":"kafka-admin-client-thread | moviebooking-backend-admin-0","level":"INFO","level_value":20000}
{"@timestamp":"2025-08-09T15:05:18.6569769+05:30","@version":"1","message":"Metrics scheduler closed","logger_name":"org.apache.kafka.common.metrics.Metrics","thread_name":"kafka-admin-client-thread | moviebooking-backend-admin-0","level":"INFO","level_value":20000}
{"@timestamp":"2025-08-09T15:05:18.6579749+05:30","@version":"1","message":"Closing reporter org.apache.kafka.common.metrics.JmxReporter","logger_name":"org.apache.kafka.common.metrics.Metrics","thread_name":"kafka-admin-client-thread | moviebooking-backend-admin-0","level":"INFO","level_value":20000}
{"@timestamp":"2025-08-09T15:05:18.6579749+05:30","@version":"1","message":"Closing reporter org.apache.kafka.common.telemetry.internals.ClientTelemetryReporter","logger_name":"org.apache.kafka.common.metrics.Metrics","thread_name":"kafka-admin-client-thread | moviebooking-backend-admin-0","level":"INFO","level_value":20000}
{"@timestamp":"2025-08-09T15:05:18.6589667+05:30","@version":"1","message":"Metrics reporters closed","logger_name":"org.apache.kafka.common.metrics.Metrics","thread_name":"kafka-admin-client-thread | moviebooking-backend-admin-0","level":"INFO","level_value":20000}
{"@timestamp":"2025-08-09T15:05:18.6589667+05:30","@version":"1","message":"App info kafka.producer for producer-38 unregistered","logger_name":"org.apache.kafka.common.utils.AppInfoParser","thread_name":"kafka-admin-client-thread | moviebooking-backend-admin-0","level":"INFO","level_value":20000}
{"@timestamp":"2025-08-09T15:05:18.6589667+05:30","@version":"1","message":"[AdminClient clientId=moviebooking-backend-admin-0] Connection to node -1 (localhost/127.0.0.1:9092) could not be established. Node may not be available.","logger_name":"org.apache.kafka.clients.NetworkClient","thread_name":"kafka-admin-client-thread | moviebooking-backend-admin-0","level":"WARN","level_value":30000}
{"@timestamp":"2025-08-09T15:05:18.6609744+05:30","@version":"1","message":"ProducerConfig values: \r\n\tacks = -1\r\n\tauto.include.jmx.reporter = true\r\n\tbatch.size = 16384\r\n\tbootstrap.servers = [spring.kafka.bootstrap-servers_IS_UNDEFINED]\r\n\tbuffer.memory = 33554432\r\n\tclient.dns.lookup = use_all_dns_ips\r\n\tclient.id = producer-39\r\n\tcompression.type = none\r\n\tconnections.max.idle.ms = 540000\r\n\tdelivery.timeout.ms = 120000\r\n\tenable.idempotence = true\r\n\tenable.metrics.push = true\r\n\tinterceptor.classes = []\r\n\tkey.serializer = class org.apache.kafka.common.serialization.ByteArraySerializer\r\n\tlinger.ms = 0\r\n\tmax.block.ms = 60000\r\n\tmax.in.flight.requests.per.connection = 5\r\n\tmax.request.size = 1048576\r\n\tmetadata.max.age.ms = 300000\r\n\tmetadata.max.idle.ms = 300000\r\n\tmetric.reporters = []\r\n\tmetrics.num.samples = 2\r\n\tmetrics.recording.level = INFO\r\n\tmetrics.sample.window.ms = 30000\r\n\tpartitioner.adaptive.partitioning.enable = true\r\n\tpartitioner.availability.timeout.ms = 0\r\n\tpartitioner.class = null\r\n\tpartitioner.ignore.keys = false\r\n\treceive.buffer.bytes = 32768\r\n\treconnect.backoff.max.ms = 1000\r\n\treconnect.backoff.ms = 50\r\n\trequest.timeout.ms = 30000\r\n\tretries = 2147483647\r\n\tretry.backoff.max.ms = 1000\r\n\tretry.backoff.ms = 100\r\n\tsasl.client.callback.handler.class = null\r\n\tsasl.jaas.config = null\r\n\tsasl.kerberos.kinit.cmd = /usr/bin/kinit\r\n\tsasl.kerberos.min.time.before.relogin = 60000\r\n\tsasl.kerberos.service.name = null\r\n\tsasl.kerberos.ticket.renew.jitter = 0.05\r\n\tsasl.kerberos.ticket.renew.window.factor = 0.8\r\n\tsasl.login.callback.handler.class = null\r\n\tsasl.login.class = null\r\n\tsasl.login.connect.timeout.ms = null\r\n\tsasl.login.read.timeout.ms = null\r\n\tsasl.login.refresh.buffer.seconds = 300\r\n\tsasl.login.refresh.min.period.seconds = 60\r\n\tsasl.login.refresh.window.factor = 0.8\r\n\tsasl.login.refresh.window.jitter = 0.05\r\n\tsasl.login.retry.backoff.max.ms = 10000\r\n\tsasl.login.retry.backoff.ms = 100\r\n\tsasl.mechanism = GSSAPI\r\n\tsasl.oauthbearer.clock.skew.seconds = 30\r\n\tsasl.oauthbearer.expected.audience = null\r\n\tsasl.oauthbearer.expected.issuer = null\r\n\tsasl.oauthbearer.jwks.endpoint.refresh.ms = 3600000\r\n\tsasl.oauthbearer.jwks.endpoint.retry.backoff.max.ms = 10000\r\n\tsasl.oauthbearer.jwks.endpoint.retry.backoff.ms = 100\r\n\tsasl.oauthbearer.jwks.endpoint.url = null\r\n\tsasl.oauthbearer.scope.claim.name = scope\r\n\tsasl.oauthbearer.sub.claim.name = sub\r\n\tsasl.oauthbearer.token.endpoint.url = null\r\n\tsecurity.protocol = PLAINTEXT\r\n\tsecurity.providers = null\r\n\tsend.buffer.bytes = 131072\r\n\tsocket.connection.setup.timeout.max.ms = 30000\r\n\tsocket.connection.setup.timeout.ms = 10000\r\n\tssl.cipher.suites = null\r\n\tssl.enabled.protocols = [TLSv1.2, TLSv1.3]\r\n\tssl.endpoint.identification.algorithm = https\r\n\tssl.engine.factory.class = null\r\n\tssl.key.password = null\r\n\tssl.keymanager.algorithm = SunX509\r\n\tssl.keystore.certificate.chain = null\r\n\tssl.keystore.key = null\r\n\tssl.keystore.location = null\r\n\tssl.keystore.password = null\r\n\tssl.keystore.type = JKS\r\n\tssl.protocol = TLSv1.3\r\n\tssl.provider = null\r\n\tssl.secure.random.implementation = null\r\n\tssl.trustmanager.algorithm = PKIX\r\n\tssl.truststore.certificates = null\r\n\tssl.truststore.location = null\r\n\tssl.truststore.password = null\r\n\tssl.truststore.type = JKS\r\n\ttransaction.timeout.ms = 60000\r\n\ttransactional.id = null\r\n\tvalue.serializer = class org.apache.kafka.common.serialization.ByteArraySerializer\r\n","logger_name":"org.apache.kafka.clients.producer.ProducerConfig","thread_name":"kafka-admin-client-thread | moviebooking-backend-admin-0","level":"INFO","level_value":20000}
{"@timestamp":"2025-08-09T15:05:18.6609744+05:30","@version":"1","message":"initializing Kafka metrics collector","logger_name":"org.apache.kafka.common.telemetry.internals.KafkaMetricsCollector","thread_name":"kafka-admin-client-thread | moviebooking-backend-admin-0","level":"INFO","level_value":20000}
{"@timestamp":"2025-08-09T15:05:18.6635356+05:30","@version":"1","message":"[Producer clientId=producer-39] Instantiated an idempotent producer.","logger_name":"org.apache.kafka.clients.producer.KafkaProducer","thread_name":"kafka-admin-client-thread | moviebooking-backend-admin-0","level":"INFO","level_value":20000}
{"@timestamp":"2025-08-09T15:05:18.6645298+05:30","@version":"1","message":"[Producer clientId=producer-39] Closing the Kafka producer with timeoutMillis = 0 ms.","logger_name":"org.apache.kafka.clients.producer.KafkaProducer","thread_name":"kafka-admin-client-thread | moviebooking-backend-admin-0","level":"INFO","level_value":20000}
{"@timestamp":"2025-08-09T15:05:18.6665539+05:30","@version":"1","message":"Metrics scheduler closed","logger_name":"org.apache.kafka.common.metrics.Metrics","thread_name":"kafka-admin-client-thread | moviebooking-backend-admin-0","level":"INFO","level_value":20000}
{"@timestamp":"2025-08-09T15:05:18.6665539+05:30","@version":"1","message":"Closing reporter org.apache.kafka.common.metrics.JmxReporter","logger_name":"org.apache.kafka.common.metrics.Metrics","thread_name":"kafka-admin-client-thread | moviebooking-backend-admin-0","level":"INFO","level_value":20000}
{"@timestamp":"2025-08-09T15:05:18.6675546+05:30","@version":"1","message":"Closing reporter org.apache.kafka.common.telemetry.internals.ClientTelemetryReporter","logger_name":"org.apache.kafka.common.metrics.Metrics","thread_name":"kafka-admin-client-thread | moviebooking-backend-admin-0","level":"INFO","level_value":20000}
{"@timestamp":"2025-08-09T15:05:18.6675546+05:30","@version":"1","message":"Metrics reporters closed","logger_name":"org.apache.kafka.common.metrics.Metrics","thread_name":"kafka-admin-client-thread | moviebooking-backend-admin-0","level":"INFO","level_value":20000}
{"@timestamp":"2025-08-09T15:05:18.6685576+05:30","@version":"1","message":"App info kafka.producer for producer-39 unregistered","logger_name":"org.apache.kafka.common.utils.AppInfoParser","thread_name":"kafka-admin-client-thread | moviebooking-backend-admin-0","level":"INFO","level_value":20000}
{"@timestamp":"2025-08-09T15:05:19.6511799+05:30","@version":"1","message":"[AdminClient clientId=moviebooking-backend-admin-0] Node -1 disconnected.","logger_name":"org.apache.kafka.clients.NetworkClient","thread_name":"kafka-admin-client-thread | moviebooking-backend-admin-0","level":"INFO","level_value":20000}
{"@timestamp":"2025-08-09T15:05:19.652785+05:30","@version":"1","message":"ProducerConfig values: \r\n\tacks = -1\r\n\tauto.include.jmx.reporter = true\r\n\tbatch.size = 16384\r\n\tbootstrap.servers = [spring.kafka.bootstrap-servers_IS_UNDEFINED]\r\n\tbuffer.memory = 33554432\r\n\tclient.dns.lookup = use_all_dns_ips\r\n\tclient.id = producer-40\r\n\tcompression.type = none\r\n\tconnections.max.idle.ms = 540000\r\n\tdelivery.timeout.ms = 120000\r\n\tenable.idempotence = true\r\n\tenable.metrics.push = true\r\n\tinterceptor.classes = []\r\n\tkey.serializer = class org.apache.kafka.common.serialization.ByteArraySerializer\r\n\tlinger.ms = 0\r\n\tmax.block.ms = 60000\r\n\tmax.in.flight.requests.per.connection = 5\r\n\tmax.request.size = 1048576\r\n\tmetadata.max.age.ms = 300000\r\n\tmetadata.max.idle.ms = 300000\r\n\tmetric.reporters = []\r\n\tmetrics.num.samples = 2\r\n\tmetrics.recording.level = INFO\r\n\tmetrics.sample.window.ms = 30000\r\n\tpartitioner.adaptive.partitioning.enable = true\r\n\tpartitioner.availability.timeout.ms = 0\r\n\tpartitioner.class = null\r\n\tpartitioner.ignore.keys = false\r\n\treceive.buffer.bytes = 32768\r\n\treconnect.backoff.max.ms = 1000\r\n\treconnect.backoff.ms = 50\r\n\trequest.timeout.ms = 30000\r\n\tretries = 2147483647\r\n\tretry.backoff.max.ms = 1000\r\n\tretry.backoff.ms = 100\r\n\tsasl.client.callback.handler.class = null\r\n\tsasl.jaas.config = null\r\n\tsasl.kerberos.kinit.cmd = /usr/bin/kinit\r\n\tsasl.kerberos.min.time.before.relogin = 60000\r\n\tsasl.kerberos.service.name = null\r\n\tsasl.kerberos.ticket.renew.jitter = 0.05\r\n\tsasl.kerberos.ticket.renew.window.factor = 0.8\r\n\tsasl.login.callback.handler.class = null\r\n\tsasl.login.class = null\r\n\tsasl.login.connect.timeout.ms = null\r\n\tsasl.login.read.timeout.ms = null\r\n\tsasl.login.refresh.buffer.seconds = 300\r\n\tsasl.login.refresh.min.period.seconds = 60\r\n\tsasl.login.refresh.window.factor = 0.8\r\n\tsasl.login.refresh.window.jitter = 0.05\r\n\tsasl.login.retry.backoff.max.ms = 10000\r\n\tsasl.login.retry.backoff.ms = 100\r\n\tsasl.mechanism = GSSAPI\r\n\tsasl.oauthbearer.clock.skew.seconds = 30\r\n\tsasl.oauthbearer.expected.audience = null\r\n\tsasl.oauthbearer.expected.issuer = null\r\n\tsasl.oauthbearer.jwks.endpoint.refresh.ms = 3600000\r\n\tsasl.oauthbearer.jwks.endpoint.retry.backoff.max.ms = 10000\r\n\tsasl.oauthbearer.jwks.endpoint.retry.backoff.ms = 100\r\n\tsasl.oauthbearer.jwks.endpoint.url = null\r\n\tsasl.oauthbearer.scope.claim.name = scope\r\n\tsasl.oauthbearer.sub.claim.name = sub\r\n\tsasl.oauthbearer.token.endpoint.url = null\r\n\tsecurity.protocol = PLAINTEXT\r\n\tsecurity.providers = null\r\n\tsend.buffer.bytes = 131072\r\n\tsocket.connection.setup.timeout.max.ms = 30000\r\n\tsocket.connection.setup.timeout.ms = 10000\r\n\tssl.cipher.suites = null\r\n\tssl.enabled.protocols = [TLSv1.2, TLSv1.3]\r\n\tssl.endpoint.identification.algorithm = https\r\n\tssl.engine.factory.class = null\r\n\tssl.key.password = null\r\n\tssl.keymanager.algorithm = SunX509\r\n\tssl.keystore.certificate.chain = null\r\n\tssl.keystore.key = null\r\n\tssl.keystore.location = null\r\n\tssl.keystore.password = null\r\n\tssl.keystore.type = JKS\r\n\tssl.protocol = TLSv1.3\r\n\tssl.provider = null\r\n\tssl.secure.random.implementation = null\r\n\tssl.trustmanager.algorithm = PKIX\r\n\tssl.truststore.certificates = null\r\n\tssl.truststore.location = null\r\n\tssl.truststore.password = null\r\n\tssl.truststore.type = JKS\r\n\ttransaction.timeout.ms = 60000\r\n\ttransactional.id = null\r\n\tvalue.serializer = class org.apache.kafka.common.serialization.ByteArraySerializer\r\n","logger_name":"org.apache.kafka.clients.producer.ProducerConfig","thread_name":"kafka-admin-client-thread | moviebooking-backend-admin-0","level":"INFO","level_value":20000}
{"@timestamp":"2025-08-09T15:05:19.6537364+05:30","@version":"1","message":"initializing Kafka metrics collector","logger_name":"org.apache.kafka.common.telemetry.internals.KafkaMetricsCollector","thread_name":"kafka-admin-client-thread | moviebooking-backend-admin-0","level":"INFO","level_value":20000}
{"@timestamp":"2025-08-09T15:05:19.6547404+05:30","@version":"1","message":"[Producer clientId=producer-40] Instantiated an idempotent producer.","logger_name":"org.apache.kafka.clients.producer.KafkaProducer","thread_name":"kafka-admin-client-thread | moviebooking-backend-admin-0","level":"INFO","level_value":20000}
{"@timestamp":"2025-08-09T15:05:19.6567327+05:30","@version":"1","message":"[Producer clientId=producer-40] Closing the Kafka producer with timeoutMillis = 0 ms.","logger_name":"org.apache.kafka.clients.producer.KafkaProducer","thread_name":"kafka-admin-client-thread | moviebooking-backend-admin-0","level":"INFO","level_value":20000}
{"@timestamp":"2025-08-09T15:05:19.6577348+05:30","@version":"1","message":"Metrics scheduler closed","logger_name":"org.apache.kafka.common.metrics.Metrics","thread_name":"kafka-admin-client-thread | moviebooking-backend-admin-0","level":"INFO","level_value":20000}
{"@timestamp":"2025-08-09T15:05:19.6577348+05:30","@version":"1","message":"Closing reporter org.apache.kafka.common.metrics.JmxReporter","logger_name":"org.apache.kafka.common.metrics.Metrics","thread_name":"kafka-admin-client-thread | moviebooking-backend-admin-0","level":"INFO","level_value":20000}
{"@timestamp":"2025-08-09T15:05:19.6577348+05:30","@version":"1","message":"Closing reporter org.apache.kafka.common.telemetry.internals.ClientTelemetryReporter","logger_name":"org.apache.kafka.common.metrics.Metrics","thread_name":"kafka-admin-client-thread | moviebooking-backend-admin-0","level":"INFO","level_value":20000}
{"@timestamp":"2025-08-09T15:05:19.6577348+05:30","@version":"1","message":"Metrics reporters closed","logger_name":"org.apache.kafka.common.metrics.Metrics","thread_name":"kafka-admin-client-thread | moviebooking-backend-admin-0","level":"INFO","level_value":20000}
{"@timestamp":"2025-08-09T15:05:19.6587266+05:30","@version":"1","message":"App info kafka.producer for producer-40 unregistered","logger_name":"org.apache.kafka.common.utils.AppInfoParser","thread_name":"kafka-admin-client-thread | moviebooking-backend-admin-0","level":"INFO","level_value":20000}
{"@timestamp":"2025-08-09T15:05:19.6587266+05:30","@version":"1","message":"[AdminClient clientId=moviebooking-backend-admin-0] Connection to node -1 (localhost/127.0.0.1:9092) could not be established. Node may not be available.","logger_name":"org.apache.kafka.clients.NetworkClient","thread_name":"kafka-admin-client-thread | moviebooking-backend-admin-0","level":"WARN","level_value":30000}
{"@timestamp":"2025-08-09T15:05:19.6597423+05:30","@version":"1","message":"ProducerConfig values: \r\n\tacks = -1\r\n\tauto.include.jmx.reporter = true\r\n\tbatch.size = 16384\r\n\tbootstrap.servers = [spring.kafka.bootstrap-servers_IS_UNDEFINED]\r\n\tbuffer.memory = 33554432\r\n\tclient.dns.lookup = use_all_dns_ips\r\n\tclient.id = producer-41\r\n\tcompression.type = none\r\n\tconnections.max.idle.ms = 540000\r\n\tdelivery.timeout.ms = 120000\r\n\tenable.idempotence = true\r\n\tenable.metrics.push = true\r\n\tinterceptor.classes = []\r\n\tkey.serializer = class org.apache.kafka.common.serialization.ByteArraySerializer\r\n\tlinger.ms = 0\r\n\tmax.block.ms = 60000\r\n\tmax.in.flight.requests.per.connection = 5\r\n\tmax.request.size = 1048576\r\n\tmetadata.max.age.ms = 300000\r\n\tmetadata.max.idle.ms = 300000\r\n\tmetric.reporters = []\r\n\tmetrics.num.samples = 2\r\n\tmetrics.recording.level = INFO\r\n\tmetrics.sample.window.ms = 30000\r\n\tpartitioner.adaptive.partitioning.enable = true\r\n\tpartitioner.availability.timeout.ms = 0\r\n\tpartitioner.class = null\r\n\tpartitioner.ignore.keys = false\r\n\treceive.buffer.bytes = 32768\r\n\treconnect.backoff.max.ms = 1000\r\n\treconnect.backoff.ms = 50\r\n\trequest.timeout.ms = 30000\r\n\tretries = 2147483647\r\n\tretry.backoff.max.ms = 1000\r\n\tretry.backoff.ms = 100\r\n\tsasl.client.callback.handler.class = null\r\n\tsasl.jaas.config = null\r\n\tsasl.kerberos.kinit.cmd = /usr/bin/kinit\r\n\tsasl.kerberos.min.time.before.relogin = 60000\r\n\tsasl.kerberos.service.name = null\r\n\tsasl.kerberos.ticket.renew.jitter = 0.05\r\n\tsasl.kerberos.ticket.renew.window.factor = 0.8\r\n\tsasl.login.callback.handler.class = null\r\n\tsasl.login.class = null\r\n\tsasl.login.connect.timeout.ms = null\r\n\tsasl.login.read.timeout.ms = null\r\n\tsasl.login.refresh.buffer.seconds = 300\r\n\tsasl.login.refresh.min.period.seconds = 60\r\n\tsasl.login.refresh.window.factor = 0.8\r\n\tsasl.login.refresh.window.jitter = 0.05\r\n\tsasl.login.retry.backoff.max.ms = 10000\r\n\tsasl.login.retry.backoff.ms = 100\r\n\tsasl.mechanism = GSSAPI\r\n\tsasl.oauthbearer.clock.skew.seconds = 30\r\n\tsasl.oauthbearer.expected.audience = null\r\n\tsasl.oauthbearer.expected.issuer = null\r\n\tsasl.oauthbearer.jwks.endpoint.refresh.ms = 3600000\r\n\tsasl.oauthbearer.jwks.endpoint.retry.backoff.max.ms = 10000\r\n\tsasl.oauthbearer.jwks.endpoint.retry.backoff.ms = 100\r\n\tsasl.oauthbearer.jwks.endpoint.url = null\r\n\tsasl.oauthbearer.scope.claim.name = scope\r\n\tsasl.oauthbearer.sub.claim.name = sub\r\n\tsasl.oauthbearer.token.endpoint.url = null\r\n\tsecurity.protocol = PLAINTEXT\r\n\tsecurity.providers = null\r\n\tsend.buffer.bytes = 131072\r\n\tsocket.connection.setup.timeout.max.ms = 30000\r\n\tsocket.connection.setup.timeout.ms = 10000\r\n\tssl.cipher.suites = null\r\n\tssl.enabled.protocols = [TLSv1.2, TLSv1.3]\r\n\tssl.endpoint.identification.algorithm = https\r\n\tssl.engine.factory.class = null\r\n\tssl.key.password = null\r\n\tssl.keymanager.algorithm = SunX509\r\n\tssl.keystore.certificate.chain = null\r\n\tssl.keystore.key = null\r\n\tssl.keystore.location = null\r\n\tssl.keystore.password = null\r\n\tssl.keystore.type = JKS\r\n\tssl.protocol = TLSv1.3\r\n\tssl.provider = null\r\n\tssl.secure.random.implementation = null\r\n\tssl.trustmanager.algorithm = PKIX\r\n\tssl.truststore.certificates = null\r\n\tssl.truststore.location = null\r\n\tssl.truststore.password = null\r\n\tssl.truststore.type = JKS\r\n\ttransaction.timeout.ms = 60000\r\n\ttransactional.id = null\r\n\tvalue.serializer = class org.apache.kafka.common.serialization.ByteArraySerializer\r\n","logger_name":"org.apache.kafka.clients.producer.ProducerConfig","thread_name":"kafka-admin-client-thread | moviebooking-backend-admin-0","level":"INFO","level_value":20000}
{"@timestamp":"2025-08-09T15:05:19.6607291+05:30","@version":"1","message":"initializing Kafka metrics collector","logger_name":"org.apache.kafka.common.telemetry.internals.KafkaMetricsCollector","thread_name":"kafka-admin-client-thread | moviebooking-backend-admin-0","level":"INFO","level_value":20000}
{"@timestamp":"2025-08-09T15:05:19.6617331+05:30","@version":"1","message":"[Producer clientId=producer-41] Instantiated an idempotent producer.","logger_name":"org.apache.kafka.clients.producer.KafkaProducer","thread_name":"kafka-admin-client-thread | moviebooking-backend-admin-0","level":"INFO","level_value":20000}
{"@timestamp":"2025-08-09T15:05:19.663253+05:30","@version":"1","message":"[Producer clientId=producer-41] Closing the Kafka producer with timeoutMillis = 0 ms.","logger_name":"org.apache.kafka.clients.producer.KafkaProducer","thread_name":"kafka-admin-client-thread | moviebooking-backend-admin-0","level":"INFO","level_value":20000}
{"@timestamp":"2025-08-09T15:05:19.6642778+05:30","@version":"1","message":"Metrics scheduler closed","logger_name":"org.apache.kafka.common.metrics.Metrics","thread_name":"kafka-admin-client-thread | moviebooking-backend-admin-0","level":"INFO","level_value":20000}
{"@timestamp":"2025-08-09T15:05:19.6642778+05:30","@version":"1","message":"Closing reporter org.apache.kafka.common.metrics.JmxReporter","logger_name":"org.apache.kafka.common.metrics.Metrics","thread_name":"kafka-admin-client-thread | moviebooking-backend-admin-0","level":"INFO","level_value":20000}
{"@timestamp":"2025-08-09T15:05:19.6642778+05:30","@version":"1","message":"Closing reporter org.apache.kafka.common.telemetry.internals.ClientTelemetryReporter","logger_name":"org.apache.kafka.common.metrics.Metrics","thread_name":"kafka-admin-client-thread | moviebooking-backend-admin-0","level":"INFO","level_value":20000}
{"@timestamp":"2025-08-09T15:05:19.6642778+05:30","@version":"1","message":"Metrics reporters closed","logger_name":"org.apache.kafka.common.metrics.Metrics","thread_name":"kafka-admin-client-thread | moviebooking-backend-admin-0","level":"INFO","level_value":20000}
{"@timestamp":"2025-08-09T15:05:19.6642778+05:30","@version":"1","message":"App info kafka.producer for producer-41 unregistered","logger_name":"org.apache.kafka.common.utils.AppInfoParser","thread_name":"kafka-admin-client-thread | moviebooking-backend-admin-0","level":"INFO","level_value":20000}
{"@timestamp":"2025-08-09T15:05:20.6609399+05:30","@version":"1","message":"[AdminClient clientId=moviebooking-backend-admin-0] Node -1 disconnected.","logger_name":"org.apache.kafka.clients.NetworkClient","thread_name":"kafka-admin-client-thread | moviebooking-backend-admin-0","level":"INFO","level_value":20000}
{"@timestamp":"2025-08-09T15:05:20.6625513+05:30","@version":"1","message":"ProducerConfig values: \r\n\tacks = -1\r\n\tauto.include.jmx.reporter = true\r\n\tbatch.size = 16384\r\n\tbootstrap.servers = [spring.kafka.bootstrap-servers_IS_UNDEFINED]\r\n\tbuffer.memory = 33554432\r\n\tclient.dns.lookup = use_all_dns_ips\r\n\tclient.id = producer-42\r\n\tcompression.type = none\r\n\tconnections.max.idle.ms = 540000\r\n\tdelivery.timeout.ms = 120000\r\n\tenable.idempotence = true\r\n\tenable.metrics.push = true\r\n\tinterceptor.classes = []\r\n\tkey.serializer = class org.apache.kafka.common.serialization.ByteArraySerializer\r\n\tlinger.ms = 0\r\n\tmax.block.ms = 60000\r\n\tmax.in.flight.requests.per.connection = 5\r\n\tmax.request.size = 1048576\r\n\tmetadata.max.age.ms = 300000\r\n\tmetadata.max.idle.ms = 300000\r\n\tmetric.reporters = []\r\n\tmetrics.num.samples = 2\r\n\tmetrics.recording.level = INFO\r\n\tmetrics.sample.window.ms = 30000\r\n\tpartitioner.adaptive.partitioning.enable = true\r\n\tpartitioner.availability.timeout.ms = 0\r\n\tpartitioner.class = null\r\n\tpartitioner.ignore.keys = false\r\n\treceive.buffer.bytes = 32768\r\n\treconnect.backoff.max.ms = 1000\r\n\treconnect.backoff.ms = 50\r\n\trequest.timeout.ms = 30000\r\n\tretries = 2147483647\r\n\tretry.backoff.max.ms = 1000\r\n\tretry.backoff.ms = 100\r\n\tsasl.client.callback.handler.class = null\r\n\tsasl.jaas.config = null\r\n\tsasl.kerberos.kinit.cmd = /usr/bin/kinit\r\n\tsasl.kerberos.min.time.before.relogin = 60000\r\n\tsasl.kerberos.service.name = null\r\n\tsasl.kerberos.ticket.renew.jitter = 0.05\r\n\tsasl.kerberos.ticket.renew.window.factor = 0.8\r\n\tsasl.login.callback.handler.class = null\r\n\tsasl.login.class = null\r\n\tsasl.login.connect.timeout.ms = null\r\n\tsasl.login.read.timeout.ms = null\r\n\tsasl.login.refresh.buffer.seconds = 300\r\n\tsasl.login.refresh.min.period.seconds = 60\r\n\tsasl.login.refresh.window.factor = 0.8\r\n\tsasl.login.refresh.window.jitter = 0.05\r\n\tsasl.login.retry.backoff.max.ms = 10000\r\n\tsasl.login.retry.backoff.ms = 100\r\n\tsasl.mechanism = GSSAPI\r\n\tsasl.oauthbearer.clock.skew.seconds = 30\r\n\tsasl.oauthbearer.expected.audience = null\r\n\tsasl.oauthbearer.expected.issuer = null\r\n\tsasl.oauthbearer.jwks.endpoint.refresh.ms = 3600000\r\n\tsasl.oauthbearer.jwks.endpoint.retry.backoff.max.ms = 10000\r\n\tsasl.oauthbearer.jwks.endpoint.retry.backoff.ms = 100\r\n\tsasl.oauthbearer.jwks.endpoint.url = null\r\n\tsasl.oauthbearer.scope.claim.name = scope\r\n\tsasl.oauthbearer.sub.claim.name = sub\r\n\tsasl.oauthbearer.token.endpoint.url = null\r\n\tsecurity.protocol = PLAINTEXT\r\n\tsecurity.providers = null\r\n\tsend.buffer.bytes = 131072\r\n\tsocket.connection.setup.timeout.max.ms = 30000\r\n\tsocket.connection.setup.timeout.ms = 10000\r\n\tssl.cipher.suites = null\r\n\tssl.enabled.protocols = [TLSv1.2, TLSv1.3]\r\n\tssl.endpoint.identification.algorithm = https\r\n\tssl.engine.factory.class = null\r\n\tssl.key.password = null\r\n\tssl.keymanager.algorithm = SunX509\r\n\tssl.keystore.certificate.chain = null\r\n\tssl.keystore.key = null\r\n\tssl.keystore.location = null\r\n\tssl.keystore.password = null\r\n\tssl.keystore.type = JKS\r\n\tssl.protocol = TLSv1.3\r\n\tssl.provider = null\r\n\tssl.secure.random.implementation = null\r\n\tssl.trustmanager.algorithm = PKIX\r\n\tssl.truststore.certificates = null\r\n\tssl.truststore.location = null\r\n\tssl.truststore.password = null\r\n\tssl.truststore.type = JKS\r\n\ttransaction.timeout.ms = 60000\r\n\ttransactional.id = null\r\n\tvalue.serializer = class org.apache.kafka.common.serialization.ByteArraySerializer\r\n","logger_name":"org.apache.kafka.clients.producer.ProducerConfig","thread_name":"kafka-admin-client-thread | moviebooking-backend-admin-0","level":"INFO","level_value":20000}
{"@timestamp":"2025-08-09T15:05:20.6634803+05:30","@version":"1","message":"initializing Kafka metrics collector","logger_name":"org.apache.kafka.common.telemetry.internals.KafkaMetricsCollector","thread_name":"kafka-admin-client-thread | moviebooking-backend-admin-0","level":"INFO","level_value":20000}
{"@timestamp":"2025-08-09T15:05:20.665484+05:30","@version":"1","message":"[Producer clientId=producer-42] Instantiated an idempotent producer.","logger_name":"org.apache.kafka.clients.producer.KafkaProducer","thread_name":"kafka-admin-client-thread | moviebooking-backend-admin-0","level":"INFO","level_value":20000}
{"@timestamp":"2025-08-09T15:05:20.6674884+05:30","@version":"1","message":"[Producer clientId=producer-42] Closing the Kafka producer with timeoutMillis = 0 ms.","logger_name":"org.apache.kafka.clients.producer.KafkaProducer","thread_name":"kafka-admin-client-thread | moviebooking-backend-admin-0","level":"INFO","level_value":20000}
{"@timestamp":"2025-08-09T15:05:20.6694852+05:30","@version":"1","message":"Metrics scheduler closed","logger_name":"org.apache.kafka.common.metrics.Metrics","thread_name":"kafka-admin-client-thread | moviebooking-backend-admin-0","level":"INFO","level_value":20000}
{"@timestamp":"2025-08-09T15:05:20.6694852+05:30","@version":"1","message":"Closing reporter org.apache.kafka.common.metrics.JmxReporter","logger_name":"org.apache.kafka.common.metrics.Metrics","thread_name":"kafka-admin-client-thread | moviebooking-backend-admin-0","level":"INFO","level_value":20000}
{"@timestamp":"2025-08-09T15:05:20.6694852+05:30","@version":"1","message":"Closing reporter org.apache.kafka.common.telemetry.internals.ClientTelemetryReporter","logger_name":"org.apache.kafka.common.metrics.Metrics","thread_name":"kafka-admin-client-thread | moviebooking-backend-admin-0","level":"INFO","level_value":20000}
{"@timestamp":"2025-08-09T15:05:20.6694852+05:30","@version":"1","message":"Metrics reporters closed","logger_name":"org.apache.kafka.common.metrics.Metrics","thread_name":"kafka-admin-client-thread | moviebooking-backend-admin-0","level":"INFO","level_value":20000}
{"@timestamp":"2025-08-09T15:05:20.670476+05:30","@version":"1","message":"App info kafka.producer for producer-42 unregistered","logger_name":"org.apache.kafka.common.utils.AppInfoParser","thread_name":"kafka-admin-client-thread | moviebooking-backend-admin-0","level":"INFO","level_value":20000}
{"@timestamp":"2025-08-09T15:05:20.670476+05:30","@version":"1","message":"[AdminClient clientId=moviebooking-backend-admin-0] Connection to node -1 (localhost/127.0.0.1:9092) could not be established. Node may not be available.","logger_name":"org.apache.kafka.clients.NetworkClient","thread_name":"kafka-admin-client-thread | moviebooking-backend-admin-0","level":"WARN","level_value":30000}
{"@timestamp":"2025-08-09T15:05:20.6714763+05:30","@version":"1","message":"ProducerConfig values: \r\n\tacks = -1\r\n\tauto.include.jmx.reporter = true\r\n\tbatch.size = 16384\r\n\tbootstrap.servers = [spring.kafka.bootstrap-servers_IS_UNDEFINED]\r\n\tbuffer.memory = 33554432\r\n\tclient.dns.lookup = use_all_dns_ips\r\n\tclient.id = producer-43\r\n\tcompression.type = none\r\n\tconnections.max.idle.ms = 540000\r\n\tdelivery.timeout.ms = 120000\r\n\tenable.idempotence = true\r\n\tenable.metrics.push = true\r\n\tinterceptor.classes = []\r\n\tkey.serializer = class org.apache.kafka.common.serialization.ByteArraySerializer\r\n\tlinger.ms = 0\r\n\tmax.block.ms = 60000\r\n\tmax.in.flight.requests.per.connection = 5\r\n\tmax.request.size = 1048576\r\n\tmetadata.max.age.ms = 300000\r\n\tmetadata.max.idle.ms = 300000\r\n\tmetric.reporters = []\r\n\tmetrics.num.samples = 2\r\n\tmetrics.recording.level = INFO\r\n\tmetrics.sample.window.ms = 30000\r\n\tpartitioner.adaptive.partitioning.enable = true\r\n\tpartitioner.availability.timeout.ms = 0\r\n\tpartitioner.class = null\r\n\tpartitioner.ignore.keys = false\r\n\treceive.buffer.bytes = 32768\r\n\treconnect.backoff.max.ms = 1000\r\n\treconnect.backoff.ms = 50\r\n\trequest.timeout.ms = 30000\r\n\tretries = 2147483647\r\n\tretry.backoff.max.ms = 1000\r\n\tretry.backoff.ms = 100\r\n\tsasl.client.callback.handler.class = null\r\n\tsasl.jaas.config = null\r\n\tsasl.kerberos.kinit.cmd = /usr/bin/kinit\r\n\tsasl.kerberos.min.time.before.relogin = 60000\r\n\tsasl.kerberos.service.name = null\r\n\tsasl.kerberos.ticket.renew.jitter = 0.05\r\n\tsasl.kerberos.ticket.renew.window.factor = 0.8\r\n\tsasl.login.callback.handler.class = null\r\n\tsasl.login.class = null\r\n\tsasl.login.connect.timeout.ms = null\r\n\tsasl.login.read.timeout.ms = null\r\n\tsasl.login.refresh.buffer.seconds = 300\r\n\tsasl.login.refresh.min.period.seconds = 60\r\n\tsasl.login.refresh.window.factor = 0.8\r\n\tsasl.login.refresh.window.jitter = 0.05\r\n\tsasl.login.retry.backoff.max.ms = 10000\r\n\tsasl.login.retry.backoff.ms = 100\r\n\tsasl.mechanism = GSSAPI\r\n\tsasl.oauthbearer.clock.skew.seconds = 30\r\n\tsasl.oauthbearer.expected.audience = null\r\n\tsasl.oauthbearer.expected.issuer = null\r\n\tsasl.oauthbearer.jwks.endpoint.refresh.ms = 3600000\r\n\tsasl.oauthbearer.jwks.endpoint.retry.backoff.max.ms = 10000\r\n\tsasl.oauthbearer.jwks.endpoint.retry.backoff.ms = 100\r\n\tsasl.oauthbearer.jwks.endpoint.url = null\r\n\tsasl.oauthbearer.scope.claim.name = scope\r\n\tsasl.oauthbearer.sub.claim.name = sub\r\n\tsasl.oauthbearer.token.endpoint.url = null\r\n\tsecurity.protocol = PLAINTEXT\r\n\tsecurity.providers = null\r\n\tsend.buffer.bytes = 131072\r\n\tsocket.connection.setup.timeout.max.ms = 30000\r\n\tsocket.connection.setup.timeout.ms = 10000\r\n\tssl.cipher.suites = null\r\n\tssl.enabled.protocols = [TLSv1.2, TLSv1.3]\r\n\tssl.endpoint.identification.algorithm = https\r\n\tssl.engine.factory.class = null\r\n\tssl.key.password = null\r\n\tssl.keymanager.algorithm = SunX509\r\n\tssl.keystore.certificate.chain = null\r\n\tssl.keystore.key = null\r\n\tssl.keystore.location = null\r\n\tssl.keystore.password = null\r\n\tssl.keystore.type = JKS\r\n\tssl.protocol = TLSv1.3\r\n\tssl.provider = null\r\n\tssl.secure.random.implementation = null\r\n\tssl.trustmanager.algorithm = PKIX\r\n\tssl.truststore.certificates = null\r\n\tssl.truststore.location = null\r\n\tssl.truststore.password = null\r\n\tssl.truststore.type = JKS\r\n\ttransaction.timeout.ms = 60000\r\n\ttransactional.id = null\r\n\tvalue.serializer = class org.apache.kafka.common.serialization.ByteArraySerializer\r\n","logger_name":"org.apache.kafka.clients.producer.ProducerConfig","thread_name":"kafka-admin-client-thread | moviebooking-backend-admin-0","level":"INFO","level_value":20000}
{"@timestamp":"2025-08-09T15:05:20.6724808+05:30","@version":"1","message":"initializing Kafka metrics collector","logger_name":"org.apache.kafka.common.telemetry.internals.KafkaMetricsCollector","thread_name":"kafka-admin-client-thread | moviebooking-backend-admin-0","level":"INFO","level_value":20000}
{"@timestamp":"2025-08-09T15:05:20.6729957+05:30","@version":"1","message":"[Producer clientId=producer-43] Instantiated an idempotent producer.","logger_name":"org.apache.kafka.clients.producer.KafkaProducer","thread_name":"kafka-admin-client-thread | moviebooking-backend-admin-0","level":"INFO","level_value":20000}
{"@timestamp":"2025-08-09T15:05:20.6740186+05:30","@version":"1","message":"[Producer clientId=producer-43] Closing the Kafka producer with timeoutMillis = 0 ms.","logger_name":"org.apache.kafka.clients.producer.KafkaProducer","thread_name":"kafka-admin-client-thread | moviebooking-backend-admin-0","level":"INFO","level_value":20000}
{"@timestamp":"2025-08-09T15:05:20.6763994+05:30","@version":"1","message":"Metrics scheduler closed","logger_name":"org.apache.kafka.common.metrics.Metrics","thread_name":"kafka-admin-client-thread | moviebooking-backend-admin-0","level":"INFO","level_value":20000}
{"@timestamp":"2025-08-09T15:05:20.6763994+05:30","@version":"1","message":"Closing reporter org.apache.kafka.common.metrics.JmxReporter","logger_name":"org.apache.kafka.common.metrics.Metrics","thread_name":"kafka-admin-client-thread | moviebooking-backend-admin-0","level":"INFO","level_value":20000}
{"@timestamp":"2025-08-09T15:05:20.6763994+05:30","@version":"1","message":"Closing reporter org.apache.kafka.common.telemetry.internals.ClientTelemetryReporter","logger_name":"org.apache.kafka.common.metrics.Metrics","thread_name":"kafka-admin-client-thread | moviebooking-backend-admin-0","level":"INFO","level_value":20000}
{"@timestamp":"2025-08-09T15:05:20.6774275+05:30","@version":"1","message":"Metrics reporters closed","logger_name":"org.apache.kafka.common.metrics.Metrics","thread_name":"kafka-admin-client-thread | moviebooking-backend-admin-0","level":"INFO","level_value":20000}
{"@timestamp":"2025-08-09T15:05:20.6774275+05:30","@version":"1","message":"App info kafka.producer for producer-43 unregistered","logger_name":"org.apache.kafka.common.utils.AppInfoParser","thread_name":"kafka-admin-client-thread | moviebooking-backend-admin-0","level":"INFO","level_value":20000}
{"@timestamp":"2025-08-09T15:05:21.69349+05:30","@version":"1","message":"[AdminClient clientId=moviebooking-backend-admin-0] Node -1 disconnected.","logger_name":"org.apache.kafka.clients.NetworkClient","thread_name":"kafka-admin-client-thread | moviebooking-backend-admin-0","level":"INFO","level_value":20000}
{"@timestamp":"2025-08-09T15:05:21.6954866+05:30","@version":"1","message":"ProducerConfig values: \r\n\tacks = -1\r\n\tauto.include.jmx.reporter = true\r\n\tbatch.size = 16384\r\n\tbootstrap.servers = [spring.kafka.bootstrap-servers_IS_UNDEFINED]\r\n\tbuffer.memory = 33554432\r\n\tclient.dns.lookup = use_all_dns_ips\r\n\tclient.id = producer-44\r\n\tcompression.type = none\r\n\tconnections.max.idle.ms = 540000\r\n\tdelivery.timeout.ms = 120000\r\n\tenable.idempotence = true\r\n\tenable.metrics.push = true\r\n\tinterceptor.classes = []\r\n\tkey.serializer = class org.apache.kafka.common.serialization.ByteArraySerializer\r\n\tlinger.ms = 0\r\n\tmax.block.ms = 60000\r\n\tmax.in.flight.requests.per.connection = 5\r\n\tmax.request.size = 1048576\r\n\tmetadata.max.age.ms = 300000\r\n\tmetadata.max.idle.ms = 300000\r\n\tmetric.reporters = []\r\n\tmetrics.num.samples = 2\r\n\tmetrics.recording.level = INFO\r\n\tmetrics.sample.window.ms = 30000\r\n\tpartitioner.adaptive.partitioning.enable = true\r\n\tpartitioner.availability.timeout.ms = 0\r\n\tpartitioner.class = null\r\n\tpartitioner.ignore.keys = false\r\n\treceive.buffer.bytes = 32768\r\n\treconnect.backoff.max.ms = 1000\r\n\treconnect.backoff.ms = 50\r\n\trequest.timeout.ms = 30000\r\n\tretries = 2147483647\r\n\tretry.backoff.max.ms = 1000\r\n\tretry.backoff.ms = 100\r\n\tsasl.client.callback.handler.class = null\r\n\tsasl.jaas.config = null\r\n\tsasl.kerberos.kinit.cmd = /usr/bin/kinit\r\n\tsasl.kerberos.min.time.before.relogin = 60000\r\n\tsasl.kerberos.service.name = null\r\n\tsasl.kerberos.ticket.renew.jitter = 0.05\r\n\tsasl.kerberos.ticket.renew.window.factor = 0.8\r\n\tsasl.login.callback.handler.class = null\r\n\tsasl.login.class = null\r\n\tsasl.login.connect.timeout.ms = null\r\n\tsasl.login.read.timeout.ms = null\r\n\tsasl.login.refresh.buffer.seconds = 300\r\n\tsasl.login.refresh.min.period.seconds = 60\r\n\tsasl.login.refresh.window.factor = 0.8\r\n\tsasl.login.refresh.window.jitter = 0.05\r\n\tsasl.login.retry.backoff.max.ms = 10000\r\n\tsasl.login.retry.backoff.ms = 100\r\n\tsasl.mechanism = GSSAPI\r\n\tsasl.oauthbearer.clock.skew.seconds = 30\r\n\tsasl.oauthbearer.expected.audience = null\r\n\tsasl.oauthbearer.expected.issuer = null\r\n\tsasl.oauthbearer.jwks.endpoint.refresh.ms = 3600000\r\n\tsasl.oauthbearer.jwks.endpoint.retry.backoff.max.ms = 10000\r\n\tsasl.oauthbearer.jwks.endpoint.retry.backoff.ms = 100\r\n\tsasl.oauthbearer.jwks.endpoint.url = null\r\n\tsasl.oauthbearer.scope.claim.name = scope\r\n\tsasl.oauthbearer.sub.claim.name = sub\r\n\tsasl.oauthbearer.token.endpoint.url = null\r\n\tsecurity.protocol = PLAINTEXT\r\n\tsecurity.providers = null\r\n\tsend.buffer.bytes = 131072\r\n\tsocket.connection.setup.timeout.max.ms = 30000\r\n\tsocket.connection.setup.timeout.ms = 10000\r\n\tssl.cipher.suites = null\r\n\tssl.enabled.protocols = [TLSv1.2, TLSv1.3]\r\n\tssl.endpoint.identification.algorithm = https\r\n\tssl.engine.factory.class = null\r\n\tssl.key.password = null\r\n\tssl.keymanager.algorithm = SunX509\r\n\tssl.keystore.certificate.chain = null\r\n\tssl.keystore.key = null\r\n\tssl.keystore.location = null\r\n\tssl.keystore.password = null\r\n\tssl.keystore.type = JKS\r\n\tssl.protocol = TLSv1.3\r\n\tssl.provider = null\r\n\tssl.secure.random.implementation = null\r\n\tssl.trustmanager.algorithm = PKIX\r\n\tssl.truststore.certificates = null\r\n\tssl.truststore.location = null\r\n\tssl.truststore.password = null\r\n\tssl.truststore.type = JKS\r\n\ttransaction.timeout.ms = 60000\r\n\ttransactional.id = null\r\n\tvalue.serializer = class org.apache.kafka.common.serialization.ByteArraySerializer\r\n","logger_name":"org.apache.kafka.clients.producer.ProducerConfig","thread_name":"kafka-admin-client-thread | moviebooking-backend-admin-0","level":"INFO","level_value":20000}
{"@timestamp":"2025-08-09T15:05:21.6964839+05:30","@version":"1","message":"initializing Kafka metrics collector","logger_name":"org.apache.kafka.common.telemetry.internals.KafkaMetricsCollector","thread_name":"kafka-admin-client-thread | moviebooking-backend-admin-0","level":"INFO","level_value":20000}
{"@timestamp":"2025-08-09T15:05:21.6984862+05:30","@version":"1","message":"[Producer clientId=producer-44] Instantiated an idempotent producer.","logger_name":"org.apache.kafka.clients.producer.KafkaProducer","thread_name":"kafka-admin-client-thread | moviebooking-backend-admin-0","level":"INFO","level_value":20000}
{"@timestamp":"2025-08-09T15:05:21.7004804+05:30","@version":"1","message":"[Producer clientId=producer-44] Closing the Kafka producer with timeoutMillis = 0 ms.","logger_name":"org.apache.kafka.clients.producer.KafkaProducer","thread_name":"kafka-admin-client-thread | moviebooking-backend-admin-0","level":"INFO","level_value":20000}
{"@timestamp":"2025-08-09T15:05:21.7014867+05:30","@version":"1","message":"Metrics scheduler closed","logger_name":"org.apache.kafka.common.metrics.Metrics","thread_name":"kafka-admin-client-thread | moviebooking-backend-admin-0","level":"INFO","level_value":20000}
{"@timestamp":"2025-08-09T15:05:21.7014867+05:30","@version":"1","message":"Closing reporter org.apache.kafka.common.metrics.JmxReporter","logger_name":"org.apache.kafka.common.metrics.Metrics","thread_name":"kafka-admin-client-thread | moviebooking-backend-admin-0","level":"INFO","level_value":20000}
{"@timestamp":"2025-08-09T15:05:21.7014867+05:30","@version":"1","message":"Closing reporter org.apache.kafka.common.telemetry.internals.ClientTelemetryReporter","logger_name":"org.apache.kafka.common.metrics.Metrics","thread_name":"kafka-admin-client-thread | moviebooking-backend-admin-0","level":"INFO","level_value":20000}
{"@timestamp":"2025-08-09T15:05:21.7014867+05:30","@version":"1","message":"Metrics reporters closed","logger_name":"org.apache.kafka.common.metrics.Metrics","thread_name":"kafka-admin-client-thread | moviebooking-backend-admin-0","level":"INFO","level_value":20000}
{"@timestamp":"2025-08-09T15:05:21.7014867+05:30","@version":"1","message":"App info kafka.producer for producer-44 unregistered","logger_name":"org.apache.kafka.common.utils.AppInfoParser","thread_name":"kafka-admin-client-thread | moviebooking-backend-admin-0","level":"INFO","level_value":20000}
{"@timestamp":"2025-08-09T15:05:21.7024817+05:30","@version":"1","message":"[AdminClient clientId=moviebooking-backend-admin-0] Connection to node -1 (localhost/127.0.0.1:9092) could not be established. Node may not be available.","logger_name":"org.apache.kafka.clients.NetworkClient","thread_name":"kafka-admin-client-thread | moviebooking-backend-admin-0","level":"WARN","level_value":30000}
{"@timestamp":"2025-08-09T15:05:21.7045565+05:30","@version":"1","message":"ProducerConfig values: \r\n\tacks = -1\r\n\tauto.include.jmx.reporter = true\r\n\tbatch.size = 16384\r\n\tbootstrap.servers = [spring.kafka.bootstrap-servers_IS_UNDEFINED]\r\n\tbuffer.memory = 33554432\r\n\tclient.dns.lookup = use_all_dns_ips\r\n\tclient.id = producer-45\r\n\tcompression.type = none\r\n\tconnections.max.idle.ms = 540000\r\n\tdelivery.timeout.ms = 120000\r\n\tenable.idempotence = true\r\n\tenable.metrics.push = true\r\n\tinterceptor.classes = []\r\n\tkey.serializer = class org.apache.kafka.common.serialization.ByteArraySerializer\r\n\tlinger.ms = 0\r\n\tmax.block.ms = 60000\r\n\tmax.in.flight.requests.per.connection = 5\r\n\tmax.request.size = 1048576\r\n\tmetadata.max.age.ms = 300000\r\n\tmetadata.max.idle.ms = 300000\r\n\tmetric.reporters = []\r\n\tmetrics.num.samples = 2\r\n\tmetrics.recording.level = INFO\r\n\tmetrics.sample.window.ms = 30000\r\n\tpartitioner.adaptive.partitioning.enable = true\r\n\tpartitioner.availability.timeout.ms = 0\r\n\tpartitioner.class = null\r\n\tpartitioner.ignore.keys = false\r\n\treceive.buffer.bytes = 32768\r\n\treconnect.backoff.max.ms = 1000\r\n\treconnect.backoff.ms = 50\r\n\trequest.timeout.ms = 30000\r\n\tretries = 2147483647\r\n\tretry.backoff.max.ms = 1000\r\n\tretry.backoff.ms = 100\r\n\tsasl.client.callback.handler.class = null\r\n\tsasl.jaas.config = null\r\n\tsasl.kerberos.kinit.cmd = /usr/bin/kinit\r\n\tsasl.kerberos.min.time.before.relogin = 60000\r\n\tsasl.kerberos.service.name = null\r\n\tsasl.kerberos.ticket.renew.jitter = 0.05\r\n\tsasl.kerberos.ticket.renew.window.factor = 0.8\r\n\tsasl.login.callback.handler.class = null\r\n\tsasl.login.class = null\r\n\tsasl.login.connect.timeout.ms = null\r\n\tsasl.login.read.timeout.ms = null\r\n\tsasl.login.refresh.buffer.seconds = 300\r\n\tsasl.login.refresh.min.period.seconds = 60\r\n\tsasl.login.refresh.window.factor = 0.8\r\n\tsasl.login.refresh.window.jitter = 0.05\r\n\tsasl.login.retry.backoff.max.ms = 10000\r\n\tsasl.login.retry.backoff.ms = 100\r\n\tsasl.mechanism = GSSAPI\r\n\tsasl.oauthbearer.clock.skew.seconds = 30\r\n\tsasl.oauthbearer.expected.audience = null\r\n\tsasl.oauthbearer.expected.issuer = null\r\n\tsasl.oauthbearer.jwks.endpoint.refresh.ms = 3600000\r\n\tsasl.oauthbearer.jwks.endpoint.retry.backoff.max.ms = 10000\r\n\tsasl.oauthbearer.jwks.endpoint.retry.backoff.ms = 100\r\n\tsasl.oauthbearer.jwks.endpoint.url = null\r\n\tsasl.oauthbearer.scope.claim.name = scope\r\n\tsasl.oauthbearer.sub.claim.name = sub\r\n\tsasl.oauthbearer.token.endpoint.url = null\r\n\tsecurity.protocol = PLAINTEXT\r\n\tsecurity.providers = null\r\n\tsend.buffer.bytes = 131072\r\n\tsocket.connection.setup.timeout.max.ms = 30000\r\n\tsocket.connection.setup.timeout.ms = 10000\r\n\tssl.cipher.suites = null\r\n\tssl.enabled.protocols = [TLSv1.2, TLSv1.3]\r\n\tssl.endpoint.identification.algorithm = https\r\n\tssl.engine.factory.class = null\r\n\tssl.key.password = null\r\n\tssl.keymanager.algorithm = SunX509\r\n\tssl.keystore.certificate.chain = null\r\n\tssl.keystore.key = null\r\n\tssl.keystore.location = null\r\n\tssl.keystore.password = null\r\n\tssl.keystore.type = JKS\r\n\tssl.protocol = TLSv1.3\r\n\tssl.provider = null\r\n\tssl.secure.random.implementation = null\r\n\tssl.trustmanager.algorithm = PKIX\r\n\tssl.truststore.certificates = null\r\n\tssl.truststore.location = null\r\n\tssl.truststore.password = null\r\n\tssl.truststore.type = JKS\r\n\ttransaction.timeout.ms = 60000\r\n\ttransactional.id = null\r\n\tvalue.serializer = class org.apache.kafka.common.serialization.ByteArraySerializer\r\n","logger_name":"org.apache.kafka.clients.producer.ProducerConfig","thread_name":"kafka-admin-client-thread | moviebooking-backend-admin-0","level":"INFO","level_value":20000}
{"@timestamp":"2025-08-09T15:05:21.7055897+05:30","@version":"1","message":"initializing Kafka metrics collector","logger_name":"org.apache.kafka.common.telemetry.internals.KafkaMetricsCollector","thread_name":"kafka-admin-client-thread | moviebooking-backend-admin-0","level":"INFO","level_value":20000}
{"@timestamp":"2025-08-09T15:05:21.7075837+05:30","@version":"1","message":"[Producer clientId=producer-45] Instantiated an idempotent producer.","logger_name":"org.apache.kafka.clients.producer.KafkaProducer","thread_name":"kafka-admin-client-thread | moviebooking-backend-admin-0","level":"INFO","level_value":20000}
{"@timestamp":"2025-08-09T15:05:21.709589+05:30","@version":"1","message":"[Producer clientId=producer-45] Closing the Kafka producer with timeoutMillis = 0 ms.","logger_name":"org.apache.kafka.clients.producer.KafkaProducer","thread_name":"kafka-admin-client-thread | moviebooking-backend-admin-0","level":"INFO","level_value":20000}
{"@timestamp":"2025-08-09T15:05:21.7105908+05:30","@version":"1","message":"Metrics scheduler closed","logger_name":"org.apache.kafka.common.metrics.Metrics","thread_name":"kafka-admin-client-thread | moviebooking-backend-admin-0","level":"INFO","level_value":20000}
{"@timestamp":"2025-08-09T15:05:21.7105908+05:30","@version":"1","message":"Closing reporter org.apache.kafka.common.metrics.JmxReporter","logger_name":"org.apache.kafka.common.metrics.Metrics","thread_name":"kafka-admin-client-thread | moviebooking-backend-admin-0","level":"INFO","level_value":20000}
{"@timestamp":"2025-08-09T15:05:21.7115887+05:30","@version":"1","message":"Closing reporter org.apache.kafka.common.telemetry.internals.ClientTelemetryReporter","logger_name":"org.apache.kafka.common.metrics.Metrics","thread_name":"kafka-admin-client-thread | moviebooking-backend-admin-0","level":"INFO","level_value":20000}
{"@timestamp":"2025-08-09T15:05:21.7115887+05:30","@version":"1","message":"Metrics reporters closed","logger_name":"org.apache.kafka.common.metrics.Metrics","thread_name":"kafka-admin-client-thread | moviebooking-backend-admin-0","level":"INFO","level_value":20000}
{"@timestamp":"2025-08-09T15:05:21.7115887+05:30","@version":"1","message":"App info kafka.producer for producer-45 unregistered","logger_name":"org.apache.kafka.common.utils.AppInfoParser","thread_name":"kafka-admin-client-thread | moviebooking-backend-admin-0","level":"INFO","level_value":20000}
{"@timestamp":"2025-08-09T15:05:22.801095+05:30","@version":"1","message":"[AdminClient clientId=moviebooking-backend-admin-0] Node -1 disconnected.","logger_name":"org.apache.kafka.clients.NetworkClient","thread_name":"kafka-admin-client-thread | moviebooking-backend-admin-0","level":"INFO","level_value":20000}
{"@timestamp":"2025-08-09T15:05:22.8037405+05:30","@version":"1","message":"ProducerConfig values: \r\n\tacks = -1\r\n\tauto.include.jmx.reporter = true\r\n\tbatch.size = 16384\r\n\tbootstrap.servers = [spring.kafka.bootstrap-servers_IS_UNDEFINED]\r\n\tbuffer.memory = 33554432\r\n\tclient.dns.lookup = use_all_dns_ips\r\n\tclient.id = producer-46\r\n\tcompression.type = none\r\n\tconnections.max.idle.ms = 540000\r\n\tdelivery.timeout.ms = 120000\r\n\tenable.idempotence = true\r\n\tenable.metrics.push = true\r\n\tinterceptor.classes = []\r\n\tkey.serializer = class org.apache.kafka.common.serialization.ByteArraySerializer\r\n\tlinger.ms = 0\r\n\tmax.block.ms = 60000\r\n\tmax.in.flight.requests.per.connection = 5\r\n\tmax.request.size = 1048576\r\n\tmetadata.max.age.ms = 300000\r\n\tmetadata.max.idle.ms = 300000\r\n\tmetric.reporters = []\r\n\tmetrics.num.samples = 2\r\n\tmetrics.recording.level = INFO\r\n\tmetrics.sample.window.ms = 30000\r\n\tpartitioner.adaptive.partitioning.enable = true\r\n\tpartitioner.availability.timeout.ms = 0\r\n\tpartitioner.class = null\r\n\tpartitioner.ignore.keys = false\r\n\treceive.buffer.bytes = 32768\r\n\treconnect.backoff.max.ms = 1000\r\n\treconnect.backoff.ms = 50\r\n\trequest.timeout.ms = 30000\r\n\tretries = 2147483647\r\n\tretry.backoff.max.ms = 1000\r\n\tretry.backoff.ms = 100\r\n\tsasl.client.callback.handler.class = null\r\n\tsasl.jaas.config = null\r\n\tsasl.kerberos.kinit.cmd = /usr/bin/kinit\r\n\tsasl.kerberos.min.time.before.relogin = 60000\r\n\tsasl.kerberos.service.name = null\r\n\tsasl.kerberos.ticket.renew.jitter = 0.05\r\n\tsasl.kerberos.ticket.renew.window.factor = 0.8\r\n\tsasl.login.callback.handler.class = null\r\n\tsasl.login.class = null\r\n\tsasl.login.connect.timeout.ms = null\r\n\tsasl.login.read.timeout.ms = null\r\n\tsasl.login.refresh.buffer.seconds = 300\r\n\tsasl.login.refresh.min.period.seconds = 60\r\n\tsasl.login.refresh.window.factor = 0.8\r\n\tsasl.login.refresh.window.jitter = 0.05\r\n\tsasl.login.retry.backoff.max.ms = 10000\r\n\tsasl.login.retry.backoff.ms = 100\r\n\tsasl.mechanism = GSSAPI\r\n\tsasl.oauthbearer.clock.skew.seconds = 30\r\n\tsasl.oauthbearer.expected.audience = null\r\n\tsasl.oauthbearer.expected.issuer = null\r\n\tsasl.oauthbearer.jwks.endpoint.refresh.ms = 3600000\r\n\tsasl.oauthbearer.jwks.endpoint.retry.backoff.max.ms = 10000\r\n\tsasl.oauthbearer.jwks.endpoint.retry.backoff.ms = 100\r\n\tsasl.oauthbearer.jwks.endpoint.url = null\r\n\tsasl.oauthbearer.scope.claim.name = scope\r\n\tsasl.oauthbearer.sub.claim.name = sub\r\n\tsasl.oauthbearer.token.endpoint.url = null\r\n\tsecurity.protocol = PLAINTEXT\r\n\tsecurity.providers = null\r\n\tsend.buffer.bytes = 131072\r\n\tsocket.connection.setup.timeout.max.ms = 30000\r\n\tsocket.connection.setup.timeout.ms = 10000\r\n\tssl.cipher.suites = null\r\n\tssl.enabled.protocols = [TLSv1.2, TLSv1.3]\r\n\tssl.endpoint.identification.algorithm = https\r\n\tssl.engine.factory.class = null\r\n\tssl.key.password = null\r\n\tssl.keymanager.algorithm = SunX509\r\n\tssl.keystore.certificate.chain = null\r\n\tssl.keystore.key = null\r\n\tssl.keystore.location = null\r\n\tssl.keystore.password = null\r\n\tssl.keystore.type = JKS\r\n\tssl.protocol = TLSv1.3\r\n\tssl.provider = null\r\n\tssl.secure.random.implementation = null\r\n\tssl.trustmanager.algorithm = PKIX\r\n\tssl.truststore.certificates = null\r\n\tssl.truststore.location = null\r\n\tssl.truststore.password = null\r\n\tssl.truststore.type = JKS\r\n\ttransaction.timeout.ms = 60000\r\n\ttransactional.id = null\r\n\tvalue.serializer = class org.apache.kafka.common.serialization.ByteArraySerializer\r\n","logger_name":"org.apache.kafka.clients.producer.ProducerConfig","thread_name":"kafka-admin-client-thread | moviebooking-backend-admin-0","level":"INFO","level_value":20000}
{"@timestamp":"2025-08-09T15:05:22.8047242+05:30","@version":"1","message":"initializing Kafka metrics collector","logger_name":"org.apache.kafka.common.telemetry.internals.KafkaMetricsCollector","thread_name":"kafka-admin-client-thread | moviebooking-backend-admin-0","level":"INFO","level_value":20000}
{"@timestamp":"2025-08-09T15:05:22.8067445+05:30","@version":"1","message":"[Producer clientId=producer-46] Instantiated an idempotent producer.","logger_name":"org.apache.kafka.clients.producer.KafkaProducer","thread_name":"kafka-admin-client-thread | moviebooking-backend-admin-0","level":"INFO","level_value":20000}
{"@timestamp":"2025-08-09T15:05:22.8077449+05:30","@version":"1","message":"[Producer clientId=producer-46] Closing the Kafka producer with timeoutMillis = 0 ms.","logger_name":"org.apache.kafka.clients.producer.KafkaProducer","thread_name":"kafka-admin-client-thread | moviebooking-backend-admin-0","level":"INFO","level_value":20000}
{"@timestamp":"2025-08-09T15:05:22.8087462+05:30","@version":"1","message":"Metrics scheduler closed","logger_name":"org.apache.kafka.common.metrics.Metrics","thread_name":"kafka-admin-client-thread | moviebooking-backend-admin-0","level":"INFO","level_value":20000}
{"@timestamp":"2025-08-09T15:05:22.8087462+05:30","@version":"1","message":"Closing reporter org.apache.kafka.common.metrics.JmxReporter","logger_name":"org.apache.kafka.common.metrics.Metrics","thread_name":"kafka-admin-client-thread | moviebooking-backend-admin-0","level":"INFO","level_value":20000}
{"@timestamp":"2025-08-09T15:05:22.8087462+05:30","@version":"1","message":"Closing reporter org.apache.kafka.common.telemetry.internals.ClientTelemetryReporter","logger_name":"org.apache.kafka.common.metrics.Metrics","thread_name":"kafka-admin-client-thread | moviebooking-backend-admin-0","level":"INFO","level_value":20000}
{"@timestamp":"2025-08-09T15:05:22.8097421+05:30","@version":"1","message":"Metrics reporters closed","logger_name":"org.apache.kafka.common.metrics.Metrics","thread_name":"kafka-admin-client-thread | moviebooking-backend-admin-0","level":"INFO","level_value":20000}
{"@timestamp":"2025-08-09T15:05:22.8097421+05:30","@version":"1","message":"App info kafka.producer for producer-46 unregistered","logger_name":"org.apache.kafka.common.utils.AppInfoParser","thread_name":"kafka-admin-client-thread | moviebooking-backend-admin-0","level":"INFO","level_value":20000}
{"@timestamp":"2025-08-09T15:05:22.8097421+05:30","@version":"1","message":"[AdminClient clientId=moviebooking-backend-admin-0] Connection to node -1 (localhost/127.0.0.1:9092) could not be established. Node may not be available.","logger_name":"org.apache.kafka.clients.NetworkClient","thread_name":"kafka-admin-client-thread | moviebooking-backend-admin-0","level":"WARN","level_value":30000}
{"@timestamp":"2025-08-09T15:05:22.8107408+05:30","@version":"1","message":"ProducerConfig values: \r\n\tacks = -1\r\n\tauto.include.jmx.reporter = true\r\n\tbatch.size = 16384\r\n\tbootstrap.servers = [spring.kafka.bootstrap-servers_IS_UNDEFINED]\r\n\tbuffer.memory = 33554432\r\n\tclient.dns.lookup = use_all_dns_ips\r\n\tclient.id = producer-47\r\n\tcompression.type = none\r\n\tconnections.max.idle.ms = 540000\r\n\tdelivery.timeout.ms = 120000\r\n\tenable.idempotence = true\r\n\tenable.metrics.push = true\r\n\tinterceptor.classes = []\r\n\tkey.serializer = class org.apache.kafka.common.serialization.ByteArraySerializer\r\n\tlinger.ms = 0\r\n\tmax.block.ms = 60000\r\n\tmax.in.flight.requests.per.connection = 5\r\n\tmax.request.size = 1048576\r\n\tmetadata.max.age.ms = 300000\r\n\tmetadata.max.idle.ms = 300000\r\n\tmetric.reporters = []\r\n\tmetrics.num.samples = 2\r\n\tmetrics.recording.level = INFO\r\n\tmetrics.sample.window.ms = 30000\r\n\tpartitioner.adaptive.partitioning.enable = true\r\n\tpartitioner.availability.timeout.ms = 0\r\n\tpartitioner.class = null\r\n\tpartitioner.ignore.keys = false\r\n\treceive.buffer.bytes = 32768\r\n\treconnect.backoff.max.ms = 1000\r\n\treconnect.backoff.ms = 50\r\n\trequest.timeout.ms = 30000\r\n\tretries = 2147483647\r\n\tretry.backoff.max.ms = 1000\r\n\tretry.backoff.ms = 100\r\n\tsasl.client.callback.handler.class = null\r\n\tsasl.jaas.config = null\r\n\tsasl.kerberos.kinit.cmd = /usr/bin/kinit\r\n\tsasl.kerberos.min.time.before.relogin = 60000\r\n\tsasl.kerberos.service.name = null\r\n\tsasl.kerberos.ticket.renew.jitter = 0.05\r\n\tsasl.kerberos.ticket.renew.window.factor = 0.8\r\n\tsasl.login.callback.handler.class = null\r\n\tsasl.login.class = null\r\n\tsasl.login.connect.timeout.ms = null\r\n\tsasl.login.read.timeout.ms = null\r\n\tsasl.login.refresh.buffer.seconds = 300\r\n\tsasl.login.refresh.min.period.seconds = 60\r\n\tsasl.login.refresh.window.factor = 0.8\r\n\tsasl.login.refresh.window.jitter = 0.05\r\n\tsasl.login.retry.backoff.max.ms = 10000\r\n\tsasl.login.retry.backoff.ms = 100\r\n\tsasl.mechanism = GSSAPI\r\n\tsasl.oauthbearer.clock.skew.seconds = 30\r\n\tsasl.oauthbearer.expected.audience = null\r\n\tsasl.oauthbearer.expected.issuer = null\r\n\tsasl.oauthbearer.jwks.endpoint.refresh.ms = 3600000\r\n\tsasl.oauthbearer.jwks.endpoint.retry.backoff.max.ms = 10000\r\n\tsasl.oauthbearer.jwks.endpoint.retry.backoff.ms = 100\r\n\tsasl.oauthbearer.jwks.endpoint.url = null\r\n\tsasl.oauthbearer.scope.claim.name = scope\r\n\tsasl.oauthbearer.sub.claim.name = sub\r\n\tsasl.oauthbearer.token.endpoint.url = null\r\n\tsecurity.protocol = PLAINTEXT\r\n\tsecurity.providers = null\r\n\tsend.buffer.bytes = 131072\r\n\tsocket.connection.setup.timeout.max.ms = 30000\r\n\tsocket.connection.setup.timeout.ms = 10000\r\n\tssl.cipher.suites = null\r\n\tssl.enabled.protocols = [TLSv1.2, TLSv1.3]\r\n\tssl.endpoint.identification.algorithm = https\r\n\tssl.engine.factory.class = null\r\n\tssl.key.password = null\r\n\tssl.keymanager.algorithm = SunX509\r\n\tssl.keystore.certificate.chain = null\r\n\tssl.keystore.key = null\r\n\tssl.keystore.location = null\r\n\tssl.keystore.password = null\r\n\tssl.keystore.type = JKS\r\n\tssl.protocol = TLSv1.3\r\n\tssl.provider = null\r\n\tssl.secure.random.implementation = null\r\n\tssl.trustmanager.algorithm = PKIX\r\n\tssl.truststore.certificates = null\r\n\tssl.truststore.location = null\r\n\tssl.truststore.password = null\r\n\tssl.truststore.type = JKS\r\n\ttransaction.timeout.ms = 60000\r\n\ttransactional.id = null\r\n\tvalue.serializer = class org.apache.kafka.common.serialization.ByteArraySerializer\r\n","logger_name":"org.apache.kafka.clients.producer.ProducerConfig","thread_name":"kafka-admin-client-thread | moviebooking-backend-admin-0","level":"INFO","level_value":20000}
{"@timestamp":"2025-08-09T15:05:22.8117411+05:30","@version":"1","message":"initializing Kafka metrics collector","logger_name":"org.apache.kafka.common.telemetry.internals.KafkaMetricsCollector","thread_name":"kafka-admin-client-thread | moviebooking-backend-admin-0","level":"INFO","level_value":20000}
{"@timestamp":"2025-08-09T15:05:22.8127464+05:30","@version":"1","message":"[Producer clientId=producer-47] Instantiated an idempotent producer.","logger_name":"org.apache.kafka.clients.producer.KafkaProducer","thread_name":"kafka-admin-client-thread | moviebooking-backend-admin-0","level":"INFO","level_value":20000}
{"@timestamp":"2025-08-09T15:05:22.8163042+05:30","@version":"1","message":"[Producer clientId=producer-47] Closing the Kafka producer with timeoutMillis = 0 ms.","logger_name":"org.apache.kafka.clients.producer.KafkaProducer","thread_name":"kafka-admin-client-thread | moviebooking-backend-admin-0","level":"INFO","level_value":20000}
{"@timestamp":"2025-08-09T15:05:22.8183037+05:30","@version":"1","message":"Metrics scheduler closed","logger_name":"org.apache.kafka.common.metrics.Metrics","thread_name":"kafka-admin-client-thread | moviebooking-backend-admin-0","level":"INFO","level_value":20000}
{"@timestamp":"2025-08-09T15:05:22.8183037+05:30","@version":"1","message":"Closing reporter org.apache.kafka.common.metrics.JmxReporter","logger_name":"org.apache.kafka.common.metrics.Metrics","thread_name":"kafka-admin-client-thread | moviebooking-backend-admin-0","level":"INFO","level_value":20000}
{"@timestamp":"2025-08-09T15:05:22.8183037+05:30","@version":"1","message":"Closing reporter org.apache.kafka.common.telemetry.internals.ClientTelemetryReporter","logger_name":"org.apache.kafka.common.metrics.Metrics","thread_name":"kafka-admin-client-thread | moviebooking-backend-admin-0","level":"INFO","level_value":20000}
{"@timestamp":"2025-08-09T15:05:22.819306+05:30","@version":"1","message":"Metrics reporters closed","logger_name":"org.apache.kafka.common.metrics.Metrics","thread_name":"kafka-admin-client-thread | moviebooking-backend-admin-0","level":"INFO","level_value":20000}
{"@timestamp":"2025-08-09T15:05:22.819306+05:30","@version":"1","message":"App info kafka.producer for producer-47 unregistered","logger_name":"org.apache.kafka.common.utils.AppInfoParser","thread_name":"kafka-admin-client-thread | moviebooking-backend-admin-0","level":"INFO","level_value":20000}
{"@timestamp":"2025-08-09T15:05:23.696675+05:30","@version":"1","message":"[AdminClient clientId=moviebooking-backend-admin-0] Node -1 disconnected.","logger_name":"org.apache.kafka.clients.NetworkClient","thread_name":"kafka-admin-client-thread | moviebooking-backend-admin-0","level":"INFO","level_value":20000}
{"@timestamp":"2025-08-09T15:05:23.6976721+05:30","@version":"1","message":"ProducerConfig values: \r\n\tacks = -1\r\n\tauto.include.jmx.reporter = true\r\n\tbatch.size = 16384\r\n\tbootstrap.servers = [spring.kafka.bootstrap-servers_IS_UNDEFINED]\r\n\tbuffer.memory = 33554432\r\n\tclient.dns.lookup = use_all_dns_ips\r\n\tclient.id = producer-48\r\n\tcompression.type = none\r\n\tconnections.max.idle.ms = 540000\r\n\tdelivery.timeout.ms = 120000\r\n\tenable.idempotence = true\r\n\tenable.metrics.push = true\r\n\tinterceptor.classes = []\r\n\tkey.serializer = class org.apache.kafka.common.serialization.ByteArraySerializer\r\n\tlinger.ms = 0\r\n\tmax.block.ms = 60000\r\n\tmax.in.flight.requests.per.connection = 5\r\n\tmax.request.size = 1048576\r\n\tmetadata.max.age.ms = 300000\r\n\tmetadata.max.idle.ms = 300000\r\n\tmetric.reporters = []\r\n\tmetrics.num.samples = 2\r\n\tmetrics.recording.level = INFO\r\n\tmetrics.sample.window.ms = 30000\r\n\tpartitioner.adaptive.partitioning.enable = true\r\n\tpartitioner.availability.timeout.ms = 0\r\n\tpartitioner.class = null\r\n\tpartitioner.ignore.keys = false\r\n\treceive.buffer.bytes = 32768\r\n\treconnect.backoff.max.ms = 1000\r\n\treconnect.backoff.ms = 50\r\n\trequest.timeout.ms = 30000\r\n\tretries = 2147483647\r\n\tretry.backoff.max.ms = 1000\r\n\tretry.backoff.ms = 100\r\n\tsasl.client.callback.handler.class = null\r\n\tsasl.jaas.config = null\r\n\tsasl.kerberos.kinit.cmd = /usr/bin/kinit\r\n\tsasl.kerberos.min.time.before.relogin = 60000\r\n\tsasl.kerberos.service.name = null\r\n\tsasl.kerberos.ticket.renew.jitter = 0.05\r\n\tsasl.kerberos.ticket.renew.window.factor = 0.8\r\n\tsasl.login.callback.handler.class = null\r\n\tsasl.login.class = null\r\n\tsasl.login.connect.timeout.ms = null\r\n\tsasl.login.read.timeout.ms = null\r\n\tsasl.login.refresh.buffer.seconds = 300\r\n\tsasl.login.refresh.min.period.seconds = 60\r\n\tsasl.login.refresh.window.factor = 0.8\r\n\tsasl.login.refresh.window.jitter = 0.05\r\n\tsasl.login.retry.backoff.max.ms = 10000\r\n\tsasl.login.retry.backoff.ms = 100\r\n\tsasl.mechanism = GSSAPI\r\n\tsasl.oauthbearer.clock.skew.seconds = 30\r\n\tsasl.oauthbearer.expected.audience = null\r\n\tsasl.oauthbearer.expected.issuer = null\r\n\tsasl.oauthbearer.jwks.endpoint.refresh.ms = 3600000\r\n\tsasl.oauthbearer.jwks.endpoint.retry.backoff.max.ms = 10000\r\n\tsasl.oauthbearer.jwks.endpoint.retry.backoff.ms = 100\r\n\tsasl.oauthbearer.jwks.endpoint.url = null\r\n\tsasl.oauthbearer.scope.claim.name = scope\r\n\tsasl.oauthbearer.sub.claim.name = sub\r\n\tsasl.oauthbearer.token.endpoint.url = null\r\n\tsecurity.protocol = PLAINTEXT\r\n\tsecurity.providers = null\r\n\tsend.buffer.bytes = 131072\r\n\tsocket.connection.setup.timeout.max.ms = 30000\r\n\tsocket.connection.setup.timeout.ms = 10000\r\n\tssl.cipher.suites = null\r\n\tssl.enabled.protocols = [TLSv1.2, TLSv1.3]\r\n\tssl.endpoint.identification.algorithm = https\r\n\tssl.engine.factory.class = null\r\n\tssl.key.password = null\r\n\tssl.keymanager.algorithm = SunX509\r\n\tssl.keystore.certificate.chain = null\r\n\tssl.keystore.key = null\r\n\tssl.keystore.location = null\r\n\tssl.keystore.password = null\r\n\tssl.keystore.type = JKS\r\n\tssl.protocol = TLSv1.3\r\n\tssl.provider = null\r\n\tssl.secure.random.implementation = null\r\n\tssl.trustmanager.algorithm = PKIX\r\n\tssl.truststore.certificates = null\r\n\tssl.truststore.location = null\r\n\tssl.truststore.password = null\r\n\tssl.truststore.type = JKS\r\n\ttransaction.timeout.ms = 60000\r\n\ttransactional.id = null\r\n\tvalue.serializer = class org.apache.kafka.common.serialization.ByteArraySerializer\r\n","logger_name":"org.apache.kafka.clients.producer.ProducerConfig","thread_name":"kafka-admin-client-thread | moviebooking-backend-admin-0","level":"INFO","level_value":20000}
{"@timestamp":"2025-08-09T15:05:23.6986769+05:30","@version":"1","message":"initializing Kafka metrics collector","logger_name":"org.apache.kafka.common.telemetry.internals.KafkaMetricsCollector","thread_name":"kafka-admin-client-thread | moviebooking-backend-admin-0","level":"INFO","level_value":20000}
{"@timestamp":"2025-08-09T15:05:23.7016827+05:30","@version":"1","message":"[Producer clientId=producer-48] Instantiated an idempotent producer.","logger_name":"org.apache.kafka.clients.producer.KafkaProducer","thread_name":"kafka-admin-client-thread | moviebooking-backend-admin-0","level":"INFO","level_value":20000}
{"@timestamp":"2025-08-09T15:05:23.7026933+05:30","@version":"1","message":"[Producer clientId=producer-48] Closing the Kafka producer with timeoutMillis = 0 ms.","logger_name":"org.apache.kafka.clients.producer.KafkaProducer","thread_name":"kafka-admin-client-thread | moviebooking-backend-admin-0","level":"INFO","level_value":20000}
{"@timestamp":"2025-08-09T15:05:23.7038482+05:30","@version":"1","message":"Metrics scheduler closed","logger_name":"org.apache.kafka.common.metrics.Metrics","thread_name":"kafka-admin-client-thread | moviebooking-backend-admin-0","level":"INFO","level_value":20000}
{"@timestamp":"2025-08-09T15:05:23.7038482+05:30","@version":"1","message":"Closing reporter org.apache.kafka.common.metrics.JmxReporter","logger_name":"org.apache.kafka.common.metrics.Metrics","thread_name":"kafka-admin-client-thread | moviebooking-backend-admin-0","level":"INFO","level_value":20000}
{"@timestamp":"2025-08-09T15:05:23.7038482+05:30","@version":"1","message":"Closing reporter org.apache.kafka.common.telemetry.internals.ClientTelemetryReporter","logger_name":"org.apache.kafka.common.metrics.Metrics","thread_name":"kafka-admin-client-thread | moviebooking-backend-admin-0","level":"INFO","level_value":20000}
{"@timestamp":"2025-08-09T15:05:23.7038482+05:30","@version":"1","message":"Metrics reporters closed","logger_name":"org.apache.kafka.common.metrics.Metrics","thread_name":"kafka-admin-client-thread | moviebooking-backend-admin-0","level":"INFO","level_value":20000}
{"@timestamp":"2025-08-09T15:05:23.7038482+05:30","@version":"1","message":"App info kafka.producer for producer-48 unregistered","logger_name":"org.apache.kafka.common.utils.AppInfoParser","thread_name":"kafka-admin-client-thread | moviebooking-backend-admin-0","level":"INFO","level_value":20000}
{"@timestamp":"2025-08-09T15:05:23.7048444+05:30","@version":"1","message":"[AdminClient clientId=moviebooking-backend-admin-0] Connection to node -1 (localhost/127.0.0.1:9092) could not be established. Node may not be available.","logger_name":"org.apache.kafka.clients.NetworkClient","thread_name":"kafka-admin-client-thread | moviebooking-backend-admin-0","level":"WARN","level_value":30000}
{"@timestamp":"2025-08-09T15:05:23.7058665+05:30","@version":"1","message":"ProducerConfig values: \r\n\tacks = -1\r\n\tauto.include.jmx.reporter = true\r\n\tbatch.size = 16384\r\n\tbootstrap.servers = [spring.kafka.bootstrap-servers_IS_UNDEFINED]\r\n\tbuffer.memory = 33554432\r\n\tclient.dns.lookup = use_all_dns_ips\r\n\tclient.id = producer-49\r\n\tcompression.type = none\r\n\tconnections.max.idle.ms = 540000\r\n\tdelivery.timeout.ms = 120000\r\n\tenable.idempotence = true\r\n\tenable.metrics.push = true\r\n\tinterceptor.classes = []\r\n\tkey.serializer = class org.apache.kafka.common.serialization.ByteArraySerializer\r\n\tlinger.ms = 0\r\n\tmax.block.ms = 60000\r\n\tmax.in.flight.requests.per.connection = 5\r\n\tmax.request.size = 1048576\r\n\tmetadata.max.age.ms = 300000\r\n\tmetadata.max.idle.ms = 300000\r\n\tmetric.reporters = []\r\n\tmetrics.num.samples = 2\r\n\tmetrics.recording.level = INFO\r\n\tmetrics.sample.window.ms = 30000\r\n\tpartitioner.adaptive.partitioning.enable = true\r\n\tpartitioner.availability.timeout.ms = 0\r\n\tpartitioner.class = null\r\n\tpartitioner.ignore.keys = false\r\n\treceive.buffer.bytes = 32768\r\n\treconnect.backoff.max.ms = 1000\r\n\treconnect.backoff.ms = 50\r\n\trequest.timeout.ms = 30000\r\n\tretries = 2147483647\r\n\tretry.backoff.max.ms = 1000\r\n\tretry.backoff.ms = 100\r\n\tsasl.client.callback.handler.class = null\r\n\tsasl.jaas.config = null\r\n\tsasl.kerberos.kinit.cmd = /usr/bin/kinit\r\n\tsasl.kerberos.min.time.before.relogin = 60000\r\n\tsasl.kerberos.service.name = null\r\n\tsasl.kerberos.ticket.renew.jitter = 0.05\r\n\tsasl.kerberos.ticket.renew.window.factor = 0.8\r\n\tsasl.login.callback.handler.class = null\r\n\tsasl.login.class = null\r\n\tsasl.login.connect.timeout.ms = null\r\n\tsasl.login.read.timeout.ms = null\r\n\tsasl.login.refresh.buffer.seconds = 300\r\n\tsasl.login.refresh.min.period.seconds = 60\r\n\tsasl.login.refresh.window.factor = 0.8\r\n\tsasl.login.refresh.window.jitter = 0.05\r\n\tsasl.login.retry.backoff.max.ms = 10000\r\n\tsasl.login.retry.backoff.ms = 100\r\n\tsasl.mechanism = GSSAPI\r\n\tsasl.oauthbearer.clock.skew.seconds = 30\r\n\tsasl.oauthbearer.expected.audience = null\r\n\tsasl.oauthbearer.expected.issuer = null\r\n\tsasl.oauthbearer.jwks.endpoint.refresh.ms = 3600000\r\n\tsasl.oauthbearer.jwks.endpoint.retry.backoff.max.ms = 10000\r\n\tsasl.oauthbearer.jwks.endpoint.retry.backoff.ms = 100\r\n\tsasl.oauthbearer.jwks.endpoint.url = null\r\n\tsasl.oauthbearer.scope.claim.name = scope\r\n\tsasl.oauthbearer.sub.claim.name = sub\r\n\tsasl.oauthbearer.token.endpoint.url = null\r\n\tsecurity.protocol = PLAINTEXT\r\n\tsecurity.providers = null\r\n\tsend.buffer.bytes = 131072\r\n\tsocket.connection.setup.timeout.max.ms = 30000\r\n\tsocket.connection.setup.timeout.ms = 10000\r\n\tssl.cipher.suites = null\r\n\tssl.enabled.protocols = [TLSv1.2, TLSv1.3]\r\n\tssl.endpoint.identification.algorithm = https\r\n\tssl.engine.factory.class = null\r\n\tssl.key.password = null\r\n\tssl.keymanager.algorithm = SunX509\r\n\tssl.keystore.certificate.chain = null\r\n\tssl.keystore.key = null\r\n\tssl.keystore.location = null\r\n\tssl.keystore.password = null\r\n\tssl.keystore.type = JKS\r\n\tssl.protocol = TLSv1.3\r\n\tssl.provider = null\r\n\tssl.secure.random.implementation = null\r\n\tssl.trustmanager.algorithm = PKIX\r\n\tssl.truststore.certificates = null\r\n\tssl.truststore.location = null\r\n\tssl.truststore.password = null\r\n\tssl.truststore.type = JKS\r\n\ttransaction.timeout.ms = 60000\r\n\ttransactional.id = null\r\n\tvalue.serializer = class org.apache.kafka.common.serialization.ByteArraySerializer\r\n","logger_name":"org.apache.kafka.clients.producer.ProducerConfig","thread_name":"kafka-admin-client-thread | moviebooking-backend-admin-0","level":"INFO","level_value":20000}
{"@timestamp":"2025-08-09T15:05:23.7058665+05:30","@version":"1","message":"initializing Kafka metrics collector","logger_name":"org.apache.kafka.common.telemetry.internals.KafkaMetricsCollector","thread_name":"kafka-admin-client-thread | moviebooking-backend-admin-0","level":"INFO","level_value":20000}
{"@timestamp":"2025-08-09T15:05:23.7068688+05:30","@version":"1","message":"[Producer clientId=producer-49] Instantiated an idempotent producer.","logger_name":"org.apache.kafka.clients.producer.KafkaProducer","thread_name":"kafka-admin-client-thread | moviebooking-backend-admin-0","level":"INFO","level_value":20000}
{"@timestamp":"2025-08-09T15:05:23.7068688+05:30","@version":"1","message":"[Producer clientId=producer-49] Closing the Kafka producer with timeoutMillis = 0 ms.","logger_name":"org.apache.kafka.clients.producer.KafkaProducer","thread_name":"kafka-admin-client-thread | moviebooking-backend-admin-0","level":"INFO","level_value":20000}
{"@timestamp":"2025-08-09T15:05:23.7078683+05:30","@version":"1","message":"Metrics scheduler closed","logger_name":"org.apache.kafka.common.metrics.Metrics","thread_name":"kafka-admin-client-thread | moviebooking-backend-admin-0","level":"INFO","level_value":20000}
{"@timestamp":"2025-08-09T15:05:23.7078683+05:30","@version":"1","message":"Closing reporter org.apache.kafka.common.metrics.JmxReporter","logger_name":"org.apache.kafka.common.metrics.Metrics","thread_name":"kafka-admin-client-thread | moviebooking-backend-admin-0","level":"INFO","level_value":20000}
{"@timestamp":"2025-08-09T15:05:23.7078683+05:30","@version":"1","message":"Closing reporter org.apache.kafka.common.telemetry.internals.ClientTelemetryReporter","logger_name":"org.apache.kafka.common.metrics.Metrics","thread_name":"kafka-admin-client-thread | moviebooking-backend-admin-0","level":"INFO","level_value":20000}
{"@timestamp":"2025-08-09T15:05:23.7088647+05:30","@version":"1","message":"Metrics reporters closed","logger_name":"org.apache.kafka.common.metrics.Metrics","thread_name":"kafka-admin-client-thread | moviebooking-backend-admin-0","level":"INFO","level_value":20000}
{"@timestamp":"2025-08-09T15:05:23.7088647+05:30","@version":"1","message":"App info kafka.producer for producer-49 unregistered","logger_name":"org.apache.kafka.common.utils.AppInfoParser","thread_name":"kafka-admin-client-thread | moviebooking-backend-admin-0","level":"INFO","level_value":20000}
{"@timestamp":"2025-08-09T15:05:24.6897453+05:30","@version":"1","message":"[AdminClient clientId=moviebooking-backend-admin-0] Node -1 disconnected.","logger_name":"org.apache.kafka.clients.NetworkClient","thread_name":"kafka-admin-client-thread | moviebooking-backend-admin-0","level":"INFO","level_value":20000}
{"@timestamp":"2025-08-09T15:05:24.6907469+05:30","@version":"1","message":"ProducerConfig values: \r\n\tacks = -1\r\n\tauto.include.jmx.reporter = true\r\n\tbatch.size = 16384\r\n\tbootstrap.servers = [spring.kafka.bootstrap-servers_IS_UNDEFINED]\r\n\tbuffer.memory = 33554432\r\n\tclient.dns.lookup = use_all_dns_ips\r\n\tclient.id = producer-50\r\n\tcompression.type = none\r\n\tconnections.max.idle.ms = 540000\r\n\tdelivery.timeout.ms = 120000\r\n\tenable.idempotence = true\r\n\tenable.metrics.push = true\r\n\tinterceptor.classes = []\r\n\tkey.serializer = class org.apache.kafka.common.serialization.ByteArraySerializer\r\n\tlinger.ms = 0\r\n\tmax.block.ms = 60000\r\n\tmax.in.flight.requests.per.connection = 5\r\n\tmax.request.size = 1048576\r\n\tmetadata.max.age.ms = 300000\r\n\tmetadata.max.idle.ms = 300000\r\n\tmetric.reporters = []\r\n\tmetrics.num.samples = 2\r\n\tmetrics.recording.level = INFO\r\n\tmetrics.sample.window.ms = 30000\r\n\tpartitioner.adaptive.partitioning.enable = true\r\n\tpartitioner.availability.timeout.ms = 0\r\n\tpartitioner.class = null\r\n\tpartitioner.ignore.keys = false\r\n\treceive.buffer.bytes = 32768\r\n\treconnect.backoff.max.ms = 1000\r\n\treconnect.backoff.ms = 50\r\n\trequest.timeout.ms = 30000\r\n\tretries = 2147483647\r\n\tretry.backoff.max.ms = 1000\r\n\tretry.backoff.ms = 100\r\n\tsasl.client.callback.handler.class = null\r\n\tsasl.jaas.config = null\r\n\tsasl.kerberos.kinit.cmd = /usr/bin/kinit\r\n\tsasl.kerberos.min.time.before.relogin = 60000\r\n\tsasl.kerberos.service.name = null\r\n\tsasl.kerberos.ticket.renew.jitter = 0.05\r\n\tsasl.kerberos.ticket.renew.window.factor = 0.8\r\n\tsasl.login.callback.handler.class = null\r\n\tsasl.login.class = null\r\n\tsasl.login.connect.timeout.ms = null\r\n\tsasl.login.read.timeout.ms = null\r\n\tsasl.login.refresh.buffer.seconds = 300\r\n\tsasl.login.refresh.min.period.seconds = 60\r\n\tsasl.login.refresh.window.factor = 0.8\r\n\tsasl.login.refresh.window.jitter = 0.05\r\n\tsasl.login.retry.backoff.max.ms = 10000\r\n\tsasl.login.retry.backoff.ms = 100\r\n\tsasl.mechanism = GSSAPI\r\n\tsasl.oauthbearer.clock.skew.seconds = 30\r\n\tsasl.oauthbearer.expected.audience = null\r\n\tsasl.oauthbearer.expected.issuer = null\r\n\tsasl.oauthbearer.jwks.endpoint.refresh.ms = 3600000\r\n\tsasl.oauthbearer.jwks.endpoint.retry.backoff.max.ms = 10000\r\n\tsasl.oauthbearer.jwks.endpoint.retry.backoff.ms = 100\r\n\tsasl.oauthbearer.jwks.endpoint.url = null\r\n\tsasl.oauthbearer.scope.claim.name = scope\r\n\tsasl.oauthbearer.sub.claim.name = sub\r\n\tsasl.oauthbearer.token.endpoint.url = null\r\n\tsecurity.protocol = PLAINTEXT\r\n\tsecurity.providers = null\r\n\tsend.buffer.bytes = 131072\r\n\tsocket.connection.setup.timeout.max.ms = 30000\r\n\tsocket.connection.setup.timeout.ms = 10000\r\n\tssl.cipher.suites = null\r\n\tssl.enabled.protocols = [TLSv1.2, TLSv1.3]\r\n\tssl.endpoint.identification.algorithm = https\r\n\tssl.engine.factory.class = null\r\n\tssl.key.password = null\r\n\tssl.keymanager.algorithm = SunX509\r\n\tssl.keystore.certificate.chain = null\r\n\tssl.keystore.key = null\r\n\tssl.keystore.location = null\r\n\tssl.keystore.password = null\r\n\tssl.keystore.type = JKS\r\n\tssl.protocol = TLSv1.3\r\n\tssl.provider = null\r\n\tssl.secure.random.implementation = null\r\n\tssl.trustmanager.algorithm = PKIX\r\n\tssl.truststore.certificates = null\r\n\tssl.truststore.location = null\r\n\tssl.truststore.password = null\r\n\tssl.truststore.type = JKS\r\n\ttransaction.timeout.ms = 60000\r\n\ttransactional.id = null\r\n\tvalue.serializer = class org.apache.kafka.common.serialization.ByteArraySerializer\r\n","logger_name":"org.apache.kafka.clients.producer.ProducerConfig","thread_name":"kafka-admin-client-thread | moviebooking-backend-admin-0","level":"INFO","level_value":20000}
{"@timestamp":"2025-08-09T15:05:24.6907469+05:30","@version":"1","message":"initializing Kafka metrics collector","logger_name":"org.apache.kafka.common.telemetry.internals.KafkaMetricsCollector","thread_name":"kafka-admin-client-thread | moviebooking-backend-admin-0","level":"INFO","level_value":20000}
{"@timestamp":"2025-08-09T15:05:24.6923444+05:30","@version":"1","message":"[Producer clientId=producer-50] Instantiated an idempotent producer.","logger_name":"org.apache.kafka.clients.producer.KafkaProducer","thread_name":"kafka-admin-client-thread | moviebooking-backend-admin-0","level":"INFO","level_value":20000}
{"@timestamp":"2025-08-09T15:05:24.6932965+05:30","@version":"1","message":"[Producer clientId=producer-50] Closing the Kafka producer with timeoutMillis = 0 ms.","logger_name":"org.apache.kafka.clients.producer.KafkaProducer","thread_name":"kafka-admin-client-thread | moviebooking-backend-admin-0","level":"INFO","level_value":20000}
{"@timestamp":"2025-08-09T15:05:24.6932965+05:30","@version":"1","message":"Metrics scheduler closed","logger_name":"org.apache.kafka.common.metrics.Metrics","thread_name":"kafka-admin-client-thread | moviebooking-backend-admin-0","level":"INFO","level_value":20000}
{"@timestamp":"2025-08-09T15:05:24.6932965+05:30","@version":"1","message":"Closing reporter org.apache.kafka.common.metrics.JmxReporter","logger_name":"org.apache.kafka.common.metrics.Metrics","thread_name":"kafka-admin-client-thread | moviebooking-backend-admin-0","level":"INFO","level_value":20000}
{"@timestamp":"2025-08-09T15:05:24.6932965+05:30","@version":"1","message":"Closing reporter org.apache.kafka.common.telemetry.internals.ClientTelemetryReporter","logger_name":"org.apache.kafka.common.metrics.Metrics","thread_name":"kafka-admin-client-thread | moviebooking-backend-admin-0","level":"INFO","level_value":20000}
{"@timestamp":"2025-08-09T15:05:24.6943027+05:30","@version":"1","message":"Metrics reporters closed","logger_name":"org.apache.kafka.common.metrics.Metrics","thread_name":"kafka-admin-client-thread | moviebooking-backend-admin-0","level":"INFO","level_value":20000}
{"@timestamp":"2025-08-09T15:05:24.6943027+05:30","@version":"1","message":"App info kafka.producer for producer-50 unregistered","logger_name":"org.apache.kafka.common.utils.AppInfoParser","thread_name":"kafka-admin-client-thread | moviebooking-backend-admin-0","level":"INFO","level_value":20000}
{"@timestamp":"2025-08-09T15:05:24.6953266+05:30","@version":"1","message":"[AdminClient clientId=moviebooking-backend-admin-0] Connection to node -1 (localhost/127.0.0.1:9092) could not be established. Node may not be available.","logger_name":"org.apache.kafka.clients.NetworkClient","thread_name":"kafka-admin-client-thread | moviebooking-backend-admin-0","level":"WARN","level_value":30000}
{"@timestamp":"2025-08-09T15:05:24.6963233+05:30","@version":"1","message":"ProducerConfig values: \r\n\tacks = -1\r\n\tauto.include.jmx.reporter = true\r\n\tbatch.size = 16384\r\n\tbootstrap.servers = [spring.kafka.bootstrap-servers_IS_UNDEFINED]\r\n\tbuffer.memory = 33554432\r\n\tclient.dns.lookup = use_all_dns_ips\r\n\tclient.id = producer-51\r\n\tcompression.type = none\r\n\tconnections.max.idle.ms = 540000\r\n\tdelivery.timeout.ms = 120000\r\n\tenable.idempotence = true\r\n\tenable.metrics.push = true\r\n\tinterceptor.classes = []\r\n\tkey.serializer = class org.apache.kafka.common.serialization.ByteArraySerializer\r\n\tlinger.ms = 0\r\n\tmax.block.ms = 60000\r\n\tmax.in.flight.requests.per.connection = 5\r\n\tmax.request.size = 1048576\r\n\tmetadata.max.age.ms = 300000\r\n\tmetadata.max.idle.ms = 300000\r\n\tmetric.reporters = []\r\n\tmetrics.num.samples = 2\r\n\tmetrics.recording.level = INFO\r\n\tmetrics.sample.window.ms = 30000\r\n\tpartitioner.adaptive.partitioning.enable = true\r\n\tpartitioner.availability.timeout.ms = 0\r\n\tpartitioner.class = null\r\n\tpartitioner.ignore.keys = false\r\n\treceive.buffer.bytes = 32768\r\n\treconnect.backoff.max.ms = 1000\r\n\treconnect.backoff.ms = 50\r\n\trequest.timeout.ms = 30000\r\n\tretries = 2147483647\r\n\tretry.backoff.max.ms = 1000\r\n\tretry.backoff.ms = 100\r\n\tsasl.client.callback.handler.class = null\r\n\tsasl.jaas.config = null\r\n\tsasl.kerberos.kinit.cmd = /usr/bin/kinit\r\n\tsasl.kerberos.min.time.before.relogin = 60000\r\n\tsasl.kerberos.service.name = null\r\n\tsasl.kerberos.ticket.renew.jitter = 0.05\r\n\tsasl.kerberos.ticket.renew.window.factor = 0.8\r\n\tsasl.login.callback.handler.class = null\r\n\tsasl.login.class = null\r\n\tsasl.login.connect.timeout.ms = null\r\n\tsasl.login.read.timeout.ms = null\r\n\tsasl.login.refresh.buffer.seconds = 300\r\n\tsasl.login.refresh.min.period.seconds = 60\r\n\tsasl.login.refresh.window.factor = 0.8\r\n\tsasl.login.refresh.window.jitter = 0.05\r\n\tsasl.login.retry.backoff.max.ms = 10000\r\n\tsasl.login.retry.backoff.ms = 100\r\n\tsasl.mechanism = GSSAPI\r\n\tsasl.oauthbearer.clock.skew.seconds = 30\r\n\tsasl.oauthbearer.expected.audience = null\r\n\tsasl.oauthbearer.expected.issuer = null\r\n\tsasl.oauthbearer.jwks.endpoint.refresh.ms = 3600000\r\n\tsasl.oauthbearer.jwks.endpoint.retry.backoff.max.ms = 10000\r\n\tsasl.oauthbearer.jwks.endpoint.retry.backoff.ms = 100\r\n\tsasl.oauthbearer.jwks.endpoint.url = null\r\n\tsasl.oauthbearer.scope.claim.name = scope\r\n\tsasl.oauthbearer.sub.claim.name = sub\r\n\tsasl.oauthbearer.token.endpoint.url = null\r\n\tsecurity.protocol = PLAINTEXT\r\n\tsecurity.providers = null\r\n\tsend.buffer.bytes = 131072\r\n\tsocket.connection.setup.timeout.max.ms = 30000\r\n\tsocket.connection.setup.timeout.ms = 10000\r\n\tssl.cipher.suites = null\r\n\tssl.enabled.protocols = [TLSv1.2, TLSv1.3]\r\n\tssl.endpoint.identification.algorithm = https\r\n\tssl.engine.factory.class = null\r\n\tssl.key.password = null\r\n\tssl.keymanager.algorithm = SunX509\r\n\tssl.keystore.certificate.chain = null\r\n\tssl.keystore.key = null\r\n\tssl.keystore.location = null\r\n\tssl.keystore.password = null\r\n\tssl.keystore.type = JKS\r\n\tssl.protocol = TLSv1.3\r\n\tssl.provider = null\r\n\tssl.secure.random.implementation = null\r\n\tssl.trustmanager.algorithm = PKIX\r\n\tssl.truststore.certificates = null\r\n\tssl.truststore.location = null\r\n\tssl.truststore.password = null\r\n\tssl.truststore.type = JKS\r\n\ttransaction.timeout.ms = 60000\r\n\ttransactional.id = null\r\n\tvalue.serializer = class org.apache.kafka.common.serialization.ByteArraySerializer\r\n","logger_name":"org.apache.kafka.clients.producer.ProducerConfig","thread_name":"kafka-admin-client-thread | moviebooking-backend-admin-0","level":"INFO","level_value":20000}
{"@timestamp":"2025-08-09T15:05:24.6973264+05:30","@version":"1","message":"initializing Kafka metrics collector","logger_name":"org.apache.kafka.common.telemetry.internals.KafkaMetricsCollector","thread_name":"kafka-admin-client-thread | moviebooking-backend-admin-0","level":"INFO","level_value":20000}
{"@timestamp":"2025-08-09T15:05:24.698326+05:30","@version":"1","message":"[Producer clientId=producer-51] Instantiated an idempotent producer.","logger_name":"org.apache.kafka.clients.producer.KafkaProducer","thread_name":"kafka-admin-client-thread | moviebooking-backend-admin-0","level":"INFO","level_value":20000}
{"@timestamp":"2025-08-09T15:05:24.698326+05:30","@version":"1","message":"[Producer clientId=producer-51] Closing the Kafka producer with timeoutMillis = 0 ms.","logger_name":"org.apache.kafka.clients.producer.KafkaProducer","thread_name":"kafka-admin-client-thread | moviebooking-backend-admin-0","level":"INFO","level_value":20000}
{"@timestamp":"2025-08-09T15:05:24.6993298+05:30","@version":"1","message":"Metrics scheduler closed","logger_name":"org.apache.kafka.common.metrics.Metrics","thread_name":"kafka-admin-client-thread | moviebooking-backend-admin-0","level":"INFO","level_value":20000}
{"@timestamp":"2025-08-09T15:05:24.6993298+05:30","@version":"1","message":"Closing reporter org.apache.kafka.common.metrics.JmxReporter","logger_name":"org.apache.kafka.common.metrics.Metrics","thread_name":"kafka-admin-client-thread | moviebooking-backend-admin-0","level":"INFO","level_value":20000}
{"@timestamp":"2025-08-09T15:05:24.6993298+05:30","@version":"1","message":"Closing reporter org.apache.kafka.common.telemetry.internals.ClientTelemetryReporter","logger_name":"org.apache.kafka.common.metrics.Metrics","thread_name":"kafka-admin-client-thread | moviebooking-backend-admin-0","level":"INFO","level_value":20000}
{"@timestamp":"2025-08-09T15:05:24.6993298+05:30","@version":"1","message":"Metrics reporters closed","logger_name":"org.apache.kafka.common.metrics.Metrics","thread_name":"kafka-admin-client-thread | moviebooking-backend-admin-0","level":"INFO","level_value":20000}
{"@timestamp":"2025-08-09T15:05:24.6993298+05:30","@version":"1","message":"App info kafka.producer for producer-51 unregistered","logger_name":"org.apache.kafka.common.utils.AppInfoParser","thread_name":"kafka-admin-client-thread | moviebooking-backend-admin-0","level":"INFO","level_value":20000}
{"@timestamp":"2025-08-09T15:05:25.7955527+05:30","@version":"1","message":"[AdminClient clientId=moviebooking-backend-admin-0] Node -1 disconnected.","logger_name":"org.apache.kafka.clients.NetworkClient","thread_name":"kafka-admin-client-thread | moviebooking-backend-admin-0","level":"INFO","level_value":20000}
{"@timestamp":"2025-08-09T15:05:25.7965531+05:30","@version":"1","message":"ProducerConfig values: \r\n\tacks = -1\r\n\tauto.include.jmx.reporter = true\r\n\tbatch.size = 16384\r\n\tbootstrap.servers = [spring.kafka.bootstrap-servers_IS_UNDEFINED]\r\n\tbuffer.memory = 33554432\r\n\tclient.dns.lookup = use_all_dns_ips\r\n\tclient.id = producer-52\r\n\tcompression.type = none\r\n\tconnections.max.idle.ms = 540000\r\n\tdelivery.timeout.ms = 120000\r\n\tenable.idempotence = true\r\n\tenable.metrics.push = true\r\n\tinterceptor.classes = []\r\n\tkey.serializer = class org.apache.kafka.common.serialization.ByteArraySerializer\r\n\tlinger.ms = 0\r\n\tmax.block.ms = 60000\r\n\tmax.in.flight.requests.per.connection = 5\r\n\tmax.request.size = 1048576\r\n\tmetadata.max.age.ms = 300000\r\n\tmetadata.max.idle.ms = 300000\r\n\tmetric.reporters = []\r\n\tmetrics.num.samples = 2\r\n\tmetrics.recording.level = INFO\r\n\tmetrics.sample.window.ms = 30000\r\n\tpartitioner.adaptive.partitioning.enable = true\r\n\tpartitioner.availability.timeout.ms = 0\r\n\tpartitioner.class = null\r\n\tpartitioner.ignore.keys = false\r\n\treceive.buffer.bytes = 32768\r\n\treconnect.backoff.max.ms = 1000\r\n\treconnect.backoff.ms = 50\r\n\trequest.timeout.ms = 30000\r\n\tretries = 2147483647\r\n\tretry.backoff.max.ms = 1000\r\n\tretry.backoff.ms = 100\r\n\tsasl.client.callback.handler.class = null\r\n\tsasl.jaas.config = null\r\n\tsasl.kerberos.kinit.cmd = /usr/bin/kinit\r\n\tsasl.kerberos.min.time.before.relogin = 60000\r\n\tsasl.kerberos.service.name = null\r\n\tsasl.kerberos.ticket.renew.jitter = 0.05\r\n\tsasl.kerberos.ticket.renew.window.factor = 0.8\r\n\tsasl.login.callback.handler.class = null\r\n\tsasl.login.class = null\r\n\tsasl.login.connect.timeout.ms = null\r\n\tsasl.login.read.timeout.ms = null\r\n\tsasl.login.refresh.buffer.seconds = 300\r\n\tsasl.login.refresh.min.period.seconds = 60\r\n\tsasl.login.refresh.window.factor = 0.8\r\n\tsasl.login.refresh.window.jitter = 0.05\r\n\tsasl.login.retry.backoff.max.ms = 10000\r\n\tsasl.login.retry.backoff.ms = 100\r\n\tsasl.mechanism = GSSAPI\r\n\tsasl.oauthbearer.clock.skew.seconds = 30\r\n\tsasl.oauthbearer.expected.audience = null\r\n\tsasl.oauthbearer.expected.issuer = null\r\n\tsasl.oauthbearer.jwks.endpoint.refresh.ms = 3600000\r\n\tsasl.oauthbearer.jwks.endpoint.retry.backoff.max.ms = 10000\r\n\tsasl.oauthbearer.jwks.endpoint.retry.backoff.ms = 100\r\n\tsasl.oauthbearer.jwks.endpoint.url = null\r\n\tsasl.oauthbearer.scope.claim.name = scope\r\n\tsasl.oauthbearer.sub.claim.name = sub\r\n\tsasl.oauthbearer.token.endpoint.url = null\r\n\tsecurity.protocol = PLAINTEXT\r\n\tsecurity.providers = null\r\n\tsend.buffer.bytes = 131072\r\n\tsocket.connection.setup.timeout.max.ms = 30000\r\n\tsocket.connection.setup.timeout.ms = 10000\r\n\tssl.cipher.suites = null\r\n\tssl.enabled.protocols = [TLSv1.2, TLSv1.3]\r\n\tssl.endpoint.identification.algorithm = https\r\n\tssl.engine.factory.class = null\r\n\tssl.key.password = null\r\n\tssl.keymanager.algorithm = SunX509\r\n\tssl.keystore.certificate.chain = null\r\n\tssl.keystore.key = null\r\n\tssl.keystore.location = null\r\n\tssl.keystore.password = null\r\n\tssl.keystore.type = JKS\r\n\tssl.protocol = TLSv1.3\r\n\tssl.provider = null\r\n\tssl.secure.random.implementation = null\r\n\tssl.trustmanager.algorithm = PKIX\r\n\tssl.truststore.certificates = null\r\n\tssl.truststore.location = null\r\n\tssl.truststore.password = null\r\n\tssl.truststore.type = JKS\r\n\ttransaction.timeout.ms = 60000\r\n\ttransactional.id = null\r\n\tvalue.serializer = class org.apache.kafka.common.serialization.ByteArraySerializer\r\n","logger_name":"org.apache.kafka.clients.producer.ProducerConfig","thread_name":"kafka-admin-client-thread | moviebooking-backend-admin-0","level":"INFO","level_value":20000}
{"@timestamp":"2025-08-09T15:05:25.7975503+05:30","@version":"1","message":"initializing Kafka metrics collector","logger_name":"org.apache.kafka.common.telemetry.internals.KafkaMetricsCollector","thread_name":"kafka-admin-client-thread | moviebooking-backend-admin-0","level":"INFO","level_value":20000}
{"@timestamp":"2025-08-09T15:05:25.7975503+05:30","@version":"1","message":"[Producer clientId=producer-52] Instantiated an idempotent producer.","logger_name":"org.apache.kafka.clients.producer.KafkaProducer","thread_name":"kafka-admin-client-thread | moviebooking-backend-admin-0","level":"INFO","level_value":20000}
{"@timestamp":"2025-08-09T15:05:25.7985469+05:30","@version":"1","message":"[Producer clientId=producer-52] Closing the Kafka producer with timeoutMillis = 0 ms.","logger_name":"org.apache.kafka.clients.producer.KafkaProducer","thread_name":"kafka-admin-client-thread | moviebooking-backend-admin-0","level":"INFO","level_value":20000}
{"@timestamp":"2025-08-09T15:05:25.7985469+05:30","@version":"1","message":"Metrics scheduler closed","logger_name":"org.apache.kafka.common.metrics.Metrics","thread_name":"kafka-admin-client-thread | moviebooking-backend-admin-0","level":"INFO","level_value":20000}
{"@timestamp":"2025-08-09T15:05:25.7985469+05:30","@version":"1","message":"Closing reporter org.apache.kafka.common.metrics.JmxReporter","logger_name":"org.apache.kafka.common.metrics.Metrics","thread_name":"kafka-admin-client-thread | moviebooking-backend-admin-0","level":"INFO","level_value":20000}
{"@timestamp":"2025-08-09T15:05:25.7985469+05:30","@version":"1","message":"Closing reporter org.apache.kafka.common.telemetry.internals.ClientTelemetryReporter","logger_name":"org.apache.kafka.common.metrics.Metrics","thread_name":"kafka-admin-client-thread | moviebooking-backend-admin-0","level":"INFO","level_value":20000}
{"@timestamp":"2025-08-09T15:05:25.7985469+05:30","@version":"1","message":"Metrics reporters closed","logger_name":"org.apache.kafka.common.metrics.Metrics","thread_name":"kafka-admin-client-thread | moviebooking-backend-admin-0","level":"INFO","level_value":20000}
{"@timestamp":"2025-08-09T15:05:25.7985469+05:30","@version":"1","message":"App info kafka.producer for producer-52 unregistered","logger_name":"org.apache.kafka.common.utils.AppInfoParser","thread_name":"kafka-admin-client-thread | moviebooking-backend-admin-0","level":"INFO","level_value":20000}
{"@timestamp":"2025-08-09T15:05:25.7985469+05:30","@version":"1","message":"[AdminClient clientId=moviebooking-backend-admin-0] Connection to node -1 (localhost/127.0.0.1:9092) could not be established. Node may not be available.","logger_name":"org.apache.kafka.clients.NetworkClient","thread_name":"kafka-admin-client-thread | moviebooking-backend-admin-0","level":"WARN","level_value":30000}
{"@timestamp":"2025-08-09T15:05:25.7995512+05:30","@version":"1","message":"ProducerConfig values: \r\n\tacks = -1\r\n\tauto.include.jmx.reporter = true\r\n\tbatch.size = 16384\r\n\tbootstrap.servers = [spring.kafka.bootstrap-servers_IS_UNDEFINED]\r\n\tbuffer.memory = 33554432\r\n\tclient.dns.lookup = use_all_dns_ips\r\n\tclient.id = producer-53\r\n\tcompression.type = none\r\n\tconnections.max.idle.ms = 540000\r\n\tdelivery.timeout.ms = 120000\r\n\tenable.idempotence = true\r\n\tenable.metrics.push = true\r\n\tinterceptor.classes = []\r\n\tkey.serializer = class org.apache.kafka.common.serialization.ByteArraySerializer\r\n\tlinger.ms = 0\r\n\tmax.block.ms = 60000\r\n\tmax.in.flight.requests.per.connection = 5\r\n\tmax.request.size = 1048576\r\n\tmetadata.max.age.ms = 300000\r\n\tmetadata.max.idle.ms = 300000\r\n\tmetric.reporters = []\r\n\tmetrics.num.samples = 2\r\n\tmetrics.recording.level = INFO\r\n\tmetrics.sample.window.ms = 30000\r\n\tpartitioner.adaptive.partitioning.enable = true\r\n\tpartitioner.availability.timeout.ms = 0\r\n\tpartitioner.class = null\r\n\tpartitioner.ignore.keys = false\r\n\treceive.buffer.bytes = 32768\r\n\treconnect.backoff.max.ms = 1000\r\n\treconnect.backoff.ms = 50\r\n\trequest.timeout.ms = 30000\r\n\tretries = 2147483647\r\n\tretry.backoff.max.ms = 1000\r\n\tretry.backoff.ms = 100\r\n\tsasl.client.callback.handler.class = null\r\n\tsasl.jaas.config = null\r\n\tsasl.kerberos.kinit.cmd = /usr/bin/kinit\r\n\tsasl.kerberos.min.time.before.relogin = 60000\r\n\tsasl.kerberos.service.name = null\r\n\tsasl.kerberos.ticket.renew.jitter = 0.05\r\n\tsasl.kerberos.ticket.renew.window.factor = 0.8\r\n\tsasl.login.callback.handler.class = null\r\n\tsasl.login.class = null\r\n\tsasl.login.connect.timeout.ms = null\r\n\tsasl.login.read.timeout.ms = null\r\n\tsasl.login.refresh.buffer.seconds = 300\r\n\tsasl.login.refresh.min.period.seconds = 60\r\n\tsasl.login.refresh.window.factor = 0.8\r\n\tsasl.login.refresh.window.jitter = 0.05\r\n\tsasl.login.retry.backoff.max.ms = 10000\r\n\tsasl.login.retry.backoff.ms = 100\r\n\tsasl.mechanism = GSSAPI\r\n\tsasl.oauthbearer.clock.skew.seconds = 30\r\n\tsasl.oauthbearer.expected.audience = null\r\n\tsasl.oauthbearer.expected.issuer = null\r\n\tsasl.oauthbearer.jwks.endpoint.refresh.ms = 3600000\r\n\tsasl.oauthbearer.jwks.endpoint.retry.backoff.max.ms = 10000\r\n\tsasl.oauthbearer.jwks.endpoint.retry.backoff.ms = 100\r\n\tsasl.oauthbearer.jwks.endpoint.url = null\r\n\tsasl.oauthbearer.scope.claim.name = scope\r\n\tsasl.oauthbearer.sub.claim.name = sub\r\n\tsasl.oauthbearer.token.endpoint.url = null\r\n\tsecurity.protocol = PLAINTEXT\r\n\tsecurity.providers = null\r\n\tsend.buffer.bytes = 131072\r\n\tsocket.connection.setup.timeout.max.ms = 30000\r\n\tsocket.connection.setup.timeout.ms = 10000\r\n\tssl.cipher.suites = null\r\n\tssl.enabled.protocols = [TLSv1.2, TLSv1.3]\r\n\tssl.endpoint.identification.algorithm = https\r\n\tssl.engine.factory.class = null\r\n\tssl.key.password = null\r\n\tssl.keymanager.algorithm = SunX509\r\n\tssl.keystore.certificate.chain = null\r\n\tssl.keystore.key = null\r\n\tssl.keystore.location = null\r\n\tssl.keystore.password = null\r\n\tssl.keystore.type = JKS\r\n\tssl.protocol = TLSv1.3\r\n\tssl.provider = null\r\n\tssl.secure.random.implementation = null\r\n\tssl.trustmanager.algorithm = PKIX\r\n\tssl.truststore.certificates = null\r\n\tssl.truststore.location = null\r\n\tssl.truststore.password = null\r\n\tssl.truststore.type = JKS\r\n\ttransaction.timeout.ms = 60000\r\n\ttransactional.id = null\r\n\tvalue.serializer = class org.apache.kafka.common.serialization.ByteArraySerializer\r\n","logger_name":"org.apache.kafka.clients.producer.ProducerConfig","thread_name":"kafka-admin-client-thread | moviebooking-backend-admin-0","level":"INFO","level_value":20000}
{"@timestamp":"2025-08-09T15:05:25.8005538+05:30","@version":"1","message":"initializing Kafka metrics collector","logger_name":"org.apache.kafka.common.telemetry.internals.KafkaMetricsCollector","thread_name":"kafka-admin-client-thread | moviebooking-backend-admin-0","level":"INFO","level_value":20000}
{"@timestamp":"2025-08-09T15:05:25.8005538+05:30","@version":"1","message":"[Producer clientId=producer-53] Instantiated an idempotent producer.","logger_name":"org.apache.kafka.clients.producer.KafkaProducer","thread_name":"kafka-admin-client-thread | moviebooking-backend-admin-0","level":"INFO","level_value":20000}
{"@timestamp":"2025-08-09T15:05:25.8015541+05:30","@version":"1","message":"[Producer clientId=producer-53] Closing the Kafka producer with timeoutMillis = 0 ms.","logger_name":"org.apache.kafka.clients.producer.KafkaProducer","thread_name":"kafka-admin-client-thread | moviebooking-backend-admin-0","level":"INFO","level_value":20000}
{"@timestamp":"2025-08-09T15:05:25.8015541+05:30","@version":"1","message":"Metrics scheduler closed","logger_name":"org.apache.kafka.common.metrics.Metrics","thread_name":"kafka-admin-client-thread | moviebooking-backend-admin-0","level":"INFO","level_value":20000}
{"@timestamp":"2025-08-09T15:05:25.8015541+05:30","@version":"1","message":"Closing reporter org.apache.kafka.common.metrics.JmxReporter","logger_name":"org.apache.kafka.common.metrics.Metrics","thread_name":"kafka-admin-client-thread | moviebooking-backend-admin-0","level":"INFO","level_value":20000}
{"@timestamp":"2025-08-09T15:05:25.8015541+05:30","@version":"1","message":"Closing reporter org.apache.kafka.common.telemetry.internals.ClientTelemetryReporter","logger_name":"org.apache.kafka.common.metrics.Metrics","thread_name":"kafka-admin-client-thread | moviebooking-backend-admin-0","level":"INFO","level_value":20000}
{"@timestamp":"2025-08-09T15:05:25.8025535+05:30","@version":"1","message":"Metrics reporters closed","logger_name":"org.apache.kafka.common.metrics.Metrics","thread_name":"kafka-admin-client-thread | moviebooking-backend-admin-0","level":"INFO","level_value":20000}
{"@timestamp":"2025-08-09T15:05:25.8025535+05:30","@version":"1","message":"App info kafka.producer for producer-53 unregistered","logger_name":"org.apache.kafka.common.utils.AppInfoParser","thread_name":"kafka-admin-client-thread | moviebooking-backend-admin-0","level":"INFO","level_value":20000}
{"@timestamp":"2025-08-09T15:05:26.9022954+05:30","@version":"1","message":"[AdminClient clientId=moviebooking-backend-admin-0] Node -1 disconnected.","logger_name":"org.apache.kafka.clients.NetworkClient","thread_name":"kafka-admin-client-thread | moviebooking-backend-admin-0","level":"INFO","level_value":20000}
{"@timestamp":"2025-08-09T15:05:26.9032017+05:30","@version":"1","message":"ProducerConfig values: \r\n\tacks = -1\r\n\tauto.include.jmx.reporter = true\r\n\tbatch.size = 16384\r\n\tbootstrap.servers = [spring.kafka.bootstrap-servers_IS_UNDEFINED]\r\n\tbuffer.memory = 33554432\r\n\tclient.dns.lookup = use_all_dns_ips\r\n\tclient.id = producer-54\r\n\tcompression.type = none\r\n\tconnections.max.idle.ms = 540000\r\n\tdelivery.timeout.ms = 120000\r\n\tenable.idempotence = true\r\n\tenable.metrics.push = true\r\n\tinterceptor.classes = []\r\n\tkey.serializer = class org.apache.kafka.common.serialization.ByteArraySerializer\r\n\tlinger.ms = 0\r\n\tmax.block.ms = 60000\r\n\tmax.in.flight.requests.per.connection = 5\r\n\tmax.request.size = 1048576\r\n\tmetadata.max.age.ms = 300000\r\n\tmetadata.max.idle.ms = 300000\r\n\tmetric.reporters = []\r\n\tmetrics.num.samples = 2\r\n\tmetrics.recording.level = INFO\r\n\tmetrics.sample.window.ms = 30000\r\n\tpartitioner.adaptive.partitioning.enable = true\r\n\tpartitioner.availability.timeout.ms = 0\r\n\tpartitioner.class = null\r\n\tpartitioner.ignore.keys = false\r\n\treceive.buffer.bytes = 32768\r\n\treconnect.backoff.max.ms = 1000\r\n\treconnect.backoff.ms = 50\r\n\trequest.timeout.ms = 30000\r\n\tretries = 2147483647\r\n\tretry.backoff.max.ms = 1000\r\n\tretry.backoff.ms = 100\r\n\tsasl.client.callback.handler.class = null\r\n\tsasl.jaas.config = null\r\n\tsasl.kerberos.kinit.cmd = /usr/bin/kinit\r\n\tsasl.kerberos.min.time.before.relogin = 60000\r\n\tsasl.kerberos.service.name = null\r\n\tsasl.kerberos.ticket.renew.jitter = 0.05\r\n\tsasl.kerberos.ticket.renew.window.factor = 0.8\r\n\tsasl.login.callback.handler.class = null\r\n\tsasl.login.class = null\r\n\tsasl.login.connect.timeout.ms = null\r\n\tsasl.login.read.timeout.ms = null\r\n\tsasl.login.refresh.buffer.seconds = 300\r\n\tsasl.login.refresh.min.period.seconds = 60\r\n\tsasl.login.refresh.window.factor = 0.8\r\n\tsasl.login.refresh.window.jitter = 0.05\r\n\tsasl.login.retry.backoff.max.ms = 10000\r\n\tsasl.login.retry.backoff.ms = 100\r\n\tsasl.mechanism = GSSAPI\r\n\tsasl.oauthbearer.clock.skew.seconds = 30\r\n\tsasl.oauthbearer.expected.audience = null\r\n\tsasl.oauthbearer.expected.issuer = null\r\n\tsasl.oauthbearer.jwks.endpoint.refresh.ms = 3600000\r\n\tsasl.oauthbearer.jwks.endpoint.retry.backoff.max.ms = 10000\r\n\tsasl.oauthbearer.jwks.endpoint.retry.backoff.ms = 100\r\n\tsasl.oauthbearer.jwks.endpoint.url = null\r\n\tsasl.oauthbearer.scope.claim.name = scope\r\n\tsasl.oauthbearer.sub.claim.name = sub\r\n\tsasl.oauthbearer.token.endpoint.url = null\r\n\tsecurity.protocol = PLAINTEXT\r\n\tsecurity.providers = null\r\n\tsend.buffer.bytes = 131072\r\n\tsocket.connection.setup.timeout.max.ms = 30000\r\n\tsocket.connection.setup.timeout.ms = 10000\r\n\tssl.cipher.suites = null\r\n\tssl.enabled.protocols = [TLSv1.2, TLSv1.3]\r\n\tssl.endpoint.identification.algorithm = https\r\n\tssl.engine.factory.class = null\r\n\tssl.key.password = null\r\n\tssl.keymanager.algorithm = SunX509\r\n\tssl.keystore.certificate.chain = null\r\n\tssl.keystore.key = null\r\n\tssl.keystore.location = null\r\n\tssl.keystore.password = null\r\n\tssl.keystore.type = JKS\r\n\tssl.protocol = TLSv1.3\r\n\tssl.provider = null\r\n\tssl.secure.random.implementation = null\r\n\tssl.trustmanager.algorithm = PKIX\r\n\tssl.truststore.certificates = null\r\n\tssl.truststore.location = null\r\n\tssl.truststore.password = null\r\n\tssl.truststore.type = JKS\r\n\ttransaction.timeout.ms = 60000\r\n\ttransactional.id = null\r\n\tvalue.serializer = class org.apache.kafka.common.serialization.ByteArraySerializer\r\n","logger_name":"org.apache.kafka.clients.producer.ProducerConfig","thread_name":"kafka-admin-client-thread | moviebooking-backend-admin-0","level":"INFO","level_value":20000}
{"@timestamp":"2025-08-09T15:05:26.9042049+05:30","@version":"1","message":"initializing Kafka metrics collector","logger_name":"org.apache.kafka.common.telemetry.internals.KafkaMetricsCollector","thread_name":"kafka-admin-client-thread | moviebooking-backend-admin-0","level":"INFO","level_value":20000}
{"@timestamp":"2025-08-09T15:05:26.9052315+05:30","@version":"1","message":"[Producer clientId=producer-54] Instantiated an idempotent producer.","logger_name":"org.apache.kafka.clients.producer.KafkaProducer","thread_name":"kafka-admin-client-thread | moviebooking-backend-admin-0","level":"INFO","level_value":20000}
{"@timestamp":"2025-08-09T15:05:26.9072255+05:30","@version":"1","message":"[Producer clientId=producer-54] Closing the Kafka producer with timeoutMillis = 0 ms.","logger_name":"org.apache.kafka.clients.producer.KafkaProducer","thread_name":"kafka-admin-client-thread | moviebooking-backend-admin-0","level":"INFO","level_value":20000}
{"@timestamp":"2025-08-09T15:05:26.9072255+05:30","@version":"1","message":"Metrics scheduler closed","logger_name":"org.apache.kafka.common.metrics.Metrics","thread_name":"kafka-admin-client-thread | moviebooking-backend-admin-0","level":"INFO","level_value":20000}
{"@timestamp":"2025-08-09T15:05:26.9072255+05:30","@version":"1","message":"Closing reporter org.apache.kafka.common.metrics.JmxReporter","logger_name":"org.apache.kafka.common.metrics.Metrics","thread_name":"kafka-admin-client-thread | moviebooking-backend-admin-0","level":"INFO","level_value":20000}
{"@timestamp":"2025-08-09T15:05:26.9082288+05:30","@version":"1","message":"Closing reporter org.apache.kafka.common.telemetry.internals.ClientTelemetryReporter","logger_name":"org.apache.kafka.common.metrics.Metrics","thread_name":"kafka-admin-client-thread | moviebooking-backend-admin-0","level":"INFO","level_value":20000}
{"@timestamp":"2025-08-09T15:05:26.9082288+05:30","@version":"1","message":"Metrics reporters closed","logger_name":"org.apache.kafka.common.metrics.Metrics","thread_name":"kafka-admin-client-thread | moviebooking-backend-admin-0","level":"INFO","level_value":20000}
{"@timestamp":"2025-08-09T15:05:26.9082288+05:30","@version":"1","message":"App info kafka.producer for producer-54 unregistered","logger_name":"org.apache.kafka.common.utils.AppInfoParser","thread_name":"kafka-admin-client-thread | moviebooking-backend-admin-0","level":"INFO","level_value":20000}
{"@timestamp":"2025-08-09T15:05:26.9082288+05:30","@version":"1","message":"[AdminClient clientId=moviebooking-backend-admin-0] Connection to node -1 (localhost/127.0.0.1:9092) could not be established. Node may not be available.","logger_name":"org.apache.kafka.clients.NetworkClient","thread_name":"kafka-admin-client-thread | moviebooking-backend-admin-0","level":"WARN","level_value":30000}
{"@timestamp":"2025-08-09T15:05:26.9092285+05:30","@version":"1","message":"ProducerConfig values: \r\n\tacks = -1\r\n\tauto.include.jmx.reporter = true\r\n\tbatch.size = 16384\r\n\tbootstrap.servers = [spring.kafka.bootstrap-servers_IS_UNDEFINED]\r\n\tbuffer.memory = 33554432\r\n\tclient.dns.lookup = use_all_dns_ips\r\n\tclient.id = producer-55\r\n\tcompression.type = none\r\n\tconnections.max.idle.ms = 540000\r\n\tdelivery.timeout.ms = 120000\r\n\tenable.idempotence = true\r\n\tenable.metrics.push = true\r\n\tinterceptor.classes = []\r\n\tkey.serializer = class org.apache.kafka.common.serialization.ByteArraySerializer\r\n\tlinger.ms = 0\r\n\tmax.block.ms = 60000\r\n\tmax.in.flight.requests.per.connection = 5\r\n\tmax.request.size = 1048576\r\n\tmetadata.max.age.ms = 300000\r\n\tmetadata.max.idle.ms = 300000\r\n\tmetric.reporters = []\r\n\tmetrics.num.samples = 2\r\n\tmetrics.recording.level = INFO\r\n\tmetrics.sample.window.ms = 30000\r\n\tpartitioner.adaptive.partitioning.enable = true\r\n\tpartitioner.availability.timeout.ms = 0\r\n\tpartitioner.class = null\r\n\tpartitioner.ignore.keys = false\r\n\treceive.buffer.bytes = 32768\r\n\treconnect.backoff.max.ms = 1000\r\n\treconnect.backoff.ms = 50\r\n\trequest.timeout.ms = 30000\r\n\tretries = 2147483647\r\n\tretry.backoff.max.ms = 1000\r\n\tretry.backoff.ms = 100\r\n\tsasl.client.callback.handler.class = null\r\n\tsasl.jaas.config = null\r\n\tsasl.kerberos.kinit.cmd = /usr/bin/kinit\r\n\tsasl.kerberos.min.time.before.relogin = 60000\r\n\tsasl.kerberos.service.name = null\r\n\tsasl.kerberos.ticket.renew.jitter = 0.05\r\n\tsasl.kerberos.ticket.renew.window.factor = 0.8\r\n\tsasl.login.callback.handler.class = null\r\n\tsasl.login.class = null\r\n\tsasl.login.connect.timeout.ms = null\r\n\tsasl.login.read.timeout.ms = null\r\n\tsasl.login.refresh.buffer.seconds = 300\r\n\tsasl.login.refresh.min.period.seconds = 60\r\n\tsasl.login.refresh.window.factor = 0.8\r\n\tsasl.login.refresh.window.jitter = 0.05\r\n\tsasl.login.retry.backoff.max.ms = 10000\r\n\tsasl.login.retry.backoff.ms = 100\r\n\tsasl.mechanism = GSSAPI\r\n\tsasl.oauthbearer.clock.skew.seconds = 30\r\n\tsasl.oauthbearer.expected.audience = null\r\n\tsasl.oauthbearer.expected.issuer = null\r\n\tsasl.oauthbearer.jwks.endpoint.refresh.ms = 3600000\r\n\tsasl.oauthbearer.jwks.endpoint.retry.backoff.max.ms = 10000\r\n\tsasl.oauthbearer.jwks.endpoint.retry.backoff.ms = 100\r\n\tsasl.oauthbearer.jwks.endpoint.url = null\r\n\tsasl.oauthbearer.scope.claim.name = scope\r\n\tsasl.oauthbearer.sub.claim.name = sub\r\n\tsasl.oauthbearer.token.endpoint.url = null\r\n\tsecurity.protocol = PLAINTEXT\r\n\tsecurity.providers = null\r\n\tsend.buffer.bytes = 131072\r\n\tsocket.connection.setup.timeout.max.ms = 30000\r\n\tsocket.connection.setup.timeout.ms = 10000\r\n\tssl.cipher.suites = null\r\n\tssl.enabled.protocols = [TLSv1.2, TLSv1.3]\r\n\tssl.endpoint.identification.algorithm = https\r\n\tssl.engine.factory.class = null\r\n\tssl.key.password = null\r\n\tssl.keymanager.algorithm = SunX509\r\n\tssl.keystore.certificate.chain = null\r\n\tssl.keystore.key = null\r\n\tssl.keystore.location = null\r\n\tssl.keystore.password = null\r\n\tssl.keystore.type = JKS\r\n\tssl.protocol = TLSv1.3\r\n\tssl.provider = null\r\n\tssl.secure.random.implementation = null\r\n\tssl.trustmanager.algorithm = PKIX\r\n\tssl.truststore.certificates = null\r\n\tssl.truststore.location = null\r\n\tssl.truststore.password = null\r\n\tssl.truststore.type = JKS\r\n\ttransaction.timeout.ms = 60000\r\n\ttransactional.id = null\r\n\tvalue.serializer = class org.apache.kafka.common.serialization.ByteArraySerializer\r\n","logger_name":"org.apache.kafka.clients.producer.ProducerConfig","thread_name":"kafka-admin-client-thread | moviebooking-backend-admin-0","level":"INFO","level_value":20000}
{"@timestamp":"2025-08-09T15:05:26.9102291+05:30","@version":"1","message":"initializing Kafka metrics collector","logger_name":"org.apache.kafka.common.telemetry.internals.KafkaMetricsCollector","thread_name":"kafka-admin-client-thread | moviebooking-backend-admin-0","level":"INFO","level_value":20000}
{"@timestamp":"2025-08-09T15:05:26.9122323+05:30","@version":"1","message":"[Producer clientId=producer-55] Instantiated an idempotent producer.","logger_name":"org.apache.kafka.clients.producer.KafkaProducer","thread_name":"kafka-admin-client-thread | moviebooking-backend-admin-0","level":"INFO","level_value":20000}
{"@timestamp":"2025-08-09T15:05:26.9127533+05:30","@version":"1","message":"[Producer clientId=producer-55] Closing the Kafka producer with timeoutMillis = 0 ms.","logger_name":"org.apache.kafka.clients.producer.KafkaProducer","thread_name":"kafka-admin-client-thread | moviebooking-backend-admin-0","level":"INFO","level_value":20000}
{"@timestamp":"2025-08-09T15:05:26.9147816+05:30","@version":"1","message":"Metrics scheduler closed","logger_name":"org.apache.kafka.common.metrics.Metrics","thread_name":"kafka-admin-client-thread | moviebooking-backend-admin-0","level":"INFO","level_value":20000}
{"@timestamp":"2025-08-09T15:05:26.9147816+05:30","@version":"1","message":"Closing reporter org.apache.kafka.common.metrics.JmxReporter","logger_name":"org.apache.kafka.common.metrics.Metrics","thread_name":"kafka-admin-client-thread | moviebooking-backend-admin-0","level":"INFO","level_value":20000}
{"@timestamp":"2025-08-09T15:05:26.9147816+05:30","@version":"1","message":"Closing reporter org.apache.kafka.common.telemetry.internals.ClientTelemetryReporter","logger_name":"org.apache.kafka.common.metrics.Metrics","thread_name":"kafka-admin-client-thread | moviebooking-backend-admin-0","level":"INFO","level_value":20000}
{"@timestamp":"2025-08-09T15:05:26.9147816+05:30","@version":"1","message":"Metrics reporters closed","logger_name":"org.apache.kafka.common.metrics.Metrics","thread_name":"kafka-admin-client-thread | moviebooking-backend-admin-0","level":"INFO","level_value":20000}
{"@timestamp":"2025-08-09T15:05:26.9147816+05:30","@version":"1","message":"App info kafka.producer for producer-55 unregistered","logger_name":"org.apache.kafka.common.utils.AppInfoParser","thread_name":"kafka-admin-client-thread | moviebooking-backend-admin-0","level":"INFO","level_value":20000}
{"@timestamp":"2025-08-09T15:05:27.7897425+05:30","@version":"1","message":"[AdminClient clientId=moviebooking-backend-admin-0] Node -1 disconnected.","logger_name":"org.apache.kafka.clients.NetworkClient","thread_name":"kafka-admin-client-thread | moviebooking-backend-admin-0","level":"INFO","level_value":20000}
{"@timestamp":"2025-08-09T15:05:27.790749+05:30","@version":"1","message":"ProducerConfig values: \r\n\tacks = -1\r\n\tauto.include.jmx.reporter = true\r\n\tbatch.size = 16384\r\n\tbootstrap.servers = [spring.kafka.bootstrap-servers_IS_UNDEFINED]\r\n\tbuffer.memory = 33554432\r\n\tclient.dns.lookup = use_all_dns_ips\r\n\tclient.id = producer-56\r\n\tcompression.type = none\r\n\tconnections.max.idle.ms = 540000\r\n\tdelivery.timeout.ms = 120000\r\n\tenable.idempotence = true\r\n\tenable.metrics.push = true\r\n\tinterceptor.classes = []\r\n\tkey.serializer = class org.apache.kafka.common.serialization.ByteArraySerializer\r\n\tlinger.ms = 0\r\n\tmax.block.ms = 60000\r\n\tmax.in.flight.requests.per.connection = 5\r\n\tmax.request.size = 1048576\r\n\tmetadata.max.age.ms = 300000\r\n\tmetadata.max.idle.ms = 300000\r\n\tmetric.reporters = []\r\n\tmetrics.num.samples = 2\r\n\tmetrics.recording.level = INFO\r\n\tmetrics.sample.window.ms = 30000\r\n\tpartitioner.adaptive.partitioning.enable = true\r\n\tpartitioner.availability.timeout.ms = 0\r\n\tpartitioner.class = null\r\n\tpartitioner.ignore.keys = false\r\n\treceive.buffer.bytes = 32768\r\n\treconnect.backoff.max.ms = 1000\r\n\treconnect.backoff.ms = 50\r\n\trequest.timeout.ms = 30000\r\n\tretries = 2147483647\r\n\tretry.backoff.max.ms = 1000\r\n\tretry.backoff.ms = 100\r\n\tsasl.client.callback.handler.class = null\r\n\tsasl.jaas.config = null\r\n\tsasl.kerberos.kinit.cmd = /usr/bin/kinit\r\n\tsasl.kerberos.min.time.before.relogin = 60000\r\n\tsasl.kerberos.service.name = null\r\n\tsasl.kerberos.ticket.renew.jitter = 0.05\r\n\tsasl.kerberos.ticket.renew.window.factor = 0.8\r\n\tsasl.login.callback.handler.class = null\r\n\tsasl.login.class = null\r\n\tsasl.login.connect.timeout.ms = null\r\n\tsasl.login.read.timeout.ms = null\r\n\tsasl.login.refresh.buffer.seconds = 300\r\n\tsasl.login.refresh.min.period.seconds = 60\r\n\tsasl.login.refresh.window.factor = 0.8\r\n\tsasl.login.refresh.window.jitter = 0.05\r\n\tsasl.login.retry.backoff.max.ms = 10000\r\n\tsasl.login.retry.backoff.ms = 100\r\n\tsasl.mechanism = GSSAPI\r\n\tsasl.oauthbearer.clock.skew.seconds = 30\r\n\tsasl.oauthbearer.expected.audience = null\r\n\tsasl.oauthbearer.expected.issuer = null\r\n\tsasl.oauthbearer.jwks.endpoint.refresh.ms = 3600000\r\n\tsasl.oauthbearer.jwks.endpoint.retry.backoff.max.ms = 10000\r\n\tsasl.oauthbearer.jwks.endpoint.retry.backoff.ms = 100\r\n\tsasl.oauthbearer.jwks.endpoint.url = null\r\n\tsasl.oauthbearer.scope.claim.name = scope\r\n\tsasl.oauthbearer.sub.claim.name = sub\r\n\tsasl.oauthbearer.token.endpoint.url = null\r\n\tsecurity.protocol = PLAINTEXT\r\n\tsecurity.providers = null\r\n\tsend.buffer.bytes = 131072\r\n\tsocket.connection.setup.timeout.max.ms = 30000\r\n\tsocket.connection.setup.timeout.ms = 10000\r\n\tssl.cipher.suites = null\r\n\tssl.enabled.protocols = [TLSv1.2, TLSv1.3]\r\n\tssl.endpoint.identification.algorithm = https\r\n\tssl.engine.factory.class = null\r\n\tssl.key.password = null\r\n\tssl.keymanager.algorithm = SunX509\r\n\tssl.keystore.certificate.chain = null\r\n\tssl.keystore.key = null\r\n\tssl.keystore.location = null\r\n\tssl.keystore.password = null\r\n\tssl.keystore.type = JKS\r\n\tssl.protocol = TLSv1.3\r\n\tssl.provider = null\r\n\tssl.secure.random.implementation = null\r\n\tssl.trustmanager.algorithm = PKIX\r\n\tssl.truststore.certificates = null\r\n\tssl.truststore.location = null\r\n\tssl.truststore.password = null\r\n\tssl.truststore.type = JKS\r\n\ttransaction.timeout.ms = 60000\r\n\ttransactional.id = null\r\n\tvalue.serializer = class org.apache.kafka.common.serialization.ByteArraySerializer\r\n","logger_name":"org.apache.kafka.clients.producer.ProducerConfig","thread_name":"kafka-admin-client-thread | moviebooking-backend-admin-0","level":"INFO","level_value":20000}
{"@timestamp":"2025-08-09T15:05:27.7923784+05:30","@version":"1","message":"initializing Kafka metrics collector","logger_name":"org.apache.kafka.common.telemetry.internals.KafkaMetricsCollector","thread_name":"kafka-admin-client-thread | moviebooking-backend-admin-0","level":"INFO","level_value":20000}
{"@timestamp":"2025-08-09T15:05:27.7943185+05:30","@version":"1","message":"[Producer clientId=producer-56] Instantiated an idempotent producer.","logger_name":"org.apache.kafka.clients.producer.KafkaProducer","thread_name":"kafka-admin-client-thread | moviebooking-backend-admin-0","level":"INFO","level_value":20000}
{"@timestamp":"2025-08-09T15:05:27.7963647+05:30","@version":"1","message":"[Producer clientId=producer-56] Closing the Kafka producer with timeoutMillis = 0 ms.","logger_name":"org.apache.kafka.clients.producer.KafkaProducer","thread_name":"kafka-admin-client-thread | moviebooking-backend-admin-0","level":"INFO","level_value":20000}
{"@timestamp":"2025-08-09T15:05:27.7983616+05:30","@version":"1","message":"Metrics scheduler closed","logger_name":"org.apache.kafka.common.metrics.Metrics","thread_name":"kafka-admin-client-thread | moviebooking-backend-admin-0","level":"INFO","level_value":20000}
{"@timestamp":"2025-08-09T15:05:27.7993455+05:30","@version":"1","message":"Closing reporter org.apache.kafka.common.metrics.JmxReporter","logger_name":"org.apache.kafka.common.metrics.Metrics","thread_name":"kafka-admin-client-thread | moviebooking-backend-admin-0","level":"INFO","level_value":20000}
{"@timestamp":"2025-08-09T15:05:27.7993455+05:30","@version":"1","message":"Closing reporter org.apache.kafka.common.telemetry.internals.ClientTelemetryReporter","logger_name":"org.apache.kafka.common.metrics.Metrics","thread_name":"kafka-admin-client-thread | moviebooking-backend-admin-0","level":"INFO","level_value":20000}
{"@timestamp":"2025-08-09T15:05:27.7993455+05:30","@version":"1","message":"Metrics reporters closed","logger_name":"org.apache.kafka.common.metrics.Metrics","thread_name":"kafka-admin-client-thread | moviebooking-backend-admin-0","level":"INFO","level_value":20000}
{"@timestamp":"2025-08-09T15:05:27.8003461+05:30","@version":"1","message":"App info kafka.producer for producer-56 unregistered","logger_name":"org.apache.kafka.common.utils.AppInfoParser","thread_name":"kafka-admin-client-thread | moviebooking-backend-admin-0","level":"INFO","level_value":20000}
{"@timestamp":"2025-08-09T15:05:27.8003461+05:30","@version":"1","message":"[AdminClient clientId=moviebooking-backend-admin-0] Connection to node -1 (localhost/127.0.0.1:9092) could not be established. Node may not be available.","logger_name":"org.apache.kafka.clients.NetworkClient","thread_name":"kafka-admin-client-thread | moviebooking-backend-admin-0","level":"WARN","level_value":30000}
{"@timestamp":"2025-08-09T15:05:27.8028887+05:30","@version":"1","message":"ProducerConfig values: \r\n\tacks = -1\r\n\tauto.include.jmx.reporter = true\r\n\tbatch.size = 16384\r\n\tbootstrap.servers = [spring.kafka.bootstrap-servers_IS_UNDEFINED]\r\n\tbuffer.memory = 33554432\r\n\tclient.dns.lookup = use_all_dns_ips\r\n\tclient.id = producer-57\r\n\tcompression.type = none\r\n\tconnections.max.idle.ms = 540000\r\n\tdelivery.timeout.ms = 120000\r\n\tenable.idempotence = true\r\n\tenable.metrics.push = true\r\n\tinterceptor.classes = []\r\n\tkey.serializer = class org.apache.kafka.common.serialization.ByteArraySerializer\r\n\tlinger.ms = 0\r\n\tmax.block.ms = 60000\r\n\tmax.in.flight.requests.per.connection = 5\r\n\tmax.request.size = 1048576\r\n\tmetadata.max.age.ms = 300000\r\n\tmetadata.max.idle.ms = 300000\r\n\tmetric.reporters = []\r\n\tmetrics.num.samples = 2\r\n\tmetrics.recording.level = INFO\r\n\tmetrics.sample.window.ms = 30000\r\n\tpartitioner.adaptive.partitioning.enable = true\r\n\tpartitioner.availability.timeout.ms = 0\r\n\tpartitioner.class = null\r\n\tpartitioner.ignore.keys = false\r\n\treceive.buffer.bytes = 32768\r\n\treconnect.backoff.max.ms = 1000\r\n\treconnect.backoff.ms = 50\r\n\trequest.timeout.ms = 30000\r\n\tretries = 2147483647\r\n\tretry.backoff.max.ms = 1000\r\n\tretry.backoff.ms = 100\r\n\tsasl.client.callback.handler.class = null\r\n\tsasl.jaas.config = null\r\n\tsasl.kerberos.kinit.cmd = /usr/bin/kinit\r\n\tsasl.kerberos.min.time.before.relogin = 60000\r\n\tsasl.kerberos.service.name = null\r\n\tsasl.kerberos.ticket.renew.jitter = 0.05\r\n\tsasl.kerberos.ticket.renew.window.factor = 0.8\r\n\tsasl.login.callback.handler.class = null\r\n\tsasl.login.class = null\r\n\tsasl.login.connect.timeout.ms = null\r\n\tsasl.login.read.timeout.ms = null\r\n\tsasl.login.refresh.buffer.seconds = 300\r\n\tsasl.login.refresh.min.period.seconds = 60\r\n\tsasl.login.refresh.window.factor = 0.8\r\n\tsasl.login.refresh.window.jitter = 0.05\r\n\tsasl.login.retry.backoff.max.ms = 10000\r\n\tsasl.login.retry.backoff.ms = 100\r\n\tsasl.mechanism = GSSAPI\r\n\tsasl.oauthbearer.clock.skew.seconds = 30\r\n\tsasl.oauthbearer.expected.audience = null\r\n\tsasl.oauthbearer.expected.issuer = null\r\n\tsasl.oauthbearer.jwks.endpoint.refresh.ms = 3600000\r\n\tsasl.oauthbearer.jwks.endpoint.retry.backoff.max.ms = 10000\r\n\tsasl.oauthbearer.jwks.endpoint.retry.backoff.ms = 100\r\n\tsasl.oauthbearer.jwks.endpoint.url = null\r\n\tsasl.oauthbearer.scope.claim.name = scope\r\n\tsasl.oauthbearer.sub.claim.name = sub\r\n\tsasl.oauthbearer.token.endpoint.url = null\r\n\tsecurity.protocol = PLAINTEXT\r\n\tsecurity.providers = null\r\n\tsend.buffer.bytes = 131072\r\n\tsocket.connection.setup.timeout.max.ms = 30000\r\n\tsocket.connection.setup.timeout.ms = 10000\r\n\tssl.cipher.suites = null\r\n\tssl.enabled.protocols = [TLSv1.2, TLSv1.3]\r\n\tssl.endpoint.identification.algorithm = https\r\n\tssl.engine.factory.class = null\r\n\tssl.key.password = null\r\n\tssl.keymanager.algorithm = SunX509\r\n\tssl.keystore.certificate.chain = null\r\n\tssl.keystore.key = null\r\n\tssl.keystore.location = null\r\n\tssl.keystore.password = null\r\n\tssl.keystore.type = JKS\r\n\tssl.protocol = TLSv1.3\r\n\tssl.provider = null\r\n\tssl.secure.random.implementation = null\r\n\tssl.trustmanager.algorithm = PKIX\r\n\tssl.truststore.certificates = null\r\n\tssl.truststore.location = null\r\n\tssl.truststore.password = null\r\n\tssl.truststore.type = JKS\r\n\ttransaction.timeout.ms = 60000\r\n\ttransactional.id = null\r\n\tvalue.serializer = class org.apache.kafka.common.serialization.ByteArraySerializer\r\n","logger_name":"org.apache.kafka.clients.producer.ProducerConfig","thread_name":"kafka-admin-client-thread | moviebooking-backend-admin-0","level":"INFO","level_value":20000}
{"@timestamp":"2025-08-09T15:05:27.8039249+05:30","@version":"1","message":"initializing Kafka metrics collector","logger_name":"org.apache.kafka.common.telemetry.internals.KafkaMetricsCollector","thread_name":"kafka-admin-client-thread | moviebooking-backend-admin-0","level":"INFO","level_value":20000}
{"@timestamp":"2025-08-09T15:05:27.8059496+05:30","@version":"1","message":"[Producer clientId=producer-57] Instantiated an idempotent producer.","logger_name":"org.apache.kafka.clients.producer.KafkaProducer","thread_name":"kafka-admin-client-thread | moviebooking-backend-admin-0","level":"INFO","level_value":20000}
{"@timestamp":"2025-08-09T15:05:27.8069501+05:30","@version":"1","message":"[Producer clientId=producer-57] Closing the Kafka producer with timeoutMillis = 0 ms.","logger_name":"org.apache.kafka.clients.producer.KafkaProducer","thread_name":"kafka-admin-client-thread | moviebooking-backend-admin-0","level":"INFO","level_value":20000}
{"@timestamp":"2025-08-09T15:05:27.8079497+05:30","@version":"1","message":"Metrics scheduler closed","logger_name":"org.apache.kafka.common.metrics.Metrics","thread_name":"kafka-admin-client-thread | moviebooking-backend-admin-0","level":"INFO","level_value":20000}
{"@timestamp":"2025-08-09T15:05:27.8079497+05:30","@version":"1","message":"Closing reporter org.apache.kafka.common.metrics.JmxReporter","logger_name":"org.apache.kafka.common.metrics.Metrics","thread_name":"kafka-admin-client-thread | moviebooking-backend-admin-0","level":"INFO","level_value":20000}
{"@timestamp":"2025-08-09T15:05:27.8079497+05:30","@version":"1","message":"Closing reporter org.apache.kafka.common.telemetry.internals.ClientTelemetryReporter","logger_name":"org.apache.kafka.common.metrics.Metrics","thread_name":"kafka-admin-client-thread | moviebooking-backend-admin-0","level":"INFO","level_value":20000}
{"@timestamp":"2025-08-09T15:05:27.8089483+05:30","@version":"1","message":"Metrics reporters closed","logger_name":"org.apache.kafka.common.metrics.Metrics","thread_name":"kafka-admin-client-thread | moviebooking-backend-admin-0","level":"INFO","level_value":20000}
{"@timestamp":"2025-08-09T15:05:27.8089483+05:30","@version":"1","message":"App info kafka.producer for producer-57 unregistered","logger_name":"org.apache.kafka.common.utils.AppInfoParser","thread_name":"kafka-admin-client-thread | moviebooking-backend-admin-0","level":"INFO","level_value":20000}
{"@timestamp":"2025-08-09T15:05:28.8977579+05:30","@version":"1","message":"[AdminClient clientId=moviebooking-backend-admin-0] Node -1 disconnected.","logger_name":"org.apache.kafka.clients.NetworkClient","thread_name":"kafka-admin-client-thread | moviebooking-backend-admin-0","level":"INFO","level_value":20000}
{"@timestamp":"2025-08-09T15:05:28.899064+05:30","@version":"1","message":"ProducerConfig values: \r\n\tacks = -1\r\n\tauto.include.jmx.reporter = true\r\n\tbatch.size = 16384\r\n\tbootstrap.servers = [spring.kafka.bootstrap-servers_IS_UNDEFINED]\r\n\tbuffer.memory = 33554432\r\n\tclient.dns.lookup = use_all_dns_ips\r\n\tclient.id = producer-58\r\n\tcompression.type = none\r\n\tconnections.max.idle.ms = 540000\r\n\tdelivery.timeout.ms = 120000\r\n\tenable.idempotence = true\r\n\tenable.metrics.push = true\r\n\tinterceptor.classes = []\r\n\tkey.serializer = class org.apache.kafka.common.serialization.ByteArraySerializer\r\n\tlinger.ms = 0\r\n\tmax.block.ms = 60000\r\n\tmax.in.flight.requests.per.connection = 5\r\n\tmax.request.size = 1048576\r\n\tmetadata.max.age.ms = 300000\r\n\tmetadata.max.idle.ms = 300000\r\n\tmetric.reporters = []\r\n\tmetrics.num.samples = 2\r\n\tmetrics.recording.level = INFO\r\n\tmetrics.sample.window.ms = 30000\r\n\tpartitioner.adaptive.partitioning.enable = true\r\n\tpartitioner.availability.timeout.ms = 0\r\n\tpartitioner.class = null\r\n\tpartitioner.ignore.keys = false\r\n\treceive.buffer.bytes = 32768\r\n\treconnect.backoff.max.ms = 1000\r\n\treconnect.backoff.ms = 50\r\n\trequest.timeout.ms = 30000\r\n\tretries = 2147483647\r\n\tretry.backoff.max.ms = 1000\r\n\tretry.backoff.ms = 100\r\n\tsasl.client.callback.handler.class = null\r\n\tsasl.jaas.config = null\r\n\tsasl.kerberos.kinit.cmd = /usr/bin/kinit\r\n\tsasl.kerberos.min.time.before.relogin = 60000\r\n\tsasl.kerberos.service.name = null\r\n\tsasl.kerberos.ticket.renew.jitter = 0.05\r\n\tsasl.kerberos.ticket.renew.window.factor = 0.8\r\n\tsasl.login.callback.handler.class = null\r\n\tsasl.login.class = null\r\n\tsasl.login.connect.timeout.ms = null\r\n\tsasl.login.read.timeout.ms = null\r\n\tsasl.login.refresh.buffer.seconds = 300\r\n\tsasl.login.refresh.min.period.seconds = 60\r\n\tsasl.login.refresh.window.factor = 0.8\r\n\tsasl.login.refresh.window.jitter = 0.05\r\n\tsasl.login.retry.backoff.max.ms = 10000\r\n\tsasl.login.retry.backoff.ms = 100\r\n\tsasl.mechanism = GSSAPI\r\n\tsasl.oauthbearer.clock.skew.seconds = 30\r\n\tsasl.oauthbearer.expected.audience = null\r\n\tsasl.oauthbearer.expected.issuer = null\r\n\tsasl.oauthbearer.jwks.endpoint.refresh.ms = 3600000\r\n\tsasl.oauthbearer.jwks.endpoint.retry.backoff.max.ms = 10000\r\n\tsasl.oauthbearer.jwks.endpoint.retry.backoff.ms = 100\r\n\tsasl.oauthbearer.jwks.endpoint.url = null\r\n\tsasl.oauthbearer.scope.claim.name = scope\r\n\tsasl.oauthbearer.sub.claim.name = sub\r\n\tsasl.oauthbearer.token.endpoint.url = null\r\n\tsecurity.protocol = PLAINTEXT\r\n\tsecurity.providers = null\r\n\tsend.buffer.bytes = 131072\r\n\tsocket.connection.setup.timeout.max.ms = 30000\r\n\tsocket.connection.setup.timeout.ms = 10000\r\n\tssl.cipher.suites = null\r\n\tssl.enabled.protocols = [TLSv1.2, TLSv1.3]\r\n\tssl.endpoint.identification.algorithm = https\r\n\tssl.engine.factory.class = null\r\n\tssl.key.password = null\r\n\tssl.keymanager.algorithm = SunX509\r\n\tssl.keystore.certificate.chain = null\r\n\tssl.keystore.key = null\r\n\tssl.keystore.location = null\r\n\tssl.keystore.password = null\r\n\tssl.keystore.type = JKS\r\n\tssl.protocol = TLSv1.3\r\n\tssl.provider = null\r\n\tssl.secure.random.implementation = null\r\n\tssl.trustmanager.algorithm = PKIX\r\n\tssl.truststore.certificates = null\r\n\tssl.truststore.location = null\r\n\tssl.truststore.password = null\r\n\tssl.truststore.type = JKS\r\n\ttransaction.timeout.ms = 60000\r\n\ttransactional.id = null\r\n\tvalue.serializer = class org.apache.kafka.common.serialization.ByteArraySerializer\r\n","logger_name":"org.apache.kafka.clients.producer.ProducerConfig","thread_name":"kafka-admin-client-thread | moviebooking-backend-admin-0","level":"INFO","level_value":20000}
{"@timestamp":"2025-08-09T15:05:28.899064+05:30","@version":"1","message":"initializing Kafka metrics collector","logger_name":"org.apache.kafka.common.telemetry.internals.KafkaMetricsCollector","thread_name":"kafka-admin-client-thread | moviebooking-backend-admin-0","level":"INFO","level_value":20000}
{"@timestamp":"2025-08-09T15:05:28.9000892+05:30","@version":"1","message":"[Producer clientId=producer-58] Instantiated an idempotent producer.","logger_name":"org.apache.kafka.clients.producer.KafkaProducer","thread_name":"kafka-admin-client-thread | moviebooking-backend-admin-0","level":"INFO","level_value":20000}
{"@timestamp":"2025-08-09T15:05:28.9010879+05:30","@version":"1","message":"[Producer clientId=producer-58] Closing the Kafka producer with timeoutMillis = 0 ms.","logger_name":"org.apache.kafka.clients.producer.KafkaProducer","thread_name":"kafka-admin-client-thread | moviebooking-backend-admin-0","level":"INFO","level_value":20000}
{"@timestamp":"2025-08-09T15:05:28.9010879+05:30","@version":"1","message":"Metrics scheduler closed","logger_name":"org.apache.kafka.common.metrics.Metrics","thread_name":"kafka-admin-client-thread | moviebooking-backend-admin-0","level":"INFO","level_value":20000}
{"@timestamp":"2025-08-09T15:05:28.9010879+05:30","@version":"1","message":"Closing reporter org.apache.kafka.common.metrics.JmxReporter","logger_name":"org.apache.kafka.common.metrics.Metrics","thread_name":"kafka-admin-client-thread | moviebooking-backend-admin-0","level":"INFO","level_value":20000}
{"@timestamp":"2025-08-09T15:05:28.9010879+05:30","@version":"1","message":"Closing reporter org.apache.kafka.common.telemetry.internals.ClientTelemetryReporter","logger_name":"org.apache.kafka.common.metrics.Metrics","thread_name":"kafka-admin-client-thread | moviebooking-backend-admin-0","level":"INFO","level_value":20000}
{"@timestamp":"2025-08-09T15:05:28.9010879+05:30","@version":"1","message":"Metrics reporters closed","logger_name":"org.apache.kafka.common.metrics.Metrics","thread_name":"kafka-admin-client-thread | moviebooking-backend-admin-0","level":"INFO","level_value":20000}
{"@timestamp":"2025-08-09T15:05:28.9010879+05:30","@version":"1","message":"App info kafka.producer for producer-58 unregistered","logger_name":"org.apache.kafka.common.utils.AppInfoParser","thread_name":"kafka-admin-client-thread | moviebooking-backend-admin-0","level":"INFO","level_value":20000}
{"@timestamp":"2025-08-09T15:05:28.9020888+05:30","@version":"1","message":"[AdminClient clientId=moviebooking-backend-admin-0] Connection to node -1 (localhost/127.0.0.1:9092) could not be established. Node may not be available.","logger_name":"org.apache.kafka.clients.NetworkClient","thread_name":"kafka-admin-client-thread | moviebooking-backend-admin-0","level":"WARN","level_value":30000}
{"@timestamp":"2025-08-09T15:05:28.9026071+05:30","@version":"1","message":"ProducerConfig values: \r\n\tacks = -1\r\n\tauto.include.jmx.reporter = true\r\n\tbatch.size = 16384\r\n\tbootstrap.servers = [spring.kafka.bootstrap-servers_IS_UNDEFINED]\r\n\tbuffer.memory = 33554432\r\n\tclient.dns.lookup = use_all_dns_ips\r\n\tclient.id = producer-59\r\n\tcompression.type = none\r\n\tconnections.max.idle.ms = 540000\r\n\tdelivery.timeout.ms = 120000\r\n\tenable.idempotence = true\r\n\tenable.metrics.push = true\r\n\tinterceptor.classes = []\r\n\tkey.serializer = class org.apache.kafka.common.serialization.ByteArraySerializer\r\n\tlinger.ms = 0\r\n\tmax.block.ms = 60000\r\n\tmax.in.flight.requests.per.connection = 5\r\n\tmax.request.size = 1048576\r\n\tmetadata.max.age.ms = 300000\r\n\tmetadata.max.idle.ms = 300000\r\n\tmetric.reporters = []\r\n\tmetrics.num.samples = 2\r\n\tmetrics.recording.level = INFO\r\n\tmetrics.sample.window.ms = 30000\r\n\tpartitioner.adaptive.partitioning.enable = true\r\n\tpartitioner.availability.timeout.ms = 0\r\n\tpartitioner.class = null\r\n\tpartitioner.ignore.keys = false\r\n\treceive.buffer.bytes = 32768\r\n\treconnect.backoff.max.ms = 1000\r\n\treconnect.backoff.ms = 50\r\n\trequest.timeout.ms = 30000\r\n\tretries = 2147483647\r\n\tretry.backoff.max.ms = 1000\r\n\tretry.backoff.ms = 100\r\n\tsasl.client.callback.handler.class = null\r\n\tsasl.jaas.config = null\r\n\tsasl.kerberos.kinit.cmd = /usr/bin/kinit\r\n\tsasl.kerberos.min.time.before.relogin = 60000\r\n\tsasl.kerberos.service.name = null\r\n\tsasl.kerberos.ticket.renew.jitter = 0.05\r\n\tsasl.kerberos.ticket.renew.window.factor = 0.8\r\n\tsasl.login.callback.handler.class = null\r\n\tsasl.login.class = null\r\n\tsasl.login.connect.timeout.ms = null\r\n\tsasl.login.read.timeout.ms = null\r\n\tsasl.login.refresh.buffer.seconds = 300\r\n\tsasl.login.refresh.min.period.seconds = 60\r\n\tsasl.login.refresh.window.factor = 0.8\r\n\tsasl.login.refresh.window.jitter = 0.05\r\n\tsasl.login.retry.backoff.max.ms = 10000\r\n\tsasl.login.retry.backoff.ms = 100\r\n\tsasl.mechanism = GSSAPI\r\n\tsasl.oauthbearer.clock.skew.seconds = 30\r\n\tsasl.oauthbearer.expected.audience = null\r\n\tsasl.oauthbearer.expected.issuer = null\r\n\tsasl.oauthbearer.jwks.endpoint.refresh.ms = 3600000\r\n\tsasl.oauthbearer.jwks.endpoint.retry.backoff.max.ms = 10000\r\n\tsasl.oauthbearer.jwks.endpoint.retry.backoff.ms = 100\r\n\tsasl.oauthbearer.jwks.endpoint.url = null\r\n\tsasl.oauthbearer.scope.claim.name = scope\r\n\tsasl.oauthbearer.sub.claim.name = sub\r\n\tsasl.oauthbearer.token.endpoint.url = null\r\n\tsecurity.protocol = PLAINTEXT\r\n\tsecurity.providers = null\r\n\tsend.buffer.bytes = 131072\r\n\tsocket.connection.setup.timeout.max.ms = 30000\r\n\tsocket.connection.setup.timeout.ms = 10000\r\n\tssl.cipher.suites = null\r\n\tssl.enabled.protocols = [TLSv1.2, TLSv1.3]\r\n\tssl.endpoint.identification.algorithm = https\r\n\tssl.engine.factory.class = null\r\n\tssl.key.password = null\r\n\tssl.keymanager.algorithm = SunX509\r\n\tssl.keystore.certificate.chain = null\r\n\tssl.keystore.key = null\r\n\tssl.keystore.location = null\r\n\tssl.keystore.password = null\r\n\tssl.keystore.type = JKS\r\n\tssl.protocol = TLSv1.3\r\n\tssl.provider = null\r\n\tssl.secure.random.implementation = null\r\n\tssl.trustmanager.algorithm = PKIX\r\n\tssl.truststore.certificates = null\r\n\tssl.truststore.location = null\r\n\tssl.truststore.password = null\r\n\tssl.truststore.type = JKS\r\n\ttransaction.timeout.ms = 60000\r\n\ttransactional.id = null\r\n\tvalue.serializer = class org.apache.kafka.common.serialization.ByteArraySerializer\r\n","logger_name":"org.apache.kafka.clients.producer.ProducerConfig","thread_name":"kafka-admin-client-thread | moviebooking-backend-admin-0","level":"INFO","level_value":20000}
{"@timestamp":"2025-08-09T15:05:28.9036265+05:30","@version":"1","message":"initializing Kafka metrics collector","logger_name":"org.apache.kafka.common.telemetry.internals.KafkaMetricsCollector","thread_name":"kafka-admin-client-thread | moviebooking-backend-admin-0","level":"INFO","level_value":20000}
{"@timestamp":"2025-08-09T15:05:28.9046312+05:30","@version":"1","message":"[Producer clientId=producer-59] Instantiated an idempotent producer.","logger_name":"org.apache.kafka.clients.producer.KafkaProducer","thread_name":"kafka-admin-client-thread | moviebooking-backend-admin-0","level":"INFO","level_value":20000}
{"@timestamp":"2025-08-09T15:05:28.9066466+05:30","@version":"1","message":"[Producer clientId=producer-59] Closing the Kafka producer with timeoutMillis = 0 ms.","logger_name":"org.apache.kafka.clients.producer.KafkaProducer","thread_name":"kafka-admin-client-thread | moviebooking-backend-admin-0","level":"INFO","level_value":20000}
{"@timestamp":"2025-08-09T15:05:28.9066466+05:30","@version":"1","message":"Metrics scheduler closed","logger_name":"org.apache.kafka.common.metrics.Metrics","thread_name":"kafka-admin-client-thread | moviebooking-backend-admin-0","level":"INFO","level_value":20000}
{"@timestamp":"2025-08-09T15:05:28.9076564+05:30","@version":"1","message":"Closing reporter org.apache.kafka.common.metrics.JmxReporter","logger_name":"org.apache.kafka.common.metrics.Metrics","thread_name":"kafka-admin-client-thread | moviebooking-backend-admin-0","level":"INFO","level_value":20000}
{"@timestamp":"2025-08-09T15:05:28.9076564+05:30","@version":"1","message":"Closing reporter org.apache.kafka.common.telemetry.internals.ClientTelemetryReporter","logger_name":"org.apache.kafka.common.metrics.Metrics","thread_name":"kafka-admin-client-thread | moviebooking-backend-admin-0","level":"INFO","level_value":20000}
{"@timestamp":"2025-08-09T15:05:28.9076564+05:30","@version":"1","message":"Metrics reporters closed","logger_name":"org.apache.kafka.common.metrics.Metrics","thread_name":"kafka-admin-client-thread | moviebooking-backend-admin-0","level":"INFO","level_value":20000}
{"@timestamp":"2025-08-09T15:05:28.9076564+05:30","@version":"1","message":"App info kafka.producer for producer-59 unregistered","logger_name":"org.apache.kafka.common.utils.AppInfoParser","thread_name":"kafka-admin-client-thread | moviebooking-backend-admin-0","level":"INFO","level_value":20000}
{"@timestamp":"2025-08-09T15:05:29.8924786+05:30","@version":"1","message":"[AdminClient clientId=moviebooking-backend-admin-0] Node -1 disconnected.","logger_name":"org.apache.kafka.clients.NetworkClient","thread_name":"kafka-admin-client-thread | moviebooking-backend-admin-0","level":"INFO","level_value":20000}
{"@timestamp":"2025-08-09T15:05:29.8944771+05:30","@version":"1","message":"ProducerConfig values: \r\n\tacks = -1\r\n\tauto.include.jmx.reporter = true\r\n\tbatch.size = 16384\r\n\tbootstrap.servers = [spring.kafka.bootstrap-servers_IS_UNDEFINED]\r\n\tbuffer.memory = 33554432\r\n\tclient.dns.lookup = use_all_dns_ips\r\n\tclient.id = producer-60\r\n\tcompression.type = none\r\n\tconnections.max.idle.ms = 540000\r\n\tdelivery.timeout.ms = 120000\r\n\tenable.idempotence = true\r\n\tenable.metrics.push = true\r\n\tinterceptor.classes = []\r\n\tkey.serializer = class org.apache.kafka.common.serialization.ByteArraySerializer\r\n\tlinger.ms = 0\r\n\tmax.block.ms = 60000\r\n\tmax.in.flight.requests.per.connection = 5\r\n\tmax.request.size = 1048576\r\n\tmetadata.max.age.ms = 300000\r\n\tmetadata.max.idle.ms = 300000\r\n\tmetric.reporters = []\r\n\tmetrics.num.samples = 2\r\n\tmetrics.recording.level = INFO\r\n\tmetrics.sample.window.ms = 30000\r\n\tpartitioner.adaptive.partitioning.enable = true\r\n\tpartitioner.availability.timeout.ms = 0\r\n\tpartitioner.class = null\r\n\tpartitioner.ignore.keys = false\r\n\treceive.buffer.bytes = 32768\r\n\treconnect.backoff.max.ms = 1000\r\n\treconnect.backoff.ms = 50\r\n\trequest.timeout.ms = 30000\r\n\tretries = 2147483647\r\n\tretry.backoff.max.ms = 1000\r\n\tretry.backoff.ms = 100\r\n\tsasl.client.callback.handler.class = null\r\n\tsasl.jaas.config = null\r\n\tsasl.kerberos.kinit.cmd = /usr/bin/kinit\r\n\tsasl.kerberos.min.time.before.relogin = 60000\r\n\tsasl.kerberos.service.name = null\r\n\tsasl.kerberos.ticket.renew.jitter = 0.05\r\n\tsasl.kerberos.ticket.renew.window.factor = 0.8\r\n\tsasl.login.callback.handler.class = null\r\n\tsasl.login.class = null\r\n\tsasl.login.connect.timeout.ms = null\r\n\tsasl.login.read.timeout.ms = null\r\n\tsasl.login.refresh.buffer.seconds = 300\r\n\tsasl.login.refresh.min.period.seconds = 60\r\n\tsasl.login.refresh.window.factor = 0.8\r\n\tsasl.login.refresh.window.jitter = 0.05\r\n\tsasl.login.retry.backoff.max.ms = 10000\r\n\tsasl.login.retry.backoff.ms = 100\r\n\tsasl.mechanism = GSSAPI\r\n\tsasl.oauthbearer.clock.skew.seconds = 30\r\n\tsasl.oauthbearer.expected.audience = null\r\n\tsasl.oauthbearer.expected.issuer = null\r\n\tsasl.oauthbearer.jwks.endpoint.refresh.ms = 3600000\r\n\tsasl.oauthbearer.jwks.endpoint.retry.backoff.max.ms = 10000\r\n\tsasl.oauthbearer.jwks.endpoint.retry.backoff.ms = 100\r\n\tsasl.oauthbearer.jwks.endpoint.url = null\r\n\tsasl.oauthbearer.scope.claim.name = scope\r\n\tsasl.oauthbearer.sub.claim.name = sub\r\n\tsasl.oauthbearer.token.endpoint.url = null\r\n\tsecurity.protocol = PLAINTEXT\r\n\tsecurity.providers = null\r\n\tsend.buffer.bytes = 131072\r\n\tsocket.connection.setup.timeout.max.ms = 30000\r\n\tsocket.connection.setup.timeout.ms = 10000\r\n\tssl.cipher.suites = null\r\n\tssl.enabled.protocols = [TLSv1.2, TLSv1.3]\r\n\tssl.endpoint.identification.algorithm = https\r\n\tssl.engine.factory.class = null\r\n\tssl.key.password = null\r\n\tssl.keymanager.algorithm = SunX509\r\n\tssl.keystore.certificate.chain = null\r\n\tssl.keystore.key = null\r\n\tssl.keystore.location = null\r\n\tssl.keystore.password = null\r\n\tssl.keystore.type = JKS\r\n\tssl.protocol = TLSv1.3\r\n\tssl.provider = null\r\n\tssl.secure.random.implementation = null\r\n\tssl.trustmanager.algorithm = PKIX\r\n\tssl.truststore.certificates = null\r\n\tssl.truststore.location = null\r\n\tssl.truststore.password = null\r\n\tssl.truststore.type = JKS\r\n\ttransaction.timeout.ms = 60000\r\n\ttransactional.id = null\r\n\tvalue.serializer = class org.apache.kafka.common.serialization.ByteArraySerializer\r\n","logger_name":"org.apache.kafka.clients.producer.ProducerConfig","thread_name":"kafka-admin-client-thread | moviebooking-backend-admin-0","level":"INFO","level_value":20000}
{"@timestamp":"2025-08-09T15:05:29.8960104+05:30","@version":"1","message":"initializing Kafka metrics collector","logger_name":"org.apache.kafka.common.telemetry.internals.KafkaMetricsCollector","thread_name":"kafka-admin-client-thread | moviebooking-backend-admin-0","level":"INFO","level_value":20000}
{"@timestamp":"2025-08-09T15:05:29.898397+05:30","@version":"1","message":"[Producer clientId=producer-60] Instantiated an idempotent producer.","logger_name":"org.apache.kafka.clients.producer.KafkaProducer","thread_name":"kafka-admin-client-thread | moviebooking-backend-admin-0","level":"INFO","level_value":20000}
{"@timestamp":"2025-08-09T15:05:29.8997287+05:30","@version":"1","message":"[Producer clientId=producer-60] Closing the Kafka producer with timeoutMillis = 0 ms.","logger_name":"org.apache.kafka.clients.producer.KafkaProducer","thread_name":"kafka-admin-client-thread | moviebooking-backend-admin-0","level":"INFO","level_value":20000}
{"@timestamp":"2025-08-09T15:05:29.9003791+05:30","@version":"1","message":"Metrics scheduler closed","logger_name":"org.apache.kafka.common.metrics.Metrics","thread_name":"kafka-admin-client-thread | moviebooking-backend-admin-0","level":"INFO","level_value":20000}
{"@timestamp":"2025-08-09T15:05:29.9009005+05:30","@version":"1","message":"Closing reporter org.apache.kafka.common.metrics.JmxReporter","logger_name":"org.apache.kafka.common.metrics.Metrics","thread_name":"kafka-admin-client-thread | moviebooking-backend-admin-0","level":"INFO","level_value":20000}
{"@timestamp":"2025-08-09T15:05:29.901028+05:30","@version":"1","message":"Closing reporter org.apache.kafka.common.telemetry.internals.ClientTelemetryReporter","logger_name":"org.apache.kafka.common.metrics.Metrics","thread_name":"kafka-admin-client-thread | moviebooking-backend-admin-0","level":"INFO","level_value":20000}
{"@timestamp":"2025-08-09T15:05:29.901028+05:30","@version":"1","message":"Metrics reporters closed","logger_name":"org.apache.kafka.common.metrics.Metrics","thread_name":"kafka-admin-client-thread | moviebooking-backend-admin-0","level":"INFO","level_value":20000}
{"@timestamp":"2025-08-09T15:05:29.901028+05:30","@version":"1","message":"App info kafka.producer for producer-60 unregistered","logger_name":"org.apache.kafka.common.utils.AppInfoParser","thread_name":"kafka-admin-client-thread | moviebooking-backend-admin-0","level":"INFO","level_value":20000}
{"@timestamp":"2025-08-09T15:05:29.9016809+05:30","@version":"1","message":"[AdminClient clientId=moviebooking-backend-admin-0] Connection to node -1 (localhost/127.0.0.1:9092) could not be established. Node may not be available.","logger_name":"org.apache.kafka.clients.NetworkClient","thread_name":"kafka-admin-client-thread | moviebooking-backend-admin-0","level":"WARN","level_value":30000}
{"@timestamp":"2025-08-09T15:05:29.9028463+05:30","@version":"1","message":"ProducerConfig values: \r\n\tacks = -1\r\n\tauto.include.jmx.reporter = true\r\n\tbatch.size = 16384\r\n\tbootstrap.servers = [spring.kafka.bootstrap-servers_IS_UNDEFINED]\r\n\tbuffer.memory = 33554432\r\n\tclient.dns.lookup = use_all_dns_ips\r\n\tclient.id = producer-61\r\n\tcompression.type = none\r\n\tconnections.max.idle.ms = 540000\r\n\tdelivery.timeout.ms = 120000\r\n\tenable.idempotence = true\r\n\tenable.metrics.push = true\r\n\tinterceptor.classes = []\r\n\tkey.serializer = class org.apache.kafka.common.serialization.ByteArraySerializer\r\n\tlinger.ms = 0\r\n\tmax.block.ms = 60000\r\n\tmax.in.flight.requests.per.connection = 5\r\n\tmax.request.size = 1048576\r\n\tmetadata.max.age.ms = 300000\r\n\tmetadata.max.idle.ms = 300000\r\n\tmetric.reporters = []\r\n\tmetrics.num.samples = 2\r\n\tmetrics.recording.level = INFO\r\n\tmetrics.sample.window.ms = 30000\r\n\tpartitioner.adaptive.partitioning.enable = true\r\n\tpartitioner.availability.timeout.ms = 0\r\n\tpartitioner.class = null\r\n\tpartitioner.ignore.keys = false\r\n\treceive.buffer.bytes = 32768\r\n\treconnect.backoff.max.ms = 1000\r\n\treconnect.backoff.ms = 50\r\n\trequest.timeout.ms = 30000\r\n\tretries = 2147483647\r\n\tretry.backoff.max.ms = 1000\r\n\tretry.backoff.ms = 100\r\n\tsasl.client.callback.handler.class = null\r\n\tsasl.jaas.config = null\r\n\tsasl.kerberos.kinit.cmd = /usr/bin/kinit\r\n\tsasl.kerberos.min.time.before.relogin = 60000\r\n\tsasl.kerberos.service.name = null\r\n\tsasl.kerberos.ticket.renew.jitter = 0.05\r\n\tsasl.kerberos.ticket.renew.window.factor = 0.8\r\n\tsasl.login.callback.handler.class = null\r\n\tsasl.login.class = null\r\n\tsasl.login.connect.timeout.ms = null\r\n\tsasl.login.read.timeout.ms = null\r\n\tsasl.login.refresh.buffer.seconds = 300\r\n\tsasl.login.refresh.min.period.seconds = 60\r\n\tsasl.login.refresh.window.factor = 0.8\r\n\tsasl.login.refresh.window.jitter = 0.05\r\n\tsasl.login.retry.backoff.max.ms = 10000\r\n\tsasl.login.retry.backoff.ms = 100\r\n\tsasl.mechanism = GSSAPI\r\n\tsasl.oauthbearer.clock.skew.seconds = 30\r\n\tsasl.oauthbearer.expected.audience = null\r\n\tsasl.oauthbearer.expected.issuer = null\r\n\tsasl.oauthbearer.jwks.endpoint.refresh.ms = 3600000\r\n\tsasl.oauthbearer.jwks.endpoint.retry.backoff.max.ms = 10000\r\n\tsasl.oauthbearer.jwks.endpoint.retry.backoff.ms = 100\r\n\tsasl.oauthbearer.jwks.endpoint.url = null\r\n\tsasl.oauthbearer.scope.claim.name = scope\r\n\tsasl.oauthbearer.sub.claim.name = sub\r\n\tsasl.oauthbearer.token.endpoint.url = null\r\n\tsecurity.protocol = PLAINTEXT\r\n\tsecurity.providers = null\r\n\tsend.buffer.bytes = 131072\r\n\tsocket.connection.setup.timeout.max.ms = 30000\r\n\tsocket.connection.setup.timeout.ms = 10000\r\n\tssl.cipher.suites = null\r\n\tssl.enabled.protocols = [TLSv1.2, TLSv1.3]\r\n\tssl.endpoint.identification.algorithm = https\r\n\tssl.engine.factory.class = null\r\n\tssl.key.password = null\r\n\tssl.keymanager.algorithm = SunX509\r\n\tssl.keystore.certificate.chain = null\r\n\tssl.keystore.key = null\r\n\tssl.keystore.location = null\r\n\tssl.keystore.password = null\r\n\tssl.keystore.type = JKS\r\n\tssl.protocol = TLSv1.3\r\n\tssl.provider = null\r\n\tssl.secure.random.implementation = null\r\n\tssl.trustmanager.algorithm = PKIX\r\n\tssl.truststore.certificates = null\r\n\tssl.truststore.location = null\r\n\tssl.truststore.password = null\r\n\tssl.truststore.type = JKS\r\n\ttransaction.timeout.ms = 60000\r\n\ttransactional.id = null\r\n\tvalue.serializer = class org.apache.kafka.common.serialization.ByteArraySerializer\r\n","logger_name":"org.apache.kafka.clients.producer.ProducerConfig","thread_name":"kafka-admin-client-thread | moviebooking-backend-admin-0","level":"INFO","level_value":20000}
{"@timestamp":"2025-08-09T15:05:29.903517+05:30","@version":"1","message":"initializing Kafka metrics collector","logger_name":"org.apache.kafka.common.telemetry.internals.KafkaMetricsCollector","thread_name":"kafka-admin-client-thread | moviebooking-backend-admin-0","level":"INFO","level_value":20000}
{"@timestamp":"2025-08-09T15:05:29.9045555+05:30","@version":"1","message":"[Producer clientId=producer-61] Instantiated an idempotent producer.","logger_name":"org.apache.kafka.clients.producer.KafkaProducer","thread_name":"kafka-admin-client-thread | moviebooking-backend-admin-0","level":"INFO","level_value":20000}
{"@timestamp":"2025-08-09T15:05:29.9070733+05:30","@version":"1","message":"[Producer clientId=producer-61] Closing the Kafka producer with timeoutMillis = 0 ms.","logger_name":"org.apache.kafka.clients.producer.KafkaProducer","thread_name":"kafka-admin-client-thread | moviebooking-backend-admin-0","level":"INFO","level_value":20000}
{"@timestamp":"2025-08-09T15:05:29.9080716+05:30","@version":"1","message":"Metrics scheduler closed","logger_name":"org.apache.kafka.common.metrics.Metrics","thread_name":"kafka-admin-client-thread | moviebooking-backend-admin-0","level":"INFO","level_value":20000}
{"@timestamp":"2025-08-09T15:05:29.9091047+05:30","@version":"1","message":"Closing reporter org.apache.kafka.common.metrics.JmxReporter","logger_name":"org.apache.kafka.common.metrics.Metrics","thread_name":"kafka-admin-client-thread | moviebooking-backend-admin-0","level":"INFO","level_value":20000}
{"@timestamp":"2025-08-09T15:05:29.9091047+05:30","@version":"1","message":"Closing reporter org.apache.kafka.common.telemetry.internals.ClientTelemetryReporter","logger_name":"org.apache.kafka.common.metrics.Metrics","thread_name":"kafka-admin-client-thread | moviebooking-backend-admin-0","level":"INFO","level_value":20000}
{"@timestamp":"2025-08-09T15:05:29.9091047+05:30","@version":"1","message":"Metrics reporters closed","logger_name":"org.apache.kafka.common.metrics.Metrics","thread_name":"kafka-admin-client-thread | moviebooking-backend-admin-0","level":"INFO","level_value":20000}
{"@timestamp":"2025-08-09T15:05:29.9101075+05:30","@version":"1","message":"App info kafka.producer for producer-61 unregistered","logger_name":"org.apache.kafka.common.utils.AppInfoParser","thread_name":"kafka-admin-client-thread | moviebooking-backend-admin-0","level":"INFO","level_value":20000}
{"@timestamp":"2025-08-09T15:05:30.8996192+05:30","@version":"1","message":"[AdminClient clientId=moviebooking-backend-admin-0] Node -1 disconnected.","logger_name":"org.apache.kafka.clients.NetworkClient","thread_name":"kafka-admin-client-thread | moviebooking-backend-admin-0","level":"INFO","level_value":20000}
{"@timestamp":"2025-08-09T15:05:30.9005915+05:30","@version":"1","message":"ProducerConfig values: \r\n\tacks = -1\r\n\tauto.include.jmx.reporter = true\r\n\tbatch.size = 16384\r\n\tbootstrap.servers = [spring.kafka.bootstrap-servers_IS_UNDEFINED]\r\n\tbuffer.memory = 33554432\r\n\tclient.dns.lookup = use_all_dns_ips\r\n\tclient.id = producer-62\r\n\tcompression.type = none\r\n\tconnections.max.idle.ms = 540000\r\n\tdelivery.timeout.ms = 120000\r\n\tenable.idempotence = true\r\n\tenable.metrics.push = true\r\n\tinterceptor.classes = []\r\n\tkey.serializer = class org.apache.kafka.common.serialization.ByteArraySerializer\r\n\tlinger.ms = 0\r\n\tmax.block.ms = 60000\r\n\tmax.in.flight.requests.per.connection = 5\r\n\tmax.request.size = 1048576\r\n\tmetadata.max.age.ms = 300000\r\n\tmetadata.max.idle.ms = 300000\r\n\tmetric.reporters = []\r\n\tmetrics.num.samples = 2\r\n\tmetrics.recording.level = INFO\r\n\tmetrics.sample.window.ms = 30000\r\n\tpartitioner.adaptive.partitioning.enable = true\r\n\tpartitioner.availability.timeout.ms = 0\r\n\tpartitioner.class = null\r\n\tpartitioner.ignore.keys = false\r\n\treceive.buffer.bytes = 32768\r\n\treconnect.backoff.max.ms = 1000\r\n\treconnect.backoff.ms = 50\r\n\trequest.timeout.ms = 30000\r\n\tretries = 2147483647\r\n\tretry.backoff.max.ms = 1000\r\n\tretry.backoff.ms = 100\r\n\tsasl.client.callback.handler.class = null\r\n\tsasl.jaas.config = null\r\n\tsasl.kerberos.kinit.cmd = /usr/bin/kinit\r\n\tsasl.kerberos.min.time.before.relogin = 60000\r\n\tsasl.kerberos.service.name = null\r\n\tsasl.kerberos.ticket.renew.jitter = 0.05\r\n\tsasl.kerberos.ticket.renew.window.factor = 0.8\r\n\tsasl.login.callback.handler.class = null\r\n\tsasl.login.class = null\r\n\tsasl.login.connect.timeout.ms = null\r\n\tsasl.login.read.timeout.ms = null\r\n\tsasl.login.refresh.buffer.seconds = 300\r\n\tsasl.login.refresh.min.period.seconds = 60\r\n\tsasl.login.refresh.window.factor = 0.8\r\n\tsasl.login.refresh.window.jitter = 0.05\r\n\tsasl.login.retry.backoff.max.ms = 10000\r\n\tsasl.login.retry.backoff.ms = 100\r\n\tsasl.mechanism = GSSAPI\r\n\tsasl.oauthbearer.clock.skew.seconds = 30\r\n\tsasl.oauthbearer.expected.audience = null\r\n\tsasl.oauthbearer.expected.issuer = null\r\n\tsasl.oauthbearer.jwks.endpoint.refresh.ms = 3600000\r\n\tsasl.oauthbearer.jwks.endpoint.retry.backoff.max.ms = 10000\r\n\tsasl.oauthbearer.jwks.endpoint.retry.backoff.ms = 100\r\n\tsasl.oauthbearer.jwks.endpoint.url = null\r\n\tsasl.oauthbearer.scope.claim.name = scope\r\n\tsasl.oauthbearer.sub.claim.name = sub\r\n\tsasl.oauthbearer.token.endpoint.url = null\r\n\tsecurity.protocol = PLAINTEXT\r\n\tsecurity.providers = null\r\n\tsend.buffer.bytes = 131072\r\n\tsocket.connection.setup.timeout.max.ms = 30000\r\n\tsocket.connection.setup.timeout.ms = 10000\r\n\tssl.cipher.suites = null\r\n\tssl.enabled.protocols = [TLSv1.2, TLSv1.3]\r\n\tssl.endpoint.identification.algorithm = https\r\n\tssl.engine.factory.class = null\r\n\tssl.key.password = null\r\n\tssl.keymanager.algorithm = SunX509\r\n\tssl.keystore.certificate.chain = null\r\n\tssl.keystore.key = null\r\n\tssl.keystore.location = null\r\n\tssl.keystore.password = null\r\n\tssl.keystore.type = JKS\r\n\tssl.protocol = TLSv1.3\r\n\tssl.provider = null\r\n\tssl.secure.random.implementation = null\r\n\tssl.trustmanager.algorithm = PKIX\r\n\tssl.truststore.certificates = null\r\n\tssl.truststore.location = null\r\n\tssl.truststore.password = null\r\n\tssl.truststore.type = JKS\r\n\ttransaction.timeout.ms = 60000\r\n\ttransactional.id = null\r\n\tvalue.serializer = class org.apache.kafka.common.serialization.ByteArraySerializer\r\n","logger_name":"org.apache.kafka.clients.producer.ProducerConfig","thread_name":"kafka-admin-client-thread | moviebooking-backend-admin-0","level":"INFO","level_value":20000}
{"@timestamp":"2025-08-09T15:05:30.9016114+05:30","@version":"1","message":"initializing Kafka metrics collector","logger_name":"org.apache.kafka.common.telemetry.internals.KafkaMetricsCollector","thread_name":"kafka-admin-client-thread | moviebooking-backend-admin-0","level":"INFO","level_value":20000}
{"@timestamp":"2025-08-09T15:05:30.9016114+05:30","@version":"1","message":"[Producer clientId=producer-62] Instantiated an idempotent producer.","logger_name":"org.apache.kafka.clients.producer.KafkaProducer","thread_name":"kafka-admin-client-thread | moviebooking-backend-admin-0","level":"INFO","level_value":20000}
{"@timestamp":"2025-08-09T15:05:30.902613+05:30","@version":"1","message":"[Producer clientId=producer-62] Closing the Kafka producer with timeoutMillis = 0 ms.","logger_name":"org.apache.kafka.clients.producer.KafkaProducer","thread_name":"kafka-admin-client-thread | moviebooking-backend-admin-0","level":"INFO","level_value":20000}
{"@timestamp":"2025-08-09T15:05:30.902613+05:30","@version":"1","message":"Metrics scheduler closed","logger_name":"org.apache.kafka.common.metrics.Metrics","thread_name":"kafka-admin-client-thread | moviebooking-backend-admin-0","level":"INFO","level_value":20000}
{"@timestamp":"2025-08-09T15:05:30.902613+05:30","@version":"1","message":"Closing reporter org.apache.kafka.common.metrics.JmxReporter","logger_name":"org.apache.kafka.common.metrics.Metrics","thread_name":"kafka-admin-client-thread | moviebooking-backend-admin-0","level":"INFO","level_value":20000}
{"@timestamp":"2025-08-09T15:05:30.902613+05:30","@version":"1","message":"Closing reporter org.apache.kafka.common.telemetry.internals.ClientTelemetryReporter","logger_name":"org.apache.kafka.common.metrics.Metrics","thread_name":"kafka-admin-client-thread | moviebooking-backend-admin-0","level":"INFO","level_value":20000}
{"@timestamp":"2025-08-09T15:05:30.902613+05:30","@version":"1","message":"Metrics reporters closed","logger_name":"org.apache.kafka.common.metrics.Metrics","thread_name":"kafka-admin-client-thread | moviebooking-backend-admin-0","level":"INFO","level_value":20000}
{"@timestamp":"2025-08-09T15:05:30.9036104+05:30","@version":"1","message":"App info kafka.producer for producer-62 unregistered","logger_name":"org.apache.kafka.common.utils.AppInfoParser","thread_name":"kafka-admin-client-thread | moviebooking-backend-admin-0","level":"INFO","level_value":20000}
{"@timestamp":"2025-08-09T15:05:30.9036104+05:30","@version":"1","message":"[AdminClient clientId=moviebooking-backend-admin-0] Connection to node -1 (localhost/127.0.0.1:9092) could not be established. Node may not be available.","logger_name":"org.apache.kafka.clients.NetworkClient","thread_name":"kafka-admin-client-thread | moviebooking-backend-admin-0","level":"WARN","level_value":30000}
{"@timestamp":"2025-08-09T15:05:30.9036104+05:30","@version":"1","message":"ProducerConfig values: \r\n\tacks = -1\r\n\tauto.include.jmx.reporter = true\r\n\tbatch.size = 16384\r\n\tbootstrap.servers = [spring.kafka.bootstrap-servers_IS_UNDEFINED]\r\n\tbuffer.memory = 33554432\r\n\tclient.dns.lookup = use_all_dns_ips\r\n\tclient.id = producer-63\r\n\tcompression.type = none\r\n\tconnections.max.idle.ms = 540000\r\n\tdelivery.timeout.ms = 120000\r\n\tenable.idempotence = true\r\n\tenable.metrics.push = true\r\n\tinterceptor.classes = []\r\n\tkey.serializer = class org.apache.kafka.common.serialization.ByteArraySerializer\r\n\tlinger.ms = 0\r\n\tmax.block.ms = 60000\r\n\tmax.in.flight.requests.per.connection = 5\r\n\tmax.request.size = 1048576\r\n\tmetadata.max.age.ms = 300000\r\n\tmetadata.max.idle.ms = 300000\r\n\tmetric.reporters = []\r\n\tmetrics.num.samples = 2\r\n\tmetrics.recording.level = INFO\r\n\tmetrics.sample.window.ms = 30000\r\n\tpartitioner.adaptive.partitioning.enable = true\r\n\tpartitioner.availability.timeout.ms = 0\r\n\tpartitioner.class = null\r\n\tpartitioner.ignore.keys = false\r\n\treceive.buffer.bytes = 32768\r\n\treconnect.backoff.max.ms = 1000\r\n\treconnect.backoff.ms = 50\r\n\trequest.timeout.ms = 30000\r\n\tretries = 2147483647\r\n\tretry.backoff.max.ms = 1000\r\n\tretry.backoff.ms = 100\r\n\tsasl.client.callback.handler.class = null\r\n\tsasl.jaas.config = null\r\n\tsasl.kerberos.kinit.cmd = /usr/bin/kinit\r\n\tsasl.kerberos.min.time.before.relogin = 60000\r\n\tsasl.kerberos.service.name = null\r\n\tsasl.kerberos.ticket.renew.jitter = 0.05\r\n\tsasl.kerberos.ticket.renew.window.factor = 0.8\r\n\tsasl.login.callback.handler.class = null\r\n\tsasl.login.class = null\r\n\tsasl.login.connect.timeout.ms = null\r\n\tsasl.login.read.timeout.ms = null\r\n\tsasl.login.refresh.buffer.seconds = 300\r\n\tsasl.login.refresh.min.period.seconds = 60\r\n\tsasl.login.refresh.window.factor = 0.8\r\n\tsasl.login.refresh.window.jitter = 0.05\r\n\tsasl.login.retry.backoff.max.ms = 10000\r\n\tsasl.login.retry.backoff.ms = 100\r\n\tsasl.mechanism = GSSAPI\r\n\tsasl.oauthbearer.clock.skew.seconds = 30\r\n\tsasl.oauthbearer.expected.audience = null\r\n\tsasl.oauthbearer.expected.issuer = null\r\n\tsasl.oauthbearer.jwks.endpoint.refresh.ms = 3600000\r\n\tsasl.oauthbearer.jwks.endpoint.retry.backoff.max.ms = 10000\r\n\tsasl.oauthbearer.jwks.endpoint.retry.backoff.ms = 100\r\n\tsasl.oauthbearer.jwks.endpoint.url = null\r\n\tsasl.oauthbearer.scope.claim.name = scope\r\n\tsasl.oauthbearer.sub.claim.name = sub\r\n\tsasl.oauthbearer.token.endpoint.url = null\r\n\tsecurity.protocol = PLAINTEXT\r\n\tsecurity.providers = null\r\n\tsend.buffer.bytes = 131072\r\n\tsocket.connection.setup.timeout.max.ms = 30000\r\n\tsocket.connection.setup.timeout.ms = 10000\r\n\tssl.cipher.suites = null\r\n\tssl.enabled.protocols = [TLSv1.2, TLSv1.3]\r\n\tssl.endpoint.identification.algorithm = https\r\n\tssl.engine.factory.class = null\r\n\tssl.key.password = null\r\n\tssl.keymanager.algorithm = SunX509\r\n\tssl.keystore.certificate.chain = null\r\n\tssl.keystore.key = null\r\n\tssl.keystore.location = null\r\n\tssl.keystore.password = null\r\n\tssl.keystore.type = JKS\r\n\tssl.protocol = TLSv1.3\r\n\tssl.provider = null\r\n\tssl.secure.random.implementation = null\r\n\tssl.trustmanager.algorithm = PKIX\r\n\tssl.truststore.certificates = null\r\n\tssl.truststore.location = null\r\n\tssl.truststore.password = null\r\n\tssl.truststore.type = JKS\r\n\ttransaction.timeout.ms = 60000\r\n\ttransactional.id = null\r\n\tvalue.serializer = class org.apache.kafka.common.serialization.ByteArraySerializer\r\n","logger_name":"org.apache.kafka.clients.producer.ProducerConfig","thread_name":"kafka-admin-client-thread | moviebooking-backend-admin-0","level":"INFO","level_value":20000}
{"@timestamp":"2025-08-09T15:05:30.9046166+05:30","@version":"1","message":"initializing Kafka metrics collector","logger_name":"org.apache.kafka.common.telemetry.internals.KafkaMetricsCollector","thread_name":"kafka-admin-client-thread | moviebooking-backend-admin-0","level":"INFO","level_value":20000}
{"@timestamp":"2025-08-09T15:05:30.9046166+05:30","@version":"1","message":"[Producer clientId=producer-63] Instantiated an idempotent producer.","logger_name":"org.apache.kafka.clients.producer.KafkaProducer","thread_name":"kafka-admin-client-thread | moviebooking-backend-admin-0","level":"INFO","level_value":20000}
{"@timestamp":"2025-08-09T15:05:30.9056233+05:30","@version":"1","message":"[Producer clientId=producer-63] Closing the Kafka producer with timeoutMillis = 0 ms.","logger_name":"org.apache.kafka.clients.producer.KafkaProducer","thread_name":"kafka-admin-client-thread | moviebooking-backend-admin-0","level":"INFO","level_value":20000}
{"@timestamp":"2025-08-09T15:05:30.9056233+05:30","@version":"1","message":"Metrics scheduler closed","logger_name":"org.apache.kafka.common.metrics.Metrics","thread_name":"kafka-admin-client-thread | moviebooking-backend-admin-0","level":"INFO","level_value":20000}
{"@timestamp":"2025-08-09T15:05:30.9066299+05:30","@version":"1","message":"Closing reporter org.apache.kafka.common.metrics.JmxReporter","logger_name":"org.apache.kafka.common.metrics.Metrics","thread_name":"kafka-admin-client-thread | moviebooking-backend-admin-0","level":"INFO","level_value":20000}
{"@timestamp":"2025-08-09T15:05:30.9066299+05:30","@version":"1","message":"Closing reporter org.apache.kafka.common.telemetry.internals.ClientTelemetryReporter","logger_name":"org.apache.kafka.common.metrics.Metrics","thread_name":"kafka-admin-client-thread | moviebooking-backend-admin-0","level":"INFO","level_value":20000}
{"@timestamp":"2025-08-09T15:05:30.9066299+05:30","@version":"1","message":"Metrics reporters closed","logger_name":"org.apache.kafka.common.metrics.Metrics","thread_name":"kafka-admin-client-thread | moviebooking-backend-admin-0","level":"INFO","level_value":20000}
{"@timestamp":"2025-08-09T15:05:30.9066299+05:30","@version":"1","message":"App info kafka.producer for producer-63 unregistered","logger_name":"org.apache.kafka.common.utils.AppInfoParser","thread_name":"kafka-admin-client-thread | moviebooking-backend-admin-0","level":"INFO","level_value":20000}
{"@timestamp":"2025-08-09T15:05:31.903827+05:30","@version":"1","message":"[AdminClient clientId=moviebooking-backend-admin-0] Node -1 disconnected.","logger_name":"org.apache.kafka.clients.NetworkClient","thread_name":"kafka-admin-client-thread | moviebooking-backend-admin-0","level":"INFO","level_value":20000}
{"@timestamp":"2025-08-09T15:05:31.9048707+05:30","@version":"1","message":"ProducerConfig values: \r\n\tacks = -1\r\n\tauto.include.jmx.reporter = true\r\n\tbatch.size = 16384\r\n\tbootstrap.servers = [spring.kafka.bootstrap-servers_IS_UNDEFINED]\r\n\tbuffer.memory = 33554432\r\n\tclient.dns.lookup = use_all_dns_ips\r\n\tclient.id = producer-64\r\n\tcompression.type = none\r\n\tconnections.max.idle.ms = 540000\r\n\tdelivery.timeout.ms = 120000\r\n\tenable.idempotence = true\r\n\tenable.metrics.push = true\r\n\tinterceptor.classes = []\r\n\tkey.serializer = class org.apache.kafka.common.serialization.ByteArraySerializer\r\n\tlinger.ms = 0\r\n\tmax.block.ms = 60000\r\n\tmax.in.flight.requests.per.connection = 5\r\n\tmax.request.size = 1048576\r\n\tmetadata.max.age.ms = 300000\r\n\tmetadata.max.idle.ms = 300000\r\n\tmetric.reporters = []\r\n\tmetrics.num.samples = 2\r\n\tmetrics.recording.level = INFO\r\n\tmetrics.sample.window.ms = 30000\r\n\tpartitioner.adaptive.partitioning.enable = true\r\n\tpartitioner.availability.timeout.ms = 0\r\n\tpartitioner.class = null\r\n\tpartitioner.ignore.keys = false\r\n\treceive.buffer.bytes = 32768\r\n\treconnect.backoff.max.ms = 1000\r\n\treconnect.backoff.ms = 50\r\n\trequest.timeout.ms = 30000\r\n\tretries = 2147483647\r\n\tretry.backoff.max.ms = 1000\r\n\tretry.backoff.ms = 100\r\n\tsasl.client.callback.handler.class = null\r\n\tsasl.jaas.config = null\r\n\tsasl.kerberos.kinit.cmd = /usr/bin/kinit\r\n\tsasl.kerberos.min.time.before.relogin = 60000\r\n\tsasl.kerberos.service.name = null\r\n\tsasl.kerberos.ticket.renew.jitter = 0.05\r\n\tsasl.kerberos.ticket.renew.window.factor = 0.8\r\n\tsasl.login.callback.handler.class = null\r\n\tsasl.login.class = null\r\n\tsasl.login.connect.timeout.ms = null\r\n\tsasl.login.read.timeout.ms = null\r\n\tsasl.login.refresh.buffer.seconds = 300\r\n\tsasl.login.refresh.min.period.seconds = 60\r\n\tsasl.login.refresh.window.factor = 0.8\r\n\tsasl.login.refresh.window.jitter = 0.05\r\n\tsasl.login.retry.backoff.max.ms = 10000\r\n\tsasl.login.retry.backoff.ms = 100\r\n\tsasl.mechanism = GSSAPI\r\n\tsasl.oauthbearer.clock.skew.seconds = 30\r\n\tsasl.oauthbearer.expected.audience = null\r\n\tsasl.oauthbearer.expected.issuer = null\r\n\tsasl.oauthbearer.jwks.endpoint.refresh.ms = 3600000\r\n\tsasl.oauthbearer.jwks.endpoint.retry.backoff.max.ms = 10000\r\n\tsasl.oauthbearer.jwks.endpoint.retry.backoff.ms = 100\r\n\tsasl.oauthbearer.jwks.endpoint.url = null\r\n\tsasl.oauthbearer.scope.claim.name = scope\r\n\tsasl.oauthbearer.sub.claim.name = sub\r\n\tsasl.oauthbearer.token.endpoint.url = null\r\n\tsecurity.protocol = PLAINTEXT\r\n\tsecurity.providers = null\r\n\tsend.buffer.bytes = 131072\r\n\tsocket.connection.setup.timeout.max.ms = 30000\r\n\tsocket.connection.setup.timeout.ms = 10000\r\n\tssl.cipher.suites = null\r\n\tssl.enabled.protocols = [TLSv1.2, TLSv1.3]\r\n\tssl.endpoint.identification.algorithm = https\r\n\tssl.engine.factory.class = null\r\n\tssl.key.password = null\r\n\tssl.keymanager.algorithm = SunX509\r\n\tssl.keystore.certificate.chain = null\r\n\tssl.keystore.key = null\r\n\tssl.keystore.location = null\r\n\tssl.keystore.password = null\r\n\tssl.keystore.type = JKS\r\n\tssl.protocol = TLSv1.3\r\n\tssl.provider = null\r\n\tssl.secure.random.implementation = null\r\n\tssl.trustmanager.algorithm = PKIX\r\n\tssl.truststore.certificates = null\r\n\tssl.truststore.location = null\r\n\tssl.truststore.password = null\r\n\tssl.truststore.type = JKS\r\n\ttransaction.timeout.ms = 60000\r\n\ttransactional.id = null\r\n\tvalue.serializer = class org.apache.kafka.common.serialization.ByteArraySerializer\r\n","logger_name":"org.apache.kafka.clients.producer.ProducerConfig","thread_name":"kafka-admin-client-thread | moviebooking-backend-admin-0","level":"INFO","level_value":20000}
{"@timestamp":"2025-08-09T15:05:31.9058606+05:30","@version":"1","message":"initializing Kafka metrics collector","logger_name":"org.apache.kafka.common.telemetry.internals.KafkaMetricsCollector","thread_name":"kafka-admin-client-thread | moviebooking-backend-admin-0","level":"INFO","level_value":20000}
{"@timestamp":"2025-08-09T15:05:31.9083299+05:30","@version":"1","message":"[Producer clientId=producer-64] Instantiated an idempotent producer.","logger_name":"org.apache.kafka.clients.producer.KafkaProducer","thread_name":"kafka-admin-client-thread | moviebooking-backend-admin-0","level":"INFO","level_value":20000}
{"@timestamp":"2025-08-09T15:05:31.9098093+05:30","@version":"1","message":"[Producer clientId=producer-64] Closing the Kafka producer with timeoutMillis = 0 ms.","logger_name":"org.apache.kafka.clients.producer.KafkaProducer","thread_name":"kafka-admin-client-thread | moviebooking-backend-admin-0","level":"INFO","level_value":20000}
{"@timestamp":"2025-08-09T15:05:31.9108362+05:30","@version":"1","message":"Metrics scheduler closed","logger_name":"org.apache.kafka.common.metrics.Metrics","thread_name":"kafka-admin-client-thread | moviebooking-backend-admin-0","level":"INFO","level_value":20000}
{"@timestamp":"2025-08-09T15:05:31.9108362+05:30","@version":"1","message":"Closing reporter org.apache.kafka.common.metrics.JmxReporter","logger_name":"org.apache.kafka.common.metrics.Metrics","thread_name":"kafka-admin-client-thread | moviebooking-backend-admin-0","level":"INFO","level_value":20000}
{"@timestamp":"2025-08-09T15:05:31.9118314+05:30","@version":"1","message":"Closing reporter org.apache.kafka.common.telemetry.internals.ClientTelemetryReporter","logger_name":"org.apache.kafka.common.metrics.Metrics","thread_name":"kafka-admin-client-thread | moviebooking-backend-admin-0","level":"INFO","level_value":20000}
{"@timestamp":"2025-08-09T15:05:31.9118314+05:30","@version":"1","message":"Metrics reporters closed","logger_name":"org.apache.kafka.common.metrics.Metrics","thread_name":"kafka-admin-client-thread | moviebooking-backend-admin-0","level":"INFO","level_value":20000}
{"@timestamp":"2025-08-09T15:05:31.9118314+05:30","@version":"1","message":"App info kafka.producer for producer-64 unregistered","logger_name":"org.apache.kafka.common.utils.AppInfoParser","thread_name":"kafka-admin-client-thread | moviebooking-backend-admin-0","level":"INFO","level_value":20000}
{"@timestamp":"2025-08-09T15:05:31.9128317+05:30","@version":"1","message":"[AdminClient clientId=moviebooking-backend-admin-0] Connection to node -1 (localhost/127.0.0.1:9092) could not be established. Node may not be available.","logger_name":"org.apache.kafka.clients.NetworkClient","thread_name":"kafka-admin-client-thread | moviebooking-backend-admin-0","level":"WARN","level_value":30000}
{"@timestamp":"2025-08-09T15:05:31.9138356+05:30","@version":"1","message":"ProducerConfig values: \r\n\tacks = -1\r\n\tauto.include.jmx.reporter = true\r\n\tbatch.size = 16384\r\n\tbootstrap.servers = [spring.kafka.bootstrap-servers_IS_UNDEFINED]\r\n\tbuffer.memory = 33554432\r\n\tclient.dns.lookup = use_all_dns_ips\r\n\tclient.id = producer-65\r\n\tcompression.type = none\r\n\tconnections.max.idle.ms = 540000\r\n\tdelivery.timeout.ms = 120000\r\n\tenable.idempotence = true\r\n\tenable.metrics.push = true\r\n\tinterceptor.classes = []\r\n\tkey.serializer = class org.apache.kafka.common.serialization.ByteArraySerializer\r\n\tlinger.ms = 0\r\n\tmax.block.ms = 60000\r\n\tmax.in.flight.requests.per.connection = 5\r\n\tmax.request.size = 1048576\r\n\tmetadata.max.age.ms = 300000\r\n\tmetadata.max.idle.ms = 300000\r\n\tmetric.reporters = []\r\n\tmetrics.num.samples = 2\r\n\tmetrics.recording.level = INFO\r\n\tmetrics.sample.window.ms = 30000\r\n\tpartitioner.adaptive.partitioning.enable = true\r\n\tpartitioner.availability.timeout.ms = 0\r\n\tpartitioner.class = null\r\n\tpartitioner.ignore.keys = false\r\n\treceive.buffer.bytes = 32768\r\n\treconnect.backoff.max.ms = 1000\r\n\treconnect.backoff.ms = 50\r\n\trequest.timeout.ms = 30000\r\n\tretries = 2147483647\r\n\tretry.backoff.max.ms = 1000\r\n\tretry.backoff.ms = 100\r\n\tsasl.client.callback.handler.class = null\r\n\tsasl.jaas.config = null\r\n\tsasl.kerberos.kinit.cmd = /usr/bin/kinit\r\n\tsasl.kerberos.min.time.before.relogin = 60000\r\n\tsasl.kerberos.service.name = null\r\n\tsasl.kerberos.ticket.renew.jitter = 0.05\r\n\tsasl.kerberos.ticket.renew.window.factor = 0.8\r\n\tsasl.login.callback.handler.class = null\r\n\tsasl.login.class = null\r\n\tsasl.login.connect.timeout.ms = null\r\n\tsasl.login.read.timeout.ms = null\r\n\tsasl.login.refresh.buffer.seconds = 300\r\n\tsasl.login.refresh.min.period.seconds = 60\r\n\tsasl.login.refresh.window.factor = 0.8\r\n\tsasl.login.refresh.window.jitter = 0.05\r\n\tsasl.login.retry.backoff.max.ms = 10000\r\n\tsasl.login.retry.backoff.ms = 100\r\n\tsasl.mechanism = GSSAPI\r\n\tsasl.oauthbearer.clock.skew.seconds = 30\r\n\tsasl.oauthbearer.expected.audience = null\r\n\tsasl.oauthbearer.expected.issuer = null\r\n\tsasl.oauthbearer.jwks.endpoint.refresh.ms = 3600000\r\n\tsasl.oauthbearer.jwks.endpoint.retry.backoff.max.ms = 10000\r\n\tsasl.oauthbearer.jwks.endpoint.retry.backoff.ms = 100\r\n\tsasl.oauthbearer.jwks.endpoint.url = null\r\n\tsasl.oauthbearer.scope.claim.name = scope\r\n\tsasl.oauthbearer.sub.claim.name = sub\r\n\tsasl.oauthbearer.token.endpoint.url = null\r\n\tsecurity.protocol = PLAINTEXT\r\n\tsecurity.providers = null\r\n\tsend.buffer.bytes = 131072\r\n\tsocket.connection.setup.timeout.max.ms = 30000\r\n\tsocket.connection.setup.timeout.ms = 10000\r\n\tssl.cipher.suites = null\r\n\tssl.enabled.protocols = [TLSv1.2, TLSv1.3]\r\n\tssl.endpoint.identification.algorithm = https\r\n\tssl.engine.factory.class = null\r\n\tssl.key.password = null\r\n\tssl.keymanager.algorithm = SunX509\r\n\tssl.keystore.certificate.chain = null\r\n\tssl.keystore.key = null\r\n\tssl.keystore.location = null\r\n\tssl.keystore.password = null\r\n\tssl.keystore.type = JKS\r\n\tssl.protocol = TLSv1.3\r\n\tssl.provider = null\r\n\tssl.secure.random.implementation = null\r\n\tssl.trustmanager.algorithm = PKIX\r\n\tssl.truststore.certificates = null\r\n\tssl.truststore.location = null\r\n\tssl.truststore.password = null\r\n\tssl.truststore.type = JKS\r\n\ttransaction.timeout.ms = 60000\r\n\ttransactional.id = null\r\n\tvalue.serializer = class org.apache.kafka.common.serialization.ByteArraySerializer\r\n","logger_name":"org.apache.kafka.clients.producer.ProducerConfig","thread_name":"kafka-admin-client-thread | moviebooking-backend-admin-0","level":"INFO","level_value":20000}
{"@timestamp":"2025-08-09T15:05:31.9148325+05:30","@version":"1","message":"initializing Kafka metrics collector","logger_name":"org.apache.kafka.common.telemetry.internals.KafkaMetricsCollector","thread_name":"kafka-admin-client-thread | moviebooking-backend-admin-0","level":"INFO","level_value":20000}
{"@timestamp":"2025-08-09T15:05:31.9148325+05:30","@version":"1","message":"[Producer clientId=producer-65] Instantiated an idempotent producer.","logger_name":"org.apache.kafka.clients.producer.KafkaProducer","thread_name":"kafka-admin-client-thread | moviebooking-backend-admin-0","level":"INFO","level_value":20000}
{"@timestamp":"2025-08-09T15:05:31.9159299+05:30","@version":"1","message":"[Producer clientId=producer-65] Closing the Kafka producer with timeoutMillis = 0 ms.","logger_name":"org.apache.kafka.clients.producer.KafkaProducer","thread_name":"kafka-admin-client-thread | moviebooking-backend-admin-0","level":"INFO","level_value":20000}
{"@timestamp":"2025-08-09T15:05:31.9169519+05:30","@version":"1","message":"Metrics scheduler closed","logger_name":"org.apache.kafka.common.metrics.Metrics","thread_name":"kafka-admin-client-thread | moviebooking-backend-admin-0","level":"INFO","level_value":20000}
{"@timestamp":"2025-08-09T15:05:31.9169519+05:30","@version":"1","message":"Closing reporter org.apache.kafka.common.metrics.JmxReporter","logger_name":"org.apache.kafka.common.metrics.Metrics","thread_name":"kafka-admin-client-thread | moviebooking-backend-admin-0","level":"INFO","level_value":20000}
{"@timestamp":"2025-08-09T15:05:31.9169519+05:30","@version":"1","message":"Closing reporter org.apache.kafka.common.telemetry.internals.ClientTelemetryReporter","logger_name":"org.apache.kafka.common.metrics.Metrics","thread_name":"kafka-admin-client-thread | moviebooking-backend-admin-0","level":"INFO","level_value":20000}
{"@timestamp":"2025-08-09T15:05:31.9169519+05:30","@version":"1","message":"Metrics reporters closed","logger_name":"org.apache.kafka.common.metrics.Metrics","thread_name":"kafka-admin-client-thread | moviebooking-backend-admin-0","level":"INFO","level_value":20000}
{"@timestamp":"2025-08-09T15:05:31.9169519+05:30","@version":"1","message":"App info kafka.producer for producer-65 unregistered","logger_name":"org.apache.kafka.common.utils.AppInfoParser","thread_name":"kafka-admin-client-thread | moviebooking-backend-admin-0","level":"INFO","level_value":20000}
{"@timestamp":"2025-08-09T15:05:32.9093174+05:30","@version":"1","message":"[AdminClient clientId=moviebooking-backend-admin-0] Node -1 disconnected.","logger_name":"org.apache.kafka.clients.NetworkClient","thread_name":"kafka-admin-client-thread | moviebooking-backend-admin-0","level":"INFO","level_value":20000}
{"@timestamp":"2025-08-09T15:05:32.9113191+05:30","@version":"1","message":"ProducerConfig values: \r\n\tacks = -1\r\n\tauto.include.jmx.reporter = true\r\n\tbatch.size = 16384\r\n\tbootstrap.servers = [spring.kafka.bootstrap-servers_IS_UNDEFINED]\r\n\tbuffer.memory = 33554432\r\n\tclient.dns.lookup = use_all_dns_ips\r\n\tclient.id = producer-66\r\n\tcompression.type = none\r\n\tconnections.max.idle.ms = 540000\r\n\tdelivery.timeout.ms = 120000\r\n\tenable.idempotence = true\r\n\tenable.metrics.push = true\r\n\tinterceptor.classes = []\r\n\tkey.serializer = class org.apache.kafka.common.serialization.ByteArraySerializer\r\n\tlinger.ms = 0\r\n\tmax.block.ms = 60000\r\n\tmax.in.flight.requests.per.connection = 5\r\n\tmax.request.size = 1048576\r\n\tmetadata.max.age.ms = 300000\r\n\tmetadata.max.idle.ms = 300000\r\n\tmetric.reporters = []\r\n\tmetrics.num.samples = 2\r\n\tmetrics.recording.level = INFO\r\n\tmetrics.sample.window.ms = 30000\r\n\tpartitioner.adaptive.partitioning.enable = true\r\n\tpartitioner.availability.timeout.ms = 0\r\n\tpartitioner.class = null\r\n\tpartitioner.ignore.keys = false\r\n\treceive.buffer.bytes = 32768\r\n\treconnect.backoff.max.ms = 1000\r\n\treconnect.backoff.ms = 50\r\n\trequest.timeout.ms = 30000\r\n\tretries = 2147483647\r\n\tretry.backoff.max.ms = 1000\r\n\tretry.backoff.ms = 100\r\n\tsasl.client.callback.handler.class = null\r\n\tsasl.jaas.config = null\r\n\tsasl.kerberos.kinit.cmd = /usr/bin/kinit\r\n\tsasl.kerberos.min.time.before.relogin = 60000\r\n\tsasl.kerberos.service.name = null\r\n\tsasl.kerberos.ticket.renew.jitter = 0.05\r\n\tsasl.kerberos.ticket.renew.window.factor = 0.8\r\n\tsasl.login.callback.handler.class = null\r\n\tsasl.login.class = null\r\n\tsasl.login.connect.timeout.ms = null\r\n\tsasl.login.read.timeout.ms = null\r\n\tsasl.login.refresh.buffer.seconds = 300\r\n\tsasl.login.refresh.min.period.seconds = 60\r\n\tsasl.login.refresh.window.factor = 0.8\r\n\tsasl.login.refresh.window.jitter = 0.05\r\n\tsasl.login.retry.backoff.max.ms = 10000\r\n\tsasl.login.retry.backoff.ms = 100\r\n\tsasl.mechanism = GSSAPI\r\n\tsasl.oauthbearer.clock.skew.seconds = 30\r\n\tsasl.oauthbearer.expected.audience = null\r\n\tsasl.oauthbearer.expected.issuer = null\r\n\tsasl.oauthbearer.jwks.endpoint.refresh.ms = 3600000\r\n\tsasl.oauthbearer.jwks.endpoint.retry.backoff.max.ms = 10000\r\n\tsasl.oauthbearer.jwks.endpoint.retry.backoff.ms = 100\r\n\tsasl.oauthbearer.jwks.endpoint.url = null\r\n\tsasl.oauthbearer.scope.claim.name = scope\r\n\tsasl.oauthbearer.sub.claim.name = sub\r\n\tsasl.oauthbearer.token.endpoint.url = null\r\n\tsecurity.protocol = PLAINTEXT\r\n\tsecurity.providers = null\r\n\tsend.buffer.bytes = 131072\r\n\tsocket.connection.setup.timeout.max.ms = 30000\r\n\tsocket.connection.setup.timeout.ms = 10000\r\n\tssl.cipher.suites = null\r\n\tssl.enabled.protocols = [TLSv1.2, TLSv1.3]\r\n\tssl.endpoint.identification.algorithm = https\r\n\tssl.engine.factory.class = null\r\n\tssl.key.password = null\r\n\tssl.keymanager.algorithm = SunX509\r\n\tssl.keystore.certificate.chain = null\r\n\tssl.keystore.key = null\r\n\tssl.keystore.location = null\r\n\tssl.keystore.password = null\r\n\tssl.keystore.type = JKS\r\n\tssl.protocol = TLSv1.3\r\n\tssl.provider = null\r\n\tssl.secure.random.implementation = null\r\n\tssl.trustmanager.algorithm = PKIX\r\n\tssl.truststore.certificates = null\r\n\tssl.truststore.location = null\r\n\tssl.truststore.password = null\r\n\tssl.truststore.type = JKS\r\n\ttransaction.timeout.ms = 60000\r\n\ttransactional.id = null\r\n\tvalue.serializer = class org.apache.kafka.common.serialization.ByteArraySerializer\r\n","logger_name":"org.apache.kafka.clients.producer.ProducerConfig","thread_name":"kafka-admin-client-thread | moviebooking-backend-admin-0","level":"INFO","level_value":20000}
{"@timestamp":"2025-08-09T15:05:32.912317+05:30","@version":"1","message":"initializing Kafka metrics collector","logger_name":"org.apache.kafka.common.telemetry.internals.KafkaMetricsCollector","thread_name":"kafka-admin-client-thread | moviebooking-backend-admin-0","level":"INFO","level_value":20000}
{"@timestamp":"2025-08-09T15:05:32.9133196+05:30","@version":"1","message":"[Producer clientId=producer-66] Instantiated an idempotent producer.","logger_name":"org.apache.kafka.clients.producer.KafkaProducer","thread_name":"kafka-admin-client-thread | moviebooking-backend-admin-0","level":"INFO","level_value":20000}
{"@timestamp":"2025-08-09T15:05:32.9143152+05:30","@version":"1","message":"[Producer clientId=producer-66] Closing the Kafka producer with timeoutMillis = 0 ms.","logger_name":"org.apache.kafka.clients.producer.KafkaProducer","thread_name":"kafka-admin-client-thread | moviebooking-backend-admin-0","level":"INFO","level_value":20000}
{"@timestamp":"2025-08-09T15:05:32.9153192+05:30","@version":"1","message":"Metrics scheduler closed","logger_name":"org.apache.kafka.common.metrics.Metrics","thread_name":"kafka-admin-client-thread | moviebooking-backend-admin-0","level":"INFO","level_value":20000}
{"@timestamp":"2025-08-09T15:05:32.9153192+05:30","@version":"1","message":"Closing reporter org.apache.kafka.common.metrics.JmxReporter","logger_name":"org.apache.kafka.common.metrics.Metrics","thread_name":"kafka-admin-client-thread | moviebooking-backend-admin-0","level":"INFO","level_value":20000}
{"@timestamp":"2025-08-09T15:05:32.9153192+05:30","@version":"1","message":"Closing reporter org.apache.kafka.common.telemetry.internals.ClientTelemetryReporter","logger_name":"org.apache.kafka.common.metrics.Metrics","thread_name":"kafka-admin-client-thread | moviebooking-backend-admin-0","level":"INFO","level_value":20000}
{"@timestamp":"2025-08-09T15:05:32.9153192+05:30","@version":"1","message":"Metrics reporters closed","logger_name":"org.apache.kafka.common.metrics.Metrics","thread_name":"kafka-admin-client-thread | moviebooking-backend-admin-0","level":"INFO","level_value":20000}
{"@timestamp":"2025-08-09T15:05:32.9163197+05:30","@version":"1","message":"App info kafka.producer for producer-66 unregistered","logger_name":"org.apache.kafka.common.utils.AppInfoParser","thread_name":"kafka-admin-client-thread | moviebooking-backend-admin-0","level":"INFO","level_value":20000}
{"@timestamp":"2025-08-09T15:05:32.9163197+05:30","@version":"1","message":"[AdminClient clientId=moviebooking-backend-admin-0] Connection to node -1 (localhost/127.0.0.1:9092) could not be established. Node may not be available.","logger_name":"org.apache.kafka.clients.NetworkClient","thread_name":"kafka-admin-client-thread | moviebooking-backend-admin-0","level":"WARN","level_value":30000}
{"@timestamp":"2025-08-09T15:05:32.9173218+05:30","@version":"1","message":"ProducerConfig values: \r\n\tacks = -1\r\n\tauto.include.jmx.reporter = true\r\n\tbatch.size = 16384\r\n\tbootstrap.servers = [spring.kafka.bootstrap-servers_IS_UNDEFINED]\r\n\tbuffer.memory = 33554432\r\n\tclient.dns.lookup = use_all_dns_ips\r\n\tclient.id = producer-67\r\n\tcompression.type = none\r\n\tconnections.max.idle.ms = 540000\r\n\tdelivery.timeout.ms = 120000\r\n\tenable.idempotence = true\r\n\tenable.metrics.push = true\r\n\tinterceptor.classes = []\r\n\tkey.serializer = class org.apache.kafka.common.serialization.ByteArraySerializer\r\n\tlinger.ms = 0\r\n\tmax.block.ms = 60000\r\n\tmax.in.flight.requests.per.connection = 5\r\n\tmax.request.size = 1048576\r\n\tmetadata.max.age.ms = 300000\r\n\tmetadata.max.idle.ms = 300000\r\n\tmetric.reporters = []\r\n\tmetrics.num.samples = 2\r\n\tmetrics.recording.level = INFO\r\n\tmetrics.sample.window.ms = 30000\r\n\tpartitioner.adaptive.partitioning.enable = true\r\n\tpartitioner.availability.timeout.ms = 0\r\n\tpartitioner.class = null\r\n\tpartitioner.ignore.keys = false\r\n\treceive.buffer.bytes = 32768\r\n\treconnect.backoff.max.ms = 1000\r\n\treconnect.backoff.ms = 50\r\n\trequest.timeout.ms = 30000\r\n\tretries = 2147483647\r\n\tretry.backoff.max.ms = 1000\r\n\tretry.backoff.ms = 100\r\n\tsasl.client.callback.handler.class = null\r\n\tsasl.jaas.config = null\r\n\tsasl.kerberos.kinit.cmd = /usr/bin/kinit\r\n\tsasl.kerberos.min.time.before.relogin = 60000\r\n\tsasl.kerberos.service.name = null\r\n\tsasl.kerberos.ticket.renew.jitter = 0.05\r\n\tsasl.kerberos.ticket.renew.window.factor = 0.8\r\n\tsasl.login.callback.handler.class = null\r\n\tsasl.login.class = null\r\n\tsasl.login.connect.timeout.ms = null\r\n\tsasl.login.read.timeout.ms = null\r\n\tsasl.login.refresh.buffer.seconds = 300\r\n\tsasl.login.refresh.min.period.seconds = 60\r\n\tsasl.login.refresh.window.factor = 0.8\r\n\tsasl.login.refresh.window.jitter = 0.05\r\n\tsasl.login.retry.backoff.max.ms = 10000\r\n\tsasl.login.retry.backoff.ms = 100\r\n\tsasl.mechanism = GSSAPI\r\n\tsasl.oauthbearer.clock.skew.seconds = 30\r\n\tsasl.oauthbearer.expected.audience = null\r\n\tsasl.oauthbearer.expected.issuer = null\r\n\tsasl.oauthbearer.jwks.endpoint.refresh.ms = 3600000\r\n\tsasl.oauthbearer.jwks.endpoint.retry.backoff.max.ms = 10000\r\n\tsasl.oauthbearer.jwks.endpoint.retry.backoff.ms = 100\r\n\tsasl.oauthbearer.jwks.endpoint.url = null\r\n\tsasl.oauthbearer.scope.claim.name = scope\r\n\tsasl.oauthbearer.sub.claim.name = sub\r\n\tsasl.oauthbearer.token.endpoint.url = null\r\n\tsecurity.protocol = PLAINTEXT\r\n\tsecurity.providers = null\r\n\tsend.buffer.bytes = 131072\r\n\tsocket.connection.setup.timeout.max.ms = 30000\r\n\tsocket.connection.setup.timeout.ms = 10000\r\n\tssl.cipher.suites = null\r\n\tssl.enabled.protocols = [TLSv1.2, TLSv1.3]\r\n\tssl.endpoint.identification.algorithm = https\r\n\tssl.engine.factory.class = null\r\n\tssl.key.password = null\r\n\tssl.keymanager.algorithm = SunX509\r\n\tssl.keystore.certificate.chain = null\r\n\tssl.keystore.key = null\r\n\tssl.keystore.location = null\r\n\tssl.keystore.password = null\r\n\tssl.keystore.type = JKS\r\n\tssl.protocol = TLSv1.3\r\n\tssl.provider = null\r\n\tssl.secure.random.implementation = null\r\n\tssl.trustmanager.algorithm = PKIX\r\n\tssl.truststore.certificates = null\r\n\tssl.truststore.location = null\r\n\tssl.truststore.password = null\r\n\tssl.truststore.type = JKS\r\n\ttransaction.timeout.ms = 60000\r\n\ttransactional.id = null\r\n\tvalue.serializer = class org.apache.kafka.common.serialization.ByteArraySerializer\r\n","logger_name":"org.apache.kafka.clients.producer.ProducerConfig","thread_name":"kafka-admin-client-thread | moviebooking-backend-admin-0","level":"INFO","level_value":20000}
{"@timestamp":"2025-08-09T15:05:32.9183152+05:30","@version":"1","message":"initializing Kafka metrics collector","logger_name":"org.apache.kafka.common.telemetry.internals.KafkaMetricsCollector","thread_name":"kafka-admin-client-thread | moviebooking-backend-admin-0","level":"INFO","level_value":20000}
{"@timestamp":"2025-08-09T15:05:32.9193123+05:30","@version":"1","message":"[Producer clientId=producer-67] Instantiated an idempotent producer.","logger_name":"org.apache.kafka.clients.producer.KafkaProducer","thread_name":"kafka-admin-client-thread | moviebooking-backend-admin-0","level":"INFO","level_value":20000}
{"@timestamp":"2025-08-09T15:05:32.9193123+05:30","@version":"1","message":"[Producer clientId=producer-67] Closing the Kafka producer with timeoutMillis = 0 ms.","logger_name":"org.apache.kafka.clients.producer.KafkaProducer","thread_name":"kafka-admin-client-thread | moviebooking-backend-admin-0","level":"INFO","level_value":20000}
{"@timestamp":"2025-08-09T15:05:32.9213569+05:30","@version":"1","message":"Metrics scheduler closed","logger_name":"org.apache.kafka.common.metrics.Metrics","thread_name":"kafka-admin-client-thread | moviebooking-backend-admin-0","level":"INFO","level_value":20000}
{"@timestamp":"2025-08-09T15:05:32.9213569+05:30","@version":"1","message":"Closing reporter org.apache.kafka.common.metrics.JmxReporter","logger_name":"org.apache.kafka.common.metrics.Metrics","thread_name":"kafka-admin-client-thread | moviebooking-backend-admin-0","level":"INFO","level_value":20000}
{"@timestamp":"2025-08-09T15:05:32.9213569+05:30","@version":"1","message":"Closing reporter org.apache.kafka.common.telemetry.internals.ClientTelemetryReporter","logger_name":"org.apache.kafka.common.metrics.Metrics","thread_name":"kafka-admin-client-thread | moviebooking-backend-admin-0","level":"INFO","level_value":20000}
{"@timestamp":"2025-08-09T15:05:32.9213569+05:30","@version":"1","message":"Metrics reporters closed","logger_name":"org.apache.kafka.common.metrics.Metrics","thread_name":"kafka-admin-client-thread | moviebooking-backend-admin-0","level":"INFO","level_value":20000}
{"@timestamp":"2025-08-09T15:05:32.9225457+05:30","@version":"1","message":"App info kafka.producer for producer-67 unregistered","logger_name":"org.apache.kafka.common.utils.AppInfoParser","thread_name":"kafka-admin-client-thread | moviebooking-backend-admin-0","level":"INFO","level_value":20000}
{"@timestamp":"2025-08-09T15:05:33.7958036+05:30","@version":"1","message":"[AdminClient clientId=moviebooking-backend-admin-0] Node -1 disconnected.","logger_name":"org.apache.kafka.clients.NetworkClient","thread_name":"kafka-admin-client-thread | moviebooking-backend-admin-0","level":"INFO","level_value":20000}
{"@timestamp":"2025-08-09T15:05:33.7968015+05:30","@version":"1","message":"ProducerConfig values: \r\n\tacks = -1\r\n\tauto.include.jmx.reporter = true\r\n\tbatch.size = 16384\r\n\tbootstrap.servers = [spring.kafka.bootstrap-servers_IS_UNDEFINED]\r\n\tbuffer.memory = 33554432\r\n\tclient.dns.lookup = use_all_dns_ips\r\n\tclient.id = producer-68\r\n\tcompression.type = none\r\n\tconnections.max.idle.ms = 540000\r\n\tdelivery.timeout.ms = 120000\r\n\tenable.idempotence = true\r\n\tenable.metrics.push = true\r\n\tinterceptor.classes = []\r\n\tkey.serializer = class org.apache.kafka.common.serialization.ByteArraySerializer\r\n\tlinger.ms = 0\r\n\tmax.block.ms = 60000\r\n\tmax.in.flight.requests.per.connection = 5\r\n\tmax.request.size = 1048576\r\n\tmetadata.max.age.ms = 300000\r\n\tmetadata.max.idle.ms = 300000\r\n\tmetric.reporters = []\r\n\tmetrics.num.samples = 2\r\n\tmetrics.recording.level = INFO\r\n\tmetrics.sample.window.ms = 30000\r\n\tpartitioner.adaptive.partitioning.enable = true\r\n\tpartitioner.availability.timeout.ms = 0\r\n\tpartitioner.class = null\r\n\tpartitioner.ignore.keys = false\r\n\treceive.buffer.bytes = 32768\r\n\treconnect.backoff.max.ms = 1000\r\n\treconnect.backoff.ms = 50\r\n\trequest.timeout.ms = 30000\r\n\tretries = 2147483647\r\n\tretry.backoff.max.ms = 1000\r\n\tretry.backoff.ms = 100\r\n\tsasl.client.callback.handler.class = null\r\n\tsasl.jaas.config = null\r\n\tsasl.kerberos.kinit.cmd = /usr/bin/kinit\r\n\tsasl.kerberos.min.time.before.relogin = 60000\r\n\tsasl.kerberos.service.name = null\r\n\tsasl.kerberos.ticket.renew.jitter = 0.05\r\n\tsasl.kerberos.ticket.renew.window.factor = 0.8\r\n\tsasl.login.callback.handler.class = null\r\n\tsasl.login.class = null\r\n\tsasl.login.connect.timeout.ms = null\r\n\tsasl.login.read.timeout.ms = null\r\n\tsasl.login.refresh.buffer.seconds = 300\r\n\tsasl.login.refresh.min.period.seconds = 60\r\n\tsasl.login.refresh.window.factor = 0.8\r\n\tsasl.login.refresh.window.jitter = 0.05\r\n\tsasl.login.retry.backoff.max.ms = 10000\r\n\tsasl.login.retry.backoff.ms = 100\r\n\tsasl.mechanism = GSSAPI\r\n\tsasl.oauthbearer.clock.skew.seconds = 30\r\n\tsasl.oauthbearer.expected.audience = null\r\n\tsasl.oauthbearer.expected.issuer = null\r\n\tsasl.oauthbearer.jwks.endpoint.refresh.ms = 3600000\r\n\tsasl.oauthbearer.jwks.endpoint.retry.backoff.max.ms = 10000\r\n\tsasl.oauthbearer.jwks.endpoint.retry.backoff.ms = 100\r\n\tsasl.oauthbearer.jwks.endpoint.url = null\r\n\tsasl.oauthbearer.scope.claim.name = scope\r\n\tsasl.oauthbearer.sub.claim.name = sub\r\n\tsasl.oauthbearer.token.endpoint.url = null\r\n\tsecurity.protocol = PLAINTEXT\r\n\tsecurity.providers = null\r\n\tsend.buffer.bytes = 131072\r\n\tsocket.connection.setup.timeout.max.ms = 30000\r\n\tsocket.connection.setup.timeout.ms = 10000\r\n\tssl.cipher.suites = null\r\n\tssl.enabled.protocols = [TLSv1.2, TLSv1.3]\r\n\tssl.endpoint.identification.algorithm = https\r\n\tssl.engine.factory.class = null\r\n\tssl.key.password = null\r\n\tssl.keymanager.algorithm = SunX509\r\n\tssl.keystore.certificate.chain = null\r\n\tssl.keystore.key = null\r\n\tssl.keystore.location = null\r\n\tssl.keystore.password = null\r\n\tssl.keystore.type = JKS\r\n\tssl.protocol = TLSv1.3\r\n\tssl.provider = null\r\n\tssl.secure.random.implementation = null\r\n\tssl.trustmanager.algorithm = PKIX\r\n\tssl.truststore.certificates = null\r\n\tssl.truststore.location = null\r\n\tssl.truststore.password = null\r\n\tssl.truststore.type = JKS\r\n\ttransaction.timeout.ms = 60000\r\n\ttransactional.id = null\r\n\tvalue.serializer = class org.apache.kafka.common.serialization.ByteArraySerializer\r\n","logger_name":"org.apache.kafka.clients.producer.ProducerConfig","thread_name":"kafka-admin-client-thread | moviebooking-backend-admin-0","level":"INFO","level_value":20000}
{"@timestamp":"2025-08-09T15:05:33.7978027+05:30","@version":"1","message":"initializing Kafka metrics collector","logger_name":"org.apache.kafka.common.telemetry.internals.KafkaMetricsCollector","thread_name":"kafka-admin-client-thread | moviebooking-backend-admin-0","level":"INFO","level_value":20000}
{"@timestamp":"2025-08-09T15:05:33.7998116+05:30","@version":"1","message":"[Producer clientId=producer-68] Instantiated an idempotent producer.","logger_name":"org.apache.kafka.clients.producer.KafkaProducer","thread_name":"kafka-admin-client-thread | moviebooking-backend-admin-0","level":"INFO","level_value":20000}
{"@timestamp":"2025-08-09T15:05:33.8008003+05:30","@version":"1","message":"[Producer clientId=producer-68] Closing the Kafka producer with timeoutMillis = 0 ms.","logger_name":"org.apache.kafka.clients.producer.KafkaProducer","thread_name":"kafka-admin-client-thread | moviebooking-backend-admin-0","level":"INFO","level_value":20000}
{"@timestamp":"2025-08-09T15:05:33.8018065+05:30","@version":"1","message":"Metrics scheduler closed","logger_name":"org.apache.kafka.common.metrics.Metrics","thread_name":"kafka-admin-client-thread | moviebooking-backend-admin-0","level":"INFO","level_value":20000}
{"@timestamp":"2025-08-09T15:05:33.8028021+05:30","@version":"1","message":"Closing reporter org.apache.kafka.common.metrics.JmxReporter","logger_name":"org.apache.kafka.common.metrics.Metrics","thread_name":"kafka-admin-client-thread | moviebooking-backend-admin-0","level":"INFO","level_value":20000}
{"@timestamp":"2025-08-09T15:05:33.8028021+05:30","@version":"1","message":"Closing reporter org.apache.kafka.common.telemetry.internals.ClientTelemetryReporter","logger_name":"org.apache.kafka.common.metrics.Metrics","thread_name":"kafka-admin-client-thread | moviebooking-backend-admin-0","level":"INFO","level_value":20000}
{"@timestamp":"2025-08-09T15:05:33.8028021+05:30","@version":"1","message":"Metrics reporters closed","logger_name":"org.apache.kafka.common.metrics.Metrics","thread_name":"kafka-admin-client-thread | moviebooking-backend-admin-0","level":"INFO","level_value":20000}
{"@timestamp":"2025-08-09T15:05:33.8028021+05:30","@version":"1","message":"App info kafka.producer for producer-68 unregistered","logger_name":"org.apache.kafka.common.utils.AppInfoParser","thread_name":"kafka-admin-client-thread | moviebooking-backend-admin-0","level":"INFO","level_value":20000}
{"@timestamp":"2025-08-09T15:05:33.8037969+05:30","@version":"1","message":"[AdminClient clientId=moviebooking-backend-admin-0] Connection to node -1 (localhost/127.0.0.1:9092) could not be established. Node may not be available.","logger_name":"org.apache.kafka.clients.NetworkClient","thread_name":"kafka-admin-client-thread | moviebooking-backend-admin-0","level":"WARN","level_value":30000}
{"@timestamp":"2025-08-09T15:05:33.8037969+05:30","@version":"1","message":"ProducerConfig values: \r\n\tacks = -1\r\n\tauto.include.jmx.reporter = true\r\n\tbatch.size = 16384\r\n\tbootstrap.servers = [spring.kafka.bootstrap-servers_IS_UNDEFINED]\r\n\tbuffer.memory = 33554432\r\n\tclient.dns.lookup = use_all_dns_ips\r\n\tclient.id = producer-69\r\n\tcompression.type = none\r\n\tconnections.max.idle.ms = 540000\r\n\tdelivery.timeout.ms = 120000\r\n\tenable.idempotence = true\r\n\tenable.metrics.push = true\r\n\tinterceptor.classes = []\r\n\tkey.serializer = class org.apache.kafka.common.serialization.ByteArraySerializer\r\n\tlinger.ms = 0\r\n\tmax.block.ms = 60000\r\n\tmax.in.flight.requests.per.connection = 5\r\n\tmax.request.size = 1048576\r\n\tmetadata.max.age.ms = 300000\r\n\tmetadata.max.idle.ms = 300000\r\n\tmetric.reporters = []\r\n\tmetrics.num.samples = 2\r\n\tmetrics.recording.level = INFO\r\n\tmetrics.sample.window.ms = 30000\r\n\tpartitioner.adaptive.partitioning.enable = true\r\n\tpartitioner.availability.timeout.ms = 0\r\n\tpartitioner.class = null\r\n\tpartitioner.ignore.keys = false\r\n\treceive.buffer.bytes = 32768\r\n\treconnect.backoff.max.ms = 1000\r\n\treconnect.backoff.ms = 50\r\n\trequest.timeout.ms = 30000\r\n\tretries = 2147483647\r\n\tretry.backoff.max.ms = 1000\r\n\tretry.backoff.ms = 100\r\n\tsasl.client.callback.handler.class = null\r\n\tsasl.jaas.config = null\r\n\tsasl.kerberos.kinit.cmd = /usr/bin/kinit\r\n\tsasl.kerberos.min.time.before.relogin = 60000\r\n\tsasl.kerberos.service.name = null\r\n\tsasl.kerberos.ticket.renew.jitter = 0.05\r\n\tsasl.kerberos.ticket.renew.window.factor = 0.8\r\n\tsasl.login.callback.handler.class = null\r\n\tsasl.login.class = null\r\n\tsasl.login.connect.timeout.ms = null\r\n\tsasl.login.read.timeout.ms = null\r\n\tsasl.login.refresh.buffer.seconds = 300\r\n\tsasl.login.refresh.min.period.seconds = 60\r\n\tsasl.login.refresh.window.factor = 0.8\r\n\tsasl.login.refresh.window.jitter = 0.05\r\n\tsasl.login.retry.backoff.max.ms = 10000\r\n\tsasl.login.retry.backoff.ms = 100\r\n\tsasl.mechanism = GSSAPI\r\n\tsasl.oauthbearer.clock.skew.seconds = 30\r\n\tsasl.oauthbearer.expected.audience = null\r\n\tsasl.oauthbearer.expected.issuer = null\r\n\tsasl.oauthbearer.jwks.endpoint.refresh.ms = 3600000\r\n\tsasl.oauthbearer.jwks.endpoint.retry.backoff.max.ms = 10000\r\n\tsasl.oauthbearer.jwks.endpoint.retry.backoff.ms = 100\r\n\tsasl.oauthbearer.jwks.endpoint.url = null\r\n\tsasl.oauthbearer.scope.claim.name = scope\r\n\tsasl.oauthbearer.sub.claim.name = sub\r\n\tsasl.oauthbearer.token.endpoint.url = null\r\n\tsecurity.protocol = PLAINTEXT\r\n\tsecurity.providers = null\r\n\tsend.buffer.bytes = 131072\r\n\tsocket.connection.setup.timeout.max.ms = 30000\r\n\tsocket.connection.setup.timeout.ms = 10000\r\n\tssl.cipher.suites = null\r\n\tssl.enabled.protocols = [TLSv1.2, TLSv1.3]\r\n\tssl.endpoint.identification.algorithm = https\r\n\tssl.engine.factory.class = null\r\n\tssl.key.password = null\r\n\tssl.keymanager.algorithm = SunX509\r\n\tssl.keystore.certificate.chain = null\r\n\tssl.keystore.key = null\r\n\tssl.keystore.location = null\r\n\tssl.keystore.password = null\r\n\tssl.keystore.type = JKS\r\n\tssl.protocol = TLSv1.3\r\n\tssl.provider = null\r\n\tssl.secure.random.implementation = null\r\n\tssl.trustmanager.algorithm = PKIX\r\n\tssl.truststore.certificates = null\r\n\tssl.truststore.location = null\r\n\tssl.truststore.password = null\r\n\tssl.truststore.type = JKS\r\n\ttransaction.timeout.ms = 60000\r\n\ttransactional.id = null\r\n\tvalue.serializer = class org.apache.kafka.common.serialization.ByteArraySerializer\r\n","logger_name":"org.apache.kafka.clients.producer.ProducerConfig","thread_name":"kafka-admin-client-thread | moviebooking-backend-admin-0","level":"INFO","level_value":20000}
{"@timestamp":"2025-08-09T15:05:33.8047999+05:30","@version":"1","message":"initializing Kafka metrics collector","logger_name":"org.apache.kafka.common.telemetry.internals.KafkaMetricsCollector","thread_name":"kafka-admin-client-thread | moviebooking-backend-admin-0","level":"INFO","level_value":20000}
{"@timestamp":"2025-08-09T15:05:33.8058017+05:30","@version":"1","message":"[Producer clientId=producer-69] Instantiated an idempotent producer.","logger_name":"org.apache.kafka.clients.producer.KafkaProducer","thread_name":"kafka-admin-client-thread | moviebooking-backend-admin-0","level":"INFO","level_value":20000}
{"@timestamp":"2025-08-09T15:05:33.8067949+05:30","@version":"1","message":"[Producer clientId=producer-69] Closing the Kafka producer with timeoutMillis = 0 ms.","logger_name":"org.apache.kafka.clients.producer.KafkaProducer","thread_name":"kafka-admin-client-thread | moviebooking-backend-admin-0","level":"INFO","level_value":20000}
{"@timestamp":"2025-08-09T15:05:33.8067949+05:30","@version":"1","message":"Metrics scheduler closed","logger_name":"org.apache.kafka.common.metrics.Metrics","thread_name":"kafka-admin-client-thread | moviebooking-backend-admin-0","level":"INFO","level_value":20000}
{"@timestamp":"2025-08-09T15:05:33.8067949+05:30","@version":"1","message":"Closing reporter org.apache.kafka.common.metrics.JmxReporter","logger_name":"org.apache.kafka.common.metrics.Metrics","thread_name":"kafka-admin-client-thread | moviebooking-backend-admin-0","level":"INFO","level_value":20000}
{"@timestamp":"2025-08-09T15:05:33.8067949+05:30","@version":"1","message":"Closing reporter org.apache.kafka.common.telemetry.internals.ClientTelemetryReporter","logger_name":"org.apache.kafka.common.metrics.Metrics","thread_name":"kafka-admin-client-thread | moviebooking-backend-admin-0","level":"INFO","level_value":20000}
{"@timestamp":"2025-08-09T15:05:33.807802+05:30","@version":"1","message":"Metrics reporters closed","logger_name":"org.apache.kafka.common.metrics.Metrics","thread_name":"kafka-admin-client-thread | moviebooking-backend-admin-0","level":"INFO","level_value":20000}
{"@timestamp":"2025-08-09T15:05:33.807802+05:30","@version":"1","message":"App info kafka.producer for producer-69 unregistered","logger_name":"org.apache.kafka.common.utils.AppInfoParser","thread_name":"kafka-admin-client-thread | moviebooking-backend-admin-0","level":"INFO","level_value":20000}
{"@timestamp":"2025-08-09T15:05:34.7930336+05:30","@version":"1","message":"[AdminClient clientId=moviebooking-backend-admin-0] Node -1 disconnected.","logger_name":"org.apache.kafka.clients.NetworkClient","thread_name":"kafka-admin-client-thread | moviebooking-backend-admin-0","level":"INFO","level_value":20000}
{"@timestamp":"2025-08-09T15:05:34.7940352+05:30","@version":"1","message":"ProducerConfig values: \r\n\tacks = -1\r\n\tauto.include.jmx.reporter = true\r\n\tbatch.size = 16384\r\n\tbootstrap.servers = [spring.kafka.bootstrap-servers_IS_UNDEFINED]\r\n\tbuffer.memory = 33554432\r\n\tclient.dns.lookup = use_all_dns_ips\r\n\tclient.id = producer-70\r\n\tcompression.type = none\r\n\tconnections.max.idle.ms = 540000\r\n\tdelivery.timeout.ms = 120000\r\n\tenable.idempotence = true\r\n\tenable.metrics.push = true\r\n\tinterceptor.classes = []\r\n\tkey.serializer = class org.apache.kafka.common.serialization.ByteArraySerializer\r\n\tlinger.ms = 0\r\n\tmax.block.ms = 60000\r\n\tmax.in.flight.requests.per.connection = 5\r\n\tmax.request.size = 1048576\r\n\tmetadata.max.age.ms = 300000\r\n\tmetadata.max.idle.ms = 300000\r\n\tmetric.reporters = []\r\n\tmetrics.num.samples = 2\r\n\tmetrics.recording.level = INFO\r\n\tmetrics.sample.window.ms = 30000\r\n\tpartitioner.adaptive.partitioning.enable = true\r\n\tpartitioner.availability.timeout.ms = 0\r\n\tpartitioner.class = null\r\n\tpartitioner.ignore.keys = false\r\n\treceive.buffer.bytes = 32768\r\n\treconnect.backoff.max.ms = 1000\r\n\treconnect.backoff.ms = 50\r\n\trequest.timeout.ms = 30000\r\n\tretries = 2147483647\r\n\tretry.backoff.max.ms = 1000\r\n\tretry.backoff.ms = 100\r\n\tsasl.client.callback.handler.class = null\r\n\tsasl.jaas.config = null\r\n\tsasl.kerberos.kinit.cmd = /usr/bin/kinit\r\n\tsasl.kerberos.min.time.before.relogin = 60000\r\n\tsasl.kerberos.service.name = null\r\n\tsasl.kerberos.ticket.renew.jitter = 0.05\r\n\tsasl.kerberos.ticket.renew.window.factor = 0.8\r\n\tsasl.login.callback.handler.class = null\r\n\tsasl.login.class = null\r\n\tsasl.login.connect.timeout.ms = null\r\n\tsasl.login.read.timeout.ms = null\r\n\tsasl.login.refresh.buffer.seconds = 300\r\n\tsasl.login.refresh.min.period.seconds = 60\r\n\tsasl.login.refresh.window.factor = 0.8\r\n\tsasl.login.refresh.window.jitter = 0.05\r\n\tsasl.login.retry.backoff.max.ms = 10000\r\n\tsasl.login.retry.backoff.ms = 100\r\n\tsasl.mechanism = GSSAPI\r\n\tsasl.oauthbearer.clock.skew.seconds = 30\r\n\tsasl.oauthbearer.expected.audience = null\r\n\tsasl.oauthbearer.expected.issuer = null\r\n\tsasl.oauthbearer.jwks.endpoint.refresh.ms = 3600000\r\n\tsasl.oauthbearer.jwks.endpoint.retry.backoff.max.ms = 10000\r\n\tsasl.oauthbearer.jwks.endpoint.retry.backoff.ms = 100\r\n\tsasl.oauthbearer.jwks.endpoint.url = null\r\n\tsasl.oauthbearer.scope.claim.name = scope\r\n\tsasl.oauthbearer.sub.claim.name = sub\r\n\tsasl.oauthbearer.token.endpoint.url = null\r\n\tsecurity.protocol = PLAINTEXT\r\n\tsecurity.providers = null\r\n\tsend.buffer.bytes = 131072\r\n\tsocket.connection.setup.timeout.max.ms = 30000\r\n\tsocket.connection.setup.timeout.ms = 10000\r\n\tssl.cipher.suites = null\r\n\tssl.enabled.protocols = [TLSv1.2, TLSv1.3]\r\n\tssl.endpoint.identification.algorithm = https\r\n\tssl.engine.factory.class = null\r\n\tssl.key.password = null\r\n\tssl.keymanager.algorithm = SunX509\r\n\tssl.keystore.certificate.chain = null\r\n\tssl.keystore.key = null\r\n\tssl.keystore.location = null\r\n\tssl.keystore.password = null\r\n\tssl.keystore.type = JKS\r\n\tssl.protocol = TLSv1.3\r\n\tssl.provider = null\r\n\tssl.secure.random.implementation = null\r\n\tssl.trustmanager.algorithm = PKIX\r\n\tssl.truststore.certificates = null\r\n\tssl.truststore.location = null\r\n\tssl.truststore.password = null\r\n\tssl.truststore.type = JKS\r\n\ttransaction.timeout.ms = 60000\r\n\ttransactional.id = null\r\n\tvalue.serializer = class org.apache.kafka.common.serialization.ByteArraySerializer\r\n","logger_name":"org.apache.kafka.clients.producer.ProducerConfig","thread_name":"kafka-admin-client-thread | moviebooking-backend-admin-0","level":"INFO","level_value":20000}
{"@timestamp":"2025-08-09T15:05:34.7940352+05:30","@version":"1","message":"initializing Kafka metrics collector","logger_name":"org.apache.kafka.common.telemetry.internals.KafkaMetricsCollector","thread_name":"kafka-admin-client-thread | moviebooking-backend-admin-0","level":"INFO","level_value":20000}
{"@timestamp":"2025-08-09T15:05:34.796028+05:30","@version":"1","message":"[Producer clientId=producer-70] Instantiated an idempotent producer.","logger_name":"org.apache.kafka.clients.producer.KafkaProducer","thread_name":"kafka-admin-client-thread | moviebooking-backend-admin-0","level":"INFO","level_value":20000}
{"@timestamp":"2025-08-09T15:05:34.7972563+05:30","@version":"1","message":"[Producer clientId=producer-70] Closing the Kafka producer with timeoutMillis = 0 ms.","logger_name":"org.apache.kafka.clients.producer.KafkaProducer","thread_name":"kafka-admin-client-thread | moviebooking-backend-admin-0","level":"INFO","level_value":20000}
{"@timestamp":"2025-08-09T15:05:34.7972563+05:30","@version":"1","message":"Metrics scheduler closed","logger_name":"org.apache.kafka.common.metrics.Metrics","thread_name":"kafka-admin-client-thread | moviebooking-backend-admin-0","level":"INFO","level_value":20000}
{"@timestamp":"2025-08-09T15:05:34.7972563+05:30","@version":"1","message":"Closing reporter org.apache.kafka.common.metrics.JmxReporter","logger_name":"org.apache.kafka.common.metrics.Metrics","thread_name":"kafka-admin-client-thread | moviebooking-backend-admin-0","level":"INFO","level_value":20000}
{"@timestamp":"2025-08-09T15:05:34.7982788+05:30","@version":"1","message":"Closing reporter org.apache.kafka.common.telemetry.internals.ClientTelemetryReporter","logger_name":"org.apache.kafka.common.metrics.Metrics","thread_name":"kafka-admin-client-thread | moviebooking-backend-admin-0","level":"INFO","level_value":20000}
{"@timestamp":"2025-08-09T15:05:34.7982788+05:30","@version":"1","message":"Metrics reporters closed","logger_name":"org.apache.kafka.common.metrics.Metrics","thread_name":"kafka-admin-client-thread | moviebooking-backend-admin-0","level":"INFO","level_value":20000}
{"@timestamp":"2025-08-09T15:05:34.7982788+05:30","@version":"1","message":"App info kafka.producer for producer-70 unregistered","logger_name":"org.apache.kafka.common.utils.AppInfoParser","thread_name":"kafka-admin-client-thread | moviebooking-backend-admin-0","level":"INFO","level_value":20000}
{"@timestamp":"2025-08-09T15:05:34.7982788+05:30","@version":"1","message":"[AdminClient clientId=moviebooking-backend-admin-0] Connection to node -1 (localhost/127.0.0.1:9092) could not be established. Node may not be available.","logger_name":"org.apache.kafka.clients.NetworkClient","thread_name":"kafka-admin-client-thread | moviebooking-backend-admin-0","level":"WARN","level_value":30000}
{"@timestamp":"2025-08-09T15:05:34.7992813+05:30","@version":"1","message":"ProducerConfig values: \r\n\tacks = -1\r\n\tauto.include.jmx.reporter = true\r\n\tbatch.size = 16384\r\n\tbootstrap.servers = [spring.kafka.bootstrap-servers_IS_UNDEFINED]\r\n\tbuffer.memory = 33554432\r\n\tclient.dns.lookup = use_all_dns_ips\r\n\tclient.id = producer-71\r\n\tcompression.type = none\r\n\tconnections.max.idle.ms = 540000\r\n\tdelivery.timeout.ms = 120000\r\n\tenable.idempotence = true\r\n\tenable.metrics.push = true\r\n\tinterceptor.classes = []\r\n\tkey.serializer = class org.apache.kafka.common.serialization.ByteArraySerializer\r\n\tlinger.ms = 0\r\n\tmax.block.ms = 60000\r\n\tmax.in.flight.requests.per.connection = 5\r\n\tmax.request.size = 1048576\r\n\tmetadata.max.age.ms = 300000\r\n\tmetadata.max.idle.ms = 300000\r\n\tmetric.reporters = []\r\n\tmetrics.num.samples = 2\r\n\tmetrics.recording.level = INFO\r\n\tmetrics.sample.window.ms = 30000\r\n\tpartitioner.adaptive.partitioning.enable = true\r\n\tpartitioner.availability.timeout.ms = 0\r\n\tpartitioner.class = null\r\n\tpartitioner.ignore.keys = false\r\n\treceive.buffer.bytes = 32768\r\n\treconnect.backoff.max.ms = 1000\r\n\treconnect.backoff.ms = 50\r\n\trequest.timeout.ms = 30000\r\n\tretries = 2147483647\r\n\tretry.backoff.max.ms = 1000\r\n\tretry.backoff.ms = 100\r\n\tsasl.client.callback.handler.class = null\r\n\tsasl.jaas.config = null\r\n\tsasl.kerberos.kinit.cmd = /usr/bin/kinit\r\n\tsasl.kerberos.min.time.before.relogin = 60000\r\n\tsasl.kerberos.service.name = null\r\n\tsasl.kerberos.ticket.renew.jitter = 0.05\r\n\tsasl.kerberos.ticket.renew.window.factor = 0.8\r\n\tsasl.login.callback.handler.class = null\r\n\tsasl.login.class = null\r\n\tsasl.login.connect.timeout.ms = null\r\n\tsasl.login.read.timeout.ms = null\r\n\tsasl.login.refresh.buffer.seconds = 300\r\n\tsasl.login.refresh.min.period.seconds = 60\r\n\tsasl.login.refresh.window.factor = 0.8\r\n\tsasl.login.refresh.window.jitter = 0.05\r\n\tsasl.login.retry.backoff.max.ms = 10000\r\n\tsasl.login.retry.backoff.ms = 100\r\n\tsasl.mechanism = GSSAPI\r\n\tsasl.oauthbearer.clock.skew.seconds = 30\r\n\tsasl.oauthbearer.expected.audience = null\r\n\tsasl.oauthbearer.expected.issuer = null\r\n\tsasl.oauthbearer.jwks.endpoint.refresh.ms = 3600000\r\n\tsasl.oauthbearer.jwks.endpoint.retry.backoff.max.ms = 10000\r\n\tsasl.oauthbearer.jwks.endpoint.retry.backoff.ms = 100\r\n\tsasl.oauthbearer.jwks.endpoint.url = null\r\n\tsasl.oauthbearer.scope.claim.name = scope\r\n\tsasl.oauthbearer.sub.claim.name = sub\r\n\tsasl.oauthbearer.token.endpoint.url = null\r\n\tsecurity.protocol = PLAINTEXT\r\n\tsecurity.providers = null\r\n\tsend.buffer.bytes = 131072\r\n\tsocket.connection.setup.timeout.max.ms = 30000\r\n\tsocket.connection.setup.timeout.ms = 10000\r\n\tssl.cipher.suites = null\r\n\tssl.enabled.protocols = [TLSv1.2, TLSv1.3]\r\n\tssl.endpoint.identification.algorithm = https\r\n\tssl.engine.factory.class = null\r\n\tssl.key.password = null\r\n\tssl.keymanager.algorithm = SunX509\r\n\tssl.keystore.certificate.chain = null\r\n\tssl.keystore.key = null\r\n\tssl.keystore.location = null\r\n\tssl.keystore.password = null\r\n\tssl.keystore.type = JKS\r\n\tssl.protocol = TLSv1.3\r\n\tssl.provider = null\r\n\tssl.secure.random.implementation = null\r\n\tssl.trustmanager.algorithm = PKIX\r\n\tssl.truststore.certificates = null\r\n\tssl.truststore.location = null\r\n\tssl.truststore.password = null\r\n\tssl.truststore.type = JKS\r\n\ttransaction.timeout.ms = 60000\r\n\ttransactional.id = null\r\n\tvalue.serializer = class org.apache.kafka.common.serialization.ByteArraySerializer\r\n","logger_name":"org.apache.kafka.clients.producer.ProducerConfig","thread_name":"kafka-admin-client-thread | moviebooking-backend-admin-0","level":"INFO","level_value":20000}
{"@timestamp":"2025-08-09T15:05:34.800276+05:30","@version":"1","message":"initializing Kafka metrics collector","logger_name":"org.apache.kafka.common.telemetry.internals.KafkaMetricsCollector","thread_name":"kafka-admin-client-thread | moviebooking-backend-admin-0","level":"INFO","level_value":20000}
{"@timestamp":"2025-08-09T15:05:34.8012768+05:30","@version":"1","message":"[Producer clientId=producer-71] Instantiated an idempotent producer.","logger_name":"org.apache.kafka.clients.producer.KafkaProducer","thread_name":"kafka-admin-client-thread | moviebooking-backend-admin-0","level":"INFO","level_value":20000}
{"@timestamp":"2025-08-09T15:05:34.8012768+05:30","@version":"1","message":"[Producer clientId=producer-71] Closing the Kafka producer with timeoutMillis = 0 ms.","logger_name":"org.apache.kafka.clients.producer.KafkaProducer","thread_name":"kafka-admin-client-thread | moviebooking-backend-admin-0","level":"INFO","level_value":20000}
{"@timestamp":"2025-08-09T15:05:34.8025061+05:30","@version":"1","message":"Metrics scheduler closed","logger_name":"org.apache.kafka.common.metrics.Metrics","thread_name":"kafka-admin-client-thread | moviebooking-backend-admin-0","level":"INFO","level_value":20000}
{"@timestamp":"2025-08-09T15:05:34.8025061+05:30","@version":"1","message":"Closing reporter org.apache.kafka.common.metrics.JmxReporter","logger_name":"org.apache.kafka.common.metrics.Metrics","thread_name":"kafka-admin-client-thread | moviebooking-backend-admin-0","level":"INFO","level_value":20000}
{"@timestamp":"2025-08-09T15:05:34.8025061+05:30","@version":"1","message":"Closing reporter org.apache.kafka.common.telemetry.internals.ClientTelemetryReporter","logger_name":"org.apache.kafka.common.metrics.Metrics","thread_name":"kafka-admin-client-thread | moviebooking-backend-admin-0","level":"INFO","level_value":20000}
{"@timestamp":"2025-08-09T15:05:34.8025061+05:30","@version":"1","message":"Metrics reporters closed","logger_name":"org.apache.kafka.common.metrics.Metrics","thread_name":"kafka-admin-client-thread | moviebooking-backend-admin-0","level":"INFO","level_value":20000}
{"@timestamp":"2025-08-09T15:05:34.8025061+05:30","@version":"1","message":"App info kafka.producer for producer-71 unregistered","logger_name":"org.apache.kafka.common.utils.AppInfoParser","thread_name":"kafka-admin-client-thread | moviebooking-backend-admin-0","level":"INFO","level_value":20000}
{"@timestamp":"2025-08-09T15:05:35.8993302+05:30","@version":"1","message":"[AdminClient clientId=moviebooking-backend-admin-0] Node -1 disconnected.","logger_name":"org.apache.kafka.clients.NetworkClient","thread_name":"kafka-admin-client-thread | moviebooking-backend-admin-0","level":"INFO","level_value":20000}
{"@timestamp":"2025-08-09T15:05:35.9003326+05:30","@version":"1","message":"ProducerConfig values: \r\n\tacks = -1\r\n\tauto.include.jmx.reporter = true\r\n\tbatch.size = 16384\r\n\tbootstrap.servers = [spring.kafka.bootstrap-servers_IS_UNDEFINED]\r\n\tbuffer.memory = 33554432\r\n\tclient.dns.lookup = use_all_dns_ips\r\n\tclient.id = producer-72\r\n\tcompression.type = none\r\n\tconnections.max.idle.ms = 540000\r\n\tdelivery.timeout.ms = 120000\r\n\tenable.idempotence = true\r\n\tenable.metrics.push = true\r\n\tinterceptor.classes = []\r\n\tkey.serializer = class org.apache.kafka.common.serialization.ByteArraySerializer\r\n\tlinger.ms = 0\r\n\tmax.block.ms = 60000\r\n\tmax.in.flight.requests.per.connection = 5\r\n\tmax.request.size = 1048576\r\n\tmetadata.max.age.ms = 300000\r\n\tmetadata.max.idle.ms = 300000\r\n\tmetric.reporters = []\r\n\tmetrics.num.samples = 2\r\n\tmetrics.recording.level = INFO\r\n\tmetrics.sample.window.ms = 30000\r\n\tpartitioner.adaptive.partitioning.enable = true\r\n\tpartitioner.availability.timeout.ms = 0\r\n\tpartitioner.class = null\r\n\tpartitioner.ignore.keys = false\r\n\treceive.buffer.bytes = 32768\r\n\treconnect.backoff.max.ms = 1000\r\n\treconnect.backoff.ms = 50\r\n\trequest.timeout.ms = 30000\r\n\tretries = 2147483647\r\n\tretry.backoff.max.ms = 1000\r\n\tretry.backoff.ms = 100\r\n\tsasl.client.callback.handler.class = null\r\n\tsasl.jaas.config = null\r\n\tsasl.kerberos.kinit.cmd = /usr/bin/kinit\r\n\tsasl.kerberos.min.time.before.relogin = 60000\r\n\tsasl.kerberos.service.name = null\r\n\tsasl.kerberos.ticket.renew.jitter = 0.05\r\n\tsasl.kerberos.ticket.renew.window.factor = 0.8\r\n\tsasl.login.callback.handler.class = null\r\n\tsasl.login.class = null\r\n\tsasl.login.connect.timeout.ms = null\r\n\tsasl.login.read.timeout.ms = null\r\n\tsasl.login.refresh.buffer.seconds = 300\r\n\tsasl.login.refresh.min.period.seconds = 60\r\n\tsasl.login.refresh.window.factor = 0.8\r\n\tsasl.login.refresh.window.jitter = 0.05\r\n\tsasl.login.retry.backoff.max.ms = 10000\r\n\tsasl.login.retry.backoff.ms = 100\r\n\tsasl.mechanism = GSSAPI\r\n\tsasl.oauthbearer.clock.skew.seconds = 30\r\n\tsasl.oauthbearer.expected.audience = null\r\n\tsasl.oauthbearer.expected.issuer = null\r\n\tsasl.oauthbearer.jwks.endpoint.refresh.ms = 3600000\r\n\tsasl.oauthbearer.jwks.endpoint.retry.backoff.max.ms = 10000\r\n\tsasl.oauthbearer.jwks.endpoint.retry.backoff.ms = 100\r\n\tsasl.oauthbearer.jwks.endpoint.url = null\r\n\tsasl.oauthbearer.scope.claim.name = scope\r\n\tsasl.oauthbearer.sub.claim.name = sub\r\n\tsasl.oauthbearer.token.endpoint.url = null\r\n\tsecurity.protocol = PLAINTEXT\r\n\tsecurity.providers = null\r\n\tsend.buffer.bytes = 131072\r\n\tsocket.connection.setup.timeout.max.ms = 30000\r\n\tsocket.connection.setup.timeout.ms = 10000\r\n\tssl.cipher.suites = null\r\n\tssl.enabled.protocols = [TLSv1.2, TLSv1.3]\r\n\tssl.endpoint.identification.algorithm = https\r\n\tssl.engine.factory.class = null\r\n\tssl.key.password = null\r\n\tssl.keymanager.algorithm = SunX509\r\n\tssl.keystore.certificate.chain = null\r\n\tssl.keystore.key = null\r\n\tssl.keystore.location = null\r\n\tssl.keystore.password = null\r\n\tssl.keystore.type = JKS\r\n\tssl.protocol = TLSv1.3\r\n\tssl.provider = null\r\n\tssl.secure.random.implementation = null\r\n\tssl.trustmanager.algorithm = PKIX\r\n\tssl.truststore.certificates = null\r\n\tssl.truststore.location = null\r\n\tssl.truststore.password = null\r\n\tssl.truststore.type = JKS\r\n\ttransaction.timeout.ms = 60000\r\n\ttransactional.id = null\r\n\tvalue.serializer = class org.apache.kafka.common.serialization.ByteArraySerializer\r\n","logger_name":"org.apache.kafka.clients.producer.ProducerConfig","thread_name":"kafka-admin-client-thread | moviebooking-backend-admin-0","level":"INFO","level_value":20000}
{"@timestamp":"2025-08-09T15:05:35.9003326+05:30","@version":"1","message":"initializing Kafka metrics collector","logger_name":"org.apache.kafka.common.telemetry.internals.KafkaMetricsCollector","thread_name":"kafka-admin-client-thread | moviebooking-backend-admin-0","level":"INFO","level_value":20000}
{"@timestamp":"2025-08-09T15:05:35.9013318+05:30","@version":"1","message":"[Producer clientId=producer-72] Instantiated an idempotent producer.","logger_name":"org.apache.kafka.clients.producer.KafkaProducer","thread_name":"kafka-admin-client-thread | moviebooking-backend-admin-0","level":"INFO","level_value":20000}
{"@timestamp":"2025-08-09T15:05:35.9013318+05:30","@version":"1","message":"[Producer clientId=producer-72] Closing the Kafka producer with timeoutMillis = 0 ms.","logger_name":"org.apache.kafka.clients.producer.KafkaProducer","thread_name":"kafka-admin-client-thread | moviebooking-backend-admin-0","level":"INFO","level_value":20000}
{"@timestamp":"2025-08-09T15:05:35.9013318+05:30","@version":"1","message":"Metrics scheduler closed","logger_name":"org.apache.kafka.common.metrics.Metrics","thread_name":"kafka-admin-client-thread | moviebooking-backend-admin-0","level":"INFO","level_value":20000}
{"@timestamp":"2025-08-09T15:05:35.9023304+05:30","@version":"1","message":"Closing reporter org.apache.kafka.common.metrics.JmxReporter","logger_name":"org.apache.kafka.common.metrics.Metrics","thread_name":"kafka-admin-client-thread | moviebooking-backend-admin-0","level":"INFO","level_value":20000}
{"@timestamp":"2025-08-09T15:05:35.9023304+05:30","@version":"1","message":"Closing reporter org.apache.kafka.common.telemetry.internals.ClientTelemetryReporter","logger_name":"org.apache.kafka.common.metrics.Metrics","thread_name":"kafka-admin-client-thread | moviebooking-backend-admin-0","level":"INFO","level_value":20000}
{"@timestamp":"2025-08-09T15:05:35.9023304+05:30","@version":"1","message":"Metrics reporters closed","logger_name":"org.apache.kafka.common.metrics.Metrics","thread_name":"kafka-admin-client-thread | moviebooking-backend-admin-0","level":"INFO","level_value":20000}
{"@timestamp":"2025-08-09T15:05:35.9023304+05:30","@version":"1","message":"App info kafka.producer for producer-72 unregistered","logger_name":"org.apache.kafka.common.utils.AppInfoParser","thread_name":"kafka-admin-client-thread | moviebooking-backend-admin-0","level":"INFO","level_value":20000}
{"@timestamp":"2025-08-09T15:05:35.9023304+05:30","@version":"1","message":"[AdminClient clientId=moviebooking-backend-admin-0] Connection to node -1 (localhost/127.0.0.1:9092) could not be established. Node may not be available.","logger_name":"org.apache.kafka.clients.NetworkClient","thread_name":"kafka-admin-client-thread | moviebooking-backend-admin-0","level":"WARN","level_value":30000}
{"@timestamp":"2025-08-09T15:05:35.9033341+05:30","@version":"1","message":"ProducerConfig values: \r\n\tacks = -1\r\n\tauto.include.jmx.reporter = true\r\n\tbatch.size = 16384\r\n\tbootstrap.servers = [spring.kafka.bootstrap-servers_IS_UNDEFINED]\r\n\tbuffer.memory = 33554432\r\n\tclient.dns.lookup = use_all_dns_ips\r\n\tclient.id = producer-73\r\n\tcompression.type = none\r\n\tconnections.max.idle.ms = 540000\r\n\tdelivery.timeout.ms = 120000\r\n\tenable.idempotence = true\r\n\tenable.metrics.push = true\r\n\tinterceptor.classes = []\r\n\tkey.serializer = class org.apache.kafka.common.serialization.ByteArraySerializer\r\n\tlinger.ms = 0\r\n\tmax.block.ms = 60000\r\n\tmax.in.flight.requests.per.connection = 5\r\n\tmax.request.size = 1048576\r\n\tmetadata.max.age.ms = 300000\r\n\tmetadata.max.idle.ms = 300000\r\n\tmetric.reporters = []\r\n\tmetrics.num.samples = 2\r\n\tmetrics.recording.level = INFO\r\n\tmetrics.sample.window.ms = 30000\r\n\tpartitioner.adaptive.partitioning.enable = true\r\n\tpartitioner.availability.timeout.ms = 0\r\n\tpartitioner.class = null\r\n\tpartitioner.ignore.keys = false\r\n\treceive.buffer.bytes = 32768\r\n\treconnect.backoff.max.ms = 1000\r\n\treconnect.backoff.ms = 50\r\n\trequest.timeout.ms = 30000\r\n\tretries = 2147483647\r\n\tretry.backoff.max.ms = 1000\r\n\tretry.backoff.ms = 100\r\n\tsasl.client.callback.handler.class = null\r\n\tsasl.jaas.config = null\r\n\tsasl.kerberos.kinit.cmd = /usr/bin/kinit\r\n\tsasl.kerberos.min.time.before.relogin = 60000\r\n\tsasl.kerberos.service.name = null\r\n\tsasl.kerberos.ticket.renew.jitter = 0.05\r\n\tsasl.kerberos.ticket.renew.window.factor = 0.8\r\n\tsasl.login.callback.handler.class = null\r\n\tsasl.login.class = null\r\n\tsasl.login.connect.timeout.ms = null\r\n\tsasl.login.read.timeout.ms = null\r\n\tsasl.login.refresh.buffer.seconds = 300\r\n\tsasl.login.refresh.min.period.seconds = 60\r\n\tsasl.login.refresh.window.factor = 0.8\r\n\tsasl.login.refresh.window.jitter = 0.05\r\n\tsasl.login.retry.backoff.max.ms = 10000\r\n\tsasl.login.retry.backoff.ms = 100\r\n\tsasl.mechanism = GSSAPI\r\n\tsasl.oauthbearer.clock.skew.seconds = 30\r\n\tsasl.oauthbearer.expected.audience = null\r\n\tsasl.oauthbearer.expected.issuer = null\r\n\tsasl.oauthbearer.jwks.endpoint.refresh.ms = 3600000\r\n\tsasl.oauthbearer.jwks.endpoint.retry.backoff.max.ms = 10000\r\n\tsasl.oauthbearer.jwks.endpoint.retry.backoff.ms = 100\r\n\tsasl.oauthbearer.jwks.endpoint.url = null\r\n\tsasl.oauthbearer.scope.claim.name = scope\r\n\tsasl.oauthbearer.sub.claim.name = sub\r\n\tsasl.oauthbearer.token.endpoint.url = null\r\n\tsecurity.protocol = PLAINTEXT\r\n\tsecurity.providers = null\r\n\tsend.buffer.bytes = 131072\r\n\tsocket.connection.setup.timeout.max.ms = 30000\r\n\tsocket.connection.setup.timeout.ms = 10000\r\n\tssl.cipher.suites = null\r\n\tssl.enabled.protocols = [TLSv1.2, TLSv1.3]\r\n\tssl.endpoint.identification.algorithm = https\r\n\tssl.engine.factory.class = null\r\n\tssl.key.password = null\r\n\tssl.keymanager.algorithm = SunX509\r\n\tssl.keystore.certificate.chain = null\r\n\tssl.keystore.key = null\r\n\tssl.keystore.location = null\r\n\tssl.keystore.password = null\r\n\tssl.keystore.type = JKS\r\n\tssl.protocol = TLSv1.3\r\n\tssl.provider = null\r\n\tssl.secure.random.implementation = null\r\n\tssl.trustmanager.algorithm = PKIX\r\n\tssl.truststore.certificates = null\r\n\tssl.truststore.location = null\r\n\tssl.truststore.password = null\r\n\tssl.truststore.type = JKS\r\n\ttransaction.timeout.ms = 60000\r\n\ttransactional.id = null\r\n\tvalue.serializer = class org.apache.kafka.common.serialization.ByteArraySerializer\r\n","logger_name":"org.apache.kafka.clients.producer.ProducerConfig","thread_name":"kafka-admin-client-thread | moviebooking-backend-admin-0","level":"INFO","level_value":20000}
{"@timestamp":"2025-08-09T15:05:35.9033341+05:30","@version":"1","message":"initializing Kafka metrics collector","logger_name":"org.apache.kafka.common.telemetry.internals.KafkaMetricsCollector","thread_name":"kafka-admin-client-thread | moviebooking-backend-admin-0","level":"INFO","level_value":20000}
{"@timestamp":"2025-08-09T15:05:35.9043342+05:30","@version":"1","message":"[Producer clientId=producer-73] Instantiated an idempotent producer.","logger_name":"org.apache.kafka.clients.producer.KafkaProducer","thread_name":"kafka-admin-client-thread | moviebooking-backend-admin-0","level":"INFO","level_value":20000}
{"@timestamp":"2025-08-09T15:05:35.9043342+05:30","@version":"1","message":"[Producer clientId=producer-73] Closing the Kafka producer with timeoutMillis = 0 ms.","logger_name":"org.apache.kafka.clients.producer.KafkaProducer","thread_name":"kafka-admin-client-thread | moviebooking-backend-admin-0","level":"INFO","level_value":20000}
{"@timestamp":"2025-08-09T15:05:35.9053266+05:30","@version":"1","message":"Metrics scheduler closed","logger_name":"org.apache.kafka.common.metrics.Metrics","thread_name":"kafka-admin-client-thread | moviebooking-backend-admin-0","level":"INFO","level_value":20000}
{"@timestamp":"2025-08-09T15:05:35.9053266+05:30","@version":"1","message":"Closing reporter org.apache.kafka.common.metrics.JmxReporter","logger_name":"org.apache.kafka.common.metrics.Metrics","thread_name":"kafka-admin-client-thread | moviebooking-backend-admin-0","level":"INFO","level_value":20000}
{"@timestamp":"2025-08-09T15:05:35.9053266+05:30","@version":"1","message":"Closing reporter org.apache.kafka.common.telemetry.internals.ClientTelemetryReporter","logger_name":"org.apache.kafka.common.metrics.Metrics","thread_name":"kafka-admin-client-thread | moviebooking-backend-admin-0","level":"INFO","level_value":20000}
{"@timestamp":"2025-08-09T15:05:35.9053266+05:30","@version":"1","message":"Metrics reporters closed","logger_name":"org.apache.kafka.common.metrics.Metrics","thread_name":"kafka-admin-client-thread | moviebooking-backend-admin-0","level":"INFO","level_value":20000}
{"@timestamp":"2025-08-09T15:05:35.9053266+05:30","@version":"1","message":"App info kafka.producer for producer-73 unregistered","logger_name":"org.apache.kafka.common.utils.AppInfoParser","thread_name":"kafka-admin-client-thread | moviebooking-backend-admin-0","level":"INFO","level_value":20000}
{"@timestamp":"2025-08-09T15:05:37.008512+05:30","@version":"1","message":"[AdminClient clientId=moviebooking-backend-admin-0] Node -1 disconnected.","logger_name":"org.apache.kafka.clients.NetworkClient","thread_name":"kafka-admin-client-thread | moviebooking-backend-admin-0","level":"INFO","level_value":20000}
{"@timestamp":"2025-08-09T15:05:37.0105552+05:30","@version":"1","message":"ProducerConfig values: \r\n\tacks = -1\r\n\tauto.include.jmx.reporter = true\r\n\tbatch.size = 16384\r\n\tbootstrap.servers = [spring.kafka.bootstrap-servers_IS_UNDEFINED]\r\n\tbuffer.memory = 33554432\r\n\tclient.dns.lookup = use_all_dns_ips\r\n\tclient.id = producer-74\r\n\tcompression.type = none\r\n\tconnections.max.idle.ms = 540000\r\n\tdelivery.timeout.ms = 120000\r\n\tenable.idempotence = true\r\n\tenable.metrics.push = true\r\n\tinterceptor.classes = []\r\n\tkey.serializer = class org.apache.kafka.common.serialization.ByteArraySerializer\r\n\tlinger.ms = 0\r\n\tmax.block.ms = 60000\r\n\tmax.in.flight.requests.per.connection = 5\r\n\tmax.request.size = 1048576\r\n\tmetadata.max.age.ms = 300000\r\n\tmetadata.max.idle.ms = 300000\r\n\tmetric.reporters = []\r\n\tmetrics.num.samples = 2\r\n\tmetrics.recording.level = INFO\r\n\tmetrics.sample.window.ms = 30000\r\n\tpartitioner.adaptive.partitioning.enable = true\r\n\tpartitioner.availability.timeout.ms = 0\r\n\tpartitioner.class = null\r\n\tpartitioner.ignore.keys = false\r\n\treceive.buffer.bytes = 32768\r\n\treconnect.backoff.max.ms = 1000\r\n\treconnect.backoff.ms = 50\r\n\trequest.timeout.ms = 30000\r\n\tretries = 2147483647\r\n\tretry.backoff.max.ms = 1000\r\n\tretry.backoff.ms = 100\r\n\tsasl.client.callback.handler.class = null\r\n\tsasl.jaas.config = null\r\n\tsasl.kerberos.kinit.cmd = /usr/bin/kinit\r\n\tsasl.kerberos.min.time.before.relogin = 60000\r\n\tsasl.kerberos.service.name = null\r\n\tsasl.kerberos.ticket.renew.jitter = 0.05\r\n\tsasl.kerberos.ticket.renew.window.factor = 0.8\r\n\tsasl.login.callback.handler.class = null\r\n\tsasl.login.class = null\r\n\tsasl.login.connect.timeout.ms = null\r\n\tsasl.login.read.timeout.ms = null\r\n\tsasl.login.refresh.buffer.seconds = 300\r\n\tsasl.login.refresh.min.period.seconds = 60\r\n\tsasl.login.refresh.window.factor = 0.8\r\n\tsasl.login.refresh.window.jitter = 0.05\r\n\tsasl.login.retry.backoff.max.ms = 10000\r\n\tsasl.login.retry.backoff.ms = 100\r\n\tsasl.mechanism = GSSAPI\r\n\tsasl.oauthbearer.clock.skew.seconds = 30\r\n\tsasl.oauthbearer.expected.audience = null\r\n\tsasl.oauthbearer.expected.issuer = null\r\n\tsasl.oauthbearer.jwks.endpoint.refresh.ms = 3600000\r\n\tsasl.oauthbearer.jwks.endpoint.retry.backoff.max.ms = 10000\r\n\tsasl.oauthbearer.jwks.endpoint.retry.backoff.ms = 100\r\n\tsasl.oauthbearer.jwks.endpoint.url = null\r\n\tsasl.oauthbearer.scope.claim.name = scope\r\n\tsasl.oauthbearer.sub.claim.name = sub\r\n\tsasl.oauthbearer.token.endpoint.url = null\r\n\tsecurity.protocol = PLAINTEXT\r\n\tsecurity.providers = null\r\n\tsend.buffer.bytes = 131072\r\n\tsocket.connection.setup.timeout.max.ms = 30000\r\n\tsocket.connection.setup.timeout.ms = 10000\r\n\tssl.cipher.suites = null\r\n\tssl.enabled.protocols = [TLSv1.2, TLSv1.3]\r\n\tssl.endpoint.identification.algorithm = https\r\n\tssl.engine.factory.class = null\r\n\tssl.key.password = null\r\n\tssl.keymanager.algorithm = SunX509\r\n\tssl.keystore.certificate.chain = null\r\n\tssl.keystore.key = null\r\n\tssl.keystore.location = null\r\n\tssl.keystore.password = null\r\n\tssl.keystore.type = JKS\r\n\tssl.protocol = TLSv1.3\r\n\tssl.provider = null\r\n\tssl.secure.random.implementation = null\r\n\tssl.trustmanager.algorithm = PKIX\r\n\tssl.truststore.certificates = null\r\n\tssl.truststore.location = null\r\n\tssl.truststore.password = null\r\n\tssl.truststore.type = JKS\r\n\ttransaction.timeout.ms = 60000\r\n\ttransactional.id = null\r\n\tvalue.serializer = class org.apache.kafka.common.serialization.ByteArraySerializer\r\n","logger_name":"org.apache.kafka.clients.producer.ProducerConfig","thread_name":"kafka-admin-client-thread | moviebooking-backend-admin-0","level":"INFO","level_value":20000}
{"@timestamp":"2025-08-09T15:05:37.0137242+05:30","@version":"1","message":"initializing Kafka metrics collector","logger_name":"org.apache.kafka.common.telemetry.internals.KafkaMetricsCollector","thread_name":"kafka-admin-client-thread | moviebooking-backend-admin-0","level":"INFO","level_value":20000}
{"@timestamp":"2025-08-09T15:05:37.0147229+05:30","@version":"1","message":"[Producer clientId=producer-74] Instantiated an idempotent producer.","logger_name":"org.apache.kafka.clients.producer.KafkaProducer","thread_name":"kafka-admin-client-thread | moviebooking-backend-admin-0","level":"INFO","level_value":20000}
{"@timestamp":"2025-08-09T15:05:37.0158534+05:30","@version":"1","message":"[Producer clientId=producer-74] Closing the Kafka producer with timeoutMillis = 0 ms.","logger_name":"org.apache.kafka.clients.producer.KafkaProducer","thread_name":"kafka-admin-client-thread | moviebooking-backend-admin-0","level":"INFO","level_value":20000}
{"@timestamp":"2025-08-09T15:05:37.0198819+05:30","@version":"1","message":"Metrics scheduler closed","logger_name":"org.apache.kafka.common.metrics.Metrics","thread_name":"kafka-admin-client-thread | moviebooking-backend-admin-0","level":"INFO","level_value":20000}
{"@timestamp":"2025-08-09T15:05:37.0198819+05:30","@version":"1","message":"Closing reporter org.apache.kafka.common.metrics.JmxReporter","logger_name":"org.apache.kafka.common.metrics.Metrics","thread_name":"kafka-admin-client-thread | moviebooking-backend-admin-0","level":"INFO","level_value":20000}
{"@timestamp":"2025-08-09T15:05:37.0198819+05:30","@version":"1","message":"Closing reporter org.apache.kafka.common.telemetry.internals.ClientTelemetryReporter","logger_name":"org.apache.kafka.common.metrics.Metrics","thread_name":"kafka-admin-client-thread | moviebooking-backend-admin-0","level":"INFO","level_value":20000}
{"@timestamp":"2025-08-09T15:05:37.0198819+05:30","@version":"1","message":"Metrics reporters closed","logger_name":"org.apache.kafka.common.metrics.Metrics","thread_name":"kafka-admin-client-thread | moviebooking-backend-admin-0","level":"INFO","level_value":20000}
{"@timestamp":"2025-08-09T15:05:37.0198819+05:30","@version":"1","message":"App info kafka.producer for producer-74 unregistered","logger_name":"org.apache.kafka.common.utils.AppInfoParser","thread_name":"kafka-admin-client-thread | moviebooking-backend-admin-0","level":"INFO","level_value":20000}
{"@timestamp":"2025-08-09T15:05:37.0218824+05:30","@version":"1","message":"[AdminClient clientId=moviebooking-backend-admin-0] Connection to node -1 (localhost/127.0.0.1:9092) could not be established. Node may not be available.","logger_name":"org.apache.kafka.clients.NetworkClient","thread_name":"kafka-admin-client-thread | moviebooking-backend-admin-0","level":"WARN","level_value":30000}
{"@timestamp":"2025-08-09T15:05:37.0228794+05:30","@version":"1","message":"ProducerConfig values: \r\n\tacks = -1\r\n\tauto.include.jmx.reporter = true\r\n\tbatch.size = 16384\r\n\tbootstrap.servers = [spring.kafka.bootstrap-servers_IS_UNDEFINED]\r\n\tbuffer.memory = 33554432\r\n\tclient.dns.lookup = use_all_dns_ips\r\n\tclient.id = producer-75\r\n\tcompression.type = none\r\n\tconnections.max.idle.ms = 540000\r\n\tdelivery.timeout.ms = 120000\r\n\tenable.idempotence = true\r\n\tenable.metrics.push = true\r\n\tinterceptor.classes = []\r\n\tkey.serializer = class org.apache.kafka.common.serialization.ByteArraySerializer\r\n\tlinger.ms = 0\r\n\tmax.block.ms = 60000\r\n\tmax.in.flight.requests.per.connection = 5\r\n\tmax.request.size = 1048576\r\n\tmetadata.max.age.ms = 300000\r\n\tmetadata.max.idle.ms = 300000\r\n\tmetric.reporters = []\r\n\tmetrics.num.samples = 2\r\n\tmetrics.recording.level = INFO\r\n\tmetrics.sample.window.ms = 30000\r\n\tpartitioner.adaptive.partitioning.enable = true\r\n\tpartitioner.availability.timeout.ms = 0\r\n\tpartitioner.class = null\r\n\tpartitioner.ignore.keys = false\r\n\treceive.buffer.bytes = 32768\r\n\treconnect.backoff.max.ms = 1000\r\n\treconnect.backoff.ms = 50\r\n\trequest.timeout.ms = 30000\r\n\tretries = 2147483647\r\n\tretry.backoff.max.ms = 1000\r\n\tretry.backoff.ms = 100\r\n\tsasl.client.callback.handler.class = null\r\n\tsasl.jaas.config = null\r\n\tsasl.kerberos.kinit.cmd = /usr/bin/kinit\r\n\tsasl.kerberos.min.time.before.relogin = 60000\r\n\tsasl.kerberos.service.name = null\r\n\tsasl.kerberos.ticket.renew.jitter = 0.05\r\n\tsasl.kerberos.ticket.renew.window.factor = 0.8\r\n\tsasl.login.callback.handler.class = null\r\n\tsasl.login.class = null\r\n\tsasl.login.connect.timeout.ms = null\r\n\tsasl.login.read.timeout.ms = null\r\n\tsasl.login.refresh.buffer.seconds = 300\r\n\tsasl.login.refresh.min.period.seconds = 60\r\n\tsasl.login.refresh.window.factor = 0.8\r\n\tsasl.login.refresh.window.jitter = 0.05\r\n\tsasl.login.retry.backoff.max.ms = 10000\r\n\tsasl.login.retry.backoff.ms = 100\r\n\tsasl.mechanism = GSSAPI\r\n\tsasl.oauthbearer.clock.skew.seconds = 30\r\n\tsasl.oauthbearer.expected.audience = null\r\n\tsasl.oauthbearer.expected.issuer = null\r\n\tsasl.oauthbearer.jwks.endpoint.refresh.ms = 3600000\r\n\tsasl.oauthbearer.jwks.endpoint.retry.backoff.max.ms = 10000\r\n\tsasl.oauthbearer.jwks.endpoint.retry.backoff.ms = 100\r\n\tsasl.oauthbearer.jwks.endpoint.url = null\r\n\tsasl.oauthbearer.scope.claim.name = scope\r\n\tsasl.oauthbearer.sub.claim.name = sub\r\n\tsasl.oauthbearer.token.endpoint.url = null\r\n\tsecurity.protocol = PLAINTEXT\r\n\tsecurity.providers = null\r\n\tsend.buffer.bytes = 131072\r\n\tsocket.connection.setup.timeout.max.ms = 30000\r\n\tsocket.connection.setup.timeout.ms = 10000\r\n\tssl.cipher.suites = null\r\n\tssl.enabled.protocols = [TLSv1.2, TLSv1.3]\r\n\tssl.endpoint.identification.algorithm = https\r\n\tssl.engine.factory.class = null\r\n\tssl.key.password = null\r\n\tssl.keymanager.algorithm = SunX509\r\n\tssl.keystore.certificate.chain = null\r\n\tssl.keystore.key = null\r\n\tssl.keystore.location = null\r\n\tssl.keystore.password = null\r\n\tssl.keystore.type = JKS\r\n\tssl.protocol = TLSv1.3\r\n\tssl.provider = null\r\n\tssl.secure.random.implementation = null\r\n\tssl.trustmanager.algorithm = PKIX\r\n\tssl.truststore.certificates = null\r\n\tssl.truststore.location = null\r\n\tssl.truststore.password = null\r\n\tssl.truststore.type = JKS\r\n\ttransaction.timeout.ms = 60000\r\n\ttransactional.id = null\r\n\tvalue.serializer = class org.apache.kafka.common.serialization.ByteArraySerializer\r\n","logger_name":"org.apache.kafka.clients.producer.ProducerConfig","thread_name":"kafka-admin-client-thread | moviebooking-backend-admin-0","level":"INFO","level_value":20000}
{"@timestamp":"2025-08-09T15:05:37.0238776+05:30","@version":"1","message":"initializing Kafka metrics collector","logger_name":"org.apache.kafka.common.telemetry.internals.KafkaMetricsCollector","thread_name":"kafka-admin-client-thread | moviebooking-backend-admin-0","level":"INFO","level_value":20000}
{"@timestamp":"2025-08-09T15:05:37.0258863+05:30","@version":"1","message":"[Producer clientId=producer-75] Instantiated an idempotent producer.","logger_name":"org.apache.kafka.clients.producer.KafkaProducer","thread_name":"kafka-admin-client-thread | moviebooking-backend-admin-0","level":"INFO","level_value":20000}
{"@timestamp":"2025-08-09T15:05:37.0268845+05:30","@version":"1","message":"[Producer clientId=producer-75] Closing the Kafka producer with timeoutMillis = 0 ms.","logger_name":"org.apache.kafka.clients.producer.KafkaProducer","thread_name":"kafka-admin-client-thread | moviebooking-backend-admin-0","level":"INFO","level_value":20000}
{"@timestamp":"2025-08-09T15:05:37.0268845+05:30","@version":"1","message":"Metrics scheduler closed","logger_name":"org.apache.kafka.common.metrics.Metrics","thread_name":"kafka-admin-client-thread | moviebooking-backend-admin-0","level":"INFO","level_value":20000}
{"@timestamp":"2025-08-09T15:05:37.0268845+05:30","@version":"1","message":"Closing reporter org.apache.kafka.common.metrics.JmxReporter","logger_name":"org.apache.kafka.common.metrics.Metrics","thread_name":"kafka-admin-client-thread | moviebooking-backend-admin-0","level":"INFO","level_value":20000}
{"@timestamp":"2025-08-09T15:05:37.0282394+05:30","@version":"1","message":"Closing reporter org.apache.kafka.common.telemetry.internals.ClientTelemetryReporter","logger_name":"org.apache.kafka.common.metrics.Metrics","thread_name":"kafka-admin-client-thread | moviebooking-backend-admin-0","level":"INFO","level_value":20000}
{"@timestamp":"2025-08-09T15:05:37.0282394+05:30","@version":"1","message":"Metrics reporters closed","logger_name":"org.apache.kafka.common.metrics.Metrics","thread_name":"kafka-admin-client-thread | moviebooking-backend-admin-0","level":"INFO","level_value":20000}
{"@timestamp":"2025-08-09T15:05:37.0282394+05:30","@version":"1","message":"App info kafka.producer for producer-75 unregistered","logger_name":"org.apache.kafka.common.utils.AppInfoParser","thread_name":"kafka-admin-client-thread | moviebooking-backend-admin-0","level":"INFO","level_value":20000}
{"@timestamp":"2025-08-09T15:05:38.015082+05:30","@version":"1","message":"[AdminClient clientId=moviebooking-backend-admin-0] Node -1 disconnected.","logger_name":"org.apache.kafka.clients.NetworkClient","thread_name":"kafka-admin-client-thread | moviebooking-backend-admin-0","level":"INFO","level_value":20000}
{"@timestamp":"2025-08-09T15:05:38.0175491+05:30","@version":"1","message":"ProducerConfig values: \r\n\tacks = -1\r\n\tauto.include.jmx.reporter = true\r\n\tbatch.size = 16384\r\n\tbootstrap.servers = [spring.kafka.bootstrap-servers_IS_UNDEFINED]\r\n\tbuffer.memory = 33554432\r\n\tclient.dns.lookup = use_all_dns_ips\r\n\tclient.id = producer-76\r\n\tcompression.type = none\r\n\tconnections.max.idle.ms = 540000\r\n\tdelivery.timeout.ms = 120000\r\n\tenable.idempotence = true\r\n\tenable.metrics.push = true\r\n\tinterceptor.classes = []\r\n\tkey.serializer = class org.apache.kafka.common.serialization.ByteArraySerializer\r\n\tlinger.ms = 0\r\n\tmax.block.ms = 60000\r\n\tmax.in.flight.requests.per.connection = 5\r\n\tmax.request.size = 1048576\r\n\tmetadata.max.age.ms = 300000\r\n\tmetadata.max.idle.ms = 300000\r\n\tmetric.reporters = []\r\n\tmetrics.num.samples = 2\r\n\tmetrics.recording.level = INFO\r\n\tmetrics.sample.window.ms = 30000\r\n\tpartitioner.adaptive.partitioning.enable = true\r\n\tpartitioner.availability.timeout.ms = 0\r\n\tpartitioner.class = null\r\n\tpartitioner.ignore.keys = false\r\n\treceive.buffer.bytes = 32768\r\n\treconnect.backoff.max.ms = 1000\r\n\treconnect.backoff.ms = 50\r\n\trequest.timeout.ms = 30000\r\n\tretries = 2147483647\r\n\tretry.backoff.max.ms = 1000\r\n\tretry.backoff.ms = 100\r\n\tsasl.client.callback.handler.class = null\r\n\tsasl.jaas.config = null\r\n\tsasl.kerberos.kinit.cmd = /usr/bin/kinit\r\n\tsasl.kerberos.min.time.before.relogin = 60000\r\n\tsasl.kerberos.service.name = null\r\n\tsasl.kerberos.ticket.renew.jitter = 0.05\r\n\tsasl.kerberos.ticket.renew.window.factor = 0.8\r\n\tsasl.login.callback.handler.class = null\r\n\tsasl.login.class = null\r\n\tsasl.login.connect.timeout.ms = null\r\n\tsasl.login.read.timeout.ms = null\r\n\tsasl.login.refresh.buffer.seconds = 300\r\n\tsasl.login.refresh.min.period.seconds = 60\r\n\tsasl.login.refresh.window.factor = 0.8\r\n\tsasl.login.refresh.window.jitter = 0.05\r\n\tsasl.login.retry.backoff.max.ms = 10000\r\n\tsasl.login.retry.backoff.ms = 100\r\n\tsasl.mechanism = GSSAPI\r\n\tsasl.oauthbearer.clock.skew.seconds = 30\r\n\tsasl.oauthbearer.expected.audience = null\r\n\tsasl.oauthbearer.expected.issuer = null\r\n\tsasl.oauthbearer.jwks.endpoint.refresh.ms = 3600000\r\n\tsasl.oauthbearer.jwks.endpoint.retry.backoff.max.ms = 10000\r\n\tsasl.oauthbearer.jwks.endpoint.retry.backoff.ms = 100\r\n\tsasl.oauthbearer.jwks.endpoint.url = null\r\n\tsasl.oauthbearer.scope.claim.name = scope\r\n\tsasl.oauthbearer.sub.claim.name = sub\r\n\tsasl.oauthbearer.token.endpoint.url = null\r\n\tsecurity.protocol = PLAINTEXT\r\n\tsecurity.providers = null\r\n\tsend.buffer.bytes = 131072\r\n\tsocket.connection.setup.timeout.max.ms = 30000\r\n\tsocket.connection.setup.timeout.ms = 10000\r\n\tssl.cipher.suites = null\r\n\tssl.enabled.protocols = [TLSv1.2, TLSv1.3]\r\n\tssl.endpoint.identification.algorithm = https\r\n\tssl.engine.factory.class = null\r\n\tssl.key.password = null\r\n\tssl.keymanager.algorithm = SunX509\r\n\tssl.keystore.certificate.chain = null\r\n\tssl.keystore.key = null\r\n\tssl.keystore.location = null\r\n\tssl.keystore.password = null\r\n\tssl.keystore.type = JKS\r\n\tssl.protocol = TLSv1.3\r\n\tssl.provider = null\r\n\tssl.secure.random.implementation = null\r\n\tssl.trustmanager.algorithm = PKIX\r\n\tssl.truststore.certificates = null\r\n\tssl.truststore.location = null\r\n\tssl.truststore.password = null\r\n\tssl.truststore.type = JKS\r\n\ttransaction.timeout.ms = 60000\r\n\ttransactional.id = null\r\n\tvalue.serializer = class org.apache.kafka.common.serialization.ByteArraySerializer\r\n","logger_name":"org.apache.kafka.clients.producer.ProducerConfig","thread_name":"kafka-admin-client-thread | moviebooking-backend-admin-0","level":"INFO","level_value":20000}
{"@timestamp":"2025-08-09T15:05:38.0185521+05:30","@version":"1","message":"initializing Kafka metrics collector","logger_name":"org.apache.kafka.common.telemetry.internals.KafkaMetricsCollector","thread_name":"kafka-admin-client-thread | moviebooking-backend-admin-0","level":"INFO","level_value":20000}
{"@timestamp":"2025-08-09T15:05:38.0195515+05:30","@version":"1","message":"[Producer clientId=producer-76] Instantiated an idempotent producer.","logger_name":"org.apache.kafka.clients.producer.KafkaProducer","thread_name":"kafka-admin-client-thread | moviebooking-backend-admin-0","level":"INFO","level_value":20000}
{"@timestamp":"2025-08-09T15:05:38.0252399+05:30","@version":"1","message":"[Producer clientId=producer-76] Closing the Kafka producer with timeoutMillis = 0 ms.","logger_name":"org.apache.kafka.clients.producer.KafkaProducer","thread_name":"kafka-admin-client-thread | moviebooking-backend-admin-0","level":"INFO","level_value":20000}
{"@timestamp":"2025-08-09T15:05:38.0263432+05:30","@version":"1","message":"Metrics scheduler closed","logger_name":"org.apache.kafka.common.metrics.Metrics","thread_name":"kafka-admin-client-thread | moviebooking-backend-admin-0","level":"INFO","level_value":20000}
{"@timestamp":"2025-08-09T15:05:38.0273715+05:30","@version":"1","message":"Closing reporter org.apache.kafka.common.metrics.JmxReporter","logger_name":"org.apache.kafka.common.metrics.Metrics","thread_name":"kafka-admin-client-thread | moviebooking-backend-admin-0","level":"INFO","level_value":20000}
{"@timestamp":"2025-08-09T15:05:38.0273715+05:30","@version":"1","message":"Closing reporter org.apache.kafka.common.telemetry.internals.ClientTelemetryReporter","logger_name":"org.apache.kafka.common.metrics.Metrics","thread_name":"kafka-admin-client-thread | moviebooking-backend-admin-0","level":"INFO","level_value":20000}
{"@timestamp":"2025-08-09T15:05:38.0273715+05:30","@version":"1","message":"Metrics reporters closed","logger_name":"org.apache.kafka.common.metrics.Metrics","thread_name":"kafka-admin-client-thread | moviebooking-backend-admin-0","level":"INFO","level_value":20000}
{"@timestamp":"2025-08-09T15:05:38.0273715+05:30","@version":"1","message":"App info kafka.producer for producer-76 unregistered","logger_name":"org.apache.kafka.common.utils.AppInfoParser","thread_name":"kafka-admin-client-thread | moviebooking-backend-admin-0","level":"INFO","level_value":20000}
{"@timestamp":"2025-08-09T15:05:38.0303688+05:30","@version":"1","message":"[AdminClient clientId=moviebooking-backend-admin-0] Connection to node -1 (localhost/127.0.0.1:9092) could not be established. Node may not be available.","logger_name":"org.apache.kafka.clients.NetworkClient","thread_name":"kafka-admin-client-thread | moviebooking-backend-admin-0","level":"WARN","level_value":30000}
{"@timestamp":"2025-08-09T15:05:38.0323728+05:30","@version":"1","message":"ProducerConfig values: \r\n\tacks = -1\r\n\tauto.include.jmx.reporter = true\r\n\tbatch.size = 16384\r\n\tbootstrap.servers = [spring.kafka.bootstrap-servers_IS_UNDEFINED]\r\n\tbuffer.memory = 33554432\r\n\tclient.dns.lookup = use_all_dns_ips\r\n\tclient.id = producer-77\r\n\tcompression.type = none\r\n\tconnections.max.idle.ms = 540000\r\n\tdelivery.timeout.ms = 120000\r\n\tenable.idempotence = true\r\n\tenable.metrics.push = true\r\n\tinterceptor.classes = []\r\n\tkey.serializer = class org.apache.kafka.common.serialization.ByteArraySerializer\r\n\tlinger.ms = 0\r\n\tmax.block.ms = 60000\r\n\tmax.in.flight.requests.per.connection = 5\r\n\tmax.request.size = 1048576\r\n\tmetadata.max.age.ms = 300000\r\n\tmetadata.max.idle.ms = 300000\r\n\tmetric.reporters = []\r\n\tmetrics.num.samples = 2\r\n\tmetrics.recording.level = INFO\r\n\tmetrics.sample.window.ms = 30000\r\n\tpartitioner.adaptive.partitioning.enable = true\r\n\tpartitioner.availability.timeout.ms = 0\r\n\tpartitioner.class = null\r\n\tpartitioner.ignore.keys = false\r\n\treceive.buffer.bytes = 32768\r\n\treconnect.backoff.max.ms = 1000\r\n\treconnect.backoff.ms = 50\r\n\trequest.timeout.ms = 30000\r\n\tretries = 2147483647\r\n\tretry.backoff.max.ms = 1000\r\n\tretry.backoff.ms = 100\r\n\tsasl.client.callback.handler.class = null\r\n\tsasl.jaas.config = null\r\n\tsasl.kerberos.kinit.cmd = /usr/bin/kinit\r\n\tsasl.kerberos.min.time.before.relogin = 60000\r\n\tsasl.kerberos.service.name = null\r\n\tsasl.kerberos.ticket.renew.jitter = 0.05\r\n\tsasl.kerberos.ticket.renew.window.factor = 0.8\r\n\tsasl.login.callback.handler.class = null\r\n\tsasl.login.class = null\r\n\tsasl.login.connect.timeout.ms = null\r\n\tsasl.login.read.timeout.ms = null\r\n\tsasl.login.refresh.buffer.seconds = 300\r\n\tsasl.login.refresh.min.period.seconds = 60\r\n\tsasl.login.refresh.window.factor = 0.8\r\n\tsasl.login.refresh.window.jitter = 0.05\r\n\tsasl.login.retry.backoff.max.ms = 10000\r\n\tsasl.login.retry.backoff.ms = 100\r\n\tsasl.mechanism = GSSAPI\r\n\tsasl.oauthbearer.clock.skew.seconds = 30\r\n\tsasl.oauthbearer.expected.audience = null\r\n\tsasl.oauthbearer.expected.issuer = null\r\n\tsasl.oauthbearer.jwks.endpoint.refresh.ms = 3600000\r\n\tsasl.oauthbearer.jwks.endpoint.retry.backoff.max.ms = 10000\r\n\tsasl.oauthbearer.jwks.endpoint.retry.backoff.ms = 100\r\n\tsasl.oauthbearer.jwks.endpoint.url = null\r\n\tsasl.oauthbearer.scope.claim.name = scope\r\n\tsasl.oauthbearer.sub.claim.name = sub\r\n\tsasl.oauthbearer.token.endpoint.url = null\r\n\tsecurity.protocol = PLAINTEXT\r\n\tsecurity.providers = null\r\n\tsend.buffer.bytes = 131072\r\n\tsocket.connection.setup.timeout.max.ms = 30000\r\n\tsocket.connection.setup.timeout.ms = 10000\r\n\tssl.cipher.suites = null\r\n\tssl.enabled.protocols = [TLSv1.2, TLSv1.3]\r\n\tssl.endpoint.identification.algorithm = https\r\n\tssl.engine.factory.class = null\r\n\tssl.key.password = null\r\n\tssl.keymanager.algorithm = SunX509\r\n\tssl.keystore.certificate.chain = null\r\n\tssl.keystore.key = null\r\n\tssl.keystore.location = null\r\n\tssl.keystore.password = null\r\n\tssl.keystore.type = JKS\r\n\tssl.protocol = TLSv1.3\r\n\tssl.provider = null\r\n\tssl.secure.random.implementation = null\r\n\tssl.trustmanager.algorithm = PKIX\r\n\tssl.truststore.certificates = null\r\n\tssl.truststore.location = null\r\n\tssl.truststore.password = null\r\n\tssl.truststore.type = JKS\r\n\ttransaction.timeout.ms = 60000\r\n\ttransactional.id = null\r\n\tvalue.serializer = class org.apache.kafka.common.serialization.ByteArraySerializer\r\n","logger_name":"org.apache.kafka.clients.producer.ProducerConfig","thread_name":"kafka-admin-client-thread | moviebooking-backend-admin-0","level":"INFO","level_value":20000}
{"@timestamp":"2025-08-09T15:05:38.0343787+05:30","@version":"1","message":"initializing Kafka metrics collector","logger_name":"org.apache.kafka.common.telemetry.internals.KafkaMetricsCollector","thread_name":"kafka-admin-client-thread | moviebooking-backend-admin-0","level":"INFO","level_value":20000}
{"@timestamp":"2025-08-09T15:05:38.0353674+05:30","@version":"1","message":"[Producer clientId=producer-77] Instantiated an idempotent producer.","logger_name":"org.apache.kafka.clients.producer.KafkaProducer","thread_name":"kafka-admin-client-thread | moviebooking-backend-admin-0","level":"INFO","level_value":20000}
{"@timestamp":"2025-08-09T15:05:38.0373702+05:30","@version":"1","message":"[Producer clientId=producer-77] Closing the Kafka producer with timeoutMillis = 0 ms.","logger_name":"org.apache.kafka.clients.producer.KafkaProducer","thread_name":"kafka-admin-client-thread | moviebooking-backend-admin-0","level":"INFO","level_value":20000}
{"@timestamp":"2025-08-09T15:05:38.0373702+05:30","@version":"1","message":"Metrics scheduler closed","logger_name":"org.apache.kafka.common.metrics.Metrics","thread_name":"kafka-admin-client-thread | moviebooking-backend-admin-0","level":"INFO","level_value":20000}
{"@timestamp":"2025-08-09T15:05:38.0383707+05:30","@version":"1","message":"Closing reporter org.apache.kafka.common.metrics.JmxReporter","logger_name":"org.apache.kafka.common.metrics.Metrics","thread_name":"kafka-admin-client-thread | moviebooking-backend-admin-0","level":"INFO","level_value":20000}
{"@timestamp":"2025-08-09T15:05:38.0383707+05:30","@version":"1","message":"Closing reporter org.apache.kafka.common.telemetry.internals.ClientTelemetryReporter","logger_name":"org.apache.kafka.common.metrics.Metrics","thread_name":"kafka-admin-client-thread | moviebooking-backend-admin-0","level":"INFO","level_value":20000}
{"@timestamp":"2025-08-09T15:05:38.0383707+05:30","@version":"1","message":"Metrics reporters closed","logger_name":"org.apache.kafka.common.metrics.Metrics","thread_name":"kafka-admin-client-thread | moviebooking-backend-admin-0","level":"INFO","level_value":20000}
{"@timestamp":"2025-08-09T15:05:38.0383707+05:30","@version":"1","message":"App info kafka.producer for producer-77 unregistered","logger_name":"org.apache.kafka.common.utils.AppInfoParser","thread_name":"kafka-admin-client-thread | moviebooking-backend-admin-0","level":"INFO","level_value":20000}
{"@timestamp":"2025-08-09T15:05:39.020537+05:30","@version":"1","message":"[AdminClient clientId=moviebooking-backend-admin-0] Node -1 disconnected.","logger_name":"org.apache.kafka.clients.NetworkClient","thread_name":"kafka-admin-client-thread | moviebooking-backend-admin-0","level":"INFO","level_value":20000}
{"@timestamp":"2025-08-09T15:05:39.0214572+05:30","@version":"1","message":"ProducerConfig values: \r\n\tacks = -1\r\n\tauto.include.jmx.reporter = true\r\n\tbatch.size = 16384\r\n\tbootstrap.servers = [spring.kafka.bootstrap-servers_IS_UNDEFINED]\r\n\tbuffer.memory = 33554432\r\n\tclient.dns.lookup = use_all_dns_ips\r\n\tclient.id = producer-78\r\n\tcompression.type = none\r\n\tconnections.max.idle.ms = 540000\r\n\tdelivery.timeout.ms = 120000\r\n\tenable.idempotence = true\r\n\tenable.metrics.push = true\r\n\tinterceptor.classes = []\r\n\tkey.serializer = class org.apache.kafka.common.serialization.ByteArraySerializer\r\n\tlinger.ms = 0\r\n\tmax.block.ms = 60000\r\n\tmax.in.flight.requests.per.connection = 5\r\n\tmax.request.size = 1048576\r\n\tmetadata.max.age.ms = 300000\r\n\tmetadata.max.idle.ms = 300000\r\n\tmetric.reporters = []\r\n\tmetrics.num.samples = 2\r\n\tmetrics.recording.level = INFO\r\n\tmetrics.sample.window.ms = 30000\r\n\tpartitioner.adaptive.partitioning.enable = true\r\n\tpartitioner.availability.timeout.ms = 0\r\n\tpartitioner.class = null\r\n\tpartitioner.ignore.keys = false\r\n\treceive.buffer.bytes = 32768\r\n\treconnect.backoff.max.ms = 1000\r\n\treconnect.backoff.ms = 50\r\n\trequest.timeout.ms = 30000\r\n\tretries = 2147483647\r\n\tretry.backoff.max.ms = 1000\r\n\tretry.backoff.ms = 100\r\n\tsasl.client.callback.handler.class = null\r\n\tsasl.jaas.config = null\r\n\tsasl.kerberos.kinit.cmd = /usr/bin/kinit\r\n\tsasl.kerberos.min.time.before.relogin = 60000\r\n\tsasl.kerberos.service.name = null\r\n\tsasl.kerberos.ticket.renew.jitter = 0.05\r\n\tsasl.kerberos.ticket.renew.window.factor = 0.8\r\n\tsasl.login.callback.handler.class = null\r\n\tsasl.login.class = null\r\n\tsasl.login.connect.timeout.ms = null\r\n\tsasl.login.read.timeout.ms = null\r\n\tsasl.login.refresh.buffer.seconds = 300\r\n\tsasl.login.refresh.min.period.seconds = 60\r\n\tsasl.login.refresh.window.factor = 0.8\r\n\tsasl.login.refresh.window.jitter = 0.05\r\n\tsasl.login.retry.backoff.max.ms = 10000\r\n\tsasl.login.retry.backoff.ms = 100\r\n\tsasl.mechanism = GSSAPI\r\n\tsasl.oauthbearer.clock.skew.seconds = 30\r\n\tsasl.oauthbearer.expected.audience = null\r\n\tsasl.oauthbearer.expected.issuer = null\r\n\tsasl.oauthbearer.jwks.endpoint.refresh.ms = 3600000\r\n\tsasl.oauthbearer.jwks.endpoint.retry.backoff.max.ms = 10000\r\n\tsasl.oauthbearer.jwks.endpoint.retry.backoff.ms = 100\r\n\tsasl.oauthbearer.jwks.endpoint.url = null\r\n\tsasl.oauthbearer.scope.claim.name = scope\r\n\tsasl.oauthbearer.sub.claim.name = sub\r\n\tsasl.oauthbearer.token.endpoint.url = null\r\n\tsecurity.protocol = PLAINTEXT\r\n\tsecurity.providers = null\r\n\tsend.buffer.bytes = 131072\r\n\tsocket.connection.setup.timeout.max.ms = 30000\r\n\tsocket.connection.setup.timeout.ms = 10000\r\n\tssl.cipher.suites = null\r\n\tssl.enabled.protocols = [TLSv1.2, TLSv1.3]\r\n\tssl.endpoint.identification.algorithm = https\r\n\tssl.engine.factory.class = null\r\n\tssl.key.password = null\r\n\tssl.keymanager.algorithm = SunX509\r\n\tssl.keystore.certificate.chain = null\r\n\tssl.keystore.key = null\r\n\tssl.keystore.location = null\r\n\tssl.keystore.password = null\r\n\tssl.keystore.type = JKS\r\n\tssl.protocol = TLSv1.3\r\n\tssl.provider = null\r\n\tssl.secure.random.implementation = null\r\n\tssl.trustmanager.algorithm = PKIX\r\n\tssl.truststore.certificates = null\r\n\tssl.truststore.location = null\r\n\tssl.truststore.password = null\r\n\tssl.truststore.type = JKS\r\n\ttransaction.timeout.ms = 60000\r\n\ttransactional.id = null\r\n\tvalue.serializer = class org.apache.kafka.common.serialization.ByteArraySerializer\r\n","logger_name":"org.apache.kafka.clients.producer.ProducerConfig","thread_name":"kafka-admin-client-thread | moviebooking-backend-admin-0","level":"INFO","level_value":20000}
{"@timestamp":"2025-08-09T15:05:39.0238286+05:30","@version":"1","message":"initializing Kafka metrics collector","logger_name":"org.apache.kafka.common.telemetry.internals.KafkaMetricsCollector","thread_name":"kafka-admin-client-thread | moviebooking-backend-admin-0","level":"INFO","level_value":20000}
{"@timestamp":"2025-08-09T15:05:39.026796+05:30","@version":"1","message":"[Producer clientId=producer-78] Instantiated an idempotent producer.","logger_name":"org.apache.kafka.clients.producer.KafkaProducer","thread_name":"kafka-admin-client-thread | moviebooking-backend-admin-0","level":"INFO","level_value":20000}
{"@timestamp":"2025-08-09T15:05:39.0303432+05:30","@version":"1","message":"[Producer clientId=producer-78] Closing the Kafka producer with timeoutMillis = 0 ms.","logger_name":"org.apache.kafka.clients.producer.KafkaProducer","thread_name":"kafka-admin-client-thread | moviebooking-backend-admin-0","level":"INFO","level_value":20000}
{"@timestamp":"2025-08-09T15:05:39.0323486+05:30","@version":"1","message":"Metrics scheduler closed","logger_name":"org.apache.kafka.common.metrics.Metrics","thread_name":"kafka-admin-client-thread | moviebooking-backend-admin-0","level":"INFO","level_value":20000}
{"@timestamp":"2025-08-09T15:05:39.0323486+05:30","@version":"1","message":"Closing reporter org.apache.kafka.common.metrics.JmxReporter","logger_name":"org.apache.kafka.common.metrics.Metrics","thread_name":"kafka-admin-client-thread | moviebooking-backend-admin-0","level":"INFO","level_value":20000}
{"@timestamp":"2025-08-09T15:05:39.0333883+05:30","@version":"1","message":"Closing reporter org.apache.kafka.common.telemetry.internals.ClientTelemetryReporter","logger_name":"org.apache.kafka.common.metrics.Metrics","thread_name":"kafka-admin-client-thread | moviebooking-backend-admin-0","level":"INFO","level_value":20000}
{"@timestamp":"2025-08-09T15:05:39.0333883+05:30","@version":"1","message":"Metrics reporters closed","logger_name":"org.apache.kafka.common.metrics.Metrics","thread_name":"kafka-admin-client-thread | moviebooking-backend-admin-0","level":"INFO","level_value":20000}
{"@timestamp":"2025-08-09T15:05:39.0333883+05:30","@version":"1","message":"App info kafka.producer for producer-78 unregistered","logger_name":"org.apache.kafka.common.utils.AppInfoParser","thread_name":"kafka-admin-client-thread | moviebooking-backend-admin-0","level":"INFO","level_value":20000}
{"@timestamp":"2025-08-09T15:05:39.0333883+05:30","@version":"1","message":"[AdminClient clientId=moviebooking-backend-admin-0] Connection to node -1 (localhost/127.0.0.1:9092) could not be established. Node may not be available.","logger_name":"org.apache.kafka.clients.NetworkClient","thread_name":"kafka-admin-client-thread | moviebooking-backend-admin-0","level":"WARN","level_value":30000}
{"@timestamp":"2025-08-09T15:05:39.0367442+05:30","@version":"1","message":"ProducerConfig values: \r\n\tacks = -1\r\n\tauto.include.jmx.reporter = true\r\n\tbatch.size = 16384\r\n\tbootstrap.servers = [spring.kafka.bootstrap-servers_IS_UNDEFINED]\r\n\tbuffer.memory = 33554432\r\n\tclient.dns.lookup = use_all_dns_ips\r\n\tclient.id = producer-79\r\n\tcompression.type = none\r\n\tconnections.max.idle.ms = 540000\r\n\tdelivery.timeout.ms = 120000\r\n\tenable.idempotence = true\r\n\tenable.metrics.push = true\r\n\tinterceptor.classes = []\r\n\tkey.serializer = class org.apache.kafka.common.serialization.ByteArraySerializer\r\n\tlinger.ms = 0\r\n\tmax.block.ms = 60000\r\n\tmax.in.flight.requests.per.connection = 5\r\n\tmax.request.size = 1048576\r\n\tmetadata.max.age.ms = 300000\r\n\tmetadata.max.idle.ms = 300000\r\n\tmetric.reporters = []\r\n\tmetrics.num.samples = 2\r\n\tmetrics.recording.level = INFO\r\n\tmetrics.sample.window.ms = 30000\r\n\tpartitioner.adaptive.partitioning.enable = true\r\n\tpartitioner.availability.timeout.ms = 0\r\n\tpartitioner.class = null\r\n\tpartitioner.ignore.keys = false\r\n\treceive.buffer.bytes = 32768\r\n\treconnect.backoff.max.ms = 1000\r\n\treconnect.backoff.ms = 50\r\n\trequest.timeout.ms = 30000\r\n\tretries = 2147483647\r\n\tretry.backoff.max.ms = 1000\r\n\tretry.backoff.ms = 100\r\n\tsasl.client.callback.handler.class = null\r\n\tsasl.jaas.config = null\r\n\tsasl.kerberos.kinit.cmd = /usr/bin/kinit\r\n\tsasl.kerberos.min.time.before.relogin = 60000\r\n\tsasl.kerberos.service.name = null\r\n\tsasl.kerberos.ticket.renew.jitter = 0.05\r\n\tsasl.kerberos.ticket.renew.window.factor = 0.8\r\n\tsasl.login.callback.handler.class = null\r\n\tsasl.login.class = null\r\n\tsasl.login.connect.timeout.ms = null\r\n\tsasl.login.read.timeout.ms = null\r\n\tsasl.login.refresh.buffer.seconds = 300\r\n\tsasl.login.refresh.min.period.seconds = 60\r\n\tsasl.login.refresh.window.factor = 0.8\r\n\tsasl.login.refresh.window.jitter = 0.05\r\n\tsasl.login.retry.backoff.max.ms = 10000\r\n\tsasl.login.retry.backoff.ms = 100\r\n\tsasl.mechanism = GSSAPI\r\n\tsasl.oauthbearer.clock.skew.seconds = 30\r\n\tsasl.oauthbearer.expected.audience = null\r\n\tsasl.oauthbearer.expected.issuer = null\r\n\tsasl.oauthbearer.jwks.endpoint.refresh.ms = 3600000\r\n\tsasl.oauthbearer.jwks.endpoint.retry.backoff.max.ms = 10000\r\n\tsasl.oauthbearer.jwks.endpoint.retry.backoff.ms = 100\r\n\tsasl.oauthbearer.jwks.endpoint.url = null\r\n\tsasl.oauthbearer.scope.claim.name = scope\r\n\tsasl.oauthbearer.sub.claim.name = sub\r\n\tsasl.oauthbearer.token.endpoint.url = null\r\n\tsecurity.protocol = PLAINTEXT\r\n\tsecurity.providers = null\r\n\tsend.buffer.bytes = 131072\r\n\tsocket.connection.setup.timeout.max.ms = 30000\r\n\tsocket.connection.setup.timeout.ms = 10000\r\n\tssl.cipher.suites = null\r\n\tssl.enabled.protocols = [TLSv1.2, TLSv1.3]\r\n\tssl.endpoint.identification.algorithm = https\r\n\tssl.engine.factory.class = null\r\n\tssl.key.password = null\r\n\tssl.keymanager.algorithm = SunX509\r\n\tssl.keystore.certificate.chain = null\r\n\tssl.keystore.key = null\r\n\tssl.keystore.location = null\r\n\tssl.keystore.password = null\r\n\tssl.keystore.type = JKS\r\n\tssl.protocol = TLSv1.3\r\n\tssl.provider = null\r\n\tssl.secure.random.implementation = null\r\n\tssl.trustmanager.algorithm = PKIX\r\n\tssl.truststore.certificates = null\r\n\tssl.truststore.location = null\r\n\tssl.truststore.password = null\r\n\tssl.truststore.type = JKS\r\n\ttransaction.timeout.ms = 60000\r\n\ttransactional.id = null\r\n\tvalue.serializer = class org.apache.kafka.common.serialization.ByteArraySerializer\r\n","logger_name":"org.apache.kafka.clients.producer.ProducerConfig","thread_name":"kafka-admin-client-thread | moviebooking-backend-admin-0","level":"INFO","level_value":20000}
{"@timestamp":"2025-08-09T15:05:39.0377419+05:30","@version":"1","message":"initializing Kafka metrics collector","logger_name":"org.apache.kafka.common.telemetry.internals.KafkaMetricsCollector","thread_name":"kafka-admin-client-thread | moviebooking-backend-admin-0","level":"INFO","level_value":20000}
{"@timestamp":"2025-08-09T15:05:39.0387475+05:30","@version":"1","message":"[Producer clientId=producer-79] Instantiated an idempotent producer.","logger_name":"org.apache.kafka.clients.producer.KafkaProducer","thread_name":"kafka-admin-client-thread | moviebooking-backend-admin-0","level":"INFO","level_value":20000}
{"@timestamp":"2025-08-09T15:05:39.0397462+05:30","@version":"1","message":"[Producer clientId=producer-79] Closing the Kafka producer with timeoutMillis = 0 ms.","logger_name":"org.apache.kafka.clients.producer.KafkaProducer","thread_name":"kafka-admin-client-thread | moviebooking-backend-admin-0","level":"INFO","level_value":20000}
{"@timestamp":"2025-08-09T15:05:39.0407442+05:30","@version":"1","message":"Metrics scheduler closed","logger_name":"org.apache.kafka.common.metrics.Metrics","thread_name":"kafka-admin-client-thread | moviebooking-backend-admin-0","level":"INFO","level_value":20000}
{"@timestamp":"2025-08-09T15:05:39.0407442+05:30","@version":"1","message":"Closing reporter org.apache.kafka.common.metrics.JmxReporter","logger_name":"org.apache.kafka.common.metrics.Metrics","thread_name":"kafka-admin-client-thread | moviebooking-backend-admin-0","level":"INFO","level_value":20000}
{"@timestamp":"2025-08-09T15:05:39.0407442+05:30","@version":"1","message":"Closing reporter org.apache.kafka.common.telemetry.internals.ClientTelemetryReporter","logger_name":"org.apache.kafka.common.metrics.Metrics","thread_name":"kafka-admin-client-thread | moviebooking-backend-admin-0","level":"INFO","level_value":20000}
{"@timestamp":"2025-08-09T15:05:39.0407442+05:30","@version":"1","message":"Metrics reporters closed","logger_name":"org.apache.kafka.common.metrics.Metrics","thread_name":"kafka-admin-client-thread | moviebooking-backend-admin-0","level":"INFO","level_value":20000}
{"@timestamp":"2025-08-09T15:05:39.0407442+05:30","@version":"1","message":"App info kafka.producer for producer-79 unregistered","logger_name":"org.apache.kafka.common.utils.AppInfoParser","thread_name":"kafka-admin-client-thread | moviebooking-backend-admin-0","level":"INFO","level_value":20000}
{"@timestamp":"2025-08-09T15:05:39.9280703+05:30","@version":"1","message":"[AdminClient clientId=moviebooking-backend-admin-0] Node -1 disconnected.","logger_name":"org.apache.kafka.clients.NetworkClient","thread_name":"kafka-admin-client-thread | moviebooking-backend-admin-0","level":"INFO","level_value":20000}
{"@timestamp":"2025-08-09T15:05:39.9290667+05:30","@version":"1","message":"ProducerConfig values: \r\n\tacks = -1\r\n\tauto.include.jmx.reporter = true\r\n\tbatch.size = 16384\r\n\tbootstrap.servers = [spring.kafka.bootstrap-servers_IS_UNDEFINED]\r\n\tbuffer.memory = 33554432\r\n\tclient.dns.lookup = use_all_dns_ips\r\n\tclient.id = producer-80\r\n\tcompression.type = none\r\n\tconnections.max.idle.ms = 540000\r\n\tdelivery.timeout.ms = 120000\r\n\tenable.idempotence = true\r\n\tenable.metrics.push = true\r\n\tinterceptor.classes = []\r\n\tkey.serializer = class org.apache.kafka.common.serialization.ByteArraySerializer\r\n\tlinger.ms = 0\r\n\tmax.block.ms = 60000\r\n\tmax.in.flight.requests.per.connection = 5\r\n\tmax.request.size = 1048576\r\n\tmetadata.max.age.ms = 300000\r\n\tmetadata.max.idle.ms = 300000\r\n\tmetric.reporters = []\r\n\tmetrics.num.samples = 2\r\n\tmetrics.recording.level = INFO\r\n\tmetrics.sample.window.ms = 30000\r\n\tpartitioner.adaptive.partitioning.enable = true\r\n\tpartitioner.availability.timeout.ms = 0\r\n\tpartitioner.class = null\r\n\tpartitioner.ignore.keys = false\r\n\treceive.buffer.bytes = 32768\r\n\treconnect.backoff.max.ms = 1000\r\n\treconnect.backoff.ms = 50\r\n\trequest.timeout.ms = 30000\r\n\tretries = 2147483647\r\n\tretry.backoff.max.ms = 1000\r\n\tretry.backoff.ms = 100\r\n\tsasl.client.callback.handler.class = null\r\n\tsasl.jaas.config = null\r\n\tsasl.kerberos.kinit.cmd = /usr/bin/kinit\r\n\tsasl.kerberos.min.time.before.relogin = 60000\r\n\tsasl.kerberos.service.name = null\r\n\tsasl.kerberos.ticket.renew.jitter = 0.05\r\n\tsasl.kerberos.ticket.renew.window.factor = 0.8\r\n\tsasl.login.callback.handler.class = null\r\n\tsasl.login.class = null\r\n\tsasl.login.connect.timeout.ms = null\r\n\tsasl.login.read.timeout.ms = null\r\n\tsasl.login.refresh.buffer.seconds = 300\r\n\tsasl.login.refresh.min.period.seconds = 60\r\n\tsasl.login.refresh.window.factor = 0.8\r\n\tsasl.login.refresh.window.jitter = 0.05\r\n\tsasl.login.retry.backoff.max.ms = 10000\r\n\tsasl.login.retry.backoff.ms = 100\r\n\tsasl.mechanism = GSSAPI\r\n\tsasl.oauthbearer.clock.skew.seconds = 30\r\n\tsasl.oauthbearer.expected.audience = null\r\n\tsasl.oauthbearer.expected.issuer = null\r\n\tsasl.oauthbearer.jwks.endpoint.refresh.ms = 3600000\r\n\tsasl.oauthbearer.jwks.endpoint.retry.backoff.max.ms = 10000\r\n\tsasl.oauthbearer.jwks.endpoint.retry.backoff.ms = 100\r\n\tsasl.oauthbearer.jwks.endpoint.url = null\r\n\tsasl.oauthbearer.scope.claim.name = scope\r\n\tsasl.oauthbearer.sub.claim.name = sub\r\n\tsasl.oauthbearer.token.endpoint.url = null\r\n\tsecurity.protocol = PLAINTEXT\r\n\tsecurity.providers = null\r\n\tsend.buffer.bytes = 131072\r\n\tsocket.connection.setup.timeout.max.ms = 30000\r\n\tsocket.connection.setup.timeout.ms = 10000\r\n\tssl.cipher.suites = null\r\n\tssl.enabled.protocols = [TLSv1.2, TLSv1.3]\r\n\tssl.endpoint.identification.algorithm = https\r\n\tssl.engine.factory.class = null\r\n\tssl.key.password = null\r\n\tssl.keymanager.algorithm = SunX509\r\n\tssl.keystore.certificate.chain = null\r\n\tssl.keystore.key = null\r\n\tssl.keystore.location = null\r\n\tssl.keystore.password = null\r\n\tssl.keystore.type = JKS\r\n\tssl.protocol = TLSv1.3\r\n\tssl.provider = null\r\n\tssl.secure.random.implementation = null\r\n\tssl.trustmanager.algorithm = PKIX\r\n\tssl.truststore.certificates = null\r\n\tssl.truststore.location = null\r\n\tssl.truststore.password = null\r\n\tssl.truststore.type = JKS\r\n\ttransaction.timeout.ms = 60000\r\n\ttransactional.id = null\r\n\tvalue.serializer = class org.apache.kafka.common.serialization.ByteArraySerializer\r\n","logger_name":"org.apache.kafka.clients.producer.ProducerConfig","thread_name":"kafka-admin-client-thread | moviebooking-backend-admin-0","level":"INFO","level_value":20000}
{"@timestamp":"2025-08-09T15:05:39.9290667+05:30","@version":"1","message":"initializing Kafka metrics collector","logger_name":"org.apache.kafka.common.telemetry.internals.KafkaMetricsCollector","thread_name":"kafka-admin-client-thread | moviebooking-backend-admin-0","level":"INFO","level_value":20000}
{"@timestamp":"2025-08-09T15:05:39.9302242+05:30","@version":"1","message":"[Producer clientId=producer-80] Instantiated an idempotent producer.","logger_name":"org.apache.kafka.clients.producer.KafkaProducer","thread_name":"kafka-admin-client-thread | moviebooking-backend-admin-0","level":"INFO","level_value":20000}
{"@timestamp":"2025-08-09T15:05:39.9312525+05:30","@version":"1","message":"[Producer clientId=producer-80] Closing the Kafka producer with timeoutMillis = 0 ms.","logger_name":"org.apache.kafka.clients.producer.KafkaProducer","thread_name":"kafka-admin-client-thread | moviebooking-backend-admin-0","level":"INFO","level_value":20000}
{"@timestamp":"2025-08-09T15:05:39.9312525+05:30","@version":"1","message":"Metrics scheduler closed","logger_name":"org.apache.kafka.common.metrics.Metrics","thread_name":"kafka-admin-client-thread | moviebooking-backend-admin-0","level":"INFO","level_value":20000}
{"@timestamp":"2025-08-09T15:05:39.9312525+05:30","@version":"1","message":"Closing reporter org.apache.kafka.common.metrics.JmxReporter","logger_name":"org.apache.kafka.common.metrics.Metrics","thread_name":"kafka-admin-client-thread | moviebooking-backend-admin-0","level":"INFO","level_value":20000}
{"@timestamp":"2025-08-09T15:05:39.9312525+05:30","@version":"1","message":"Closing reporter org.apache.kafka.common.telemetry.internals.ClientTelemetryReporter","logger_name":"org.apache.kafka.common.metrics.Metrics","thread_name":"kafka-admin-client-thread | moviebooking-backend-admin-0","level":"INFO","level_value":20000}
{"@timestamp":"2025-08-09T15:05:39.9312525+05:30","@version":"1","message":"Metrics reporters closed","logger_name":"org.apache.kafka.common.metrics.Metrics","thread_name":"kafka-admin-client-thread | moviebooking-backend-admin-0","level":"INFO","level_value":20000}
{"@timestamp":"2025-08-09T15:05:39.9322495+05:30","@version":"1","message":"App info kafka.producer for producer-80 unregistered","logger_name":"org.apache.kafka.common.utils.AppInfoParser","thread_name":"kafka-admin-client-thread | moviebooking-backend-admin-0","level":"INFO","level_value":20000}
{"@timestamp":"2025-08-09T15:05:39.9322495+05:30","@version":"1","message":"[AdminClient clientId=moviebooking-backend-admin-0] Connection to node -1 (localhost/127.0.0.1:9092) could not be established. Node may not be available.","logger_name":"org.apache.kafka.clients.NetworkClient","thread_name":"kafka-admin-client-thread | moviebooking-backend-admin-0","level":"WARN","level_value":30000}
{"@timestamp":"2025-08-09T15:05:39.9332536+05:30","@version":"1","message":"ProducerConfig values: \r\n\tacks = -1\r\n\tauto.include.jmx.reporter = true\r\n\tbatch.size = 16384\r\n\tbootstrap.servers = [spring.kafka.bootstrap-servers_IS_UNDEFINED]\r\n\tbuffer.memory = 33554432\r\n\tclient.dns.lookup = use_all_dns_ips\r\n\tclient.id = producer-81\r\n\tcompression.type = none\r\n\tconnections.max.idle.ms = 540000\r\n\tdelivery.timeout.ms = 120000\r\n\tenable.idempotence = true\r\n\tenable.metrics.push = true\r\n\tinterceptor.classes = []\r\n\tkey.serializer = class org.apache.kafka.common.serialization.ByteArraySerializer\r\n\tlinger.ms = 0\r\n\tmax.block.ms = 60000\r\n\tmax.in.flight.requests.per.connection = 5\r\n\tmax.request.size = 1048576\r\n\tmetadata.max.age.ms = 300000\r\n\tmetadata.max.idle.ms = 300000\r\n\tmetric.reporters = []\r\n\tmetrics.num.samples = 2\r\n\tmetrics.recording.level = INFO\r\n\tmetrics.sample.window.ms = 30000\r\n\tpartitioner.adaptive.partitioning.enable = true\r\n\tpartitioner.availability.timeout.ms = 0\r\n\tpartitioner.class = null\r\n\tpartitioner.ignore.keys = false\r\n\treceive.buffer.bytes = 32768\r\n\treconnect.backoff.max.ms = 1000\r\n\treconnect.backoff.ms = 50\r\n\trequest.timeout.ms = 30000\r\n\tretries = 2147483647\r\n\tretry.backoff.max.ms = 1000\r\n\tretry.backoff.ms = 100\r\n\tsasl.client.callback.handler.class = null\r\n\tsasl.jaas.config = null\r\n\tsasl.kerberos.kinit.cmd = /usr/bin/kinit\r\n\tsasl.kerberos.min.time.before.relogin = 60000\r\n\tsasl.kerberos.service.name = null\r\n\tsasl.kerberos.ticket.renew.jitter = 0.05\r\n\tsasl.kerberos.ticket.renew.window.factor = 0.8\r\n\tsasl.login.callback.handler.class = null\r\n\tsasl.login.class = null\r\n\tsasl.login.connect.timeout.ms = null\r\n\tsasl.login.read.timeout.ms = null\r\n\tsasl.login.refresh.buffer.seconds = 300\r\n\tsasl.login.refresh.min.period.seconds = 60\r\n\tsasl.login.refresh.window.factor = 0.8\r\n\tsasl.login.refresh.window.jitter = 0.05\r\n\tsasl.login.retry.backoff.max.ms = 10000\r\n\tsasl.login.retry.backoff.ms = 100\r\n\tsasl.mechanism = GSSAPI\r\n\tsasl.oauthbearer.clock.skew.seconds = 30\r\n\tsasl.oauthbearer.expected.audience = null\r\n\tsasl.oauthbearer.expected.issuer = null\r\n\tsasl.oauthbearer.jwks.endpoint.refresh.ms = 3600000\r\n\tsasl.oauthbearer.jwks.endpoint.retry.backoff.max.ms = 10000\r\n\tsasl.oauthbearer.jwks.endpoint.retry.backoff.ms = 100\r\n\tsasl.oauthbearer.jwks.endpoint.url = null\r\n\tsasl.oauthbearer.scope.claim.name = scope\r\n\tsasl.oauthbearer.sub.claim.name = sub\r\n\tsasl.oauthbearer.token.endpoint.url = null\r\n\tsecurity.protocol = PLAINTEXT\r\n\tsecurity.providers = null\r\n\tsend.buffer.bytes = 131072\r\n\tsocket.connection.setup.timeout.max.ms = 30000\r\n\tsocket.connection.setup.timeout.ms = 10000\r\n\tssl.cipher.suites = null\r\n\tssl.enabled.protocols = [TLSv1.2, TLSv1.3]\r\n\tssl.endpoint.identification.algorithm = https\r\n\tssl.engine.factory.class = null\r\n\tssl.key.password = null\r\n\tssl.keymanager.algorithm = SunX509\r\n\tssl.keystore.certificate.chain = null\r\n\tssl.keystore.key = null\r\n\tssl.keystore.location = null\r\n\tssl.keystore.password = null\r\n\tssl.keystore.type = JKS\r\n\tssl.protocol = TLSv1.3\r\n\tssl.provider = null\r\n\tssl.secure.random.implementation = null\r\n\tssl.trustmanager.algorithm = PKIX\r\n\tssl.truststore.certificates = null\r\n\tssl.truststore.location = null\r\n\tssl.truststore.password = null\r\n\tssl.truststore.type = JKS\r\n\ttransaction.timeout.ms = 60000\r\n\ttransactional.id = null\r\n\tvalue.serializer = class org.apache.kafka.common.serialization.ByteArraySerializer\r\n","logger_name":"org.apache.kafka.clients.producer.ProducerConfig","thread_name":"kafka-admin-client-thread | moviebooking-backend-admin-0","level":"INFO","level_value":20000}
{"@timestamp":"2025-08-09T15:05:39.9332536+05:30","@version":"1","message":"initializing Kafka metrics collector","logger_name":"org.apache.kafka.common.telemetry.internals.KafkaMetricsCollector","thread_name":"kafka-admin-client-thread | moviebooking-backend-admin-0","level":"INFO","level_value":20000}
{"@timestamp":"2025-08-09T15:05:39.9354046+05:30","@version":"1","message":"[Producer clientId=producer-81] Instantiated an idempotent producer.","logger_name":"org.apache.kafka.clients.producer.KafkaProducer","thread_name":"kafka-admin-client-thread | moviebooking-backend-admin-0","level":"INFO","level_value":20000}
{"@timestamp":"2025-08-09T15:05:39.9374371+05:30","@version":"1","message":"[Producer clientId=producer-81] Closing the Kafka producer with timeoutMillis = 0 ms.","logger_name":"org.apache.kafka.clients.producer.KafkaProducer","thread_name":"kafka-admin-client-thread | moviebooking-backend-admin-0","level":"INFO","level_value":20000}
{"@timestamp":"2025-08-09T15:05:39.939948+05:30","@version":"1","message":"Metrics scheduler closed","logger_name":"org.apache.kafka.common.metrics.Metrics","thread_name":"kafka-admin-client-thread | moviebooking-backend-admin-0","level":"INFO","level_value":20000}
{"@timestamp":"2025-08-09T15:05:39.939948+05:30","@version":"1","message":"Closing reporter org.apache.kafka.common.metrics.JmxReporter","logger_name":"org.apache.kafka.common.metrics.Metrics","thread_name":"kafka-admin-client-thread | moviebooking-backend-admin-0","level":"INFO","level_value":20000}
{"@timestamp":"2025-08-09T15:05:39.939948+05:30","@version":"1","message":"Closing reporter org.apache.kafka.common.telemetry.internals.ClientTelemetryReporter","logger_name":"org.apache.kafka.common.metrics.Metrics","thread_name":"kafka-admin-client-thread | moviebooking-backend-admin-0","level":"INFO","level_value":20000}
{"@timestamp":"2025-08-09T15:05:39.9409456+05:30","@version":"1","message":"Metrics reporters closed","logger_name":"org.apache.kafka.common.metrics.Metrics","thread_name":"kafka-admin-client-thread | moviebooking-backend-admin-0","level":"INFO","level_value":20000}
{"@timestamp":"2025-08-09T15:05:39.9409456+05:30","@version":"1","message":"App info kafka.producer for producer-81 unregistered","logger_name":"org.apache.kafka.common.utils.AppInfoParser","thread_name":"kafka-admin-client-thread | moviebooking-backend-admin-0","level":"INFO","level_value":20000}
{"@timestamp":"2025-08-09T15:05:40.924541+05:30","@version":"1","message":"[AdminClient clientId=moviebooking-backend-admin-0] Node -1 disconnected.","logger_name":"org.apache.kafka.clients.NetworkClient","thread_name":"kafka-admin-client-thread | moviebooking-backend-admin-0","level":"INFO","level_value":20000}
{"@timestamp":"2025-08-09T15:05:40.9267425+05:30","@version":"1","message":"ProducerConfig values: \r\n\tacks = -1\r\n\tauto.include.jmx.reporter = true\r\n\tbatch.size = 16384\r\n\tbootstrap.servers = [spring.kafka.bootstrap-servers_IS_UNDEFINED]\r\n\tbuffer.memory = 33554432\r\n\tclient.dns.lookup = use_all_dns_ips\r\n\tclient.id = producer-82\r\n\tcompression.type = none\r\n\tconnections.max.idle.ms = 540000\r\n\tdelivery.timeout.ms = 120000\r\n\tenable.idempotence = true\r\n\tenable.metrics.push = true\r\n\tinterceptor.classes = []\r\n\tkey.serializer = class org.apache.kafka.common.serialization.ByteArraySerializer\r\n\tlinger.ms = 0\r\n\tmax.block.ms = 60000\r\n\tmax.in.flight.requests.per.connection = 5\r\n\tmax.request.size = 1048576\r\n\tmetadata.max.age.ms = 300000\r\n\tmetadata.max.idle.ms = 300000\r\n\tmetric.reporters = []\r\n\tmetrics.num.samples = 2\r\n\tmetrics.recording.level = INFO\r\n\tmetrics.sample.window.ms = 30000\r\n\tpartitioner.adaptive.partitioning.enable = true\r\n\tpartitioner.availability.timeout.ms = 0\r\n\tpartitioner.class = null\r\n\tpartitioner.ignore.keys = false\r\n\treceive.buffer.bytes = 32768\r\n\treconnect.backoff.max.ms = 1000\r\n\treconnect.backoff.ms = 50\r\n\trequest.timeout.ms = 30000\r\n\tretries = 2147483647\r\n\tretry.backoff.max.ms = 1000\r\n\tretry.backoff.ms = 100\r\n\tsasl.client.callback.handler.class = null\r\n\tsasl.jaas.config = null\r\n\tsasl.kerberos.kinit.cmd = /usr/bin/kinit\r\n\tsasl.kerberos.min.time.before.relogin = 60000\r\n\tsasl.kerberos.service.name = null\r\n\tsasl.kerberos.ticket.renew.jitter = 0.05\r\n\tsasl.kerberos.ticket.renew.window.factor = 0.8\r\n\tsasl.login.callback.handler.class = null\r\n\tsasl.login.class = null\r\n\tsasl.login.connect.timeout.ms = null\r\n\tsasl.login.read.timeout.ms = null\r\n\tsasl.login.refresh.buffer.seconds = 300\r\n\tsasl.login.refresh.min.period.seconds = 60\r\n\tsasl.login.refresh.window.factor = 0.8\r\n\tsasl.login.refresh.window.jitter = 0.05\r\n\tsasl.login.retry.backoff.max.ms = 10000\r\n\tsasl.login.retry.backoff.ms = 100\r\n\tsasl.mechanism = GSSAPI\r\n\tsasl.oauthbearer.clock.skew.seconds = 30\r\n\tsasl.oauthbearer.expected.audience = null\r\n\tsasl.oauthbearer.expected.issuer = null\r\n\tsasl.oauthbearer.jwks.endpoint.refresh.ms = 3600000\r\n\tsasl.oauthbearer.jwks.endpoint.retry.backoff.max.ms = 10000\r\n\tsasl.oauthbearer.jwks.endpoint.retry.backoff.ms = 100\r\n\tsasl.oauthbearer.jwks.endpoint.url = null\r\n\tsasl.oauthbearer.scope.claim.name = scope\r\n\tsasl.oauthbearer.sub.claim.name = sub\r\n\tsasl.oauthbearer.token.endpoint.url = null\r\n\tsecurity.protocol = PLAINTEXT\r\n\tsecurity.providers = null\r\n\tsend.buffer.bytes = 131072\r\n\tsocket.connection.setup.timeout.max.ms = 30000\r\n\tsocket.connection.setup.timeout.ms = 10000\r\n\tssl.cipher.suites = null\r\n\tssl.enabled.protocols = [TLSv1.2, TLSv1.3]\r\n\tssl.endpoint.identification.algorithm = https\r\n\tssl.engine.factory.class = null\r\n\tssl.key.password = null\r\n\tssl.keymanager.algorithm = SunX509\r\n\tssl.keystore.certificate.chain = null\r\n\tssl.keystore.key = null\r\n\tssl.keystore.location = null\r\n\tssl.keystore.password = null\r\n\tssl.keystore.type = JKS\r\n\tssl.protocol = TLSv1.3\r\n\tssl.provider = null\r\n\tssl.secure.random.implementation = null\r\n\tssl.trustmanager.algorithm = PKIX\r\n\tssl.truststore.certificates = null\r\n\tssl.truststore.location = null\r\n\tssl.truststore.password = null\r\n\tssl.truststore.type = JKS\r\n\ttransaction.timeout.ms = 60000\r\n\ttransactional.id = null\r\n\tvalue.serializer = class org.apache.kafka.common.serialization.ByteArraySerializer\r\n","logger_name":"org.apache.kafka.clients.producer.ProducerConfig","thread_name":"kafka-admin-client-thread | moviebooking-backend-admin-0","level":"INFO","level_value":20000}
{"@timestamp":"2025-08-09T15:05:40.9297387+05:30","@version":"1","message":"initializing Kafka metrics collector","logger_name":"org.apache.kafka.common.telemetry.internals.KafkaMetricsCollector","thread_name":"kafka-admin-client-thread | moviebooking-backend-admin-0","level":"INFO","level_value":20000}
{"@timestamp":"2025-08-09T15:05:40.9327417+05:30","@version":"1","message":"[Producer clientId=producer-82] Instantiated an idempotent producer.","logger_name":"org.apache.kafka.clients.producer.KafkaProducer","thread_name":"kafka-admin-client-thread | moviebooking-backend-admin-0","level":"INFO","level_value":20000}
{"@timestamp":"2025-08-09T15:05:40.9339259+05:30","@version":"1","message":"[Producer clientId=producer-82] Closing the Kafka producer with timeoutMillis = 0 ms.","logger_name":"org.apache.kafka.clients.producer.KafkaProducer","thread_name":"kafka-admin-client-thread | moviebooking-backend-admin-0","level":"INFO","level_value":20000}
{"@timestamp":"2025-08-09T15:05:40.9359463+05:30","@version":"1","message":"Metrics scheduler closed","logger_name":"org.apache.kafka.common.metrics.Metrics","thread_name":"kafka-admin-client-thread | moviebooking-backend-admin-0","level":"INFO","level_value":20000}
{"@timestamp":"2025-08-09T15:05:40.9359463+05:30","@version":"1","message":"Closing reporter org.apache.kafka.common.metrics.JmxReporter","logger_name":"org.apache.kafka.common.metrics.Metrics","thread_name":"kafka-admin-client-thread | moviebooking-backend-admin-0","level":"INFO","level_value":20000}
{"@timestamp":"2025-08-09T15:05:40.9359463+05:30","@version":"1","message":"Closing reporter org.apache.kafka.common.telemetry.internals.ClientTelemetryReporter","logger_name":"org.apache.kafka.common.metrics.Metrics","thread_name":"kafka-admin-client-thread | moviebooking-backend-admin-0","level":"INFO","level_value":20000}
{"@timestamp":"2025-08-09T15:05:40.9359463+05:30","@version":"1","message":"Metrics reporters closed","logger_name":"org.apache.kafka.common.metrics.Metrics","thread_name":"kafka-admin-client-thread | moviebooking-backend-admin-0","level":"INFO","level_value":20000}
{"@timestamp":"2025-08-09T15:05:40.9359463+05:30","@version":"1","message":"App info kafka.producer for producer-82 unregistered","logger_name":"org.apache.kafka.common.utils.AppInfoParser","thread_name":"kafka-admin-client-thread | moviebooking-backend-admin-0","level":"INFO","level_value":20000}
{"@timestamp":"2025-08-09T15:05:40.9369895+05:30","@version":"1","message":"[AdminClient clientId=moviebooking-backend-admin-0] Connection to node -1 (localhost/127.0.0.1:9092) could not be established. Node may not be available.","logger_name":"org.apache.kafka.clients.NetworkClient","thread_name":"kafka-admin-client-thread | moviebooking-backend-admin-0","level":"WARN","level_value":30000}
{"@timestamp":"2025-08-09T15:05:40.9369895+05:30","@version":"1","message":"ProducerConfig values: \r\n\tacks = -1\r\n\tauto.include.jmx.reporter = true\r\n\tbatch.size = 16384\r\n\tbootstrap.servers = [spring.kafka.bootstrap-servers_IS_UNDEFINED]\r\n\tbuffer.memory = 33554432\r\n\tclient.dns.lookup = use_all_dns_ips\r\n\tclient.id = producer-83\r\n\tcompression.type = none\r\n\tconnections.max.idle.ms = 540000\r\n\tdelivery.timeout.ms = 120000\r\n\tenable.idempotence = true\r\n\tenable.metrics.push = true\r\n\tinterceptor.classes = []\r\n\tkey.serializer = class org.apache.kafka.common.serialization.ByteArraySerializer\r\n\tlinger.ms = 0\r\n\tmax.block.ms = 60000\r\n\tmax.in.flight.requests.per.connection = 5\r\n\tmax.request.size = 1048576\r\n\tmetadata.max.age.ms = 300000\r\n\tmetadata.max.idle.ms = 300000\r\n\tmetric.reporters = []\r\n\tmetrics.num.samples = 2\r\n\tmetrics.recording.level = INFO\r\n\tmetrics.sample.window.ms = 30000\r\n\tpartitioner.adaptive.partitioning.enable = true\r\n\tpartitioner.availability.timeout.ms = 0\r\n\tpartitioner.class = null\r\n\tpartitioner.ignore.keys = false\r\n\treceive.buffer.bytes = 32768\r\n\treconnect.backoff.max.ms = 1000\r\n\treconnect.backoff.ms = 50\r\n\trequest.timeout.ms = 30000\r\n\tretries = 2147483647\r\n\tretry.backoff.max.ms = 1000\r\n\tretry.backoff.ms = 100\r\n\tsasl.client.callback.handler.class = null\r\n\tsasl.jaas.config = null\r\n\tsasl.kerberos.kinit.cmd = /usr/bin/kinit\r\n\tsasl.kerberos.min.time.before.relogin = 60000\r\n\tsasl.kerberos.service.name = null\r\n\tsasl.kerberos.ticket.renew.jitter = 0.05\r\n\tsasl.kerberos.ticket.renew.window.factor = 0.8\r\n\tsasl.login.callback.handler.class = null\r\n\tsasl.login.class = null\r\n\tsasl.login.connect.timeout.ms = null\r\n\tsasl.login.read.timeout.ms = null\r\n\tsasl.login.refresh.buffer.seconds = 300\r\n\tsasl.login.refresh.min.period.seconds = 60\r\n\tsasl.login.refresh.window.factor = 0.8\r\n\tsasl.login.refresh.window.jitter = 0.05\r\n\tsasl.login.retry.backoff.max.ms = 10000\r\n\tsasl.login.retry.backoff.ms = 100\r\n\tsasl.mechanism = GSSAPI\r\n\tsasl.oauthbearer.clock.skew.seconds = 30\r\n\tsasl.oauthbearer.expected.audience = null\r\n\tsasl.oauthbearer.expected.issuer = null\r\n\tsasl.oauthbearer.jwks.endpoint.refresh.ms = 3600000\r\n\tsasl.oauthbearer.jwks.endpoint.retry.backoff.max.ms = 10000\r\n\tsasl.oauthbearer.jwks.endpoint.retry.backoff.ms = 100\r\n\tsasl.oauthbearer.jwks.endpoint.url = null\r\n\tsasl.oauthbearer.scope.claim.name = scope\r\n\tsasl.oauthbearer.sub.claim.name = sub\r\n\tsasl.oauthbearer.token.endpoint.url = null\r\n\tsecurity.protocol = PLAINTEXT\r\n\tsecurity.providers = null\r\n\tsend.buffer.bytes = 131072\r\n\tsocket.connection.setup.timeout.max.ms = 30000\r\n\tsocket.connection.setup.timeout.ms = 10000\r\n\tssl.cipher.suites = null\r\n\tssl.enabled.protocols = [TLSv1.2, TLSv1.3]\r\n\tssl.endpoint.identification.algorithm = https\r\n\tssl.engine.factory.class = null\r\n\tssl.key.password = null\r\n\tssl.keymanager.algorithm = SunX509\r\n\tssl.keystore.certificate.chain = null\r\n\tssl.keystore.key = null\r\n\tssl.keystore.location = null\r\n\tssl.keystore.password = null\r\n\tssl.keystore.type = JKS\r\n\tssl.protocol = TLSv1.3\r\n\tssl.provider = null\r\n\tssl.secure.random.implementation = null\r\n\tssl.trustmanager.algorithm = PKIX\r\n\tssl.truststore.certificates = null\r\n\tssl.truststore.location = null\r\n\tssl.truststore.password = null\r\n\tssl.truststore.type = JKS\r\n\ttransaction.timeout.ms = 60000\r\n\ttransactional.id = null\r\n\tvalue.serializer = class org.apache.kafka.common.serialization.ByteArraySerializer\r\n","logger_name":"org.apache.kafka.clients.producer.ProducerConfig","thread_name":"kafka-admin-client-thread | moviebooking-backend-admin-0","level":"INFO","level_value":20000}
{"@timestamp":"2025-08-09T15:05:40.9380117+05:30","@version":"1","message":"initializing Kafka metrics collector","logger_name":"org.apache.kafka.common.telemetry.internals.KafkaMetricsCollector","thread_name":"kafka-admin-client-thread | moviebooking-backend-admin-0","level":"INFO","level_value":20000}
{"@timestamp":"2025-08-09T15:05:40.939015+05:30","@version":"1","message":"[Producer clientId=producer-83] Instantiated an idempotent producer.","logger_name":"org.apache.kafka.clients.producer.KafkaProducer","thread_name":"kafka-admin-client-thread | moviebooking-backend-admin-0","level":"INFO","level_value":20000}
{"@timestamp":"2025-08-09T15:05:40.9410124+05:30","@version":"1","message":"[Producer clientId=producer-83] Closing the Kafka producer with timeoutMillis = 0 ms.","logger_name":"org.apache.kafka.clients.producer.KafkaProducer","thread_name":"kafka-admin-client-thread | moviebooking-backend-admin-0","level":"INFO","level_value":20000}
{"@timestamp":"2025-08-09T15:05:40.9410124+05:30","@version":"1","message":"Metrics scheduler closed","logger_name":"org.apache.kafka.common.metrics.Metrics","thread_name":"kafka-admin-client-thread | moviebooking-backend-admin-0","level":"INFO","level_value":20000}
{"@timestamp":"2025-08-09T15:05:40.9410124+05:30","@version":"1","message":"Closing reporter org.apache.kafka.common.metrics.JmxReporter","logger_name":"org.apache.kafka.common.metrics.Metrics","thread_name":"kafka-admin-client-thread | moviebooking-backend-admin-0","level":"INFO","level_value":20000}
{"@timestamp":"2025-08-09T15:05:40.9410124+05:30","@version":"1","message":"Closing reporter org.apache.kafka.common.telemetry.internals.ClientTelemetryReporter","logger_name":"org.apache.kafka.common.metrics.Metrics","thread_name":"kafka-admin-client-thread | moviebooking-backend-admin-0","level":"INFO","level_value":20000}
{"@timestamp":"2025-08-09T15:05:40.9420168+05:30","@version":"1","message":"Metrics reporters closed","logger_name":"org.apache.kafka.common.metrics.Metrics","thread_name":"kafka-admin-client-thread | moviebooking-backend-admin-0","level":"INFO","level_value":20000}
{"@timestamp":"2025-08-09T15:05:40.9420168+05:30","@version":"1","message":"App info kafka.producer for producer-83 unregistered","logger_name":"org.apache.kafka.common.utils.AppInfoParser","thread_name":"kafka-admin-client-thread | moviebooking-backend-admin-0","level":"INFO","level_value":20000}
{"@timestamp":"2025-08-09T15:05:41.9236109+05:30","@version":"1","message":"[AdminClient clientId=moviebooking-backend-admin-0] Node -1 disconnected.","logger_name":"org.apache.kafka.clients.NetworkClient","thread_name":"kafka-admin-client-thread | moviebooking-backend-admin-0","level":"INFO","level_value":20000}
{"@timestamp":"2025-08-09T15:05:41.9275832+05:30","@version":"1","message":"ProducerConfig values: \r\n\tacks = -1\r\n\tauto.include.jmx.reporter = true\r\n\tbatch.size = 16384\r\n\tbootstrap.servers = [spring.kafka.bootstrap-servers_IS_UNDEFINED]\r\n\tbuffer.memory = 33554432\r\n\tclient.dns.lookup = use_all_dns_ips\r\n\tclient.id = producer-84\r\n\tcompression.type = none\r\n\tconnections.max.idle.ms = 540000\r\n\tdelivery.timeout.ms = 120000\r\n\tenable.idempotence = true\r\n\tenable.metrics.push = true\r\n\tinterceptor.classes = []\r\n\tkey.serializer = class org.apache.kafka.common.serialization.ByteArraySerializer\r\n\tlinger.ms = 0\r\n\tmax.block.ms = 60000\r\n\tmax.in.flight.requests.per.connection = 5\r\n\tmax.request.size = 1048576\r\n\tmetadata.max.age.ms = 300000\r\n\tmetadata.max.idle.ms = 300000\r\n\tmetric.reporters = []\r\n\tmetrics.num.samples = 2\r\n\tmetrics.recording.level = INFO\r\n\tmetrics.sample.window.ms = 30000\r\n\tpartitioner.adaptive.partitioning.enable = true\r\n\tpartitioner.availability.timeout.ms = 0\r\n\tpartitioner.class = null\r\n\tpartitioner.ignore.keys = false\r\n\treceive.buffer.bytes = 32768\r\n\treconnect.backoff.max.ms = 1000\r\n\treconnect.backoff.ms = 50\r\n\trequest.timeout.ms = 30000\r\n\tretries = 2147483647\r\n\tretry.backoff.max.ms = 1000\r\n\tretry.backoff.ms = 100\r\n\tsasl.client.callback.handler.class = null\r\n\tsasl.jaas.config = null\r\n\tsasl.kerberos.kinit.cmd = /usr/bin/kinit\r\n\tsasl.kerberos.min.time.before.relogin = 60000\r\n\tsasl.kerberos.service.name = null\r\n\tsasl.kerberos.ticket.renew.jitter = 0.05\r\n\tsasl.kerberos.ticket.renew.window.factor = 0.8\r\n\tsasl.login.callback.handler.class = null\r\n\tsasl.login.class = null\r\n\tsasl.login.connect.timeout.ms = null\r\n\tsasl.login.read.timeout.ms = null\r\n\tsasl.login.refresh.buffer.seconds = 300\r\n\tsasl.login.refresh.min.period.seconds = 60\r\n\tsasl.login.refresh.window.factor = 0.8\r\n\tsasl.login.refresh.window.jitter = 0.05\r\n\tsasl.login.retry.backoff.max.ms = 10000\r\n\tsasl.login.retry.backoff.ms = 100\r\n\tsasl.mechanism = GSSAPI\r\n\tsasl.oauthbearer.clock.skew.seconds = 30\r\n\tsasl.oauthbearer.expected.audience = null\r\n\tsasl.oauthbearer.expected.issuer = null\r\n\tsasl.oauthbearer.jwks.endpoint.refresh.ms = 3600000\r\n\tsasl.oauthbearer.jwks.endpoint.retry.backoff.max.ms = 10000\r\n\tsasl.oauthbearer.jwks.endpoint.retry.backoff.ms = 100\r\n\tsasl.oauthbearer.jwks.endpoint.url = null\r\n\tsasl.oauthbearer.scope.claim.name = scope\r\n\tsasl.oauthbearer.sub.claim.name = sub\r\n\tsasl.oauthbearer.token.endpoint.url = null\r\n\tsecurity.protocol = PLAINTEXT\r\n\tsecurity.providers = null\r\n\tsend.buffer.bytes = 131072\r\n\tsocket.connection.setup.timeout.max.ms = 30000\r\n\tsocket.connection.setup.timeout.ms = 10000\r\n\tssl.cipher.suites = null\r\n\tssl.enabled.protocols = [TLSv1.2, TLSv1.3]\r\n\tssl.endpoint.identification.algorithm = https\r\n\tssl.engine.factory.class = null\r\n\tssl.key.password = null\r\n\tssl.keymanager.algorithm = SunX509\r\n\tssl.keystore.certificate.chain = null\r\n\tssl.keystore.key = null\r\n\tssl.keystore.location = null\r\n\tssl.keystore.password = null\r\n\tssl.keystore.type = JKS\r\n\tssl.protocol = TLSv1.3\r\n\tssl.provider = null\r\n\tssl.secure.random.implementation = null\r\n\tssl.trustmanager.algorithm = PKIX\r\n\tssl.truststore.certificates = null\r\n\tssl.truststore.location = null\r\n\tssl.truststore.password = null\r\n\tssl.truststore.type = JKS\r\n\ttransaction.timeout.ms = 60000\r\n\ttransactional.id = null\r\n\tvalue.serializer = class org.apache.kafka.common.serialization.ByteArraySerializer\r\n","logger_name":"org.apache.kafka.clients.producer.ProducerConfig","thread_name":"kafka-admin-client-thread | moviebooking-backend-admin-0","level":"INFO","level_value":20000}
{"@timestamp":"2025-08-09T15:05:41.9285837+05:30","@version":"1","message":"initializing Kafka metrics collector","logger_name":"org.apache.kafka.common.telemetry.internals.KafkaMetricsCollector","thread_name":"kafka-admin-client-thread | moviebooking-backend-admin-0","level":"INFO","level_value":20000}
{"@timestamp":"2025-08-09T15:05:41.9285837+05:30","@version":"1","message":"[Producer clientId=producer-84] Instantiated an idempotent producer.","logger_name":"org.apache.kafka.clients.producer.KafkaProducer","thread_name":"kafka-admin-client-thread | moviebooking-backend-admin-0","level":"INFO","level_value":20000}
{"@timestamp":"2025-08-09T15:05:41.9313295+05:30","@version":"1","message":"[Producer clientId=producer-84] Closing the Kafka producer with timeoutMillis = 0 ms.","logger_name":"org.apache.kafka.clients.producer.KafkaProducer","thread_name":"kafka-admin-client-thread | moviebooking-backend-admin-0","level":"INFO","level_value":20000}
{"@timestamp":"2025-08-09T15:05:41.9313295+05:30","@version":"1","message":"Metrics scheduler closed","logger_name":"org.apache.kafka.common.metrics.Metrics","thread_name":"kafka-admin-client-thread | moviebooking-backend-admin-0","level":"INFO","level_value":20000}
{"@timestamp":"2025-08-09T15:05:41.9313295+05:30","@version":"1","message":"Closing reporter org.apache.kafka.common.metrics.JmxReporter","logger_name":"org.apache.kafka.common.metrics.Metrics","thread_name":"kafka-admin-client-thread | moviebooking-backend-admin-0","level":"INFO","level_value":20000}
{"@timestamp":"2025-08-09T15:05:41.9313295+05:30","@version":"1","message":"Closing reporter org.apache.kafka.common.telemetry.internals.ClientTelemetryReporter","logger_name":"org.apache.kafka.common.metrics.Metrics","thread_name":"kafka-admin-client-thread | moviebooking-backend-admin-0","level":"INFO","level_value":20000}
{"@timestamp":"2025-08-09T15:05:41.9313295+05:30","@version":"1","message":"Metrics reporters closed","logger_name":"org.apache.kafka.common.metrics.Metrics","thread_name":"kafka-admin-client-thread | moviebooking-backend-admin-0","level":"INFO","level_value":20000}
{"@timestamp":"2025-08-09T15:05:41.9313295+05:30","@version":"1","message":"App info kafka.producer for producer-84 unregistered","logger_name":"org.apache.kafka.common.utils.AppInfoParser","thread_name":"kafka-admin-client-thread | moviebooking-backend-admin-0","level":"INFO","level_value":20000}
{"@timestamp":"2025-08-09T15:05:41.9333621+05:30","@version":"1","message":"[AdminClient clientId=moviebooking-backend-admin-0] Connection to node -1 (localhost/127.0.0.1:9092) could not be established. Node may not be available.","logger_name":"org.apache.kafka.clients.NetworkClient","thread_name":"kafka-admin-client-thread | moviebooking-backend-admin-0","level":"WARN","level_value":30000}
{"@timestamp":"2025-08-09T15:05:41.9363601+05:30","@version":"1","message":"ProducerConfig values: \r\n\tacks = -1\r\n\tauto.include.jmx.reporter = true\r\n\tbatch.size = 16384\r\n\tbootstrap.servers = [spring.kafka.bootstrap-servers_IS_UNDEFINED]\r\n\tbuffer.memory = 33554432\r\n\tclient.dns.lookup = use_all_dns_ips\r\n\tclient.id = producer-85\r\n\tcompression.type = none\r\n\tconnections.max.idle.ms = 540000\r\n\tdelivery.timeout.ms = 120000\r\n\tenable.idempotence = true\r\n\tenable.metrics.push = true\r\n\tinterceptor.classes = []\r\n\tkey.serializer = class org.apache.kafka.common.serialization.ByteArraySerializer\r\n\tlinger.ms = 0\r\n\tmax.block.ms = 60000\r\n\tmax.in.flight.requests.per.connection = 5\r\n\tmax.request.size = 1048576\r\n\tmetadata.max.age.ms = 300000\r\n\tmetadata.max.idle.ms = 300000\r\n\tmetric.reporters = []\r\n\tmetrics.num.samples = 2\r\n\tmetrics.recording.level = INFO\r\n\tmetrics.sample.window.ms = 30000\r\n\tpartitioner.adaptive.partitioning.enable = true\r\n\tpartitioner.availability.timeout.ms = 0\r\n\tpartitioner.class = null\r\n\tpartitioner.ignore.keys = false\r\n\treceive.buffer.bytes = 32768\r\n\treconnect.backoff.max.ms = 1000\r\n\treconnect.backoff.ms = 50\r\n\trequest.timeout.ms = 30000\r\n\tretries = 2147483647\r\n\tretry.backoff.max.ms = 1000\r\n\tretry.backoff.ms = 100\r\n\tsasl.client.callback.handler.class = null\r\n\tsasl.jaas.config = null\r\n\tsasl.kerberos.kinit.cmd = /usr/bin/kinit\r\n\tsasl.kerberos.min.time.before.relogin = 60000\r\n\tsasl.kerberos.service.name = null\r\n\tsasl.kerberos.ticket.renew.jitter = 0.05\r\n\tsasl.kerberos.ticket.renew.window.factor = 0.8\r\n\tsasl.login.callback.handler.class = null\r\n\tsasl.login.class = null\r\n\tsasl.login.connect.timeout.ms = null\r\n\tsasl.login.read.timeout.ms = null\r\n\tsasl.login.refresh.buffer.seconds = 300\r\n\tsasl.login.refresh.min.period.seconds = 60\r\n\tsasl.login.refresh.window.factor = 0.8\r\n\tsasl.login.refresh.window.jitter = 0.05\r\n\tsasl.login.retry.backoff.max.ms = 10000\r\n\tsasl.login.retry.backoff.ms = 100\r\n\tsasl.mechanism = GSSAPI\r\n\tsasl.oauthbearer.clock.skew.seconds = 30\r\n\tsasl.oauthbearer.expected.audience = null\r\n\tsasl.oauthbearer.expected.issuer = null\r\n\tsasl.oauthbearer.jwks.endpoint.refresh.ms = 3600000\r\n\tsasl.oauthbearer.jwks.endpoint.retry.backoff.max.ms = 10000\r\n\tsasl.oauthbearer.jwks.endpoint.retry.backoff.ms = 100\r\n\tsasl.oauthbearer.jwks.endpoint.url = null\r\n\tsasl.oauthbearer.scope.claim.name = scope\r\n\tsasl.oauthbearer.sub.claim.name = sub\r\n\tsasl.oauthbearer.token.endpoint.url = null\r\n\tsecurity.protocol = PLAINTEXT\r\n\tsecurity.providers = null\r\n\tsend.buffer.bytes = 131072\r\n\tsocket.connection.setup.timeout.max.ms = 30000\r\n\tsocket.connection.setup.timeout.ms = 10000\r\n\tssl.cipher.suites = null\r\n\tssl.enabled.protocols = [TLSv1.2, TLSv1.3]\r\n\tssl.endpoint.identification.algorithm = https\r\n\tssl.engine.factory.class = null\r\n\tssl.key.password = null\r\n\tssl.keymanager.algorithm = SunX509\r\n\tssl.keystore.certificate.chain = null\r\n\tssl.keystore.key = null\r\n\tssl.keystore.location = null\r\n\tssl.keystore.password = null\r\n\tssl.keystore.type = JKS\r\n\tssl.protocol = TLSv1.3\r\n\tssl.provider = null\r\n\tssl.secure.random.implementation = null\r\n\tssl.trustmanager.algorithm = PKIX\r\n\tssl.truststore.certificates = null\r\n\tssl.truststore.location = null\r\n\tssl.truststore.password = null\r\n\tssl.truststore.type = JKS\r\n\ttransaction.timeout.ms = 60000\r\n\ttransactional.id = null\r\n\tvalue.serializer = class org.apache.kafka.common.serialization.ByteArraySerializer\r\n","logger_name":"org.apache.kafka.clients.producer.ProducerConfig","thread_name":"kafka-admin-client-thread | moviebooking-backend-admin-0","level":"INFO","level_value":20000}
{"@timestamp":"2025-08-09T15:05:41.9363601+05:30","@version":"1","message":"initializing Kafka metrics collector","logger_name":"org.apache.kafka.common.telemetry.internals.KafkaMetricsCollector","thread_name":"kafka-admin-client-thread | moviebooking-backend-admin-0","level":"INFO","level_value":20000}
{"@timestamp":"2025-08-09T15:05:41.9378342+05:30","@version":"1","message":"[Producer clientId=producer-85] Instantiated an idempotent producer.","logger_name":"org.apache.kafka.clients.producer.KafkaProducer","thread_name":"kafka-admin-client-thread | moviebooking-backend-admin-0","level":"INFO","level_value":20000}
{"@timestamp":"2025-08-09T15:05:41.9398679+05:30","@version":"1","message":"[Producer clientId=producer-85] Closing the Kafka producer with timeoutMillis = 0 ms.","logger_name":"org.apache.kafka.clients.producer.KafkaProducer","thread_name":"kafka-admin-client-thread | moviebooking-backend-admin-0","level":"INFO","level_value":20000}
{"@timestamp":"2025-08-09T15:05:41.9398679+05:30","@version":"1","message":"Metrics scheduler closed","logger_name":"org.apache.kafka.common.metrics.Metrics","thread_name":"kafka-admin-client-thread | moviebooking-backend-admin-0","level":"INFO","level_value":20000}
{"@timestamp":"2025-08-09T15:05:41.9398679+05:30","@version":"1","message":"Closing reporter org.apache.kafka.common.metrics.JmxReporter","logger_name":"org.apache.kafka.common.metrics.Metrics","thread_name":"kafka-admin-client-thread | moviebooking-backend-admin-0","level":"INFO","level_value":20000}
{"@timestamp":"2025-08-09T15:05:41.9398679+05:30","@version":"1","message":"Closing reporter org.apache.kafka.common.telemetry.internals.ClientTelemetryReporter","logger_name":"org.apache.kafka.common.metrics.Metrics","thread_name":"kafka-admin-client-thread | moviebooking-backend-admin-0","level":"INFO","level_value":20000}
{"@timestamp":"2025-08-09T15:05:41.9418657+05:30","@version":"1","message":"Metrics reporters closed","logger_name":"org.apache.kafka.common.metrics.Metrics","thread_name":"kafka-admin-client-thread | moviebooking-backend-admin-0","level":"INFO","level_value":20000}
{"@timestamp":"2025-08-09T15:05:41.9418657+05:30","@version":"1","message":"App info kafka.producer for producer-85 unregistered","logger_name":"org.apache.kafka.common.utils.AppInfoParser","thread_name":"kafka-admin-client-thread | moviebooking-backend-admin-0","level":"INFO","level_value":20000}
{"@timestamp":"2025-08-09T15:05:42.9296503+05:30","@version":"1","message":"[AdminClient clientId=moviebooking-backend-admin-0] Node -1 disconnected.","logger_name":"org.apache.kafka.clients.NetworkClient","thread_name":"kafka-admin-client-thread | moviebooking-backend-admin-0","level":"INFO","level_value":20000}
{"@timestamp":"2025-08-09T15:05:42.9306469+05:30","@version":"1","message":"ProducerConfig values: \r\n\tacks = -1\r\n\tauto.include.jmx.reporter = true\r\n\tbatch.size = 16384\r\n\tbootstrap.servers = [spring.kafka.bootstrap-servers_IS_UNDEFINED]\r\n\tbuffer.memory = 33554432\r\n\tclient.dns.lookup = use_all_dns_ips\r\n\tclient.id = producer-86\r\n\tcompression.type = none\r\n\tconnections.max.idle.ms = 540000\r\n\tdelivery.timeout.ms = 120000\r\n\tenable.idempotence = true\r\n\tenable.metrics.push = true\r\n\tinterceptor.classes = []\r\n\tkey.serializer = class org.apache.kafka.common.serialization.ByteArraySerializer\r\n\tlinger.ms = 0\r\n\tmax.block.ms = 60000\r\n\tmax.in.flight.requests.per.connection = 5\r\n\tmax.request.size = 1048576\r\n\tmetadata.max.age.ms = 300000\r\n\tmetadata.max.idle.ms = 300000\r\n\tmetric.reporters = []\r\n\tmetrics.num.samples = 2\r\n\tmetrics.recording.level = INFO\r\n\tmetrics.sample.window.ms = 30000\r\n\tpartitioner.adaptive.partitioning.enable = true\r\n\tpartitioner.availability.timeout.ms = 0\r\n\tpartitioner.class = null\r\n\tpartitioner.ignore.keys = false\r\n\treceive.buffer.bytes = 32768\r\n\treconnect.backoff.max.ms = 1000\r\n\treconnect.backoff.ms = 50\r\n\trequest.timeout.ms = 30000\r\n\tretries = 2147483647\r\n\tretry.backoff.max.ms = 1000\r\n\tretry.backoff.ms = 100\r\n\tsasl.client.callback.handler.class = null\r\n\tsasl.jaas.config = null\r\n\tsasl.kerberos.kinit.cmd = /usr/bin/kinit\r\n\tsasl.kerberos.min.time.before.relogin = 60000\r\n\tsasl.kerberos.service.name = null\r\n\tsasl.kerberos.ticket.renew.jitter = 0.05\r\n\tsasl.kerberos.ticket.renew.window.factor = 0.8\r\n\tsasl.login.callback.handler.class = null\r\n\tsasl.login.class = null\r\n\tsasl.login.connect.timeout.ms = null\r\n\tsasl.login.read.timeout.ms = null\r\n\tsasl.login.refresh.buffer.seconds = 300\r\n\tsasl.login.refresh.min.period.seconds = 60\r\n\tsasl.login.refresh.window.factor = 0.8\r\n\tsasl.login.refresh.window.jitter = 0.05\r\n\tsasl.login.retry.backoff.max.ms = 10000\r\n\tsasl.login.retry.backoff.ms = 100\r\n\tsasl.mechanism = GSSAPI\r\n\tsasl.oauthbearer.clock.skew.seconds = 30\r\n\tsasl.oauthbearer.expected.audience = null\r\n\tsasl.oauthbearer.expected.issuer = null\r\n\tsasl.oauthbearer.jwks.endpoint.refresh.ms = 3600000\r\n\tsasl.oauthbearer.jwks.endpoint.retry.backoff.max.ms = 10000\r\n\tsasl.oauthbearer.jwks.endpoint.retry.backoff.ms = 100\r\n\tsasl.oauthbearer.jwks.endpoint.url = null\r\n\tsasl.oauthbearer.scope.claim.name = scope\r\n\tsasl.oauthbearer.sub.claim.name = sub\r\n\tsasl.oauthbearer.token.endpoint.url = null\r\n\tsecurity.protocol = PLAINTEXT\r\n\tsecurity.providers = null\r\n\tsend.buffer.bytes = 131072\r\n\tsocket.connection.setup.timeout.max.ms = 30000\r\n\tsocket.connection.setup.timeout.ms = 10000\r\n\tssl.cipher.suites = null\r\n\tssl.enabled.protocols = [TLSv1.2, TLSv1.3]\r\n\tssl.endpoint.identification.algorithm = https\r\n\tssl.engine.factory.class = null\r\n\tssl.key.password = null\r\n\tssl.keymanager.algorithm = SunX509\r\n\tssl.keystore.certificate.chain = null\r\n\tssl.keystore.key = null\r\n\tssl.keystore.location = null\r\n\tssl.keystore.password = null\r\n\tssl.keystore.type = JKS\r\n\tssl.protocol = TLSv1.3\r\n\tssl.provider = null\r\n\tssl.secure.random.implementation = null\r\n\tssl.trustmanager.algorithm = PKIX\r\n\tssl.truststore.certificates = null\r\n\tssl.truststore.location = null\r\n\tssl.truststore.password = null\r\n\tssl.truststore.type = JKS\r\n\ttransaction.timeout.ms = 60000\r\n\ttransactional.id = null\r\n\tvalue.serializer = class org.apache.kafka.common.serialization.ByteArraySerializer\r\n","logger_name":"org.apache.kafka.clients.producer.ProducerConfig","thread_name":"kafka-admin-client-thread | moviebooking-backend-admin-0","level":"INFO","level_value":20000}
{"@timestamp":"2025-08-09T15:05:42.9326457+05:30","@version":"1","message":"initializing Kafka metrics collector","logger_name":"org.apache.kafka.common.telemetry.internals.KafkaMetricsCollector","thread_name":"kafka-admin-client-thread | moviebooking-backend-admin-0","level":"INFO","level_value":20000}
{"@timestamp":"2025-08-09T15:05:42.9336407+05:30","@version":"1","message":"[Producer clientId=producer-86] Instantiated an idempotent producer.","logger_name":"org.apache.kafka.clients.producer.KafkaProducer","thread_name":"kafka-admin-client-thread | moviebooking-backend-admin-0","level":"INFO","level_value":20000}
{"@timestamp":"2025-08-09T15:05:42.9346431+05:30","@version":"1","message":"[Producer clientId=producer-86] Closing the Kafka producer with timeoutMillis = 0 ms.","logger_name":"org.apache.kafka.clients.producer.KafkaProducer","thread_name":"kafka-admin-client-thread | moviebooking-backend-admin-0","level":"INFO","level_value":20000}
{"@timestamp":"2025-08-09T15:05:42.9356466+05:30","@version":"1","message":"Metrics scheduler closed","logger_name":"org.apache.kafka.common.metrics.Metrics","thread_name":"kafka-admin-client-thread | moviebooking-backend-admin-0","level":"INFO","level_value":20000}
{"@timestamp":"2025-08-09T15:05:42.9356466+05:30","@version":"1","message":"Closing reporter org.apache.kafka.common.metrics.JmxReporter","logger_name":"org.apache.kafka.common.metrics.Metrics","thread_name":"kafka-admin-client-thread | moviebooking-backend-admin-0","level":"INFO","level_value":20000}
{"@timestamp":"2025-08-09T15:05:42.9356466+05:30","@version":"1","message":"Closing reporter org.apache.kafka.common.telemetry.internals.ClientTelemetryReporter","logger_name":"org.apache.kafka.common.metrics.Metrics","thread_name":"kafka-admin-client-thread | moviebooking-backend-admin-0","level":"INFO","level_value":20000}
{"@timestamp":"2025-08-09T15:05:42.9356466+05:30","@version":"1","message":"Metrics reporters closed","logger_name":"org.apache.kafka.common.metrics.Metrics","thread_name":"kafka-admin-client-thread | moviebooking-backend-admin-0","level":"INFO","level_value":20000}
{"@timestamp":"2025-08-09T15:05:42.9356466+05:30","@version":"1","message":"App info kafka.producer for producer-86 unregistered","logger_name":"org.apache.kafka.common.utils.AppInfoParser","thread_name":"kafka-admin-client-thread | moviebooking-backend-admin-0","level":"INFO","level_value":20000}
{"@timestamp":"2025-08-09T15:05:42.9366438+05:30","@version":"1","message":"[AdminClient clientId=moviebooking-backend-admin-0] Connection to node -1 (localhost/127.0.0.1:9092) could not be established. Node may not be available.","logger_name":"org.apache.kafka.clients.NetworkClient","thread_name":"kafka-admin-client-thread | moviebooking-backend-admin-0","level":"WARN","level_value":30000}
{"@timestamp":"2025-08-09T15:05:42.9376471+05:30","@version":"1","message":"ProducerConfig values: \r\n\tacks = -1\r\n\tauto.include.jmx.reporter = true\r\n\tbatch.size = 16384\r\n\tbootstrap.servers = [spring.kafka.bootstrap-servers_IS_UNDEFINED]\r\n\tbuffer.memory = 33554432\r\n\tclient.dns.lookup = use_all_dns_ips\r\n\tclient.id = producer-87\r\n\tcompression.type = none\r\n\tconnections.max.idle.ms = 540000\r\n\tdelivery.timeout.ms = 120000\r\n\tenable.idempotence = true\r\n\tenable.metrics.push = true\r\n\tinterceptor.classes = []\r\n\tkey.serializer = class org.apache.kafka.common.serialization.ByteArraySerializer\r\n\tlinger.ms = 0\r\n\tmax.block.ms = 60000\r\n\tmax.in.flight.requests.per.connection = 5\r\n\tmax.request.size = 1048576\r\n\tmetadata.max.age.ms = 300000\r\n\tmetadata.max.idle.ms = 300000\r\n\tmetric.reporters = []\r\n\tmetrics.num.samples = 2\r\n\tmetrics.recording.level = INFO\r\n\tmetrics.sample.window.ms = 30000\r\n\tpartitioner.adaptive.partitioning.enable = true\r\n\tpartitioner.availability.timeout.ms = 0\r\n\tpartitioner.class = null\r\n\tpartitioner.ignore.keys = false\r\n\treceive.buffer.bytes = 32768\r\n\treconnect.backoff.max.ms = 1000\r\n\treconnect.backoff.ms = 50\r\n\trequest.timeout.ms = 30000\r\n\tretries = 2147483647\r\n\tretry.backoff.max.ms = 1000\r\n\tretry.backoff.ms = 100\r\n\tsasl.client.callback.handler.class = null\r\n\tsasl.jaas.config = null\r\n\tsasl.kerberos.kinit.cmd = /usr/bin/kinit\r\n\tsasl.kerberos.min.time.before.relogin = 60000\r\n\tsasl.kerberos.service.name = null\r\n\tsasl.kerberos.ticket.renew.jitter = 0.05\r\n\tsasl.kerberos.ticket.renew.window.factor = 0.8\r\n\tsasl.login.callback.handler.class = null\r\n\tsasl.login.class = null\r\n\tsasl.login.connect.timeout.ms = null\r\n\tsasl.login.read.timeout.ms = null\r\n\tsasl.login.refresh.buffer.seconds = 300\r\n\tsasl.login.refresh.min.period.seconds = 60\r\n\tsasl.login.refresh.window.factor = 0.8\r\n\tsasl.login.refresh.window.jitter = 0.05\r\n\tsasl.login.retry.backoff.max.ms = 10000\r\n\tsasl.login.retry.backoff.ms = 100\r\n\tsasl.mechanism = GSSAPI\r\n\tsasl.oauthbearer.clock.skew.seconds = 30\r\n\tsasl.oauthbearer.expected.audience = null\r\n\tsasl.oauthbearer.expected.issuer = null\r\n\tsasl.oauthbearer.jwks.endpoint.refresh.ms = 3600000\r\n\tsasl.oauthbearer.jwks.endpoint.retry.backoff.max.ms = 10000\r\n\tsasl.oauthbearer.jwks.endpoint.retry.backoff.ms = 100\r\n\tsasl.oauthbearer.jwks.endpoint.url = null\r\n\tsasl.oauthbearer.scope.claim.name = scope\r\n\tsasl.oauthbearer.sub.claim.name = sub\r\n\tsasl.oauthbearer.token.endpoint.url = null\r\n\tsecurity.protocol = PLAINTEXT\r\n\tsecurity.providers = null\r\n\tsend.buffer.bytes = 131072\r\n\tsocket.connection.setup.timeout.max.ms = 30000\r\n\tsocket.connection.setup.timeout.ms = 10000\r\n\tssl.cipher.suites = null\r\n\tssl.enabled.protocols = [TLSv1.2, TLSv1.3]\r\n\tssl.endpoint.identification.algorithm = https\r\n\tssl.engine.factory.class = null\r\n\tssl.key.password = null\r\n\tssl.keymanager.algorithm = SunX509\r\n\tssl.keystore.certificate.chain = null\r\n\tssl.keystore.key = null\r\n\tssl.keystore.location = null\r\n\tssl.keystore.password = null\r\n\tssl.keystore.type = JKS\r\n\tssl.protocol = TLSv1.3\r\n\tssl.provider = null\r\n\tssl.secure.random.implementation = null\r\n\tssl.trustmanager.algorithm = PKIX\r\n\tssl.truststore.certificates = null\r\n\tssl.truststore.location = null\r\n\tssl.truststore.password = null\r\n\tssl.truststore.type = JKS\r\n\ttransaction.timeout.ms = 60000\r\n\ttransactional.id = null\r\n\tvalue.serializer = class org.apache.kafka.common.serialization.ByteArraySerializer\r\n","logger_name":"org.apache.kafka.clients.producer.ProducerConfig","thread_name":"kafka-admin-client-thread | moviebooking-backend-admin-0","level":"INFO","level_value":20000}
{"@timestamp":"2025-08-09T15:05:42.9376471+05:30","@version":"1","message":"initializing Kafka metrics collector","logger_name":"org.apache.kafka.common.telemetry.internals.KafkaMetricsCollector","thread_name":"kafka-admin-client-thread | moviebooking-backend-admin-0","level":"INFO","level_value":20000}
{"@timestamp":"2025-08-09T15:05:42.9386467+05:30","@version":"1","message":"[Producer clientId=producer-87] Instantiated an idempotent producer.","logger_name":"org.apache.kafka.clients.producer.KafkaProducer","thread_name":"kafka-admin-client-thread | moviebooking-backend-admin-0","level":"INFO","level_value":20000}
{"@timestamp":"2025-08-09T15:05:42.9399797+05:30","@version":"1","message":"[Producer clientId=producer-87] Closing the Kafka producer with timeoutMillis = 0 ms.","logger_name":"org.apache.kafka.clients.producer.KafkaProducer","thread_name":"kafka-admin-client-thread | moviebooking-backend-admin-0","level":"INFO","level_value":20000}
{"@timestamp":"2025-08-09T15:05:42.9399797+05:30","@version":"1","message":"Metrics scheduler closed","logger_name":"org.apache.kafka.common.metrics.Metrics","thread_name":"kafka-admin-client-thread | moviebooking-backend-admin-0","level":"INFO","level_value":20000}
{"@timestamp":"2025-08-09T15:05:42.9399797+05:30","@version":"1","message":"Closing reporter org.apache.kafka.common.metrics.JmxReporter","logger_name":"org.apache.kafka.common.metrics.Metrics","thread_name":"kafka-admin-client-thread | moviebooking-backend-admin-0","level":"INFO","level_value":20000}
{"@timestamp":"2025-08-09T15:05:42.9399797+05:30","@version":"1","message":"Closing reporter org.apache.kafka.common.telemetry.internals.ClientTelemetryReporter","logger_name":"org.apache.kafka.common.metrics.Metrics","thread_name":"kafka-admin-client-thread | moviebooking-backend-admin-0","level":"INFO","level_value":20000}
{"@timestamp":"2025-08-09T15:05:42.9399797+05:30","@version":"1","message":"Metrics reporters closed","logger_name":"org.apache.kafka.common.metrics.Metrics","thread_name":"kafka-admin-client-thread | moviebooking-backend-admin-0","level":"INFO","level_value":20000}
{"@timestamp":"2025-08-09T15:05:42.9399797+05:30","@version":"1","message":"App info kafka.producer for producer-87 unregistered","logger_name":"org.apache.kafka.common.utils.AppInfoParser","thread_name":"kafka-admin-client-thread | moviebooking-backend-admin-0","level":"INFO","level_value":20000}
{"@timestamp":"2025-08-09T15:05:43.8622645+05:30","@version":"1","message":"[AdminClient clientId=moviebooking-backend-admin-0] Metadata update failed","logger_name":"org.apache.kafka.clients.admin.internals.AdminMetadataManager","thread_name":"kafka-admin-client-thread | moviebooking-backend-admin-0","level":"INFO","level_value":20000,"stack_trace":"org.apache.kafka.common.errors.TimeoutException: Timed out waiting for a node assignment. Call: fetchMetadata\r\n"}
{"@timestamp":"2025-08-09T15:05:43.8702564+05:30","@version":"1","message":"ProducerConfig values: \r\n\tacks = -1\r\n\tauto.include.jmx.reporter = true\r\n\tbatch.size = 16384\r\n\tbootstrap.servers = [spring.kafka.bootstrap-servers_IS_UNDEFINED]\r\n\tbuffer.memory = 33554432\r\n\tclient.dns.lookup = use_all_dns_ips\r\n\tclient.id = producer-88\r\n\tcompression.type = none\r\n\tconnections.max.idle.ms = 540000\r\n\tdelivery.timeout.ms = 120000\r\n\tenable.idempotence = true\r\n\tenable.metrics.push = true\r\n\tinterceptor.classes = []\r\n\tkey.serializer = class org.apache.kafka.common.serialization.ByteArraySerializer\r\n\tlinger.ms = 0\r\n\tmax.block.ms = 60000\r\n\tmax.in.flight.requests.per.connection = 5\r\n\tmax.request.size = 1048576\r\n\tmetadata.max.age.ms = 300000\r\n\tmetadata.max.idle.ms = 300000\r\n\tmetric.reporters = []\r\n\tmetrics.num.samples = 2\r\n\tmetrics.recording.level = INFO\r\n\tmetrics.sample.window.ms = 30000\r\n\tpartitioner.adaptive.partitioning.enable = true\r\n\tpartitioner.availability.timeout.ms = 0\r\n\tpartitioner.class = null\r\n\tpartitioner.ignore.keys = false\r\n\treceive.buffer.bytes = 32768\r\n\treconnect.backoff.max.ms = 1000\r\n\treconnect.backoff.ms = 50\r\n\trequest.timeout.ms = 30000\r\n\tretries = 2147483647\r\n\tretry.backoff.max.ms = 1000\r\n\tretry.backoff.ms = 100\r\n\tsasl.client.callback.handler.class = null\r\n\tsasl.jaas.config = null\r\n\tsasl.kerberos.kinit.cmd = /usr/bin/kinit\r\n\tsasl.kerberos.min.time.before.relogin = 60000\r\n\tsasl.kerberos.service.name = null\r\n\tsasl.kerberos.ticket.renew.jitter = 0.05\r\n\tsasl.kerberos.ticket.renew.window.factor = 0.8\r\n\tsasl.login.callback.handler.class = null\r\n\tsasl.login.class = null\r\n\tsasl.login.connect.timeout.ms = null\r\n\tsasl.login.read.timeout.ms = null\r\n\tsasl.login.refresh.buffer.seconds = 300\r\n\tsasl.login.refresh.min.period.seconds = 60\r\n\tsasl.login.refresh.window.factor = 0.8\r\n\tsasl.login.refresh.window.jitter = 0.05\r\n\tsasl.login.retry.backoff.max.ms = 10000\r\n\tsasl.login.retry.backoff.ms = 100\r\n\tsasl.mechanism = GSSAPI\r\n\tsasl.oauthbearer.clock.skew.seconds = 30\r\n\tsasl.oauthbearer.expected.audience = null\r\n\tsasl.oauthbearer.expected.issuer = null\r\n\tsasl.oauthbearer.jwks.endpoint.refresh.ms = 3600000\r\n\tsasl.oauthbearer.jwks.endpoint.retry.backoff.max.ms = 10000\r\n\tsasl.oauthbearer.jwks.endpoint.retry.backoff.ms = 100\r\n\tsasl.oauthbearer.jwks.endpoint.url = null\r\n\tsasl.oauthbearer.scope.claim.name = scope\r\n\tsasl.oauthbearer.sub.claim.name = sub\r\n\tsasl.oauthbearer.token.endpoint.url = null\r\n\tsecurity.protocol = PLAINTEXT\r\n\tsecurity.providers = null\r\n\tsend.buffer.bytes = 131072\r\n\tsocket.connection.setup.timeout.max.ms = 30000\r\n\tsocket.connection.setup.timeout.ms = 10000\r\n\tssl.cipher.suites = null\r\n\tssl.enabled.protocols = [TLSv1.2, TLSv1.3]\r\n\tssl.endpoint.identification.algorithm = https\r\n\tssl.engine.factory.class = null\r\n\tssl.key.password = null\r\n\tssl.keymanager.algorithm = SunX509\r\n\tssl.keystore.certificate.chain = null\r\n\tssl.keystore.key = null\r\n\tssl.keystore.location = null\r\n\tssl.keystore.password = null\r\n\tssl.keystore.type = JKS\r\n\tssl.protocol = TLSv1.3\r\n\tssl.provider = null\r\n\tssl.secure.random.implementation = null\r\n\tssl.trustmanager.algorithm = PKIX\r\n\tssl.truststore.certificates = null\r\n\tssl.truststore.location = null\r\n\tssl.truststore.password = null\r\n\tssl.truststore.type = JKS\r\n\ttransaction.timeout.ms = 60000\r\n\ttransactional.id = null\r\n\tvalue.serializer = class org.apache.kafka.common.serialization.ByteArraySerializer\r\n","logger_name":"org.apache.kafka.clients.producer.ProducerConfig","thread_name":"kafka-admin-client-thread | moviebooking-backend-admin-0","level":"INFO","level_value":20000}
{"@timestamp":"2025-08-09T15:05:43.8712575+05:30","@version":"1","message":"initializing Kafka metrics collector","logger_name":"org.apache.kafka.common.telemetry.internals.KafkaMetricsCollector","thread_name":"kafka-admin-client-thread | moviebooking-backend-admin-0","level":"INFO","level_value":20000}
{"@timestamp":"2025-08-09T15:05:43.8725179+05:30","@version":"1","message":"[Producer clientId=producer-88] Instantiated an idempotent producer.","logger_name":"org.apache.kafka.clients.producer.KafkaProducer","thread_name":"kafka-admin-client-thread | moviebooking-backend-admin-0","level":"INFO","level_value":20000}
{"@timestamp":"2025-08-09T15:05:43.8735391+05:30","@version":"1","message":"[Producer clientId=producer-88] Closing the Kafka producer with timeoutMillis = 0 ms.","logger_name":"org.apache.kafka.clients.producer.KafkaProducer","thread_name":"kafka-admin-client-thread | moviebooking-backend-admin-0","level":"INFO","level_value":20000}
{"@timestamp":"2025-08-09T15:05:43.8735391+05:30","@version":"1","message":"Metrics scheduler closed","logger_name":"org.apache.kafka.common.metrics.Metrics","thread_name":"kafka-admin-client-thread | moviebooking-backend-admin-0","level":"INFO","level_value":20000}
{"@timestamp":"2025-08-09T15:05:43.8735391+05:30","@version":"1","message":"Closing reporter org.apache.kafka.common.metrics.JmxReporter","logger_name":"org.apache.kafka.common.metrics.Metrics","thread_name":"kafka-admin-client-thread | moviebooking-backend-admin-0","level":"INFO","level_value":20000}
{"@timestamp":"2025-08-09T15:05:43.8735391+05:30","@version":"1","message":"Closing reporter org.apache.kafka.common.telemetry.internals.ClientTelemetryReporter","logger_name":"org.apache.kafka.common.metrics.Metrics","thread_name":"kafka-admin-client-thread | moviebooking-backend-admin-0","level":"INFO","level_value":20000}
{"@timestamp":"2025-08-09T15:05:43.8735391+05:30","@version":"1","message":"Metrics reporters closed","logger_name":"org.apache.kafka.common.metrics.Metrics","thread_name":"kafka-admin-client-thread | moviebooking-backend-admin-0","level":"INFO","level_value":20000}
{"@timestamp":"2025-08-09T15:05:43.8745402+05:30","@version":"1","message":"App info kafka.producer for producer-88 unregistered","logger_name":"org.apache.kafka.common.utils.AppInfoParser","thread_name":"kafka-admin-client-thread | moviebooking-backend-admin-0","level":"INFO","level_value":20000}
{"@timestamp":"2025-08-09T15:05:43.8785376+05:30","@version":"1","message":"Could not configure topics","logger_name":"org.springframework.kafka.core.KafkaAdmin","thread_name":"main","level":"ERROR","level_value":40000,"stack_trace":"org.springframework.kafka.KafkaException: Timed out waiting to get existing topics\r\n\tat org.springframework.kafka.core.KafkaAdmin.lambda$checkPartitions$13(KafkaAdmin.java:539)\r\n\tat java.base/java.util.HashMap.forEach(HashMap.java:1429)\r\n\tat org.springframework.kafka.core.KafkaAdmin.checkPartitions(KafkaAdmin.java:518)\r\n\tat org.springframework.kafka.core.KafkaAdmin.addOrModifyTopicsIfNeeded(KafkaAdmin.java:411)\r\n\tat org.springframework.kafka.core.KafkaAdmin.initialize(KafkaAdmin.java:263)\r\n\tat org.springframework.kafka.core.KafkaAdmin.afterSingletonsInstantiated(KafkaAdmin.java:227)\r\n\tat org.springframework.beans.factory.support.DefaultListableBeanFactory.preInstantiateSingletons(DefaultListableBeanFactory.java:986)\r\n\tat org.springframework.context.support.AbstractApplicationContext.finishBeanFactoryInitialization(AbstractApplicationContext.java:971)\r\n\tat org.springframework.context.support.AbstractApplicationContext.refresh(AbstractApplicationContext.java:625)\r\n\tat org.springframework.boot.SpringApplication.refresh(SpringApplication.java:754)\r\n\tat org.springframework.boot.SpringApplication.refreshContext(SpringApplication.java:456)\r\n\tat org.springframework.boot.SpringApplication.run(SpringApplication.java:335)\r\n\tat org.springframework.boot.test.context.SpringBootContextLoader.lambda$loadContext$3(SpringBootContextLoader.java:137)\r\n\tat org.springframework.util.function.ThrowingSupplier.get(ThrowingSupplier.java:58)\r\n\tat org.springframework.util.function.ThrowingSupplier.get(ThrowingSupplier.java:46)\r\n\tat org.springframework.boot.SpringApplication.withHook(SpringApplication.java:1463)\r\n\tat org.springframework.boot.test.context.SpringBootContextLoader$ContextLoaderHook.run(SpringBootContextLoader.java:553)\r\n\tat org.springframework.boot.test.context.SpringBootContextLoader.loadContext(SpringBootContextLoader.java:137)\r\n\tat org.springframework.boot.test.context.SpringBootContextLoader.loadContext(SpringBootContextLoader.java:108)\r\n\tat org.springframework.test.context.cache.DefaultCacheAwareContextLoaderDelegate.loadContextInternal(DefaultCacheAwareContextLoaderDelegate.java:225)\r\n\tat org.springframework.test.context.cache.DefaultCacheAwareContextLoaderDelegate.loadContext(DefaultCacheAwareContextLoaderDelegate.java:152)\r\n\tat org.springframework.test.context.support.DefaultTestContext.getApplicationContext(DefaultTestContext.java:130)\r\n\tat org.springframework.test.context.web.ServletTestExecutionListener.setUpRequestContextIfNecessary(ServletTestExecutionListener.java:191)\r\n\tat org.springframework.test.context.web.ServletTestExecutionListener.prepareTestInstance(ServletTestExecutionListener.java:130)\r\n\tat org.springframework.test.context.TestContextManager.prepareTestInstance(TestContextManager.java:260)\r\n\tat org.springframework.test.context.junit.jupiter.SpringExtension.postProcessTestInstance(SpringExtension.java:163)\r\n\tat org.junit.jupiter.engine.descriptor.ClassBasedTestDescriptor.lambda$invokeTestInstancePostProcessors$10(ClassBasedTestDescriptor.java:378)\r\n\tat org.junit.jupiter.engine.descriptor.ClassBasedTestDescriptor.executeAndMaskThrowable(ClassBasedTestDescriptor.java:383)\r\n\tat org.junit.jupiter.engine.descriptor.ClassBasedTestDescriptor.lambda$invokeTestInstancePostProcessors$11(ClassBasedTestDescriptor.java:378)\r\n\tat java.base/java.util.stream.ReferencePipeline$3$1.accept(ReferencePipeline.java:197)\r\n\tat java.base/java.util.stream.ReferencePipeline$2$1.accept(ReferencePipeline.java:179)\r\n\tat java.base/java.util.ArrayList$ArrayListSpliterator.forEachRemaining(ArrayList.java:1708)\r\n\tat java.base/java.util.stream.AbstractPipeline.copyInto(AbstractPipeline.java:509)\r\n\tat java.base/java.util.stream.AbstractPipeline.wrapAndCopyInto(AbstractPipeline.java:499)\r\n\tat java.base/java.util.stream.StreamSpliterators$WrappingSpliterator.forEachRemaining(StreamSpliterators.java:310)\r\n\tat java.base/java.util.stream.Streams$ConcatSpliterator.forEachRemaining(Streams.java:735)\r\n\tat java.base/java.util.stream.Streams$ConcatSpliterator.forEachRemaining(Streams.java:734)\r\n\tat java.base/java.util.stream.ReferencePipeline$Head.forEach(ReferencePipeline.java:762)\r\n\tat org.junit.jupiter.engine.descriptor.ClassBasedTestDescriptor.invokeTestInstancePostProcessors(ClassBasedTestDescriptor.java:377)\r\n\tat org.junit.jupiter.engine.descriptor.ClassBasedTestDescriptor.lambda$instantiateAndPostProcessTestInstance$6(ClassBasedTestDescriptor.java:290)\r\n\tat org.junit.platform.engine.support.hierarchical.ThrowableCollector.execute(ThrowableCollector.java:73)\r\n\tat org.junit.jupiter.engine.descriptor.ClassBasedTestDescriptor.instantiateAndPostProcessTestInstance(ClassBasedTestDescriptor.java:289)\r\n\tat org.junit.jupiter.engine.descriptor.ClassBasedTestDescriptor.lambda$testInstancesProvider$4(ClassBasedTestDescriptor.java:279)\r\n\tat java.base/java.util.Optional.orElseGet(Optional.java:364)\r\n\tat org.junit.jupiter.engine.descriptor.ClassBasedTestDescriptor.lambda$testInstancesProvider$5(ClassBasedTestDescriptor.java:278)\r\n\tat org.junit.jupiter.engine.execution.TestInstancesProvider.getTestInstances(TestInstancesProvider.java:31)\r\n\tat org.junit.jupiter.engine.descriptor.TestMethodTestDescriptor.lambda$prepare$0(TestMethodTestDescriptor.java:106)\r\n\tat org.junit.platform.engine.support.hierarchical.ThrowableCollector.execute(ThrowableCollector.java:73)\r\n\tat org.junit.jupiter.engine.descriptor.TestMethodTestDescriptor.prepare(TestMethodTestDescriptor.java:105)\r\n\tat org.junit.jupiter.engine.descriptor.TestMethodTestDescriptor.prepare(TestMethodTestDescriptor.java:69)\r\n\tat org.junit.platform.engine.support.hierarchical.NodeTestTask.lambda$prepare$2(NodeTestTask.java:123)\r\n\tat org.junit.platform.engine.support.hierarchical.ThrowableCollector.execute(ThrowableCollector.java:73)\r\n\tat org.junit.platform.engine.support.hierarchical.NodeTestTask.prepare(NodeTestTask.java:123)\r\n\tat org.junit.platform.engine.support.hierarchical.NodeTestTask.execute(NodeTestTask.java:90)\r\n\tat java.base/java.util.ArrayList.forEach(ArrayList.java:1596)\r\n\tat org.junit.platform.engine.support.hierarchical.SameThreadHierarchicalTestExecutorService.invokeAll(SameThreadHierarchicalTestExecutorService.java:41)\r\n\tat org.junit.platform.engine.support.hierarchical.NodeTestTask.lambda$executeRecursively$6(NodeTestTask.java:155)\r\n\tat org.junit.platform.engine.support.hierarchical.ThrowableCollector.execute(ThrowableCollector.java:73)\r\n\tat org.junit.platform.engine.support.hierarchical.NodeTestTask.lambda$executeRecursively$8(NodeTestTask.java:141)\r\n\tat org.junit.platform.engine.support.hierarchical.Node.around(Node.java:137)\r\n\tat org.junit.platform.engine.support.hierarchical.NodeTestTask.lambda$executeRecursively$9(NodeTestTask.java:139)\r\n\tat org.junit.platform.engine.support.hierarchical.ThrowableCollector.execute(ThrowableCollector.java:73)\r\n\tat org.junit.platform.engine.support.hierarchical.NodeTestTask.executeRecursively(NodeTestTask.java:138)\r\n\tat org.junit.platform.engine.support.hierarchical.NodeTestTask.execute(NodeTestTask.java:95)\r\n\tat java.base/java.util.ArrayList.forEach(ArrayList.java:1596)\r\n\tat org.junit.platform.engine.support.hierarchical.SameThreadHierarchicalTestExecutorService.invokeAll(SameThreadHierarchicalTestExecutorService.java:41)\r\n\tat org.junit.platform.engine.support.hierarchical.NodeTestTask.lambda$executeRecursively$6(NodeTestTask.java:155)\r\n\tat org.junit.platform.engine.support.hierarchical.ThrowableCollector.execute(ThrowableCollector.java:73)\r\n\tat org.junit.platform.engine.support.hierarchical.NodeTestTask.lambda$executeRecursively$8(NodeTestTask.java:141)\r\n\tat org.junit.platform.engine.support.hierarchical.Node.around(Node.java:137)\r\n\tat org.junit.platform.engine.support.hierarchical.NodeTestTask.lambda$executeRecursively$9(NodeTestTask.java:139)\r\n\tat org.junit.platform.engine.support.hierarchical.ThrowableCollector.execute(ThrowableCollector.java:73)\r\n\tat org.junit.platform.engine.support.hierarchical.NodeTestTask.executeRecursively(NodeTestTask.java:138)\r\n\tat org.junit.platform.engine.support.hierarchical.NodeTestTask.execute(NodeTestTask.java:95)\r\n\tat org.junit.platform.engine.support.hierarchical.SameThreadHierarchicalTestExecutorService.submit(SameThreadHierarchicalTestExecutorService.java:35)\r\n\tat org.junit.platform.engine.support.hierarchical.HierarchicalTestExecutor.execute(HierarchicalTestExecutor.java:57)\r\n\tat org.junit.platform.engine.support.hierarchical.HierarchicalTestEngine.execute(HierarchicalTestEngine.java:54)\r\n\tat org.junit.platform.launcher.core.EngineExecutionOrchestrator.execute(EngineExecutionOrchestrator.java:198)\r\n\tat org.junit.platform.launcher.core.EngineExecutionOrchestrator.execute(EngineExecutionOrchestrator.java:169)\r\n\tat org.junit.platform.launcher.core.EngineExecutionOrchestrator.execute(EngineExecutionOrchestrator.java:93)\r\n\tat org.junit.platform.launcher.core.EngineExecutionOrchestrator.lambda$execute$0(EngineExecutionOrchestrator.java:58)\r\n\tat org.junit.platform.launcher.core.EngineExecutionOrchestrator.withInterceptedStreams(EngineExecutionOrchestrator.java:141)\r\n\tat org.junit.platform.launcher.core.EngineExecutionOrchestrator.execute(EngineExecutionOrchestrator.java:57)\r\n\tat org.junit.platform.launcher.core.DefaultLauncher.execute(DefaultLauncher.java:103)\r\n\tat org.junit.platform.launcher.core.DefaultLauncher.execute(DefaultLauncher.java:85)\r\n\tat org.junit.platform.launcher.core.DelegatingLauncher.execute(DelegatingLauncher.java:47)\r\n\tat org.apache.maven.surefire.junitplatform.LazyLauncher.execute(LazyLauncher.java:56)\r\n\tat org.apache.maven.surefire.junitplatform.JUnitPlatformProvider.execute(JUnitPlatformProvider.java:184)\r\n\tat org.apache.maven.surefire.junitplatform.JUnitPlatformProvider.invokeAllTests(JUnitPlatformProvider.java:148)\r\n\tat org.apache.maven.surefire.junitplatform.JUnitPlatformProvider.invoke(JUnitPlatformProvider.java:122)\r\n\tat org.apache.maven.surefire.booter.ForkedBooter.runSuitesInProcess(ForkedBooter.java:385)\r\n\tat org.apache.maven.surefire.booter.ForkedBooter.execute(ForkedBooter.java:162)\r\n\tat org.apache.maven.surefire.booter.ForkedBooter.run(ForkedBooter.java:507)\r\n\tat org.apache.maven.surefire.booter.ForkedBooter.main(ForkedBooter.java:495)\r\nCaused by: java.util.concurrent.TimeoutException: null\r\n\tat java.base/java.util.concurrent.CompletableFuture.timedGet(CompletableFuture.java:1960)\r\n\tat java.base/java.util.concurrent.CompletableFuture.get(CompletableFuture.java:2095)\r\n\tat org.apache.kafka.common.internals.KafkaFutureImpl.get(KafkaFutureImpl.java:180)\r\n\tat org.springframework.kafka.core.KafkaAdmin.lambda$checkPartitions$13(KafkaAdmin.java:521)\r\n\t... 93 common frames omitted\r\n"}
{"@timestamp":"2025-08-09T15:05:43.8835391+05:30","@version":"1","message":"ProducerConfig values: \r\n\tacks = -1\r\n\tauto.include.jmx.reporter = true\r\n\tbatch.size = 16384\r\n\tbootstrap.servers = [spring.kafka.bootstrap-servers_IS_UNDEFINED]\r\n\tbuffer.memory = 33554432\r\n\tclient.dns.lookup = use_all_dns_ips\r\n\tclient.id = producer-89\r\n\tcompression.type = none\r\n\tconnections.max.idle.ms = 540000\r\n\tdelivery.timeout.ms = 120000\r\n\tenable.idempotence = true\r\n\tenable.metrics.push = true\r\n\tinterceptor.classes = []\r\n\tkey.serializer = class org.apache.kafka.common.serialization.ByteArraySerializer\r\n\tlinger.ms = 0\r\n\tmax.block.ms = 60000\r\n\tmax.in.flight.requests.per.connection = 5\r\n\tmax.request.size = 1048576\r\n\tmetadata.max.age.ms = 300000\r\n\tmetadata.max.idle.ms = 300000\r\n\tmetric.reporters = []\r\n\tmetrics.num.samples = 2\r\n\tmetrics.recording.level = INFO\r\n\tmetrics.sample.window.ms = 30000\r\n\tpartitioner.adaptive.partitioning.enable = true\r\n\tpartitioner.availability.timeout.ms = 0\r\n\tpartitioner.class = null\r\n\tpartitioner.ignore.keys = false\r\n\treceive.buffer.bytes = 32768\r\n\treconnect.backoff.max.ms = 1000\r\n\treconnect.backoff.ms = 50\r\n\trequest.timeout.ms = 30000\r\n\tretries = 2147483647\r\n\tretry.backoff.max.ms = 1000\r\n\tretry.backoff.ms = 100\r\n\tsasl.client.callback.handler.class = null\r\n\tsasl.jaas.config = null\r\n\tsasl.kerberos.kinit.cmd = /usr/bin/kinit\r\n\tsasl.kerberos.min.time.before.relogin = 60000\r\n\tsasl.kerberos.service.name = null\r\n\tsasl.kerberos.ticket.renew.jitter = 0.05\r\n\tsasl.kerberos.ticket.renew.window.factor = 0.8\r\n\tsasl.login.callback.handler.class = null\r\n\tsasl.login.class = null\r\n\tsasl.login.connect.timeout.ms = null\r\n\tsasl.login.read.timeout.ms = null\r\n\tsasl.login.refresh.buffer.seconds = 300\r\n\tsasl.login.refresh.min.period.seconds = 60\r\n\tsasl.login.refresh.window.factor = 0.8\r\n\tsasl.login.refresh.window.jitter = 0.05\r\n\tsasl.login.retry.backoff.max.ms = 10000\r\n\tsasl.login.retry.backoff.ms = 100\r\n\tsasl.mechanism = GSSAPI\r\n\tsasl.oauthbearer.clock.skew.seconds = 30\r\n\tsasl.oauthbearer.expected.audience = null\r\n\tsasl.oauthbearer.expected.issuer = null\r\n\tsasl.oauthbearer.jwks.endpoint.refresh.ms = 3600000\r\n\tsasl.oauthbearer.jwks.endpoint.retry.backoff.max.ms = 10000\r\n\tsasl.oauthbearer.jwks.endpoint.retry.backoff.ms = 100\r\n\tsasl.oauthbearer.jwks.endpoint.url = null\r\n\tsasl.oauthbearer.scope.claim.name = scope\r\n\tsasl.oauthbearer.sub.claim.name = sub\r\n\tsasl.oauthbearer.token.endpoint.url = null\r\n\tsecurity.protocol = PLAINTEXT\r\n\tsecurity.providers = null\r\n\tsend.buffer.bytes = 131072\r\n\tsocket.connection.setup.timeout.max.ms = 30000\r\n\tsocket.connection.setup.timeout.ms = 10000\r\n\tssl.cipher.suites = null\r\n\tssl.enabled.protocols = [TLSv1.2, TLSv1.3]\r\n\tssl.endpoint.identification.algorithm = https\r\n\tssl.engine.factory.class = null\r\n\tssl.key.password = null\r\n\tssl.keymanager.algorithm = SunX509\r\n\tssl.keystore.certificate.chain = null\r\n\tssl.keystore.key = null\r\n\tssl.keystore.location = null\r\n\tssl.keystore.password = null\r\n\tssl.keystore.type = JKS\r\n\tssl.protocol = TLSv1.3\r\n\tssl.provider = null\r\n\tssl.secure.random.implementation = null\r\n\tssl.trustmanager.algorithm = PKIX\r\n\tssl.truststore.certificates = null\r\n\tssl.truststore.location = null\r\n\tssl.truststore.password = null\r\n\tssl.truststore.type = JKS\r\n\ttransaction.timeout.ms = 60000\r\n\ttransactional.id = null\r\n\tvalue.serializer = class org.apache.kafka.common.serialization.ByteArraySerializer\r\n","logger_name":"org.apache.kafka.clients.producer.ProducerConfig","thread_name":"main","level":"INFO","level_value":20000}
{"@timestamp":"2025-08-09T15:05:43.8835391+05:30","@version":"1","message":"initializing Kafka metrics collector","logger_name":"org.apache.kafka.common.telemetry.internals.KafkaMetricsCollector","thread_name":"main","level":"INFO","level_value":20000}
{"@timestamp":"2025-08-09T15:05:43.884545+05:30","@version":"1","message":"[Producer clientId=producer-89] Instantiated an idempotent producer.","logger_name":"org.apache.kafka.clients.producer.KafkaProducer","thread_name":"main","level":"INFO","level_value":20000}
{"@timestamp":"2025-08-09T15:05:43.884545+05:30","@version":"1","message":"[Producer clientId=producer-89] Closing the Kafka producer with timeoutMillis = 0 ms.","logger_name":"org.apache.kafka.clients.producer.KafkaProducer","thread_name":"main","level":"INFO","level_value":20000}
{"@timestamp":"2025-08-09T15:05:43.885537+05:30","@version":"1","message":"Metrics scheduler closed","logger_name":"org.apache.kafka.common.metrics.Metrics","thread_name":"main","level":"INFO","level_value":20000}
{"@timestamp":"2025-08-09T15:05:43.885537+05:30","@version":"1","message":"Closing reporter org.apache.kafka.common.metrics.JmxReporter","logger_name":"org.apache.kafka.common.metrics.Metrics","thread_name":"main","level":"INFO","level_value":20000}
{"@timestamp":"2025-08-09T15:05:43.885537+05:30","@version":"1","message":"Closing reporter org.apache.kafka.common.telemetry.internals.ClientTelemetryReporter","logger_name":"org.apache.kafka.common.metrics.Metrics","thread_name":"main","level":"INFO","level_value":20000}
{"@timestamp":"2025-08-09T15:05:43.885537+05:30","@version":"1","message":"Metrics reporters closed","logger_name":"org.apache.kafka.common.metrics.Metrics","thread_name":"main","level":"INFO","level_value":20000}
{"@timestamp":"2025-08-09T15:05:43.885537+05:30","@version":"1","message":"App info kafka.producer for producer-89 unregistered","logger_name":"org.apache.kafka.common.utils.AppInfoParser","thread_name":"main","level":"INFO","level_value":20000}
{"@timestamp":"2025-08-09T15:05:43.8865404+05:30","@version":"1","message":"ProducerConfig values: \r\n\tacks = -1\r\n\tauto.include.jmx.reporter = true\r\n\tbatch.size = 16384\r\n\tbootstrap.servers = [spring.kafka.bootstrap-servers_IS_UNDEFINED]\r\n\tbuffer.memory = 33554432\r\n\tclient.dns.lookup = use_all_dns_ips\r\n\tclient.id = producer-90\r\n\tcompression.type = none\r\n\tconnections.max.idle.ms = 540000\r\n\tdelivery.timeout.ms = 120000\r\n\tenable.idempotence = true\r\n\tenable.metrics.push = true\r\n\tinterceptor.classes = []\r\n\tkey.serializer = class org.apache.kafka.common.serialization.ByteArraySerializer\r\n\tlinger.ms = 0\r\n\tmax.block.ms = 60000\r\n\tmax.in.flight.requests.per.connection = 5\r\n\tmax.request.size = 1048576\r\n\tmetadata.max.age.ms = 300000\r\n\tmetadata.max.idle.ms = 300000\r\n\tmetric.reporters = []\r\n\tmetrics.num.samples = 2\r\n\tmetrics.recording.level = INFO\r\n\tmetrics.sample.window.ms = 30000\r\n\tpartitioner.adaptive.partitioning.enable = true\r\n\tpartitioner.availability.timeout.ms = 0\r\n\tpartitioner.class = null\r\n\tpartitioner.ignore.keys = false\r\n\treceive.buffer.bytes = 32768\r\n\treconnect.backoff.max.ms = 1000\r\n\treconnect.backoff.ms = 50\r\n\trequest.timeout.ms = 30000\r\n\tretries = 2147483647\r\n\tretry.backoff.max.ms = 1000\r\n\tretry.backoff.ms = 100\r\n\tsasl.client.callback.handler.class = null\r\n\tsasl.jaas.config = null\r\n\tsasl.kerberos.kinit.cmd = /usr/bin/kinit\r\n\tsasl.kerberos.min.time.before.relogin = 60000\r\n\tsasl.kerberos.service.name = null\r\n\tsasl.kerberos.ticket.renew.jitter = 0.05\r\n\tsasl.kerberos.ticket.renew.window.factor = 0.8\r\n\tsasl.login.callback.handler.class = null\r\n\tsasl.login.class = null\r\n\tsasl.login.connect.timeout.ms = null\r\n\tsasl.login.read.timeout.ms = null\r\n\tsasl.login.refresh.buffer.seconds = 300\r\n\tsasl.login.refresh.min.period.seconds = 60\r\n\tsasl.login.refresh.window.factor = 0.8\r\n\tsasl.login.refresh.window.jitter = 0.05\r\n\tsasl.login.retry.backoff.max.ms = 10000\r\n\tsasl.login.retry.backoff.ms = 100\r\n\tsasl.mechanism = GSSAPI\r\n\tsasl.oauthbearer.clock.skew.seconds = 30\r\n\tsasl.oauthbearer.expected.audience = null\r\n\tsasl.oauthbearer.expected.issuer = null\r\n\tsasl.oauthbearer.jwks.endpoint.refresh.ms = 3600000\r\n\tsasl.oauthbearer.jwks.endpoint.retry.backoff.max.ms = 10000\r\n\tsasl.oauthbearer.jwks.endpoint.retry.backoff.ms = 100\r\n\tsasl.oauthbearer.jwks.endpoint.url = null\r\n\tsasl.oauthbearer.scope.claim.name = scope\r\n\tsasl.oauthbearer.sub.claim.name = sub\r\n\tsasl.oauthbearer.token.endpoint.url = null\r\n\tsecurity.protocol = PLAINTEXT\r\n\tsecurity.providers = null\r\n\tsend.buffer.bytes = 131072\r\n\tsocket.connection.setup.timeout.max.ms = 30000\r\n\tsocket.connection.setup.timeout.ms = 10000\r\n\tssl.cipher.suites = null\r\n\tssl.enabled.protocols = [TLSv1.2, TLSv1.3]\r\n\tssl.endpoint.identification.algorithm = https\r\n\tssl.engine.factory.class = null\r\n\tssl.key.password = null\r\n\tssl.keymanager.algorithm = SunX509\r\n\tssl.keystore.certificate.chain = null\r\n\tssl.keystore.key = null\r\n\tssl.keystore.location = null\r\n\tssl.keystore.password = null\r\n\tssl.keystore.type = JKS\r\n\tssl.protocol = TLSv1.3\r\n\tssl.provider = null\r\n\tssl.secure.random.implementation = null\r\n\tssl.trustmanager.algorithm = PKIX\r\n\tssl.truststore.certificates = null\r\n\tssl.truststore.location = null\r\n\tssl.truststore.password = null\r\n\tssl.truststore.type = JKS\r\n\ttransaction.timeout.ms = 60000\r\n\ttransactional.id = null\r\n\tvalue.serializer = class org.apache.kafka.common.serialization.ByteArraySerializer\r\n","logger_name":"org.apache.kafka.clients.producer.ProducerConfig","thread_name":"main","level":"INFO","level_value":20000}
{"@timestamp":"2025-08-09T15:05:43.8875444+05:30","@version":"1","message":"initializing Kafka metrics collector","logger_name":"org.apache.kafka.common.telemetry.internals.KafkaMetricsCollector","thread_name":"main","level":"INFO","level_value":20000}
{"@timestamp":"2025-08-09T15:05:43.8885445+05:30","@version":"1","message":"[Producer clientId=producer-90] Instantiated an idempotent producer.","logger_name":"org.apache.kafka.clients.producer.KafkaProducer","thread_name":"main","level":"INFO","level_value":20000}
{"@timestamp":"2025-08-09T15:05:43.8895395+05:30","@version":"1","message":"[Producer clientId=producer-90] Closing the Kafka producer with timeoutMillis = 0 ms.","logger_name":"org.apache.kafka.clients.producer.KafkaProducer","thread_name":"main","level":"INFO","level_value":20000}
{"@timestamp":"2025-08-09T15:05:43.8905381+05:30","@version":"1","message":"Metrics scheduler closed","logger_name":"org.apache.kafka.common.metrics.Metrics","thread_name":"main","level":"INFO","level_value":20000}
{"@timestamp":"2025-08-09T15:05:43.8905381+05:30","@version":"1","message":"Closing reporter org.apache.kafka.common.metrics.JmxReporter","logger_name":"org.apache.kafka.common.metrics.Metrics","thread_name":"main","level":"INFO","level_value":20000}
{"@timestamp":"2025-08-09T15:05:43.8905381+05:30","@version":"1","message":"Closing reporter org.apache.kafka.common.telemetry.internals.ClientTelemetryReporter","logger_name":"org.apache.kafka.common.metrics.Metrics","thread_name":"main","level":"INFO","level_value":20000}
{"@timestamp":"2025-08-09T15:05:43.8905381+05:30","@version":"1","message":"Metrics reporters closed","logger_name":"org.apache.kafka.common.metrics.Metrics","thread_name":"main","level":"INFO","level_value":20000}
{"@timestamp":"2025-08-09T15:05:43.8905381+05:30","@version":"1","message":"App info kafka.producer for producer-90 unregistered","logger_name":"org.apache.kafka.common.utils.AppInfoParser","thread_name":"main","level":"INFO","level_value":20000}
{"@timestamp":"2025-08-09T15:05:44.0075513+05:30","@version":"1","message":"[AdminClient clientId=moviebooking-backend-admin-0] Node -1 disconnected.","logger_name":"org.apache.kafka.clients.NetworkClient","thread_name":"kafka-admin-client-thread | moviebooking-backend-admin-0","level":"INFO","level_value":20000}
{"@timestamp":"2025-08-09T15:05:44.0075513+05:30","@version":"1","message":"[AdminClient clientId=moviebooking-backend-admin-0] Connection to node -1 (localhost/127.0.0.1:9092) could not be established. Node may not be available.","logger_name":"org.apache.kafka.clients.NetworkClient","thread_name":"kafka-admin-client-thread | moviebooking-backend-admin-0","level":"WARN","level_value":30000}
{"@timestamp":"2025-08-09T15:05:44.0075513+05:30","@version":"1","message":"ProducerConfig values: \r\n\tacks = -1\r\n\tauto.include.jmx.reporter = true\r\n\tbatch.size = 16384\r\n\tbootstrap.servers = [spring.kafka.bootstrap-servers_IS_UNDEFINED]\r\n\tbuffer.memory = 33554432\r\n\tclient.dns.lookup = use_all_dns_ips\r\n\tclient.id = producer-91\r\n\tcompression.type = none\r\n\tconnections.max.idle.ms = 540000\r\n\tdelivery.timeout.ms = 120000\r\n\tenable.idempotence = true\r\n\tenable.metrics.push = true\r\n\tinterceptor.classes = []\r\n\tkey.serializer = class org.apache.kafka.common.serialization.ByteArraySerializer\r\n\tlinger.ms = 0\r\n\tmax.block.ms = 60000\r\n\tmax.in.flight.requests.per.connection = 5\r\n\tmax.request.size = 1048576\r\n\tmetadata.max.age.ms = 300000\r\n\tmetadata.max.idle.ms = 300000\r\n\tmetric.reporters = []\r\n\tmetrics.num.samples = 2\r\n\tmetrics.recording.level = INFO\r\n\tmetrics.sample.window.ms = 30000\r\n\tpartitioner.adaptive.partitioning.enable = true\r\n\tpartitioner.availability.timeout.ms = 0\r\n\tpartitioner.class = null\r\n\tpartitioner.ignore.keys = false\r\n\treceive.buffer.bytes = 32768\r\n\treconnect.backoff.max.ms = 1000\r\n\treconnect.backoff.ms = 50\r\n\trequest.timeout.ms = 30000\r\n\tretries = 2147483647\r\n\tretry.backoff.max.ms = 1000\r\n\tretry.backoff.ms = 100\r\n\tsasl.client.callback.handler.class = null\r\n\tsasl.jaas.config = null\r\n\tsasl.kerberos.kinit.cmd = /usr/bin/kinit\r\n\tsasl.kerberos.min.time.before.relogin = 60000\r\n\tsasl.kerberos.service.name = null\r\n\tsasl.kerberos.ticket.renew.jitter = 0.05\r\n\tsasl.kerberos.ticket.renew.window.factor = 0.8\r\n\tsasl.login.callback.handler.class = null\r\n\tsasl.login.class = null\r\n\tsasl.login.connect.timeout.ms = null\r\n\tsasl.login.read.timeout.ms = null\r\n\tsasl.login.refresh.buffer.seconds = 300\r\n\tsasl.login.refresh.min.period.seconds = 60\r\n\tsasl.login.refresh.window.factor = 0.8\r\n\tsasl.login.refresh.window.jitter = 0.05\r\n\tsasl.login.retry.backoff.max.ms = 10000\r\n\tsasl.login.retry.backoff.ms = 100\r\n\tsasl.mechanism = GSSAPI\r\n\tsasl.oauthbearer.clock.skew.seconds = 30\r\n\tsasl.oauthbearer.expected.audience = null\r\n\tsasl.oauthbearer.expected.issuer = null\r\n\tsasl.oauthbearer.jwks.endpoint.refresh.ms = 3600000\r\n\tsasl.oauthbearer.jwks.endpoint.retry.backoff.max.ms = 10000\r\n\tsasl.oauthbearer.jwks.endpoint.retry.backoff.ms = 100\r\n\tsasl.oauthbearer.jwks.endpoint.url = null\r\n\tsasl.oauthbearer.scope.claim.name = scope\r\n\tsasl.oauthbearer.sub.claim.name = sub\r\n\tsasl.oauthbearer.token.endpoint.url = null\r\n\tsecurity.protocol = PLAINTEXT\r\n\tsecurity.providers = null\r\n\tsend.buffer.bytes = 131072\r\n\tsocket.connection.setup.timeout.max.ms = 30000\r\n\tsocket.connection.setup.timeout.ms = 10000\r\n\tssl.cipher.suites = null\r\n\tssl.enabled.protocols = [TLSv1.2, TLSv1.3]\r\n\tssl.endpoint.identification.algorithm = https\r\n\tssl.engine.factory.class = null\r\n\tssl.key.password = null\r\n\tssl.keymanager.algorithm = SunX509\r\n\tssl.keystore.certificate.chain = null\r\n\tssl.keystore.key = null\r\n\tssl.keystore.location = null\r\n\tssl.keystore.password = null\r\n\tssl.keystore.type = JKS\r\n\tssl.protocol = TLSv1.3\r\n\tssl.provider = null\r\n\tssl.secure.random.implementation = null\r\n\tssl.trustmanager.algorithm = PKIX\r\n\tssl.truststore.certificates = null\r\n\tssl.truststore.location = null\r\n\tssl.truststore.password = null\r\n\tssl.truststore.type = JKS\r\n\ttransaction.timeout.ms = 60000\r\n\ttransactional.id = null\r\n\tvalue.serializer = class org.apache.kafka.common.serialization.ByteArraySerializer\r\n","logger_name":"org.apache.kafka.clients.producer.ProducerConfig","thread_name":"kafka-admin-client-thread | moviebooking-backend-admin-0","level":"INFO","level_value":20000}
{"@timestamp":"2025-08-09T15:05:44.0089791+05:30","@version":"1","message":"initializing Kafka metrics collector","logger_name":"org.apache.kafka.common.telemetry.internals.KafkaMetricsCollector","thread_name":"kafka-admin-client-thread | moviebooking-backend-admin-0","level":"INFO","level_value":20000}
{"@timestamp":"2025-08-09T15:05:44.0089791+05:30","@version":"1","message":"[Producer clientId=producer-91] Instantiated an idempotent producer.","logger_name":"org.apache.kafka.clients.producer.KafkaProducer","thread_name":"kafka-admin-client-thread | moviebooking-backend-admin-0","level":"INFO","level_value":20000}
{"@timestamp":"2025-08-09T15:05:44.0100054+05:30","@version":"1","message":"[Producer clientId=producer-91] Closing the Kafka producer with timeoutMillis = 0 ms.","logger_name":"org.apache.kafka.clients.producer.KafkaProducer","thread_name":"kafka-admin-client-thread | moviebooking-backend-admin-0","level":"INFO","level_value":20000}
{"@timestamp":"2025-08-09T15:05:44.0100054+05:30","@version":"1","message":"Metrics scheduler closed","logger_name":"org.apache.kafka.common.metrics.Metrics","thread_name":"kafka-admin-client-thread | moviebooking-backend-admin-0","level":"INFO","level_value":20000}
{"@timestamp":"2025-08-09T15:05:44.0100054+05:30","@version":"1","message":"Closing reporter org.apache.kafka.common.metrics.JmxReporter","logger_name":"org.apache.kafka.common.metrics.Metrics","thread_name":"kafka-admin-client-thread | moviebooking-backend-admin-0","level":"INFO","level_value":20000}
{"@timestamp":"2025-08-09T15:05:44.0100054+05:30","@version":"1","message":"Closing reporter org.apache.kafka.common.telemetry.internals.ClientTelemetryReporter","logger_name":"org.apache.kafka.common.metrics.Metrics","thread_name":"kafka-admin-client-thread | moviebooking-backend-admin-0","level":"INFO","level_value":20000}
{"@timestamp":"2025-08-09T15:05:44.0100054+05:30","@version":"1","message":"Metrics reporters closed","logger_name":"org.apache.kafka.common.metrics.Metrics","thread_name":"kafka-admin-client-thread | moviebooking-backend-admin-0","level":"INFO","level_value":20000}
{"@timestamp":"2025-08-09T15:05:44.0100054+05:30","@version":"1","message":"App info kafka.producer for producer-91 unregistered","logger_name":"org.apache.kafka.common.utils.AppInfoParser","thread_name":"kafka-admin-client-thread | moviebooking-backend-admin-0","level":"INFO","level_value":20000}
{"@timestamp":"2025-08-09T15:05:44.9902918+05:30","@version":"1","message":"[AdminClient clientId=moviebooking-backend-admin-0] Node -1 disconnected.","logger_name":"org.apache.kafka.clients.NetworkClient","thread_name":"kafka-admin-client-thread | moviebooking-backend-admin-0","level":"INFO","level_value":20000}
{"@timestamp":"2025-08-09T15:05:44.9912988+05:30","@version":"1","message":"ProducerConfig values: \r\n\tacks = -1\r\n\tauto.include.jmx.reporter = true\r\n\tbatch.size = 16384\r\n\tbootstrap.servers = [spring.kafka.bootstrap-servers_IS_UNDEFINED]\r\n\tbuffer.memory = 33554432\r\n\tclient.dns.lookup = use_all_dns_ips\r\n\tclient.id = producer-92\r\n\tcompression.type = none\r\n\tconnections.max.idle.ms = 540000\r\n\tdelivery.timeout.ms = 120000\r\n\tenable.idempotence = true\r\n\tenable.metrics.push = true\r\n\tinterceptor.classes = []\r\n\tkey.serializer = class org.apache.kafka.common.serialization.ByteArraySerializer\r\n\tlinger.ms = 0\r\n\tmax.block.ms = 60000\r\n\tmax.in.flight.requests.per.connection = 5\r\n\tmax.request.size = 1048576\r\n\tmetadata.max.age.ms = 300000\r\n\tmetadata.max.idle.ms = 300000\r\n\tmetric.reporters = []\r\n\tmetrics.num.samples = 2\r\n\tmetrics.recording.level = INFO\r\n\tmetrics.sample.window.ms = 30000\r\n\tpartitioner.adaptive.partitioning.enable = true\r\n\tpartitioner.availability.timeout.ms = 0\r\n\tpartitioner.class = null\r\n\tpartitioner.ignore.keys = false\r\n\treceive.buffer.bytes = 32768\r\n\treconnect.backoff.max.ms = 1000\r\n\treconnect.backoff.ms = 50\r\n\trequest.timeout.ms = 30000\r\n\tretries = 2147483647\r\n\tretry.backoff.max.ms = 1000\r\n\tretry.backoff.ms = 100\r\n\tsasl.client.callback.handler.class = null\r\n\tsasl.jaas.config = null\r\n\tsasl.kerberos.kinit.cmd = /usr/bin/kinit\r\n\tsasl.kerberos.min.time.before.relogin = 60000\r\n\tsasl.kerberos.service.name = null\r\n\tsasl.kerberos.ticket.renew.jitter = 0.05\r\n\tsasl.kerberos.ticket.renew.window.factor = 0.8\r\n\tsasl.login.callback.handler.class = null\r\n\tsasl.login.class = null\r\n\tsasl.login.connect.timeout.ms = null\r\n\tsasl.login.read.timeout.ms = null\r\n\tsasl.login.refresh.buffer.seconds = 300\r\n\tsasl.login.refresh.min.period.seconds = 60\r\n\tsasl.login.refresh.window.factor = 0.8\r\n\tsasl.login.refresh.window.jitter = 0.05\r\n\tsasl.login.retry.backoff.max.ms = 10000\r\n\tsasl.login.retry.backoff.ms = 100\r\n\tsasl.mechanism = GSSAPI\r\n\tsasl.oauthbearer.clock.skew.seconds = 30\r\n\tsasl.oauthbearer.expected.audience = null\r\n\tsasl.oauthbearer.expected.issuer = null\r\n\tsasl.oauthbearer.jwks.endpoint.refresh.ms = 3600000\r\n\tsasl.oauthbearer.jwks.endpoint.retry.backoff.max.ms = 10000\r\n\tsasl.oauthbearer.jwks.endpoint.retry.backoff.ms = 100\r\n\tsasl.oauthbearer.jwks.endpoint.url = null\r\n\tsasl.oauthbearer.scope.claim.name = scope\r\n\tsasl.oauthbearer.sub.claim.name = sub\r\n\tsasl.oauthbearer.token.endpoint.url = null\r\n\tsecurity.protocol = PLAINTEXT\r\n\tsecurity.providers = null\r\n\tsend.buffer.bytes = 131072\r\n\tsocket.connection.setup.timeout.max.ms = 30000\r\n\tsocket.connection.setup.timeout.ms = 10000\r\n\tssl.cipher.suites = null\r\n\tssl.enabled.protocols = [TLSv1.2, TLSv1.3]\r\n\tssl.endpoint.identification.algorithm = https\r\n\tssl.engine.factory.class = null\r\n\tssl.key.password = null\r\n\tssl.keymanager.algorithm = SunX509\r\n\tssl.keystore.certificate.chain = null\r\n\tssl.keystore.key = null\r\n\tssl.keystore.location = null\r\n\tssl.keystore.password = null\r\n\tssl.keystore.type = JKS\r\n\tssl.protocol = TLSv1.3\r\n\tssl.provider = null\r\n\tssl.secure.random.implementation = null\r\n\tssl.trustmanager.algorithm = PKIX\r\n\tssl.truststore.certificates = null\r\n\tssl.truststore.location = null\r\n\tssl.truststore.password = null\r\n\tssl.truststore.type = JKS\r\n\ttransaction.timeout.ms = 60000\r\n\ttransactional.id = null\r\n\tvalue.serializer = class org.apache.kafka.common.serialization.ByteArraySerializer\r\n","logger_name":"org.apache.kafka.clients.producer.ProducerConfig","thread_name":"kafka-admin-client-thread | moviebooking-backend-admin-0","level":"INFO","level_value":20000}
{"@timestamp":"2025-08-09T15:05:44.9922934+05:30","@version":"1","message":"initializing Kafka metrics collector","logger_name":"org.apache.kafka.common.telemetry.internals.KafkaMetricsCollector","thread_name":"kafka-admin-client-thread | moviebooking-backend-admin-0","level":"INFO","level_value":20000}
{"@timestamp":"2025-08-09T15:05:44.9942946+05:30","@version":"1","message":"[Producer clientId=producer-92] Instantiated an idempotent producer.","logger_name":"org.apache.kafka.clients.producer.KafkaProducer","thread_name":"kafka-admin-client-thread | moviebooking-backend-admin-0","level":"INFO","level_value":20000}
{"@timestamp":"2025-08-09T15:05:44.9953225+05:30","@version":"1","message":"[Producer clientId=producer-92] Closing the Kafka producer with timeoutMillis = 0 ms.","logger_name":"org.apache.kafka.clients.producer.KafkaProducer","thread_name":"kafka-admin-client-thread | moviebooking-backend-admin-0","level":"INFO","level_value":20000}
{"@timestamp":"2025-08-09T15:05:44.9963177+05:30","@version":"1","message":"Metrics scheduler closed","logger_name":"org.apache.kafka.common.metrics.Metrics","thread_name":"kafka-admin-client-thread | moviebooking-backend-admin-0","level":"INFO","level_value":20000}
{"@timestamp":"2025-08-09T15:05:44.9963177+05:30","@version":"1","message":"Closing reporter org.apache.kafka.common.metrics.JmxReporter","logger_name":"org.apache.kafka.common.metrics.Metrics","thread_name":"kafka-admin-client-thread | moviebooking-backend-admin-0","level":"INFO","level_value":20000}
{"@timestamp":"2025-08-09T15:05:44.9963177+05:30","@version":"1","message":"Closing reporter org.apache.kafka.common.telemetry.internals.ClientTelemetryReporter","logger_name":"org.apache.kafka.common.metrics.Metrics","thread_name":"kafka-admin-client-thread | moviebooking-backend-admin-0","level":"INFO","level_value":20000}
{"@timestamp":"2025-08-09T15:05:44.9963177+05:30","@version":"1","message":"Metrics reporters closed","logger_name":"org.apache.kafka.common.metrics.Metrics","thread_name":"kafka-admin-client-thread | moviebooking-backend-admin-0","level":"INFO","level_value":20000}
{"@timestamp":"2025-08-09T15:05:44.9963177+05:30","@version":"1","message":"App info kafka.producer for producer-92 unregistered","logger_name":"org.apache.kafka.common.utils.AppInfoParser","thread_name":"kafka-admin-client-thread | moviebooking-backend-admin-0","level":"INFO","level_value":20000}
{"@timestamp":"2025-08-09T15:05:44.9973341+05:30","@version":"1","message":"[AdminClient clientId=moviebooking-backend-admin-0] Connection to node -1 (localhost/127.0.0.1:9092) could not be established. Node may not be available.","logger_name":"org.apache.kafka.clients.NetworkClient","thread_name":"kafka-admin-client-thread | moviebooking-backend-admin-0","level":"WARN","level_value":30000}
{"@timestamp":"2025-08-09T15:05:44.9983181+05:30","@version":"1","message":"ProducerConfig values: \r\n\tacks = -1\r\n\tauto.include.jmx.reporter = true\r\n\tbatch.size = 16384\r\n\tbootstrap.servers = [spring.kafka.bootstrap-servers_IS_UNDEFINED]\r\n\tbuffer.memory = 33554432\r\n\tclient.dns.lookup = use_all_dns_ips\r\n\tclient.id = producer-93\r\n\tcompression.type = none\r\n\tconnections.max.idle.ms = 540000\r\n\tdelivery.timeout.ms = 120000\r\n\tenable.idempotence = true\r\n\tenable.metrics.push = true\r\n\tinterceptor.classes = []\r\n\tkey.serializer = class org.apache.kafka.common.serialization.ByteArraySerializer\r\n\tlinger.ms = 0\r\n\tmax.block.ms = 60000\r\n\tmax.in.flight.requests.per.connection = 5\r\n\tmax.request.size = 1048576\r\n\tmetadata.max.age.ms = 300000\r\n\tmetadata.max.idle.ms = 300000\r\n\tmetric.reporters = []\r\n\tmetrics.num.samples = 2\r\n\tmetrics.recording.level = INFO\r\n\tmetrics.sample.window.ms = 30000\r\n\tpartitioner.adaptive.partitioning.enable = true\r\n\tpartitioner.availability.timeout.ms = 0\r\n\tpartitioner.class = null\r\n\tpartitioner.ignore.keys = false\r\n\treceive.buffer.bytes = 32768\r\n\treconnect.backoff.max.ms = 1000\r\n\treconnect.backoff.ms = 50\r\n\trequest.timeout.ms = 30000\r\n\tretries = 2147483647\r\n\tretry.backoff.max.ms = 1000\r\n\tretry.backoff.ms = 100\r\n\tsasl.client.callback.handler.class = null\r\n\tsasl.jaas.config = null\r\n\tsasl.kerberos.kinit.cmd = /usr/bin/kinit\r\n\tsasl.kerberos.min.time.before.relogin = 60000\r\n\tsasl.kerberos.service.name = null\r\n\tsasl.kerberos.ticket.renew.jitter = 0.05\r\n\tsasl.kerberos.ticket.renew.window.factor = 0.8\r\n\tsasl.login.callback.handler.class = null\r\n\tsasl.login.class = null\r\n\tsasl.login.connect.timeout.ms = null\r\n\tsasl.login.read.timeout.ms = null\r\n\tsasl.login.refresh.buffer.seconds = 300\r\n\tsasl.login.refresh.min.period.seconds = 60\r\n\tsasl.login.refresh.window.factor = 0.8\r\n\tsasl.login.refresh.window.jitter = 0.05\r\n\tsasl.login.retry.backoff.max.ms = 10000\r\n\tsasl.login.retry.backoff.ms = 100\r\n\tsasl.mechanism = GSSAPI\r\n\tsasl.oauthbearer.clock.skew.seconds = 30\r\n\tsasl.oauthbearer.expected.audience = null\r\n\tsasl.oauthbearer.expected.issuer = null\r\n\tsasl.oauthbearer.jwks.endpoint.refresh.ms = 3600000\r\n\tsasl.oauthbearer.jwks.endpoint.retry.backoff.max.ms = 10000\r\n\tsasl.oauthbearer.jwks.endpoint.retry.backoff.ms = 100\r\n\tsasl.oauthbearer.jwks.endpoint.url = null\r\n\tsasl.oauthbearer.scope.claim.name = scope\r\n\tsasl.oauthbearer.sub.claim.name = sub\r\n\tsasl.oauthbearer.token.endpoint.url = null\r\n\tsecurity.protocol = PLAINTEXT\r\n\tsecurity.providers = null\r\n\tsend.buffer.bytes = 131072\r\n\tsocket.connection.setup.timeout.max.ms = 30000\r\n\tsocket.connection.setup.timeout.ms = 10000\r\n\tssl.cipher.suites = null\r\n\tssl.enabled.protocols = [TLSv1.2, TLSv1.3]\r\n\tssl.endpoint.identification.algorithm = https\r\n\tssl.engine.factory.class = null\r\n\tssl.key.password = null\r\n\tssl.keymanager.algorithm = SunX509\r\n\tssl.keystore.certificate.chain = null\r\n\tssl.keystore.key = null\r\n\tssl.keystore.location = null\r\n\tssl.keystore.password = null\r\n\tssl.keystore.type = JKS\r\n\tssl.protocol = TLSv1.3\r\n\tssl.provider = null\r\n\tssl.secure.random.implementation = null\r\n\tssl.trustmanager.algorithm = PKIX\r\n\tssl.truststore.certificates = null\r\n\tssl.truststore.location = null\r\n\tssl.truststore.password = null\r\n\tssl.truststore.type = JKS\r\n\ttransaction.timeout.ms = 60000\r\n\ttransactional.id = null\r\n\tvalue.serializer = class org.apache.kafka.common.serialization.ByteArraySerializer\r\n","logger_name":"org.apache.kafka.clients.producer.ProducerConfig","thread_name":"kafka-admin-client-thread | moviebooking-backend-admin-0","level":"INFO","level_value":20000}
{"@timestamp":"2025-08-09T15:05:44.9983181+05:30","@version":"1","message":"initializing Kafka metrics collector","logger_name":"org.apache.kafka.common.telemetry.internals.KafkaMetricsCollector","thread_name":"kafka-admin-client-thread | moviebooking-backend-admin-0","level":"INFO","level_value":20000}
{"@timestamp":"2025-08-09T15:05:44.9993258+05:30","@version":"1","message":"[Producer clientId=producer-93] Instantiated an idempotent producer.","logger_name":"org.apache.kafka.clients.producer.KafkaProducer","thread_name":"kafka-admin-client-thread | moviebooking-backend-admin-0","level":"INFO","level_value":20000}
{"@timestamp":"2025-08-09T15:05:45.000317+05:30","@version":"1","message":"[Producer clientId=producer-93] Closing the Kafka producer with timeoutMillis = 0 ms.","logger_name":"org.apache.kafka.clients.producer.KafkaProducer","thread_name":"kafka-admin-client-thread | moviebooking-backend-admin-0","level":"INFO","level_value":20000}
{"@timestamp":"2025-08-09T15:05:45.0013182+05:30","@version":"1","message":"Metrics scheduler closed","logger_name":"org.apache.kafka.common.metrics.Metrics","thread_name":"kafka-admin-client-thread | moviebooking-backend-admin-0","level":"INFO","level_value":20000}
{"@timestamp":"2025-08-09T15:05:45.0023199+05:30","@version":"1","message":"Closing reporter org.apache.kafka.common.metrics.JmxReporter","logger_name":"org.apache.kafka.common.metrics.Metrics","thread_name":"kafka-admin-client-thread | moviebooking-backend-admin-0","level":"INFO","level_value":20000}
{"@timestamp":"2025-08-09T15:05:45.0023199+05:30","@version":"1","message":"Closing reporter org.apache.kafka.common.telemetry.internals.ClientTelemetryReporter","logger_name":"org.apache.kafka.common.metrics.Metrics","thread_name":"kafka-admin-client-thread | moviebooking-backend-admin-0","level":"INFO","level_value":20000}
{"@timestamp":"2025-08-09T15:05:45.0023199+05:30","@version":"1","message":"Metrics reporters closed","logger_name":"org.apache.kafka.common.metrics.Metrics","thread_name":"kafka-admin-client-thread | moviebooking-backend-admin-0","level":"INFO","level_value":20000}
{"@timestamp":"2025-08-09T15:05:45.0023199+05:30","@version":"1","message":"App info kafka.producer for producer-93 unregistered","logger_name":"org.apache.kafka.common.utils.AppInfoParser","thread_name":"kafka-admin-client-thread | moviebooking-backend-admin-0","level":"INFO","level_value":20000}
{"@timestamp":"2025-08-09T15:05:45.9905449+05:30","@version":"1","message":"[AdminClient clientId=moviebooking-backend-admin-0] Node -1 disconnected.","logger_name":"org.apache.kafka.clients.NetworkClient","thread_name":"kafka-admin-client-thread | moviebooking-backend-admin-0","level":"INFO","level_value":20000}
{"@timestamp":"2025-08-09T15:05:45.9929225+05:30","@version":"1","message":"ProducerConfig values: \r\n\tacks = -1\r\n\tauto.include.jmx.reporter = true\r\n\tbatch.size = 16384\r\n\tbootstrap.servers = [spring.kafka.bootstrap-servers_IS_UNDEFINED]\r\n\tbuffer.memory = 33554432\r\n\tclient.dns.lookup = use_all_dns_ips\r\n\tclient.id = producer-94\r\n\tcompression.type = none\r\n\tconnections.max.idle.ms = 540000\r\n\tdelivery.timeout.ms = 120000\r\n\tenable.idempotence = true\r\n\tenable.metrics.push = true\r\n\tinterceptor.classes = []\r\n\tkey.serializer = class org.apache.kafka.common.serialization.ByteArraySerializer\r\n\tlinger.ms = 0\r\n\tmax.block.ms = 60000\r\n\tmax.in.flight.requests.per.connection = 5\r\n\tmax.request.size = 1048576\r\n\tmetadata.max.age.ms = 300000\r\n\tmetadata.max.idle.ms = 300000\r\n\tmetric.reporters = []\r\n\tmetrics.num.samples = 2\r\n\tmetrics.recording.level = INFO\r\n\tmetrics.sample.window.ms = 30000\r\n\tpartitioner.adaptive.partitioning.enable = true\r\n\tpartitioner.availability.timeout.ms = 0\r\n\tpartitioner.class = null\r\n\tpartitioner.ignore.keys = false\r\n\treceive.buffer.bytes = 32768\r\n\treconnect.backoff.max.ms = 1000\r\n\treconnect.backoff.ms = 50\r\n\trequest.timeout.ms = 30000\r\n\tretries = 2147483647\r\n\tretry.backoff.max.ms = 1000\r\n\tretry.backoff.ms = 100\r\n\tsasl.client.callback.handler.class = null\r\n\tsasl.jaas.config = null\r\n\tsasl.kerberos.kinit.cmd = /usr/bin/kinit\r\n\tsasl.kerberos.min.time.before.relogin = 60000\r\n\tsasl.kerberos.service.name = null\r\n\tsasl.kerberos.ticket.renew.jitter = 0.05\r\n\tsasl.kerberos.ticket.renew.window.factor = 0.8\r\n\tsasl.login.callback.handler.class = null\r\n\tsasl.login.class = null\r\n\tsasl.login.connect.timeout.ms = null\r\n\tsasl.login.read.timeout.ms = null\r\n\tsasl.login.refresh.buffer.seconds = 300\r\n\tsasl.login.refresh.min.period.seconds = 60\r\n\tsasl.login.refresh.window.factor = 0.8\r\n\tsasl.login.refresh.window.jitter = 0.05\r\n\tsasl.login.retry.backoff.max.ms = 10000\r\n\tsasl.login.retry.backoff.ms = 100\r\n\tsasl.mechanism = GSSAPI\r\n\tsasl.oauthbearer.clock.skew.seconds = 30\r\n\tsasl.oauthbearer.expected.audience = null\r\n\tsasl.oauthbearer.expected.issuer = null\r\n\tsasl.oauthbearer.jwks.endpoint.refresh.ms = 3600000\r\n\tsasl.oauthbearer.jwks.endpoint.retry.backoff.max.ms = 10000\r\n\tsasl.oauthbearer.jwks.endpoint.retry.backoff.ms = 100\r\n\tsasl.oauthbearer.jwks.endpoint.url = null\r\n\tsasl.oauthbearer.scope.claim.name = scope\r\n\tsasl.oauthbearer.sub.claim.name = sub\r\n\tsasl.oauthbearer.token.endpoint.url = null\r\n\tsecurity.protocol = PLAINTEXT\r\n\tsecurity.providers = null\r\n\tsend.buffer.bytes = 131072\r\n\tsocket.connection.setup.timeout.max.ms = 30000\r\n\tsocket.connection.setup.timeout.ms = 10000\r\n\tssl.cipher.suites = null\r\n\tssl.enabled.protocols = [TLSv1.2, TLSv1.3]\r\n\tssl.endpoint.identification.algorithm = https\r\n\tssl.engine.factory.class = null\r\n\tssl.key.password = null\r\n\tssl.keymanager.algorithm = SunX509\r\n\tssl.keystore.certificate.chain = null\r\n\tssl.keystore.key = null\r\n\tssl.keystore.location = null\r\n\tssl.keystore.password = null\r\n\tssl.keystore.type = JKS\r\n\tssl.protocol = TLSv1.3\r\n\tssl.provider = null\r\n\tssl.secure.random.implementation = null\r\n\tssl.trustmanager.algorithm = PKIX\r\n\tssl.truststore.certificates = null\r\n\tssl.truststore.location = null\r\n\tssl.truststore.password = null\r\n\tssl.truststore.type = JKS\r\n\ttransaction.timeout.ms = 60000\r\n\ttransactional.id = null\r\n\tvalue.serializer = class org.apache.kafka.common.serialization.ByteArraySerializer\r\n","logger_name":"org.apache.kafka.clients.producer.ProducerConfig","thread_name":"kafka-admin-client-thread | moviebooking-backend-admin-0","level":"INFO","level_value":20000}
{"@timestamp":"2025-08-09T15:05:45.9929225+05:30","@version":"1","message":"initializing Kafka metrics collector","logger_name":"org.apache.kafka.common.telemetry.internals.KafkaMetricsCollector","thread_name":"kafka-admin-client-thread | moviebooking-backend-admin-0","level":"INFO","level_value":20000}
{"@timestamp":"2025-08-09T15:05:45.9941305+05:30","@version":"1","message":"[Producer clientId=producer-94] Instantiated an idempotent producer.","logger_name":"org.apache.kafka.clients.producer.KafkaProducer","thread_name":"kafka-admin-client-thread | moviebooking-backend-admin-0","level":"INFO","level_value":20000}
{"@timestamp":"2025-08-09T15:05:45.995155+05:30","@version":"1","message":"[Producer clientId=producer-94] Closing the Kafka producer with timeoutMillis = 0 ms.","logger_name":"org.apache.kafka.clients.producer.KafkaProducer","thread_name":"kafka-admin-client-thread | moviebooking-backend-admin-0","level":"INFO","level_value":20000}
{"@timestamp":"2025-08-09T15:05:45.9961518+05:30","@version":"1","message":"Metrics scheduler closed","logger_name":"org.apache.kafka.common.metrics.Metrics","thread_name":"kafka-admin-client-thread | moviebooking-backend-admin-0","level":"INFO","level_value":20000}
{"@timestamp":"2025-08-09T15:05:45.9961518+05:30","@version":"1","message":"Closing reporter org.apache.kafka.common.metrics.JmxReporter","logger_name":"org.apache.kafka.common.metrics.Metrics","thread_name":"kafka-admin-client-thread | moviebooking-backend-admin-0","level":"INFO","level_value":20000}
{"@timestamp":"2025-08-09T15:05:45.9961518+05:30","@version":"1","message":"Closing reporter org.apache.kafka.common.telemetry.internals.ClientTelemetryReporter","logger_name":"org.apache.kafka.common.metrics.Metrics","thread_name":"kafka-admin-client-thread | moviebooking-backend-admin-0","level":"INFO","level_value":20000}
{"@timestamp":"2025-08-09T15:05:45.9961518+05:30","@version":"1","message":"Metrics reporters closed","logger_name":"org.apache.kafka.common.metrics.Metrics","thread_name":"kafka-admin-client-thread | moviebooking-backend-admin-0","level":"INFO","level_value":20000}
{"@timestamp":"2025-08-09T15:05:45.9961518+05:30","@version":"1","message":"App info kafka.producer for producer-94 unregistered","logger_name":"org.apache.kafka.common.utils.AppInfoParser","thread_name":"kafka-admin-client-thread | moviebooking-backend-admin-0","level":"INFO","level_value":20000}
{"@timestamp":"2025-08-09T15:05:45.9961518+05:30","@version":"1","message":"[AdminClient clientId=moviebooking-backend-admin-0] Connection to node -1 (localhost/127.0.0.1:9092) could not be established. Node may not be available.","logger_name":"org.apache.kafka.clients.NetworkClient","thread_name":"kafka-admin-client-thread | moviebooking-backend-admin-0","level":"WARN","level_value":30000}
{"@timestamp":"2025-08-09T15:05:45.9971702+05:30","@version":"1","message":"ProducerConfig values: \r\n\tacks = -1\r\n\tauto.include.jmx.reporter = true\r\n\tbatch.size = 16384\r\n\tbootstrap.servers = [spring.kafka.bootstrap-servers_IS_UNDEFINED]\r\n\tbuffer.memory = 33554432\r\n\tclient.dns.lookup = use_all_dns_ips\r\n\tclient.id = producer-95\r\n\tcompression.type = none\r\n\tconnections.max.idle.ms = 540000\r\n\tdelivery.timeout.ms = 120000\r\n\tenable.idempotence = true\r\n\tenable.metrics.push = true\r\n\tinterceptor.classes = []\r\n\tkey.serializer = class org.apache.kafka.common.serialization.ByteArraySerializer\r\n\tlinger.ms = 0\r\n\tmax.block.ms = 60000\r\n\tmax.in.flight.requests.per.connection = 5\r\n\tmax.request.size = 1048576\r\n\tmetadata.max.age.ms = 300000\r\n\tmetadata.max.idle.ms = 300000\r\n\tmetric.reporters = []\r\n\tmetrics.num.samples = 2\r\n\tmetrics.recording.level = INFO\r\n\tmetrics.sample.window.ms = 30000\r\n\tpartitioner.adaptive.partitioning.enable = true\r\n\tpartitioner.availability.timeout.ms = 0\r\n\tpartitioner.class = null\r\n\tpartitioner.ignore.keys = false\r\n\treceive.buffer.bytes = 32768\r\n\treconnect.backoff.max.ms = 1000\r\n\treconnect.backoff.ms = 50\r\n\trequest.timeout.ms = 30000\r\n\tretries = 2147483647\r\n\tretry.backoff.max.ms = 1000\r\n\tretry.backoff.ms = 100\r\n\tsasl.client.callback.handler.class = null\r\n\tsasl.jaas.config = null\r\n\tsasl.kerberos.kinit.cmd = /usr/bin/kinit\r\n\tsasl.kerberos.min.time.before.relogin = 60000\r\n\tsasl.kerberos.service.name = null\r\n\tsasl.kerberos.ticket.renew.jitter = 0.05\r\n\tsasl.kerberos.ticket.renew.window.factor = 0.8\r\n\tsasl.login.callback.handler.class = null\r\n\tsasl.login.class = null\r\n\tsasl.login.connect.timeout.ms = null\r\n\tsasl.login.read.timeout.ms = null\r\n\tsasl.login.refresh.buffer.seconds = 300\r\n\tsasl.login.refresh.min.period.seconds = 60\r\n\tsasl.login.refresh.window.factor = 0.8\r\n\tsasl.login.refresh.window.jitter = 0.05\r\n\tsasl.login.retry.backoff.max.ms = 10000\r\n\tsasl.login.retry.backoff.ms = 100\r\n\tsasl.mechanism = GSSAPI\r\n\tsasl.oauthbearer.clock.skew.seconds = 30\r\n\tsasl.oauthbearer.expected.audience = null\r\n\tsasl.oauthbearer.expected.issuer = null\r\n\tsasl.oauthbearer.jwks.endpoint.refresh.ms = 3600000\r\n\tsasl.oauthbearer.jwks.endpoint.retry.backoff.max.ms = 10000\r\n\tsasl.oauthbearer.jwks.endpoint.retry.backoff.ms = 100\r\n\tsasl.oauthbearer.jwks.endpoint.url = null\r\n\tsasl.oauthbearer.scope.claim.name = scope\r\n\tsasl.oauthbearer.sub.claim.name = sub\r\n\tsasl.oauthbearer.token.endpoint.url = null\r\n\tsecurity.protocol = PLAINTEXT\r\n\tsecurity.providers = null\r\n\tsend.buffer.bytes = 131072\r\n\tsocket.connection.setup.timeout.max.ms = 30000\r\n\tsocket.connection.setup.timeout.ms = 10000\r\n\tssl.cipher.suites = null\r\n\tssl.enabled.protocols = [TLSv1.2, TLSv1.3]\r\n\tssl.endpoint.identification.algorithm = https\r\n\tssl.engine.factory.class = null\r\n\tssl.key.password = null\r\n\tssl.keymanager.algorithm = SunX509\r\n\tssl.keystore.certificate.chain = null\r\n\tssl.keystore.key = null\r\n\tssl.keystore.location = null\r\n\tssl.keystore.password = null\r\n\tssl.keystore.type = JKS\r\n\tssl.protocol = TLSv1.3\r\n\tssl.provider = null\r\n\tssl.secure.random.implementation = null\r\n\tssl.trustmanager.algorithm = PKIX\r\n\tssl.truststore.certificates = null\r\n\tssl.truststore.location = null\r\n\tssl.truststore.password = null\r\n\tssl.truststore.type = JKS\r\n\ttransaction.timeout.ms = 60000\r\n\ttransactional.id = null\r\n\tvalue.serializer = class org.apache.kafka.common.serialization.ByteArraySerializer\r\n","logger_name":"org.apache.kafka.clients.producer.ProducerConfig","thread_name":"kafka-admin-client-thread | moviebooking-backend-admin-0","level":"INFO","level_value":20000}
{"@timestamp":"2025-08-09T15:05:45.9981694+05:30","@version":"1","message":"initializing Kafka metrics collector","logger_name":"org.apache.kafka.common.telemetry.internals.KafkaMetricsCollector","thread_name":"kafka-admin-client-thread | moviebooking-backend-admin-0","level":"INFO","level_value":20000}
{"@timestamp":"2025-08-09T15:05:45.9981694+05:30","@version":"1","message":"[Producer clientId=producer-95] Instantiated an idempotent producer.","logger_name":"org.apache.kafka.clients.producer.KafkaProducer","thread_name":"kafka-admin-client-thread | moviebooking-backend-admin-0","level":"INFO","level_value":20000}
{"@timestamp":"2025-08-09T15:05:45.999169+05:30","@version":"1","message":"[Producer clientId=producer-95] Closing the Kafka producer with timeoutMillis = 0 ms.","logger_name":"org.apache.kafka.clients.producer.KafkaProducer","thread_name":"kafka-admin-client-thread | moviebooking-backend-admin-0","level":"INFO","level_value":20000}
{"@timestamp":"2025-08-09T15:05:46.0001708+05:30","@version":"1","message":"Metrics scheduler closed","logger_name":"org.apache.kafka.common.metrics.Metrics","thread_name":"kafka-admin-client-thread | moviebooking-backend-admin-0","level":"INFO","level_value":20000}
{"@timestamp":"2025-08-09T15:05:46.0001708+05:30","@version":"1","message":"Closing reporter org.apache.kafka.common.metrics.JmxReporter","logger_name":"org.apache.kafka.common.metrics.Metrics","thread_name":"kafka-admin-client-thread | moviebooking-backend-admin-0","level":"INFO","level_value":20000}
{"@timestamp":"2025-08-09T15:05:46.0001708+05:30","@version":"1","message":"Closing reporter org.apache.kafka.common.telemetry.internals.ClientTelemetryReporter","logger_name":"org.apache.kafka.common.metrics.Metrics","thread_name":"kafka-admin-client-thread | moviebooking-backend-admin-0","level":"INFO","level_value":20000}
{"@timestamp":"2025-08-09T15:05:46.0001708+05:30","@version":"1","message":"Metrics reporters closed","logger_name":"org.apache.kafka.common.metrics.Metrics","thread_name":"kafka-admin-client-thread | moviebooking-backend-admin-0","level":"INFO","level_value":20000}
{"@timestamp":"2025-08-09T15:05:46.0001708+05:30","@version":"1","message":"App info kafka.producer for producer-95 unregistered","logger_name":"org.apache.kafka.common.utils.AppInfoParser","thread_name":"kafka-admin-client-thread | moviebooking-backend-admin-0","level":"INFO","level_value":20000}
{"@timestamp":"2025-08-09T15:05:46.9933827+05:30","@version":"1","message":"[AdminClient clientId=moviebooking-backend-admin-0] Node -1 disconnected.","logger_name":"org.apache.kafka.clients.NetworkClient","thread_name":"kafka-admin-client-thread | moviebooking-backend-admin-0","level":"INFO","level_value":20000}
{"@timestamp":"2025-08-09T15:05:46.9943767+05:30","@version":"1","message":"ProducerConfig values: \r\n\tacks = -1\r\n\tauto.include.jmx.reporter = true\r\n\tbatch.size = 16384\r\n\tbootstrap.servers = [spring.kafka.bootstrap-servers_IS_UNDEFINED]\r\n\tbuffer.memory = 33554432\r\n\tclient.dns.lookup = use_all_dns_ips\r\n\tclient.id = producer-96\r\n\tcompression.type = none\r\n\tconnections.max.idle.ms = 540000\r\n\tdelivery.timeout.ms = 120000\r\n\tenable.idempotence = true\r\n\tenable.metrics.push = true\r\n\tinterceptor.classes = []\r\n\tkey.serializer = class org.apache.kafka.common.serialization.ByteArraySerializer\r\n\tlinger.ms = 0\r\n\tmax.block.ms = 60000\r\n\tmax.in.flight.requests.per.connection = 5\r\n\tmax.request.size = 1048576\r\n\tmetadata.max.age.ms = 300000\r\n\tmetadata.max.idle.ms = 300000\r\n\tmetric.reporters = []\r\n\tmetrics.num.samples = 2\r\n\tmetrics.recording.level = INFO\r\n\tmetrics.sample.window.ms = 30000\r\n\tpartitioner.adaptive.partitioning.enable = true\r\n\tpartitioner.availability.timeout.ms = 0\r\n\tpartitioner.class = null\r\n\tpartitioner.ignore.keys = false\r\n\treceive.buffer.bytes = 32768\r\n\treconnect.backoff.max.ms = 1000\r\n\treconnect.backoff.ms = 50\r\n\trequest.timeout.ms = 30000\r\n\tretries = 2147483647\r\n\tretry.backoff.max.ms = 1000\r\n\tretry.backoff.ms = 100\r\n\tsasl.client.callback.handler.class = null\r\n\tsasl.jaas.config = null\r\n\tsasl.kerberos.kinit.cmd = /usr/bin/kinit\r\n\tsasl.kerberos.min.time.before.relogin = 60000\r\n\tsasl.kerberos.service.name = null\r\n\tsasl.kerberos.ticket.renew.jitter = 0.05\r\n\tsasl.kerberos.ticket.renew.window.factor = 0.8\r\n\tsasl.login.callback.handler.class = null\r\n\tsasl.login.class = null\r\n\tsasl.login.connect.timeout.ms = null\r\n\tsasl.login.read.timeout.ms = null\r\n\tsasl.login.refresh.buffer.seconds = 300\r\n\tsasl.login.refresh.min.period.seconds = 60\r\n\tsasl.login.refresh.window.factor = 0.8\r\n\tsasl.login.refresh.window.jitter = 0.05\r\n\tsasl.login.retry.backoff.max.ms = 10000\r\n\tsasl.login.retry.backoff.ms = 100\r\n\tsasl.mechanism = GSSAPI\r\n\tsasl.oauthbearer.clock.skew.seconds = 30\r\n\tsasl.oauthbearer.expected.audience = null\r\n\tsasl.oauthbearer.expected.issuer = null\r\n\tsasl.oauthbearer.jwks.endpoint.refresh.ms = 3600000\r\n\tsasl.oauthbearer.jwks.endpoint.retry.backoff.max.ms = 10000\r\n\tsasl.oauthbearer.jwks.endpoint.retry.backoff.ms = 100\r\n\tsasl.oauthbearer.jwks.endpoint.url = null\r\n\tsasl.oauthbearer.scope.claim.name = scope\r\n\tsasl.oauthbearer.sub.claim.name = sub\r\n\tsasl.oauthbearer.token.endpoint.url = null\r\n\tsecurity.protocol = PLAINTEXT\r\n\tsecurity.providers = null\r\n\tsend.buffer.bytes = 131072\r\n\tsocket.connection.setup.timeout.max.ms = 30000\r\n\tsocket.connection.setup.timeout.ms = 10000\r\n\tssl.cipher.suites = null\r\n\tssl.enabled.protocols = [TLSv1.2, TLSv1.3]\r\n\tssl.endpoint.identification.algorithm = https\r\n\tssl.engine.factory.class = null\r\n\tssl.key.password = null\r\n\tssl.keymanager.algorithm = SunX509\r\n\tssl.keystore.certificate.chain = null\r\n\tssl.keystore.key = null\r\n\tssl.keystore.location = null\r\n\tssl.keystore.password = null\r\n\tssl.keystore.type = JKS\r\n\tssl.protocol = TLSv1.3\r\n\tssl.provider = null\r\n\tssl.secure.random.implementation = null\r\n\tssl.trustmanager.algorithm = PKIX\r\n\tssl.truststore.certificates = null\r\n\tssl.truststore.location = null\r\n\tssl.truststore.password = null\r\n\tssl.truststore.type = JKS\r\n\ttransaction.timeout.ms = 60000\r\n\ttransactional.id = null\r\n\tvalue.serializer = class org.apache.kafka.common.serialization.ByteArraySerializer\r\n","logger_name":"org.apache.kafka.clients.producer.ProducerConfig","thread_name":"kafka-admin-client-thread | moviebooking-backend-admin-0","level":"INFO","level_value":20000}
{"@timestamp":"2025-08-09T15:05:46.9943767+05:30","@version":"1","message":"initializing Kafka metrics collector","logger_name":"org.apache.kafka.common.telemetry.internals.KafkaMetricsCollector","thread_name":"kafka-admin-client-thread | moviebooking-backend-admin-0","level":"INFO","level_value":20000}
{"@timestamp":"2025-08-09T15:05:46.9943767+05:30","@version":"1","message":"[Producer clientId=producer-96] Instantiated an idempotent producer.","logger_name":"org.apache.kafka.clients.producer.KafkaProducer","thread_name":"kafka-admin-client-thread | moviebooking-backend-admin-0","level":"INFO","level_value":20000}
{"@timestamp":"2025-08-09T15:05:46.9953809+05:30","@version":"1","message":"[Producer clientId=producer-96] Closing the Kafka producer with timeoutMillis = 0 ms.","logger_name":"org.apache.kafka.clients.producer.KafkaProducer","thread_name":"kafka-admin-client-thread | moviebooking-backend-admin-0","level":"INFO","level_value":20000}
{"@timestamp":"2025-08-09T15:05:46.9953809+05:30","@version":"1","message":"Metrics scheduler closed","logger_name":"org.apache.kafka.common.metrics.Metrics","thread_name":"kafka-admin-client-thread | moviebooking-backend-admin-0","level":"INFO","level_value":20000}
{"@timestamp":"2025-08-09T15:05:46.9953809+05:30","@version":"1","message":"Closing reporter org.apache.kafka.common.metrics.JmxReporter","logger_name":"org.apache.kafka.common.metrics.Metrics","thread_name":"kafka-admin-client-thread | moviebooking-backend-admin-0","level":"INFO","level_value":20000}
{"@timestamp":"2025-08-09T15:05:46.9953809+05:30","@version":"1","message":"Closing reporter org.apache.kafka.common.telemetry.internals.ClientTelemetryReporter","logger_name":"org.apache.kafka.common.metrics.Metrics","thread_name":"kafka-admin-client-thread | moviebooking-backend-admin-0","level":"INFO","level_value":20000}
{"@timestamp":"2025-08-09T15:05:46.9953809+05:30","@version":"1","message":"Metrics reporters closed","logger_name":"org.apache.kafka.common.metrics.Metrics","thread_name":"kafka-admin-client-thread | moviebooking-backend-admin-0","level":"INFO","level_value":20000}
{"@timestamp":"2025-08-09T15:05:46.9953809+05:30","@version":"1","message":"App info kafka.producer for producer-96 unregistered","logger_name":"org.apache.kafka.common.utils.AppInfoParser","thread_name":"kafka-admin-client-thread | moviebooking-backend-admin-0","level":"INFO","level_value":20000}
{"@timestamp":"2025-08-09T15:05:46.9963803+05:30","@version":"1","message":"[AdminClient clientId=moviebooking-backend-admin-0] Connection to node -1 (localhost/127.0.0.1:9092) could not be established. Node may not be available.","logger_name":"org.apache.kafka.clients.NetworkClient","thread_name":"kafka-admin-client-thread | moviebooking-backend-admin-0","level":"WARN","level_value":30000}
{"@timestamp":"2025-08-09T15:05:46.9963803+05:30","@version":"1","message":"ProducerConfig values: \r\n\tacks = -1\r\n\tauto.include.jmx.reporter = true\r\n\tbatch.size = 16384\r\n\tbootstrap.servers = [spring.kafka.bootstrap-servers_IS_UNDEFINED]\r\n\tbuffer.memory = 33554432\r\n\tclient.dns.lookup = use_all_dns_ips\r\n\tclient.id = producer-97\r\n\tcompression.type = none\r\n\tconnections.max.idle.ms = 540000\r\n\tdelivery.timeout.ms = 120000\r\n\tenable.idempotence = true\r\n\tenable.metrics.push = true\r\n\tinterceptor.classes = []\r\n\tkey.serializer = class org.apache.kafka.common.serialization.ByteArraySerializer\r\n\tlinger.ms = 0\r\n\tmax.block.ms = 60000\r\n\tmax.in.flight.requests.per.connection = 5\r\n\tmax.request.size = 1048576\r\n\tmetadata.max.age.ms = 300000\r\n\tmetadata.max.idle.ms = 300000\r\n\tmetric.reporters = []\r\n\tmetrics.num.samples = 2\r\n\tmetrics.recording.level = INFO\r\n\tmetrics.sample.window.ms = 30000\r\n\tpartitioner.adaptive.partitioning.enable = true\r\n\tpartitioner.availability.timeout.ms = 0\r\n\tpartitioner.class = null\r\n\tpartitioner.ignore.keys = false\r\n\treceive.buffer.bytes = 32768\r\n\treconnect.backoff.max.ms = 1000\r\n\treconnect.backoff.ms = 50\r\n\trequest.timeout.ms = 30000\r\n\tretries = 2147483647\r\n\tretry.backoff.max.ms = 1000\r\n\tretry.backoff.ms = 100\r\n\tsasl.client.callback.handler.class = null\r\n\tsasl.jaas.config = null\r\n\tsasl.kerberos.kinit.cmd = /usr/bin/kinit\r\n\tsasl.kerberos.min.time.before.relogin = 60000\r\n\tsasl.kerberos.service.name = null\r\n\tsasl.kerberos.ticket.renew.jitter = 0.05\r\n\tsasl.kerberos.ticket.renew.window.factor = 0.8\r\n\tsasl.login.callback.handler.class = null\r\n\tsasl.login.class = null\r\n\tsasl.login.connect.timeout.ms = null\r\n\tsasl.login.read.timeout.ms = null\r\n\tsasl.login.refresh.buffer.seconds = 300\r\n\tsasl.login.refresh.min.period.seconds = 60\r\n\tsasl.login.refresh.window.factor = 0.8\r\n\tsasl.login.refresh.window.jitter = 0.05\r\n\tsasl.login.retry.backoff.max.ms = 10000\r\n\tsasl.login.retry.backoff.ms = 100\r\n\tsasl.mechanism = GSSAPI\r\n\tsasl.oauthbearer.clock.skew.seconds = 30\r\n\tsasl.oauthbearer.expected.audience = null\r\n\tsasl.oauthbearer.expected.issuer = null\r\n\tsasl.oauthbearer.jwks.endpoint.refresh.ms = 3600000\r\n\tsasl.oauthbearer.jwks.endpoint.retry.backoff.max.ms = 10000\r\n\tsasl.oauthbearer.jwks.endpoint.retry.backoff.ms = 100\r\n\tsasl.oauthbearer.jwks.endpoint.url = null\r\n\tsasl.oauthbearer.scope.claim.name = scope\r\n\tsasl.oauthbearer.sub.claim.name = sub\r\n\tsasl.oauthbearer.token.endpoint.url = null\r\n\tsecurity.protocol = PLAINTEXT\r\n\tsecurity.providers = null\r\n\tsend.buffer.bytes = 131072\r\n\tsocket.connection.setup.timeout.max.ms = 30000\r\n\tsocket.connection.setup.timeout.ms = 10000\r\n\tssl.cipher.suites = null\r\n\tssl.enabled.protocols = [TLSv1.2, TLSv1.3]\r\n\tssl.endpoint.identification.algorithm = https\r\n\tssl.engine.factory.class = null\r\n\tssl.key.password = null\r\n\tssl.keymanager.algorithm = SunX509\r\n\tssl.keystore.certificate.chain = null\r\n\tssl.keystore.key = null\r\n\tssl.keystore.location = null\r\n\tssl.keystore.password = null\r\n\tssl.keystore.type = JKS\r\n\tssl.protocol = TLSv1.3\r\n\tssl.provider = null\r\n\tssl.secure.random.implementation = null\r\n\tssl.trustmanager.algorithm = PKIX\r\n\tssl.truststore.certificates = null\r\n\tssl.truststore.location = null\r\n\tssl.truststore.password = null\r\n\tssl.truststore.type = JKS\r\n\ttransaction.timeout.ms = 60000\r\n\ttransactional.id = null\r\n\tvalue.serializer = class org.apache.kafka.common.serialization.ByteArraySerializer\r\n","logger_name":"org.apache.kafka.clients.producer.ProducerConfig","thread_name":"kafka-admin-client-thread | moviebooking-backend-admin-0","level":"INFO","level_value":20000}
{"@timestamp":"2025-08-09T15:05:46.9963803+05:30","@version":"1","message":"initializing Kafka metrics collector","logger_name":"org.apache.kafka.common.telemetry.internals.KafkaMetricsCollector","thread_name":"kafka-admin-client-thread | moviebooking-backend-admin-0","level":"INFO","level_value":20000}
{"@timestamp":"2025-08-09T15:05:46.9973774+05:30","@version":"1","message":"[Producer clientId=producer-97] Instantiated an idempotent producer.","logger_name":"org.apache.kafka.clients.producer.KafkaProducer","thread_name":"kafka-admin-client-thread | moviebooking-backend-admin-0","level":"INFO","level_value":20000}
{"@timestamp":"2025-08-09T15:05:46.9973774+05:30","@version":"1","message":"[Producer clientId=producer-97] Closing the Kafka producer with timeoutMillis = 0 ms.","logger_name":"org.apache.kafka.clients.producer.KafkaProducer","thread_name":"kafka-admin-client-thread | moviebooking-backend-admin-0","level":"INFO","level_value":20000}
{"@timestamp":"2025-08-09T15:05:46.9973774+05:30","@version":"1","message":"Metrics scheduler closed","logger_name":"org.apache.kafka.common.metrics.Metrics","thread_name":"kafka-admin-client-thread | moviebooking-backend-admin-0","level":"INFO","level_value":20000}
{"@timestamp":"2025-08-09T15:05:46.9983961+05:30","@version":"1","message":"Closing reporter org.apache.kafka.common.metrics.JmxReporter","logger_name":"org.apache.kafka.common.metrics.Metrics","thread_name":"kafka-admin-client-thread | moviebooking-backend-admin-0","level":"INFO","level_value":20000}
{"@timestamp":"2025-08-09T15:05:46.9983961+05:30","@version":"1","message":"Closing reporter org.apache.kafka.common.telemetry.internals.ClientTelemetryReporter","logger_name":"org.apache.kafka.common.metrics.Metrics","thread_name":"kafka-admin-client-thread | moviebooking-backend-admin-0","level":"INFO","level_value":20000}
{"@timestamp":"2025-08-09T15:05:46.9983961+05:30","@version":"1","message":"Metrics reporters closed","logger_name":"org.apache.kafka.common.metrics.Metrics","thread_name":"kafka-admin-client-thread | moviebooking-backend-admin-0","level":"INFO","level_value":20000}
{"@timestamp":"2025-08-09T15:05:46.9983961+05:30","@version":"1","message":"App info kafka.producer for producer-97 unregistered","logger_name":"org.apache.kafka.common.utils.AppInfoParser","thread_name":"kafka-admin-client-thread | moviebooking-backend-admin-0","level":"INFO","level_value":20000}
{"@timestamp":"2025-08-09T15:05:48.0893456+05:30","@version":"1","message":"[AdminClient clientId=moviebooking-backend-admin-0] Node -1 disconnected.","logger_name":"org.apache.kafka.clients.NetworkClient","thread_name":"kafka-admin-client-thread | moviebooking-backend-admin-0","level":"INFO","level_value":20000}
{"@timestamp":"2025-08-09T15:05:48.0903511+05:30","@version":"1","message":"ProducerConfig values: \r\n\tacks = -1\r\n\tauto.include.jmx.reporter = true\r\n\tbatch.size = 16384\r\n\tbootstrap.servers = [spring.kafka.bootstrap-servers_IS_UNDEFINED]\r\n\tbuffer.memory = 33554432\r\n\tclient.dns.lookup = use_all_dns_ips\r\n\tclient.id = producer-98\r\n\tcompression.type = none\r\n\tconnections.max.idle.ms = 540000\r\n\tdelivery.timeout.ms = 120000\r\n\tenable.idempotence = true\r\n\tenable.metrics.push = true\r\n\tinterceptor.classes = []\r\n\tkey.serializer = class org.apache.kafka.common.serialization.ByteArraySerializer\r\n\tlinger.ms = 0\r\n\tmax.block.ms = 60000\r\n\tmax.in.flight.requests.per.connection = 5\r\n\tmax.request.size = 1048576\r\n\tmetadata.max.age.ms = 300000\r\n\tmetadata.max.idle.ms = 300000\r\n\tmetric.reporters = []\r\n\tmetrics.num.samples = 2\r\n\tmetrics.recording.level = INFO\r\n\tmetrics.sample.window.ms = 30000\r\n\tpartitioner.adaptive.partitioning.enable = true\r\n\tpartitioner.availability.timeout.ms = 0\r\n\tpartitioner.class = null\r\n\tpartitioner.ignore.keys = false\r\n\treceive.buffer.bytes = 32768\r\n\treconnect.backoff.max.ms = 1000\r\n\treconnect.backoff.ms = 50\r\n\trequest.timeout.ms = 30000\r\n\tretries = 2147483647\r\n\tretry.backoff.max.ms = 1000\r\n\tretry.backoff.ms = 100\r\n\tsasl.client.callback.handler.class = null\r\n\tsasl.jaas.config = null\r\n\tsasl.kerberos.kinit.cmd = /usr/bin/kinit\r\n\tsasl.kerberos.min.time.before.relogin = 60000\r\n\tsasl.kerberos.service.name = null\r\n\tsasl.kerberos.ticket.renew.jitter = 0.05\r\n\tsasl.kerberos.ticket.renew.window.factor = 0.8\r\n\tsasl.login.callback.handler.class = null\r\n\tsasl.login.class = null\r\n\tsasl.login.connect.timeout.ms = null\r\n\tsasl.login.read.timeout.ms = null\r\n\tsasl.login.refresh.buffer.seconds = 300\r\n\tsasl.login.refresh.min.period.seconds = 60\r\n\tsasl.login.refresh.window.factor = 0.8\r\n\tsasl.login.refresh.window.jitter = 0.05\r\n\tsasl.login.retry.backoff.max.ms = 10000\r\n\tsasl.login.retry.backoff.ms = 100\r\n\tsasl.mechanism = GSSAPI\r\n\tsasl.oauthbearer.clock.skew.seconds = 30\r\n\tsasl.oauthbearer.expected.audience = null\r\n\tsasl.oauthbearer.expected.issuer = null\r\n\tsasl.oauthbearer.jwks.endpoint.refresh.ms = 3600000\r\n\tsasl.oauthbearer.jwks.endpoint.retry.backoff.max.ms = 10000\r\n\tsasl.oauthbearer.jwks.endpoint.retry.backoff.ms = 100\r\n\tsasl.oauthbearer.jwks.endpoint.url = null\r\n\tsasl.oauthbearer.scope.claim.name = scope\r\n\tsasl.oauthbearer.sub.claim.name = sub\r\n\tsasl.oauthbearer.token.endpoint.url = null\r\n\tsecurity.protocol = PLAINTEXT\r\n\tsecurity.providers = null\r\n\tsend.buffer.bytes = 131072\r\n\tsocket.connection.setup.timeout.max.ms = 30000\r\n\tsocket.connection.setup.timeout.ms = 10000\r\n\tssl.cipher.suites = null\r\n\tssl.enabled.protocols = [TLSv1.2, TLSv1.3]\r\n\tssl.endpoint.identification.algorithm = https\r\n\tssl.engine.factory.class = null\r\n\tssl.key.password = null\r\n\tssl.keymanager.algorithm = SunX509\r\n\tssl.keystore.certificate.chain = null\r\n\tssl.keystore.key = null\r\n\tssl.keystore.location = null\r\n\tssl.keystore.password = null\r\n\tssl.keystore.type = JKS\r\n\tssl.protocol = TLSv1.3\r\n\tssl.provider = null\r\n\tssl.secure.random.implementation = null\r\n\tssl.trustmanager.algorithm = PKIX\r\n\tssl.truststore.certificates = null\r\n\tssl.truststore.location = null\r\n\tssl.truststore.password = null\r\n\tssl.truststore.type = JKS\r\n\ttransaction.timeout.ms = 60000\r\n\ttransactional.id = null\r\n\tvalue.serializer = class org.apache.kafka.common.serialization.ByteArraySerializer\r\n","logger_name":"org.apache.kafka.clients.producer.ProducerConfig","thread_name":"kafka-admin-client-thread | moviebooking-backend-admin-0","level":"INFO","level_value":20000}
{"@timestamp":"2025-08-09T15:05:48.0913495+05:30","@version":"1","message":"initializing Kafka metrics collector","logger_name":"org.apache.kafka.common.telemetry.internals.KafkaMetricsCollector","thread_name":"kafka-admin-client-thread | moviebooking-backend-admin-0","level":"INFO","level_value":20000}
{"@timestamp":"2025-08-09T15:05:48.0933498+05:30","@version":"1","message":"[Producer clientId=producer-98] Instantiated an idempotent producer.","logger_name":"org.apache.kafka.clients.producer.KafkaProducer","thread_name":"kafka-admin-client-thread | moviebooking-backend-admin-0","level":"INFO","level_value":20000}
{"@timestamp":"2025-08-09T15:05:48.0948721+05:30","@version":"1","message":"[Producer clientId=producer-98] Closing the Kafka producer with timeoutMillis = 0 ms.","logger_name":"org.apache.kafka.clients.producer.KafkaProducer","thread_name":"kafka-admin-client-thread | moviebooking-backend-admin-0","level":"INFO","level_value":20000}
{"@timestamp":"2025-08-09T15:05:48.0948721+05:30","@version":"1","message":"Metrics scheduler closed","logger_name":"org.apache.kafka.common.metrics.Metrics","thread_name":"kafka-admin-client-thread | moviebooking-backend-admin-0","level":"INFO","level_value":20000}
{"@timestamp":"2025-08-09T15:05:48.0948721+05:30","@version":"1","message":"Closing reporter org.apache.kafka.common.metrics.JmxReporter","logger_name":"org.apache.kafka.common.metrics.Metrics","thread_name":"kafka-admin-client-thread | moviebooking-backend-admin-0","level":"INFO","level_value":20000}
{"@timestamp":"2025-08-09T15:05:48.0948721+05:30","@version":"1","message":"Closing reporter org.apache.kafka.common.telemetry.internals.ClientTelemetryReporter","logger_name":"org.apache.kafka.common.metrics.Metrics","thread_name":"kafka-admin-client-thread | moviebooking-backend-admin-0","level":"INFO","level_value":20000}
{"@timestamp":"2025-08-09T15:05:48.0948721+05:30","@version":"1","message":"Metrics reporters closed","logger_name":"org.apache.kafka.common.metrics.Metrics","thread_name":"kafka-admin-client-thread | moviebooking-backend-admin-0","level":"INFO","level_value":20000}
{"@timestamp":"2025-08-09T15:05:48.0958961+05:30","@version":"1","message":"App info kafka.producer for producer-98 unregistered","logger_name":"org.apache.kafka.common.utils.AppInfoParser","thread_name":"kafka-admin-client-thread | moviebooking-backend-admin-0","level":"INFO","level_value":20000}
{"@timestamp":"2025-08-09T15:05:48.0958961+05:30","@version":"1","message":"[AdminClient clientId=moviebooking-backend-admin-0] Connection to node -1 (localhost/127.0.0.1:9092) could not be established. Node may not be available.","logger_name":"org.apache.kafka.clients.NetworkClient","thread_name":"kafka-admin-client-thread | moviebooking-backend-admin-0","level":"WARN","level_value":30000}
{"@timestamp":"2025-08-09T15:05:48.0968962+05:30","@version":"1","message":"ProducerConfig values: \r\n\tacks = -1\r\n\tauto.include.jmx.reporter = true\r\n\tbatch.size = 16384\r\n\tbootstrap.servers = [spring.kafka.bootstrap-servers_IS_UNDEFINED]\r\n\tbuffer.memory = 33554432\r\n\tclient.dns.lookup = use_all_dns_ips\r\n\tclient.id = producer-99\r\n\tcompression.type = none\r\n\tconnections.max.idle.ms = 540000\r\n\tdelivery.timeout.ms = 120000\r\n\tenable.idempotence = true\r\n\tenable.metrics.push = true\r\n\tinterceptor.classes = []\r\n\tkey.serializer = class org.apache.kafka.common.serialization.ByteArraySerializer\r\n\tlinger.ms = 0\r\n\tmax.block.ms = 60000\r\n\tmax.in.flight.requests.per.connection = 5\r\n\tmax.request.size = 1048576\r\n\tmetadata.max.age.ms = 300000\r\n\tmetadata.max.idle.ms = 300000\r\n\tmetric.reporters = []\r\n\tmetrics.num.samples = 2\r\n\tmetrics.recording.level = INFO\r\n\tmetrics.sample.window.ms = 30000\r\n\tpartitioner.adaptive.partitioning.enable = true\r\n\tpartitioner.availability.timeout.ms = 0\r\n\tpartitioner.class = null\r\n\tpartitioner.ignore.keys = false\r\n\treceive.buffer.bytes = 32768\r\n\treconnect.backoff.max.ms = 1000\r\n\treconnect.backoff.ms = 50\r\n\trequest.timeout.ms = 30000\r\n\tretries = 2147483647\r\n\tretry.backoff.max.ms = 1000\r\n\tretry.backoff.ms = 100\r\n\tsasl.client.callback.handler.class = null\r\n\tsasl.jaas.config = null\r\n\tsasl.kerberos.kinit.cmd = /usr/bin/kinit\r\n\tsasl.kerberos.min.time.before.relogin = 60000\r\n\tsasl.kerberos.service.name = null\r\n\tsasl.kerberos.ticket.renew.jitter = 0.05\r\n\tsasl.kerberos.ticket.renew.window.factor = 0.8\r\n\tsasl.login.callback.handler.class = null\r\n\tsasl.login.class = null\r\n\tsasl.login.connect.timeout.ms = null\r\n\tsasl.login.read.timeout.ms = null\r\n\tsasl.login.refresh.buffer.seconds = 300\r\n\tsasl.login.refresh.min.period.seconds = 60\r\n\tsasl.login.refresh.window.factor = 0.8\r\n\tsasl.login.refresh.window.jitter = 0.05\r\n\tsasl.login.retry.backoff.max.ms = 10000\r\n\tsasl.login.retry.backoff.ms = 100\r\n\tsasl.mechanism = GSSAPI\r\n\tsasl.oauthbearer.clock.skew.seconds = 30\r\n\tsasl.oauthbearer.expected.audience = null\r\n\tsasl.oauthbearer.expected.issuer = null\r\n\tsasl.oauthbearer.jwks.endpoint.refresh.ms = 3600000\r\n\tsasl.oauthbearer.jwks.endpoint.retry.backoff.max.ms = 10000\r\n\tsasl.oauthbearer.jwks.endpoint.retry.backoff.ms = 100\r\n\tsasl.oauthbearer.jwks.endpoint.url = null\r\n\tsasl.oauthbearer.scope.claim.name = scope\r\n\tsasl.oauthbearer.sub.claim.name = sub\r\n\tsasl.oauthbearer.token.endpoint.url = null\r\n\tsecurity.protocol = PLAINTEXT\r\n\tsecurity.providers = null\r\n\tsend.buffer.bytes = 131072\r\n\tsocket.connection.setup.timeout.max.ms = 30000\r\n\tsocket.connection.setup.timeout.ms = 10000\r\n\tssl.cipher.suites = null\r\n\tssl.enabled.protocols = [TLSv1.2, TLSv1.3]\r\n\tssl.endpoint.identification.algorithm = https\r\n\tssl.engine.factory.class = null\r\n\tssl.key.password = null\r\n\tssl.keymanager.algorithm = SunX509\r\n\tssl.keystore.certificate.chain = null\r\n\tssl.keystore.key = null\r\n\tssl.keystore.location = null\r\n\tssl.keystore.password = null\r\n\tssl.keystore.type = JKS\r\n\tssl.protocol = TLSv1.3\r\n\tssl.provider = null\r\n\tssl.secure.random.implementation = null\r\n\tssl.trustmanager.algorithm = PKIX\r\n\tssl.truststore.certificates = null\r\n\tssl.truststore.location = null\r\n\tssl.truststore.password = null\r\n\tssl.truststore.type = JKS\r\n\ttransaction.timeout.ms = 60000\r\n\ttransactional.id = null\r\n\tvalue.serializer = class org.apache.kafka.common.serialization.ByteArraySerializer\r\n","logger_name":"org.apache.kafka.clients.producer.ProducerConfig","thread_name":"kafka-admin-client-thread | moviebooking-backend-admin-0","level":"INFO","level_value":20000}
{"@timestamp":"2025-08-09T15:05:48.0968962+05:30","@version":"1","message":"initializing Kafka metrics collector","logger_name":"org.apache.kafka.common.telemetry.internals.KafkaMetricsCollector","thread_name":"kafka-admin-client-thread | moviebooking-backend-admin-0","level":"INFO","level_value":20000}
{"@timestamp":"2025-08-09T15:05:48.0983901+05:30","@version":"1","message":"[Producer clientId=producer-99] Instantiated an idempotent producer.","logger_name":"org.apache.kafka.clients.producer.KafkaProducer","thread_name":"kafka-admin-client-thread | moviebooking-backend-admin-0","level":"INFO","level_value":20000}
{"@timestamp":"2025-08-09T15:05:48.1004169+05:30","@version":"1","message":"[Producer clientId=producer-99] Closing the Kafka producer with timeoutMillis = 0 ms.","logger_name":"org.apache.kafka.clients.producer.KafkaProducer","thread_name":"kafka-admin-client-thread | moviebooking-backend-admin-0","level":"INFO","level_value":20000}
{"@timestamp":"2025-08-09T15:05:48.1010534+05:30","@version":"1","message":"Metrics scheduler closed","logger_name":"org.apache.kafka.common.metrics.Metrics","thread_name":"kafka-admin-client-thread | moviebooking-backend-admin-0","level":"INFO","level_value":20000}
{"@timestamp":"2025-08-09T15:05:48.1015758+05:30","@version":"1","message":"Closing reporter org.apache.kafka.common.metrics.JmxReporter","logger_name":"org.apache.kafka.common.metrics.Metrics","thread_name":"kafka-admin-client-thread | moviebooking-backend-admin-0","level":"INFO","level_value":20000}
{"@timestamp":"2025-08-09T15:05:48.1015758+05:30","@version":"1","message":"Closing reporter org.apache.kafka.common.telemetry.internals.ClientTelemetryReporter","logger_name":"org.apache.kafka.common.metrics.Metrics","thread_name":"kafka-admin-client-thread | moviebooking-backend-admin-0","level":"INFO","level_value":20000}
{"@timestamp":"2025-08-09T15:05:48.1015758+05:30","@version":"1","message":"Metrics reporters closed","logger_name":"org.apache.kafka.common.metrics.Metrics","thread_name":"kafka-admin-client-thread | moviebooking-backend-admin-0","level":"INFO","level_value":20000}
{"@timestamp":"2025-08-09T15:05:48.1015758+05:30","@version":"1","message":"App info kafka.producer for producer-99 unregistered","logger_name":"org.apache.kafka.common.utils.AppInfoParser","thread_name":"kafka-admin-client-thread | moviebooking-backend-admin-0","level":"INFO","level_value":20000}
{"@timestamp":"2025-08-09T15:05:49.0902052+05:30","@version":"1","message":"[AdminClient clientId=moviebooking-backend-admin-0] Node -1 disconnected.","logger_name":"org.apache.kafka.clients.NetworkClient","thread_name":"kafka-admin-client-thread | moviebooking-backend-admin-0","level":"INFO","level_value":20000}
{"@timestamp":"2025-08-09T15:05:49.0902052+05:30","@version":"1","message":"ProducerConfig values: \r\n\tacks = -1\r\n\tauto.include.jmx.reporter = true\r\n\tbatch.size = 16384\r\n\tbootstrap.servers = [spring.kafka.bootstrap-servers_IS_UNDEFINED]\r\n\tbuffer.memory = 33554432\r\n\tclient.dns.lookup = use_all_dns_ips\r\n\tclient.id = producer-100\r\n\tcompression.type = none\r\n\tconnections.max.idle.ms = 540000\r\n\tdelivery.timeout.ms = 120000\r\n\tenable.idempotence = true\r\n\tenable.metrics.push = true\r\n\tinterceptor.classes = []\r\n\tkey.serializer = class org.apache.kafka.common.serialization.ByteArraySerializer\r\n\tlinger.ms = 0\r\n\tmax.block.ms = 60000\r\n\tmax.in.flight.requests.per.connection = 5\r\n\tmax.request.size = 1048576\r\n\tmetadata.max.age.ms = 300000\r\n\tmetadata.max.idle.ms = 300000\r\n\tmetric.reporters = []\r\n\tmetrics.num.samples = 2\r\n\tmetrics.recording.level = INFO\r\n\tmetrics.sample.window.ms = 30000\r\n\tpartitioner.adaptive.partitioning.enable = true\r\n\tpartitioner.availability.timeout.ms = 0\r\n\tpartitioner.class = null\r\n\tpartitioner.ignore.keys = false\r\n\treceive.buffer.bytes = 32768\r\n\treconnect.backoff.max.ms = 1000\r\n\treconnect.backoff.ms = 50\r\n\trequest.timeout.ms = 30000\r\n\tretries = 2147483647\r\n\tretry.backoff.max.ms = 1000\r\n\tretry.backoff.ms = 100\r\n\tsasl.client.callback.handler.class = null\r\n\tsasl.jaas.config = null\r\n\tsasl.kerberos.kinit.cmd = /usr/bin/kinit\r\n\tsasl.kerberos.min.time.before.relogin = 60000\r\n\tsasl.kerberos.service.name = null\r\n\tsasl.kerberos.ticket.renew.jitter = 0.05\r\n\tsasl.kerberos.ticket.renew.window.factor = 0.8\r\n\tsasl.login.callback.handler.class = null\r\n\tsasl.login.class = null\r\n\tsasl.login.connect.timeout.ms = null\r\n\tsasl.login.read.timeout.ms = null\r\n\tsasl.login.refresh.buffer.seconds = 300\r\n\tsasl.login.refresh.min.period.seconds = 60\r\n\tsasl.login.refresh.window.factor = 0.8\r\n\tsasl.login.refresh.window.jitter = 0.05\r\n\tsasl.login.retry.backoff.max.ms = 10000\r\n\tsasl.login.retry.backoff.ms = 100\r\n\tsasl.mechanism = GSSAPI\r\n\tsasl.oauthbearer.clock.skew.seconds = 30\r\n\tsasl.oauthbearer.expected.audience = null\r\n\tsasl.oauthbearer.expected.issuer = null\r\n\tsasl.oauthbearer.jwks.endpoint.refresh.ms = 3600000\r\n\tsasl.oauthbearer.jwks.endpoint.retry.backoff.max.ms = 10000\r\n\tsasl.oauthbearer.jwks.endpoint.retry.backoff.ms = 100\r\n\tsasl.oauthbearer.jwks.endpoint.url = null\r\n\tsasl.oauthbearer.scope.claim.name = scope\r\n\tsasl.oauthbearer.sub.claim.name = sub\r\n\tsasl.oauthbearer.token.endpoint.url = null\r\n\tsecurity.protocol = PLAINTEXT\r\n\tsecurity.providers = null\r\n\tsend.buffer.bytes = 131072\r\n\tsocket.connection.setup.timeout.max.ms = 30000\r\n\tsocket.connection.setup.timeout.ms = 10000\r\n\tssl.cipher.suites = null\r\n\tssl.enabled.protocols = [TLSv1.2, TLSv1.3]\r\n\tssl.endpoint.identification.algorithm = https\r\n\tssl.engine.factory.class = null\r\n\tssl.key.password = null\r\n\tssl.keymanager.algorithm = SunX509\r\n\tssl.keystore.certificate.chain = null\r\n\tssl.keystore.key = null\r\n\tssl.keystore.location = null\r\n\tssl.keystore.password = null\r\n\tssl.keystore.type = JKS\r\n\tssl.protocol = TLSv1.3\r\n\tssl.provider = null\r\n\tssl.secure.random.implementation = null\r\n\tssl.trustmanager.algorithm = PKIX\r\n\tssl.truststore.certificates = null\r\n\tssl.truststore.location = null\r\n\tssl.truststore.password = null\r\n\tssl.truststore.type = JKS\r\n\ttransaction.timeout.ms = 60000\r\n\ttransactional.id = null\r\n\tvalue.serializer = class org.apache.kafka.common.serialization.ByteArraySerializer\r\n","logger_name":"org.apache.kafka.clients.producer.ProducerConfig","thread_name":"kafka-admin-client-thread | moviebooking-backend-admin-0","level":"INFO","level_value":20000}
{"@timestamp":"2025-08-09T15:05:49.0912022+05:30","@version":"1","message":"initializing Kafka metrics collector","logger_name":"org.apache.kafka.common.telemetry.internals.KafkaMetricsCollector","thread_name":"kafka-admin-client-thread | moviebooking-backend-admin-0","level":"INFO","level_value":20000}
{"@timestamp":"2025-08-09T15:05:49.0912022+05:30","@version":"1","message":"[Producer clientId=producer-100] Instantiated an idempotent producer.","logger_name":"org.apache.kafka.clients.producer.KafkaProducer","thread_name":"kafka-admin-client-thread | moviebooking-backend-admin-0","level":"INFO","level_value":20000}
{"@timestamp":"2025-08-09T15:05:49.0922052+05:30","@version":"1","message":"[Producer clientId=producer-100] Closing the Kafka producer with timeoutMillis = 0 ms.","logger_name":"org.apache.kafka.clients.producer.KafkaProducer","thread_name":"kafka-admin-client-thread | moviebooking-backend-admin-0","level":"INFO","level_value":20000}
{"@timestamp":"2025-08-09T15:05:49.0922052+05:30","@version":"1","message":"Metrics scheduler closed","logger_name":"org.apache.kafka.common.metrics.Metrics","thread_name":"kafka-admin-client-thread | moviebooking-backend-admin-0","level":"INFO","level_value":20000}
{"@timestamp":"2025-08-09T15:05:49.0922052+05:30","@version":"1","message":"Closing reporter org.apache.kafka.common.metrics.JmxReporter","logger_name":"org.apache.kafka.common.metrics.Metrics","thread_name":"kafka-admin-client-thread | moviebooking-backend-admin-0","level":"INFO","level_value":20000}
{"@timestamp":"2025-08-09T15:05:49.0922052+05:30","@version":"1","message":"Closing reporter org.apache.kafka.common.telemetry.internals.ClientTelemetryReporter","logger_name":"org.apache.kafka.common.metrics.Metrics","thread_name":"kafka-admin-client-thread | moviebooking-backend-admin-0","level":"INFO","level_value":20000}
{"@timestamp":"2025-08-09T15:05:49.0932022+05:30","@version":"1","message":"Metrics reporters closed","logger_name":"org.apache.kafka.common.metrics.Metrics","thread_name":"kafka-admin-client-thread | moviebooking-backend-admin-0","level":"INFO","level_value":20000}
{"@timestamp":"2025-08-09T15:05:49.0932022+05:30","@version":"1","message":"App info kafka.producer for producer-100 unregistered","logger_name":"org.apache.kafka.common.utils.AppInfoParser","thread_name":"kafka-admin-client-thread | moviebooking-backend-admin-0","level":"INFO","level_value":20000}
{"@timestamp":"2025-08-09T15:05:49.0932022+05:30","@version":"1","message":"[AdminClient clientId=moviebooking-backend-admin-0] Connection to node -1 (localhost/127.0.0.1:9092) could not be established. Node may not be available.","logger_name":"org.apache.kafka.clients.NetworkClient","thread_name":"kafka-admin-client-thread | moviebooking-backend-admin-0","level":"WARN","level_value":30000}
{"@timestamp":"2025-08-09T15:05:49.0932022+05:30","@version":"1","message":"ProducerConfig values: \r\n\tacks = -1\r\n\tauto.include.jmx.reporter = true\r\n\tbatch.size = 16384\r\n\tbootstrap.servers = [spring.kafka.bootstrap-servers_IS_UNDEFINED]\r\n\tbuffer.memory = 33554432\r\n\tclient.dns.lookup = use_all_dns_ips\r\n\tclient.id = producer-101\r\n\tcompression.type = none\r\n\tconnections.max.idle.ms = 540000\r\n\tdelivery.timeout.ms = 120000\r\n\tenable.idempotence = true\r\n\tenable.metrics.push = true\r\n\tinterceptor.classes = []\r\n\tkey.serializer = class org.apache.kafka.common.serialization.ByteArraySerializer\r\n\tlinger.ms = 0\r\n\tmax.block.ms = 60000\r\n\tmax.in.flight.requests.per.connection = 5\r\n\tmax.request.size = 1048576\r\n\tmetadata.max.age.ms = 300000\r\n\tmetadata.max.idle.ms = 300000\r\n\tmetric.reporters = []\r\n\tmetrics.num.samples = 2\r\n\tmetrics.recording.level = INFO\r\n\tmetrics.sample.window.ms = 30000\r\n\tpartitioner.adaptive.partitioning.enable = true\r\n\tpartitioner.availability.timeout.ms = 0\r\n\tpartitioner.class = null\r\n\tpartitioner.ignore.keys = false\r\n\treceive.buffer.bytes = 32768\r\n\treconnect.backoff.max.ms = 1000\r\n\treconnect.backoff.ms = 50\r\n\trequest.timeout.ms = 30000\r\n\tretries = 2147483647\r\n\tretry.backoff.max.ms = 1000\r\n\tretry.backoff.ms = 100\r\n\tsasl.client.callback.handler.class = null\r\n\tsasl.jaas.config = null\r\n\tsasl.kerberos.kinit.cmd = /usr/bin/kinit\r\n\tsasl.kerberos.min.time.before.relogin = 60000\r\n\tsasl.kerberos.service.name = null\r\n\tsasl.kerberos.ticket.renew.jitter = 0.05\r\n\tsasl.kerberos.ticket.renew.window.factor = 0.8\r\n\tsasl.login.callback.handler.class = null\r\n\tsasl.login.class = null\r\n\tsasl.login.connect.timeout.ms = null\r\n\tsasl.login.read.timeout.ms = null\r\n\tsasl.login.refresh.buffer.seconds = 300\r\n\tsasl.login.refresh.min.period.seconds = 60\r\n\tsasl.login.refresh.window.factor = 0.8\r\n\tsasl.login.refresh.window.jitter = 0.05\r\n\tsasl.login.retry.backoff.max.ms = 10000\r\n\tsasl.login.retry.backoff.ms = 100\r\n\tsasl.mechanism = GSSAPI\r\n\tsasl.oauthbearer.clock.skew.seconds = 30\r\n\tsasl.oauthbearer.expected.audience = null\r\n\tsasl.oauthbearer.expected.issuer = null\r\n\tsasl.oauthbearer.jwks.endpoint.refresh.ms = 3600000\r\n\tsasl.oauthbearer.jwks.endpoint.retry.backoff.max.ms = 10000\r\n\tsasl.oauthbearer.jwks.endpoint.retry.backoff.ms = 100\r\n\tsasl.oauthbearer.jwks.endpoint.url = null\r\n\tsasl.oauthbearer.scope.claim.name = scope\r\n\tsasl.oauthbearer.sub.claim.name = sub\r\n\tsasl.oauthbearer.token.endpoint.url = null\r\n\tsecurity.protocol = PLAINTEXT\r\n\tsecurity.providers = null\r\n\tsend.buffer.bytes = 131072\r\n\tsocket.connection.setup.timeout.max.ms = 30000\r\n\tsocket.connection.setup.timeout.ms = 10000\r\n\tssl.cipher.suites = null\r\n\tssl.enabled.protocols = [TLSv1.2, TLSv1.3]\r\n\tssl.endpoint.identification.algorithm = https\r\n\tssl.engine.factory.class = null\r\n\tssl.key.password = null\r\n\tssl.keymanager.algorithm = SunX509\r\n\tssl.keystore.certificate.chain = null\r\n\tssl.keystore.key = null\r\n\tssl.keystore.location = null\r\n\tssl.keystore.password = null\r\n\tssl.keystore.type = JKS\r\n\tssl.protocol = TLSv1.3\r\n\tssl.provider = null\r\n\tssl.secure.random.implementation = null\r\n\tssl.trustmanager.algorithm = PKIX\r\n\tssl.truststore.certificates = null\r\n\tssl.truststore.location = null\r\n\tssl.truststore.password = null\r\n\tssl.truststore.type = JKS\r\n\ttransaction.timeout.ms = 60000\r\n\ttransactional.id = null\r\n\tvalue.serializer = class org.apache.kafka.common.serialization.ByteArraySerializer\r\n","logger_name":"org.apache.kafka.clients.producer.ProducerConfig","thread_name":"kafka-admin-client-thread | moviebooking-backend-admin-0","level":"INFO","level_value":20000}
{"@timestamp":"2025-08-09T15:05:49.0932022+05:30","@version":"1","message":"initializing Kafka metrics collector","logger_name":"org.apache.kafka.common.telemetry.internals.KafkaMetricsCollector","thread_name":"kafka-admin-client-thread | moviebooking-backend-admin-0","level":"INFO","level_value":20000}
{"@timestamp":"2025-08-09T15:05:49.0947205+05:30","@version":"1","message":"[Producer clientId=producer-101] Instantiated an idempotent producer.","logger_name":"org.apache.kafka.clients.producer.KafkaProducer","thread_name":"kafka-admin-client-thread | moviebooking-backend-admin-0","level":"INFO","level_value":20000}
{"@timestamp":"2025-08-09T15:05:49.0947205+05:30","@version":"1","message":"[Producer clientId=producer-101] Closing the Kafka producer with timeoutMillis = 0 ms.","logger_name":"org.apache.kafka.clients.producer.KafkaProducer","thread_name":"kafka-admin-client-thread | moviebooking-backend-admin-0","level":"INFO","level_value":20000}
{"@timestamp":"2025-08-09T15:05:49.095783+05:30","@version":"1","message":"Metrics scheduler closed","logger_name":"org.apache.kafka.common.metrics.Metrics","thread_name":"kafka-admin-client-thread | moviebooking-backend-admin-0","level":"INFO","level_value":20000}
{"@timestamp":"2025-08-09T15:05:49.095783+05:30","@version":"1","message":"Closing reporter org.apache.kafka.common.metrics.JmxReporter","logger_name":"org.apache.kafka.common.metrics.Metrics","thread_name":"kafka-admin-client-thread | moviebooking-backend-admin-0","level":"INFO","level_value":20000}
{"@timestamp":"2025-08-09T15:05:49.095783+05:30","@version":"1","message":"Closing reporter org.apache.kafka.common.telemetry.internals.ClientTelemetryReporter","logger_name":"org.apache.kafka.common.metrics.Metrics","thread_name":"kafka-admin-client-thread | moviebooking-backend-admin-0","level":"INFO","level_value":20000}
{"@timestamp":"2025-08-09T15:05:49.095783+05:30","@version":"1","message":"Metrics reporters closed","logger_name":"org.apache.kafka.common.metrics.Metrics","thread_name":"kafka-admin-client-thread | moviebooking-backend-admin-0","level":"INFO","level_value":20000}
{"@timestamp":"2025-08-09T15:05:49.095783+05:30","@version":"1","message":"App info kafka.producer for producer-101 unregistered","logger_name":"org.apache.kafka.common.utils.AppInfoParser","thread_name":"kafka-admin-client-thread | moviebooking-backend-admin-0","level":"INFO","level_value":20000}
{"@timestamp":"2025-08-09T15:05:50.0967093+05:30","@version":"1","message":"[AdminClient clientId=moviebooking-backend-admin-0] Node -1 disconnected.","logger_name":"org.apache.kafka.clients.NetworkClient","thread_name":"kafka-admin-client-thread | moviebooking-backend-admin-0","level":"INFO","level_value":20000}
{"@timestamp":"2025-08-09T15:05:50.0977526+05:30","@version":"1","message":"ProducerConfig values: \r\n\tacks = -1\r\n\tauto.include.jmx.reporter = true\r\n\tbatch.size = 16384\r\n\tbootstrap.servers = [spring.kafka.bootstrap-servers_IS_UNDEFINED]\r\n\tbuffer.memory = 33554432\r\n\tclient.dns.lookup = use_all_dns_ips\r\n\tclient.id = producer-102\r\n\tcompression.type = none\r\n\tconnections.max.idle.ms = 540000\r\n\tdelivery.timeout.ms = 120000\r\n\tenable.idempotence = true\r\n\tenable.metrics.push = true\r\n\tinterceptor.classes = []\r\n\tkey.serializer = class org.apache.kafka.common.serialization.ByteArraySerializer\r\n\tlinger.ms = 0\r\n\tmax.block.ms = 60000\r\n\tmax.in.flight.requests.per.connection = 5\r\n\tmax.request.size = 1048576\r\n\tmetadata.max.age.ms = 300000\r\n\tmetadata.max.idle.ms = 300000\r\n\tmetric.reporters = []\r\n\tmetrics.num.samples = 2\r\n\tmetrics.recording.level = INFO\r\n\tmetrics.sample.window.ms = 30000\r\n\tpartitioner.adaptive.partitioning.enable = true\r\n\tpartitioner.availability.timeout.ms = 0\r\n\tpartitioner.class = null\r\n\tpartitioner.ignore.keys = false\r\n\treceive.buffer.bytes = 32768\r\n\treconnect.backoff.max.ms = 1000\r\n\treconnect.backoff.ms = 50\r\n\trequest.timeout.ms = 30000\r\n\tretries = 2147483647\r\n\tretry.backoff.max.ms = 1000\r\n\tretry.backoff.ms = 100\r\n\tsasl.client.callback.handler.class = null\r\n\tsasl.jaas.config = null\r\n\tsasl.kerberos.kinit.cmd = /usr/bin/kinit\r\n\tsasl.kerberos.min.time.before.relogin = 60000\r\n\tsasl.kerberos.service.name = null\r\n\tsasl.kerberos.ticket.renew.jitter = 0.05\r\n\tsasl.kerberos.ticket.renew.window.factor = 0.8\r\n\tsasl.login.callback.handler.class = null\r\n\tsasl.login.class = null\r\n\tsasl.login.connect.timeout.ms = null\r\n\tsasl.login.read.timeout.ms = null\r\n\tsasl.login.refresh.buffer.seconds = 300\r\n\tsasl.login.refresh.min.period.seconds = 60\r\n\tsasl.login.refresh.window.factor = 0.8\r\n\tsasl.login.refresh.window.jitter = 0.05\r\n\tsasl.login.retry.backoff.max.ms = 10000\r\n\tsasl.login.retry.backoff.ms = 100\r\n\tsasl.mechanism = GSSAPI\r\n\tsasl.oauthbearer.clock.skew.seconds = 30\r\n\tsasl.oauthbearer.expected.audience = null\r\n\tsasl.oauthbearer.expected.issuer = null\r\n\tsasl.oauthbearer.jwks.endpoint.refresh.ms = 3600000\r\n\tsasl.oauthbearer.jwks.endpoint.retry.backoff.max.ms = 10000\r\n\tsasl.oauthbearer.jwks.endpoint.retry.backoff.ms = 100\r\n\tsasl.oauthbearer.jwks.endpoint.url = null\r\n\tsasl.oauthbearer.scope.claim.name = scope\r\n\tsasl.oauthbearer.sub.claim.name = sub\r\n\tsasl.oauthbearer.token.endpoint.url = null\r\n\tsecurity.protocol = PLAINTEXT\r\n\tsecurity.providers = null\r\n\tsend.buffer.bytes = 131072\r\n\tsocket.connection.setup.timeout.max.ms = 30000\r\n\tsocket.connection.setup.timeout.ms = 10000\r\n\tssl.cipher.suites = null\r\n\tssl.enabled.protocols = [TLSv1.2, TLSv1.3]\r\n\tssl.endpoint.identification.algorithm = https\r\n\tssl.engine.factory.class = null\r\n\tssl.key.password = null\r\n\tssl.keymanager.algorithm = SunX509\r\n\tssl.keystore.certificate.chain = null\r\n\tssl.keystore.key = null\r\n\tssl.keystore.location = null\r\n\tssl.keystore.password = null\r\n\tssl.keystore.type = JKS\r\n\tssl.protocol = TLSv1.3\r\n\tssl.provider = null\r\n\tssl.secure.random.implementation = null\r\n\tssl.trustmanager.algorithm = PKIX\r\n\tssl.truststore.certificates = null\r\n\tssl.truststore.location = null\r\n\tssl.truststore.password = null\r\n\tssl.truststore.type = JKS\r\n\ttransaction.timeout.ms = 60000\r\n\ttransactional.id = null\r\n\tvalue.serializer = class org.apache.kafka.common.serialization.ByteArraySerializer\r\n","logger_name":"org.apache.kafka.clients.producer.ProducerConfig","thread_name":"kafka-admin-client-thread | moviebooking-backend-admin-0","level":"INFO","level_value":20000}
{"@timestamp":"2025-08-09T15:05:50.0977526+05:30","@version":"1","message":"initializing Kafka metrics collector","logger_name":"org.apache.kafka.common.telemetry.internals.KafkaMetricsCollector","thread_name":"kafka-admin-client-thread | moviebooking-backend-admin-0","level":"INFO","level_value":20000}
{"@timestamp":"2025-08-09T15:05:50.0987089+05:30","@version":"1","message":"[Producer clientId=producer-102] Instantiated an idempotent producer.","logger_name":"org.apache.kafka.clients.producer.KafkaProducer","thread_name":"kafka-admin-client-thread | moviebooking-backend-admin-0","level":"INFO","level_value":20000}
{"@timestamp":"2025-08-09T15:05:50.099712+05:30","@version":"1","message":"[Producer clientId=producer-102] Closing the Kafka producer with timeoutMillis = 0 ms.","logger_name":"org.apache.kafka.clients.producer.KafkaProducer","thread_name":"kafka-admin-client-thread | moviebooking-backend-admin-0","level":"INFO","level_value":20000}
{"@timestamp":"2025-08-09T15:05:50.099712+05:30","@version":"1","message":"Metrics scheduler closed","logger_name":"org.apache.kafka.common.metrics.Metrics","thread_name":"kafka-admin-client-thread | moviebooking-backend-admin-0","level":"INFO","level_value":20000}
{"@timestamp":"2025-08-09T15:05:50.099712+05:30","@version":"1","message":"Closing reporter org.apache.kafka.common.metrics.JmxReporter","logger_name":"org.apache.kafka.common.metrics.Metrics","thread_name":"kafka-admin-client-thread | moviebooking-backend-admin-0","level":"INFO","level_value":20000}
{"@timestamp":"2025-08-09T15:05:50.099712+05:30","@version":"1","message":"Closing reporter org.apache.kafka.common.telemetry.internals.ClientTelemetryReporter","logger_name":"org.apache.kafka.common.metrics.Metrics","thread_name":"kafka-admin-client-thread | moviebooking-backend-admin-0","level":"INFO","level_value":20000}
{"@timestamp":"2025-08-09T15:05:50.099712+05:30","@version":"1","message":"Metrics reporters closed","logger_name":"org.apache.kafka.common.metrics.Metrics","thread_name":"kafka-admin-client-thread | moviebooking-backend-admin-0","level":"INFO","level_value":20000}
{"@timestamp":"2025-08-09T15:05:50.099712+05:30","@version":"1","message":"App info kafka.producer for producer-102 unregistered","logger_name":"org.apache.kafka.common.utils.AppInfoParser","thread_name":"kafka-admin-client-thread | moviebooking-backend-admin-0","level":"INFO","level_value":20000}
{"@timestamp":"2025-08-09T15:05:50.1007073+05:30","@version":"1","message":"[AdminClient clientId=moviebooking-backend-admin-0] Connection to node -1 (localhost/127.0.0.1:9092) could not be established. Node may not be available.","logger_name":"org.apache.kafka.clients.NetworkClient","thread_name":"kafka-admin-client-thread | moviebooking-backend-admin-0","level":"WARN","level_value":30000}
{"@timestamp":"2025-08-09T15:05:50.1017072+05:30","@version":"1","message":"ProducerConfig values: \r\n\tacks = -1\r\n\tauto.include.jmx.reporter = true\r\n\tbatch.size = 16384\r\n\tbootstrap.servers = [spring.kafka.bootstrap-servers_IS_UNDEFINED]\r\n\tbuffer.memory = 33554432\r\n\tclient.dns.lookup = use_all_dns_ips\r\n\tclient.id = producer-103\r\n\tcompression.type = none\r\n\tconnections.max.idle.ms = 540000\r\n\tdelivery.timeout.ms = 120000\r\n\tenable.idempotence = true\r\n\tenable.metrics.push = true\r\n\tinterceptor.classes = []\r\n\tkey.serializer = class org.apache.kafka.common.serialization.ByteArraySerializer\r\n\tlinger.ms = 0\r\n\tmax.block.ms = 60000\r\n\tmax.in.flight.requests.per.connection = 5\r\n\tmax.request.size = 1048576\r\n\tmetadata.max.age.ms = 300000\r\n\tmetadata.max.idle.ms = 300000\r\n\tmetric.reporters = []\r\n\tmetrics.num.samples = 2\r\n\tmetrics.recording.level = INFO\r\n\tmetrics.sample.window.ms = 30000\r\n\tpartitioner.adaptive.partitioning.enable = true\r\n\tpartitioner.availability.timeout.ms = 0\r\n\tpartitioner.class = null\r\n\tpartitioner.ignore.keys = false\r\n\treceive.buffer.bytes = 32768\r\n\treconnect.backoff.max.ms = 1000\r\n\treconnect.backoff.ms = 50\r\n\trequest.timeout.ms = 30000\r\n\tretries = 2147483647\r\n\tretry.backoff.max.ms = 1000\r\n\tretry.backoff.ms = 100\r\n\tsasl.client.callback.handler.class = null\r\n\tsasl.jaas.config = null\r\n\tsasl.kerberos.kinit.cmd = /usr/bin/kinit\r\n\tsasl.kerberos.min.time.before.relogin = 60000\r\n\tsasl.kerberos.service.name = null\r\n\tsasl.kerberos.ticket.renew.jitter = 0.05\r\n\tsasl.kerberos.ticket.renew.window.factor = 0.8\r\n\tsasl.login.callback.handler.class = null\r\n\tsasl.login.class = null\r\n\tsasl.login.connect.timeout.ms = null\r\n\tsasl.login.read.timeout.ms = null\r\n\tsasl.login.refresh.buffer.seconds = 300\r\n\tsasl.login.refresh.min.period.seconds = 60\r\n\tsasl.login.refresh.window.factor = 0.8\r\n\tsasl.login.refresh.window.jitter = 0.05\r\n\tsasl.login.retry.backoff.max.ms = 10000\r\n\tsasl.login.retry.backoff.ms = 100\r\n\tsasl.mechanism = GSSAPI\r\n\tsasl.oauthbearer.clock.skew.seconds = 30\r\n\tsasl.oauthbearer.expected.audience = null\r\n\tsasl.oauthbearer.expected.issuer = null\r\n\tsasl.oauthbearer.jwks.endpoint.refresh.ms = 3600000\r\n\tsasl.oauthbearer.jwks.endpoint.retry.backoff.max.ms = 10000\r\n\tsasl.oauthbearer.jwks.endpoint.retry.backoff.ms = 100\r\n\tsasl.oauthbearer.jwks.endpoint.url = null\r\n\tsasl.oauthbearer.scope.claim.name = scope\r\n\tsasl.oauthbearer.sub.claim.name = sub\r\n\tsasl.oauthbearer.token.endpoint.url = null\r\n\tsecurity.protocol = PLAINTEXT\r\n\tsecurity.providers = null\r\n\tsend.buffer.bytes = 131072\r\n\tsocket.connection.setup.timeout.max.ms = 30000\r\n\tsocket.connection.setup.timeout.ms = 10000\r\n\tssl.cipher.suites = null\r\n\tssl.enabled.protocols = [TLSv1.2, TLSv1.3]\r\n\tssl.endpoint.identification.algorithm = https\r\n\tssl.engine.factory.class = null\r\n\tssl.key.password = null\r\n\tssl.keymanager.algorithm = SunX509\r\n\tssl.keystore.certificate.chain = null\r\n\tssl.keystore.key = null\r\n\tssl.keystore.location = null\r\n\tssl.keystore.password = null\r\n\tssl.keystore.type = JKS\r\n\tssl.protocol = TLSv1.3\r\n\tssl.provider = null\r\n\tssl.secure.random.implementation = null\r\n\tssl.trustmanager.algorithm = PKIX\r\n\tssl.truststore.certificates = null\r\n\tssl.truststore.location = null\r\n\tssl.truststore.password = null\r\n\tssl.truststore.type = JKS\r\n\ttransaction.timeout.ms = 60000\r\n\ttransactional.id = null\r\n\tvalue.serializer = class org.apache.kafka.common.serialization.ByteArraySerializer\r\n","logger_name":"org.apache.kafka.clients.producer.ProducerConfig","thread_name":"kafka-admin-client-thread | moviebooking-backend-admin-0","level":"INFO","level_value":20000}
{"@timestamp":"2025-08-09T15:05:50.1017072+05:30","@version":"1","message":"initializing Kafka metrics collector","logger_name":"org.apache.kafka.common.telemetry.internals.KafkaMetricsCollector","thread_name":"kafka-admin-client-thread | moviebooking-backend-admin-0","level":"INFO","level_value":20000}
{"@timestamp":"2025-08-09T15:05:50.1027335+05:30","@version":"1","message":"[Producer clientId=producer-103] Instantiated an idempotent producer.","logger_name":"org.apache.kafka.clients.producer.KafkaProducer","thread_name":"kafka-admin-client-thread | moviebooking-backend-admin-0","level":"INFO","level_value":20000}
{"@timestamp":"2025-08-09T15:05:50.1027335+05:30","@version":"1","message":"[Producer clientId=producer-103] Closing the Kafka producer with timeoutMillis = 0 ms.","logger_name":"org.apache.kafka.clients.producer.KafkaProducer","thread_name":"kafka-admin-client-thread | moviebooking-backend-admin-0","level":"INFO","level_value":20000}
{"@timestamp":"2025-08-09T15:05:50.1027335+05:30","@version":"1","message":"Metrics scheduler closed","logger_name":"org.apache.kafka.common.metrics.Metrics","thread_name":"kafka-admin-client-thread | moviebooking-backend-admin-0","level":"INFO","level_value":20000}
{"@timestamp":"2025-08-09T15:05:50.1027335+05:30","@version":"1","message":"Closing reporter org.apache.kafka.common.metrics.JmxReporter","logger_name":"org.apache.kafka.common.metrics.Metrics","thread_name":"kafka-admin-client-thread | moviebooking-backend-admin-0","level":"INFO","level_value":20000}
{"@timestamp":"2025-08-09T15:05:50.1037295+05:30","@version":"1","message":"Closing reporter org.apache.kafka.common.telemetry.internals.ClientTelemetryReporter","logger_name":"org.apache.kafka.common.metrics.Metrics","thread_name":"kafka-admin-client-thread | moviebooking-backend-admin-0","level":"INFO","level_value":20000}
{"@timestamp":"2025-08-09T15:05:50.1037295+05:30","@version":"1","message":"Metrics reporters closed","logger_name":"org.apache.kafka.common.metrics.Metrics","thread_name":"kafka-admin-client-thread | moviebooking-backend-admin-0","level":"INFO","level_value":20000}
{"@timestamp":"2025-08-09T15:05:50.1037295+05:30","@version":"1","message":"App info kafka.producer for producer-103 unregistered","logger_name":"org.apache.kafka.common.utils.AppInfoParser","thread_name":"kafka-admin-client-thread | moviebooking-backend-admin-0","level":"INFO","level_value":20000}
{"@timestamp":"2025-08-09T15:05:51.1029744+05:30","@version":"1","message":"[AdminClient clientId=moviebooking-backend-admin-0] Node -1 disconnected.","logger_name":"org.apache.kafka.clients.NetworkClient","thread_name":"kafka-admin-client-thread | moviebooking-backend-admin-0","level":"INFO","level_value":20000}
{"@timestamp":"2025-08-09T15:05:51.1029744+05:30","@version":"1","message":"ProducerConfig values: \r\n\tacks = -1\r\n\tauto.include.jmx.reporter = true\r\n\tbatch.size = 16384\r\n\tbootstrap.servers = [spring.kafka.bootstrap-servers_IS_UNDEFINED]\r\n\tbuffer.memory = 33554432\r\n\tclient.dns.lookup = use_all_dns_ips\r\n\tclient.id = producer-104\r\n\tcompression.type = none\r\n\tconnections.max.idle.ms = 540000\r\n\tdelivery.timeout.ms = 120000\r\n\tenable.idempotence = true\r\n\tenable.metrics.push = true\r\n\tinterceptor.classes = []\r\n\tkey.serializer = class org.apache.kafka.common.serialization.ByteArraySerializer\r\n\tlinger.ms = 0\r\n\tmax.block.ms = 60000\r\n\tmax.in.flight.requests.per.connection = 5\r\n\tmax.request.size = 1048576\r\n\tmetadata.max.age.ms = 300000\r\n\tmetadata.max.idle.ms = 300000\r\n\tmetric.reporters = []\r\n\tmetrics.num.samples = 2\r\n\tmetrics.recording.level = INFO\r\n\tmetrics.sample.window.ms = 30000\r\n\tpartitioner.adaptive.partitioning.enable = true\r\n\tpartitioner.availability.timeout.ms = 0\r\n\tpartitioner.class = null\r\n\tpartitioner.ignore.keys = false\r\n\treceive.buffer.bytes = 32768\r\n\treconnect.backoff.max.ms = 1000\r\n\treconnect.backoff.ms = 50\r\n\trequest.timeout.ms = 30000\r\n\tretries = 2147483647\r\n\tretry.backoff.max.ms = 1000\r\n\tretry.backoff.ms = 100\r\n\tsasl.client.callback.handler.class = null\r\n\tsasl.jaas.config = null\r\n\tsasl.kerberos.kinit.cmd = /usr/bin/kinit\r\n\tsasl.kerberos.min.time.before.relogin = 60000\r\n\tsasl.kerberos.service.name = null\r\n\tsasl.kerberos.ticket.renew.jitter = 0.05\r\n\tsasl.kerberos.ticket.renew.window.factor = 0.8\r\n\tsasl.login.callback.handler.class = null\r\n\tsasl.login.class = null\r\n\tsasl.login.connect.timeout.ms = null\r\n\tsasl.login.read.timeout.ms = null\r\n\tsasl.login.refresh.buffer.seconds = 300\r\n\tsasl.login.refresh.min.period.seconds = 60\r\n\tsasl.login.refresh.window.factor = 0.8\r\n\tsasl.login.refresh.window.jitter = 0.05\r\n\tsasl.login.retry.backoff.max.ms = 10000\r\n\tsasl.login.retry.backoff.ms = 100\r\n\tsasl.mechanism = GSSAPI\r\n\tsasl.oauthbearer.clock.skew.seconds = 30\r\n\tsasl.oauthbearer.expected.audience = null\r\n\tsasl.oauthbearer.expected.issuer = null\r\n\tsasl.oauthbearer.jwks.endpoint.refresh.ms = 3600000\r\n\tsasl.oauthbearer.jwks.endpoint.retry.backoff.max.ms = 10000\r\n\tsasl.oauthbearer.jwks.endpoint.retry.backoff.ms = 100\r\n\tsasl.oauthbearer.jwks.endpoint.url = null\r\n\tsasl.oauthbearer.scope.claim.name = scope\r\n\tsasl.oauthbearer.sub.claim.name = sub\r\n\tsasl.oauthbearer.token.endpoint.url = null\r\n\tsecurity.protocol = PLAINTEXT\r\n\tsecurity.providers = null\r\n\tsend.buffer.bytes = 131072\r\n\tsocket.connection.setup.timeout.max.ms = 30000\r\n\tsocket.connection.setup.timeout.ms = 10000\r\n\tssl.cipher.suites = null\r\n\tssl.enabled.protocols = [TLSv1.2, TLSv1.3]\r\n\tssl.endpoint.identification.algorithm = https\r\n\tssl.engine.factory.class = null\r\n\tssl.key.password = null\r\n\tssl.keymanager.algorithm = SunX509\r\n\tssl.keystore.certificate.chain = null\r\n\tssl.keystore.key = null\r\n\tssl.keystore.location = null\r\n\tssl.keystore.password = null\r\n\tssl.keystore.type = JKS\r\n\tssl.protocol = TLSv1.3\r\n\tssl.provider = null\r\n\tssl.secure.random.implementation = null\r\n\tssl.trustmanager.algorithm = PKIX\r\n\tssl.truststore.certificates = null\r\n\tssl.truststore.location = null\r\n\tssl.truststore.password = null\r\n\tssl.truststore.type = JKS\r\n\ttransaction.timeout.ms = 60000\r\n\ttransactional.id = null\r\n\tvalue.serializer = class org.apache.kafka.common.serialization.ByteArraySerializer\r\n","logger_name":"org.apache.kafka.clients.producer.ProducerConfig","thread_name":"kafka-admin-client-thread | moviebooking-backend-admin-0","level":"INFO","level_value":20000}
{"@timestamp":"2025-08-09T15:05:51.1039721+05:30","@version":"1","message":"initializing Kafka metrics collector","logger_name":"org.apache.kafka.common.telemetry.internals.KafkaMetricsCollector","thread_name":"kafka-admin-client-thread | moviebooking-backend-admin-0","level":"INFO","level_value":20000}
{"@timestamp":"2025-08-09T15:05:51.1039721+05:30","@version":"1","message":"[Producer clientId=producer-104] Instantiated an idempotent producer.","logger_name":"org.apache.kafka.clients.producer.KafkaProducer","thread_name":"kafka-admin-client-thread | moviebooking-backend-admin-0","level":"INFO","level_value":20000}
{"@timestamp":"2025-08-09T15:05:51.1050394+05:30","@version":"1","message":"[Producer clientId=producer-104] Closing the Kafka producer with timeoutMillis = 0 ms.","logger_name":"org.apache.kafka.clients.producer.KafkaProducer","thread_name":"kafka-admin-client-thread | moviebooking-backend-admin-0","level":"INFO","level_value":20000}
{"@timestamp":"2025-08-09T15:05:51.1060418+05:30","@version":"1","message":"Metrics scheduler closed","logger_name":"org.apache.kafka.common.metrics.Metrics","thread_name":"kafka-admin-client-thread | moviebooking-backend-admin-0","level":"INFO","level_value":20000}
{"@timestamp":"2025-08-09T15:05:51.1060418+05:30","@version":"1","message":"Closing reporter org.apache.kafka.common.metrics.JmxReporter","logger_name":"org.apache.kafka.common.metrics.Metrics","thread_name":"kafka-admin-client-thread | moviebooking-backend-admin-0","level":"INFO","level_value":20000}
{"@timestamp":"2025-08-09T15:05:51.1060418+05:30","@version":"1","message":"Closing reporter org.apache.kafka.common.telemetry.internals.ClientTelemetryReporter","logger_name":"org.apache.kafka.common.metrics.Metrics","thread_name":"kafka-admin-client-thread | moviebooking-backend-admin-0","level":"INFO","level_value":20000}
{"@timestamp":"2025-08-09T15:05:51.1060418+05:30","@version":"1","message":"Metrics reporters closed","logger_name":"org.apache.kafka.common.metrics.Metrics","thread_name":"kafka-admin-client-thread | moviebooking-backend-admin-0","level":"INFO","level_value":20000}
{"@timestamp":"2025-08-09T15:05:51.1060418+05:30","@version":"1","message":"App info kafka.producer for producer-104 unregistered","logger_name":"org.apache.kafka.common.utils.AppInfoParser","thread_name":"kafka-admin-client-thread | moviebooking-backend-admin-0","level":"INFO","level_value":20000}
{"@timestamp":"2025-08-09T15:05:51.1060418+05:30","@version":"1","message":"[AdminClient clientId=moviebooking-backend-admin-0] Connection to node -1 (localhost/127.0.0.1:9092) could not be established. Node may not be available.","logger_name":"org.apache.kafka.clients.NetworkClient","thread_name":"kafka-admin-client-thread | moviebooking-backend-admin-0","level":"WARN","level_value":30000}
{"@timestamp":"2025-08-09T15:05:51.1070353+05:30","@version":"1","message":"ProducerConfig values: \r\n\tacks = -1\r\n\tauto.include.jmx.reporter = true\r\n\tbatch.size = 16384\r\n\tbootstrap.servers = [spring.kafka.bootstrap-servers_IS_UNDEFINED]\r\n\tbuffer.memory = 33554432\r\n\tclient.dns.lookup = use_all_dns_ips\r\n\tclient.id = producer-105\r\n\tcompression.type = none\r\n\tconnections.max.idle.ms = 540000\r\n\tdelivery.timeout.ms = 120000\r\n\tenable.idempotence = true\r\n\tenable.metrics.push = true\r\n\tinterceptor.classes = []\r\n\tkey.serializer = class org.apache.kafka.common.serialization.ByteArraySerializer\r\n\tlinger.ms = 0\r\n\tmax.block.ms = 60000\r\n\tmax.in.flight.requests.per.connection = 5\r\n\tmax.request.size = 1048576\r\n\tmetadata.max.age.ms = 300000\r\n\tmetadata.max.idle.ms = 300000\r\n\tmetric.reporters = []\r\n\tmetrics.num.samples = 2\r\n\tmetrics.recording.level = INFO\r\n\tmetrics.sample.window.ms = 30000\r\n\tpartitioner.adaptive.partitioning.enable = true\r\n\tpartitioner.availability.timeout.ms = 0\r\n\tpartitioner.class = null\r\n\tpartitioner.ignore.keys = false\r\n\treceive.buffer.bytes = 32768\r\n\treconnect.backoff.max.ms = 1000\r\n\treconnect.backoff.ms = 50\r\n\trequest.timeout.ms = 30000\r\n\tretries = 2147483647\r\n\tretry.backoff.max.ms = 1000\r\n\tretry.backoff.ms = 100\r\n\tsasl.client.callback.handler.class = null\r\n\tsasl.jaas.config = null\r\n\tsasl.kerberos.kinit.cmd = /usr/bin/kinit\r\n\tsasl.kerberos.min.time.before.relogin = 60000\r\n\tsasl.kerberos.service.name = null\r\n\tsasl.kerberos.ticket.renew.jitter = 0.05\r\n\tsasl.kerberos.ticket.renew.window.factor = 0.8\r\n\tsasl.login.callback.handler.class = null\r\n\tsasl.login.class = null\r\n\tsasl.login.connect.timeout.ms = null\r\n\tsasl.login.read.timeout.ms = null\r\n\tsasl.login.refresh.buffer.seconds = 300\r\n\tsasl.login.refresh.min.period.seconds = 60\r\n\tsasl.login.refresh.window.factor = 0.8\r\n\tsasl.login.refresh.window.jitter = 0.05\r\n\tsasl.login.retry.backoff.max.ms = 10000\r\n\tsasl.login.retry.backoff.ms = 100\r\n\tsasl.mechanism = GSSAPI\r\n\tsasl.oauthbearer.clock.skew.seconds = 30\r\n\tsasl.oauthbearer.expected.audience = null\r\n\tsasl.oauthbearer.expected.issuer = null\r\n\tsasl.oauthbearer.jwks.endpoint.refresh.ms = 3600000\r\n\tsasl.oauthbearer.jwks.endpoint.retry.backoff.max.ms = 10000\r\n\tsasl.oauthbearer.jwks.endpoint.retry.backoff.ms = 100\r\n\tsasl.oauthbearer.jwks.endpoint.url = null\r\n\tsasl.oauthbearer.scope.claim.name = scope\r\n\tsasl.oauthbearer.sub.claim.name = sub\r\n\tsasl.oauthbearer.token.endpoint.url = null\r\n\tsecurity.protocol = PLAINTEXT\r\n\tsecurity.providers = null\r\n\tsend.buffer.bytes = 131072\r\n\tsocket.connection.setup.timeout.max.ms = 30000\r\n\tsocket.connection.setup.timeout.ms = 10000\r\n\tssl.cipher.suites = null\r\n\tssl.enabled.protocols = [TLSv1.2, TLSv1.3]\r\n\tssl.endpoint.identification.algorithm = https\r\n\tssl.engine.factory.class = null\r\n\tssl.key.password = null\r\n\tssl.keymanager.algorithm = SunX509\r\n\tssl.keystore.certificate.chain = null\r\n\tssl.keystore.key = null\r\n\tssl.keystore.location = null\r\n\tssl.keystore.password = null\r\n\tssl.keystore.type = JKS\r\n\tssl.protocol = TLSv1.3\r\n\tssl.provider = null\r\n\tssl.secure.random.implementation = null\r\n\tssl.trustmanager.algorithm = PKIX\r\n\tssl.truststore.certificates = null\r\n\tssl.truststore.location = null\r\n\tssl.truststore.password = null\r\n\tssl.truststore.type = JKS\r\n\ttransaction.timeout.ms = 60000\r\n\ttransactional.id = null\r\n\tvalue.serializer = class org.apache.kafka.common.serialization.ByteArraySerializer\r\n","logger_name":"org.apache.kafka.clients.producer.ProducerConfig","thread_name":"kafka-admin-client-thread | moviebooking-backend-admin-0","level":"INFO","level_value":20000}
{"@timestamp":"2025-08-09T15:05:51.1070353+05:30","@version":"1","message":"initializing Kafka metrics collector","logger_name":"org.apache.kafka.common.telemetry.internals.KafkaMetricsCollector","thread_name":"kafka-admin-client-thread | moviebooking-backend-admin-0","level":"INFO","level_value":20000}
{"@timestamp":"2025-08-09T15:05:51.1080376+05:30","@version":"1","message":"[Producer clientId=producer-105] Instantiated an idempotent producer.","logger_name":"org.apache.kafka.clients.producer.KafkaProducer","thread_name":"kafka-admin-client-thread | moviebooking-backend-admin-0","level":"INFO","level_value":20000}
{"@timestamp":"2025-08-09T15:05:51.1090387+05:30","@version":"1","message":"[Producer clientId=producer-105] Closing the Kafka producer with timeoutMillis = 0 ms.","logger_name":"org.apache.kafka.clients.producer.KafkaProducer","thread_name":"kafka-admin-client-thread | moviebooking-backend-admin-0","level":"INFO","level_value":20000}
{"@timestamp":"2025-08-09T15:05:51.1090387+05:30","@version":"1","message":"Metrics scheduler closed","logger_name":"org.apache.kafka.common.metrics.Metrics","thread_name":"kafka-admin-client-thread | moviebooking-backend-admin-0","level":"INFO","level_value":20000}
{"@timestamp":"2025-08-09T15:05:51.1090387+05:30","@version":"1","message":"Closing reporter org.apache.kafka.common.metrics.JmxReporter","logger_name":"org.apache.kafka.common.metrics.Metrics","thread_name":"kafka-admin-client-thread | moviebooking-backend-admin-0","level":"INFO","level_value":20000}
{"@timestamp":"2025-08-09T15:05:51.1090387+05:30","@version":"1","message":"Closing reporter org.apache.kafka.common.telemetry.internals.ClientTelemetryReporter","logger_name":"org.apache.kafka.common.metrics.Metrics","thread_name":"kafka-admin-client-thread | moviebooking-backend-admin-0","level":"INFO","level_value":20000}
{"@timestamp":"2025-08-09T15:05:51.1090387+05:30","@version":"1","message":"Metrics reporters closed","logger_name":"org.apache.kafka.common.metrics.Metrics","thread_name":"kafka-admin-client-thread | moviebooking-backend-admin-0","level":"INFO","level_value":20000}
{"@timestamp":"2025-08-09T15:05:51.1090387+05:30","@version":"1","message":"App info kafka.producer for producer-105 unregistered","logger_name":"org.apache.kafka.common.utils.AppInfoParser","thread_name":"kafka-admin-client-thread | moviebooking-backend-admin-0","level":"INFO","level_value":20000}
{"@timestamp":"2025-08-09T15:05:52.1130547+05:30","@version":"1","message":"[AdminClient clientId=moviebooking-backend-admin-0] Node -1 disconnected.","logger_name":"org.apache.kafka.clients.NetworkClient","thread_name":"kafka-admin-client-thread | moviebooking-backend-admin-0","level":"INFO","level_value":20000}
{"@timestamp":"2025-08-09T15:05:52.1130547+05:30","@version":"1","message":"ProducerConfig values: \r\n\tacks = -1\r\n\tauto.include.jmx.reporter = true\r\n\tbatch.size = 16384\r\n\tbootstrap.servers = [spring.kafka.bootstrap-servers_IS_UNDEFINED]\r\n\tbuffer.memory = 33554432\r\n\tclient.dns.lookup = use_all_dns_ips\r\n\tclient.id = producer-106\r\n\tcompression.type = none\r\n\tconnections.max.idle.ms = 540000\r\n\tdelivery.timeout.ms = 120000\r\n\tenable.idempotence = true\r\n\tenable.metrics.push = true\r\n\tinterceptor.classes = []\r\n\tkey.serializer = class org.apache.kafka.common.serialization.ByteArraySerializer\r\n\tlinger.ms = 0\r\n\tmax.block.ms = 60000\r\n\tmax.in.flight.requests.per.connection = 5\r\n\tmax.request.size = 1048576\r\n\tmetadata.max.age.ms = 300000\r\n\tmetadata.max.idle.ms = 300000\r\n\tmetric.reporters = []\r\n\tmetrics.num.samples = 2\r\n\tmetrics.recording.level = INFO\r\n\tmetrics.sample.window.ms = 30000\r\n\tpartitioner.adaptive.partitioning.enable = true\r\n\tpartitioner.availability.timeout.ms = 0\r\n\tpartitioner.class = null\r\n\tpartitioner.ignore.keys = false\r\n\treceive.buffer.bytes = 32768\r\n\treconnect.backoff.max.ms = 1000\r\n\treconnect.backoff.ms = 50\r\n\trequest.timeout.ms = 30000\r\n\tretries = 2147483647\r\n\tretry.backoff.max.ms = 1000\r\n\tretry.backoff.ms = 100\r\n\tsasl.client.callback.handler.class = null\r\n\tsasl.jaas.config = null\r\n\tsasl.kerberos.kinit.cmd = /usr/bin/kinit\r\n\tsasl.kerberos.min.time.before.relogin = 60000\r\n\tsasl.kerberos.service.name = null\r\n\tsasl.kerberos.ticket.renew.jitter = 0.05\r\n\tsasl.kerberos.ticket.renew.window.factor = 0.8\r\n\tsasl.login.callback.handler.class = null\r\n\tsasl.login.class = null\r\n\tsasl.login.connect.timeout.ms = null\r\n\tsasl.login.read.timeout.ms = null\r\n\tsasl.login.refresh.buffer.seconds = 300\r\n\tsasl.login.refresh.min.period.seconds = 60\r\n\tsasl.login.refresh.window.factor = 0.8\r\n\tsasl.login.refresh.window.jitter = 0.05\r\n\tsasl.login.retry.backoff.max.ms = 10000\r\n\tsasl.login.retry.backoff.ms = 100\r\n\tsasl.mechanism = GSSAPI\r\n\tsasl.oauthbearer.clock.skew.seconds = 30\r\n\tsasl.oauthbearer.expected.audience = null\r\n\tsasl.oauthbearer.expected.issuer = null\r\n\tsasl.oauthbearer.jwks.endpoint.refresh.ms = 3600000\r\n\tsasl.oauthbearer.jwks.endpoint.retry.backoff.max.ms = 10000\r\n\tsasl.oauthbearer.jwks.endpoint.retry.backoff.ms = 100\r\n\tsasl.oauthbearer.jwks.endpoint.url = null\r\n\tsasl.oauthbearer.scope.claim.name = scope\r\n\tsasl.oauthbearer.sub.claim.name = sub\r\n\tsasl.oauthbearer.token.endpoint.url = null\r\n\tsecurity.protocol = PLAINTEXT\r\n\tsecurity.providers = null\r\n\tsend.buffer.bytes = 131072\r\n\tsocket.connection.setup.timeout.max.ms = 30000\r\n\tsocket.connection.setup.timeout.ms = 10000\r\n\tssl.cipher.suites = null\r\n\tssl.enabled.protocols = [TLSv1.2, TLSv1.3]\r\n\tssl.endpoint.identification.algorithm = https\r\n\tssl.engine.factory.class = null\r\n\tssl.key.password = null\r\n\tssl.keymanager.algorithm = SunX509\r\n\tssl.keystore.certificate.chain = null\r\n\tssl.keystore.key = null\r\n\tssl.keystore.location = null\r\n\tssl.keystore.password = null\r\n\tssl.keystore.type = JKS\r\n\tssl.protocol = TLSv1.3\r\n\tssl.provider = null\r\n\tssl.secure.random.implementation = null\r\n\tssl.trustmanager.algorithm = PKIX\r\n\tssl.truststore.certificates = null\r\n\tssl.truststore.location = null\r\n\tssl.truststore.password = null\r\n\tssl.truststore.type = JKS\r\n\ttransaction.timeout.ms = 60000\r\n\ttransactional.id = null\r\n\tvalue.serializer = class org.apache.kafka.common.serialization.ByteArraySerializer\r\n","logger_name":"org.apache.kafka.clients.producer.ProducerConfig","thread_name":"kafka-admin-client-thread | moviebooking-backend-admin-0","level":"INFO","level_value":20000}
{"@timestamp":"2025-08-09T15:05:52.1140547+05:30","@version":"1","message":"initializing Kafka metrics collector","logger_name":"org.apache.kafka.common.telemetry.internals.KafkaMetricsCollector","thread_name":"kafka-admin-client-thread | moviebooking-backend-admin-0","level":"INFO","level_value":20000}
{"@timestamp":"2025-08-09T15:05:52.1150635+05:30","@version":"1","message":"[Producer clientId=producer-106] Instantiated an idempotent producer.","logger_name":"org.apache.kafka.clients.producer.KafkaProducer","thread_name":"kafka-admin-client-thread | moviebooking-backend-admin-0","level":"INFO","level_value":20000}
{"@timestamp":"2025-08-09T15:05:52.1150635+05:30","@version":"1","message":"[Producer clientId=producer-106] Closing the Kafka producer with timeoutMillis = 0 ms.","logger_name":"org.apache.kafka.clients.producer.KafkaProducer","thread_name":"kafka-admin-client-thread | moviebooking-backend-admin-0","level":"INFO","level_value":20000}
{"@timestamp":"2025-08-09T15:05:52.1160165+05:30","@version":"1","message":"Metrics scheduler closed","logger_name":"org.apache.kafka.common.metrics.Metrics","thread_name":"kafka-admin-client-thread | moviebooking-backend-admin-0","level":"INFO","level_value":20000}
{"@timestamp":"2025-08-09T15:05:52.1160165+05:30","@version":"1","message":"Closing reporter org.apache.kafka.common.metrics.JmxReporter","logger_name":"org.apache.kafka.common.metrics.Metrics","thread_name":"kafka-admin-client-thread | moviebooking-backend-admin-0","level":"INFO","level_value":20000}
{"@timestamp":"2025-08-09T15:05:52.1160165+05:30","@version":"1","message":"Closing reporter org.apache.kafka.common.telemetry.internals.ClientTelemetryReporter","logger_name":"org.apache.kafka.common.metrics.Metrics","thread_name":"kafka-admin-client-thread | moviebooking-backend-admin-0","level":"INFO","level_value":20000}
{"@timestamp":"2025-08-09T15:05:52.1160165+05:30","@version":"1","message":"Metrics reporters closed","logger_name":"org.apache.kafka.common.metrics.Metrics","thread_name":"kafka-admin-client-thread | moviebooking-backend-admin-0","level":"INFO","level_value":20000}
{"@timestamp":"2025-08-09T15:05:52.1160165+05:30","@version":"1","message":"App info kafka.producer for producer-106 unregistered","logger_name":"org.apache.kafka.common.utils.AppInfoParser","thread_name":"kafka-admin-client-thread | moviebooking-backend-admin-0","level":"INFO","level_value":20000}
{"@timestamp":"2025-08-09T15:05:52.1160165+05:30","@version":"1","message":"[AdminClient clientId=moviebooking-backend-admin-0] Connection to node -1 (localhost/127.0.0.1:9092) could not be established. Node may not be available.","logger_name":"org.apache.kafka.clients.NetworkClient","thread_name":"kafka-admin-client-thread | moviebooking-backend-admin-0","level":"WARN","level_value":30000}
{"@timestamp":"2025-08-09T15:05:52.1170177+05:30","@version":"1","message":"ProducerConfig values: \r\n\tacks = -1\r\n\tauto.include.jmx.reporter = true\r\n\tbatch.size = 16384\r\n\tbootstrap.servers = [spring.kafka.bootstrap-servers_IS_UNDEFINED]\r\n\tbuffer.memory = 33554432\r\n\tclient.dns.lookup = use_all_dns_ips\r\n\tclient.id = producer-107\r\n\tcompression.type = none\r\n\tconnections.max.idle.ms = 540000\r\n\tdelivery.timeout.ms = 120000\r\n\tenable.idempotence = true\r\n\tenable.metrics.push = true\r\n\tinterceptor.classes = []\r\n\tkey.serializer = class org.apache.kafka.common.serialization.ByteArraySerializer\r\n\tlinger.ms = 0\r\n\tmax.block.ms = 60000\r\n\tmax.in.flight.requests.per.connection = 5\r\n\tmax.request.size = 1048576\r\n\tmetadata.max.age.ms = 300000\r\n\tmetadata.max.idle.ms = 300000\r\n\tmetric.reporters = []\r\n\tmetrics.num.samples = 2\r\n\tmetrics.recording.level = INFO\r\n\tmetrics.sample.window.ms = 30000\r\n\tpartitioner.adaptive.partitioning.enable = true\r\n\tpartitioner.availability.timeout.ms = 0\r\n\tpartitioner.class = null\r\n\tpartitioner.ignore.keys = false\r\n\treceive.buffer.bytes = 32768\r\n\treconnect.backoff.max.ms = 1000\r\n\treconnect.backoff.ms = 50\r\n\trequest.timeout.ms = 30000\r\n\tretries = 2147483647\r\n\tretry.backoff.max.ms = 1000\r\n\tretry.backoff.ms = 100\r\n\tsasl.client.callback.handler.class = null\r\n\tsasl.jaas.config = null\r\n\tsasl.kerberos.kinit.cmd = /usr/bin/kinit\r\n\tsasl.kerberos.min.time.before.relogin = 60000\r\n\tsasl.kerberos.service.name = null\r\n\tsasl.kerberos.ticket.renew.jitter = 0.05\r\n\tsasl.kerberos.ticket.renew.window.factor = 0.8\r\n\tsasl.login.callback.handler.class = null\r\n\tsasl.login.class = null\r\n\tsasl.login.connect.timeout.ms = null\r\n\tsasl.login.read.timeout.ms = null\r\n\tsasl.login.refresh.buffer.seconds = 300\r\n\tsasl.login.refresh.min.period.seconds = 60\r\n\tsasl.login.refresh.window.factor = 0.8\r\n\tsasl.login.refresh.window.jitter = 0.05\r\n\tsasl.login.retry.backoff.max.ms = 10000\r\n\tsasl.login.retry.backoff.ms = 100\r\n\tsasl.mechanism = GSSAPI\r\n\tsasl.oauthbearer.clock.skew.seconds = 30\r\n\tsasl.oauthbearer.expected.audience = null\r\n\tsasl.oauthbearer.expected.issuer = null\r\n\tsasl.oauthbearer.jwks.endpoint.refresh.ms = 3600000\r\n\tsasl.oauthbearer.jwks.endpoint.retry.backoff.max.ms = 10000\r\n\tsasl.oauthbearer.jwks.endpoint.retry.backoff.ms = 100\r\n\tsasl.oauthbearer.jwks.endpoint.url = null\r\n\tsasl.oauthbearer.scope.claim.name = scope\r\n\tsasl.oauthbearer.sub.claim.name = sub\r\n\tsasl.oauthbearer.token.endpoint.url = null\r\n\tsecurity.protocol = PLAINTEXT\r\n\tsecurity.providers = null\r\n\tsend.buffer.bytes = 131072\r\n\tsocket.connection.setup.timeout.max.ms = 30000\r\n\tsocket.connection.setup.timeout.ms = 10000\r\n\tssl.cipher.suites = null\r\n\tssl.enabled.protocols = [TLSv1.2, TLSv1.3]\r\n\tssl.endpoint.identification.algorithm = https\r\n\tssl.engine.factory.class = null\r\n\tssl.key.password = null\r\n\tssl.keymanager.algorithm = SunX509\r\n\tssl.keystore.certificate.chain = null\r\n\tssl.keystore.key = null\r\n\tssl.keystore.location = null\r\n\tssl.keystore.password = null\r\n\tssl.keystore.type = JKS\r\n\tssl.protocol = TLSv1.3\r\n\tssl.provider = null\r\n\tssl.secure.random.implementation = null\r\n\tssl.trustmanager.algorithm = PKIX\r\n\tssl.truststore.certificates = null\r\n\tssl.truststore.location = null\r\n\tssl.truststore.password = null\r\n\tssl.truststore.type = JKS\r\n\ttransaction.timeout.ms = 60000\r\n\ttransactional.id = null\r\n\tvalue.serializer = class org.apache.kafka.common.serialization.ByteArraySerializer\r\n","logger_name":"org.apache.kafka.clients.producer.ProducerConfig","thread_name":"kafka-admin-client-thread | moviebooking-backend-admin-0","level":"INFO","level_value":20000}
{"@timestamp":"2025-08-09T15:05:52.1170177+05:30","@version":"1","message":"initializing Kafka metrics collector","logger_name":"org.apache.kafka.common.telemetry.internals.KafkaMetricsCollector","thread_name":"kafka-admin-client-thread | moviebooking-backend-admin-0","level":"INFO","level_value":20000}
{"@timestamp":"2025-08-09T15:05:52.1180156+05:30","@version":"1","message":"[Producer clientId=producer-107] Instantiated an idempotent producer.","logger_name":"org.apache.kafka.clients.producer.KafkaProducer","thread_name":"kafka-admin-client-thread | moviebooking-backend-admin-0","level":"INFO","level_value":20000}
{"@timestamp":"2025-08-09T15:05:52.1180156+05:30","@version":"1","message":"[Producer clientId=producer-107] Closing the Kafka producer with timeoutMillis = 0 ms.","logger_name":"org.apache.kafka.clients.producer.KafkaProducer","thread_name":"kafka-admin-client-thread | moviebooking-backend-admin-0","level":"INFO","level_value":20000}
{"@timestamp":"2025-08-09T15:05:52.1180156+05:30","@version":"1","message":"Metrics scheduler closed","logger_name":"org.apache.kafka.common.metrics.Metrics","thread_name":"kafka-admin-client-thread | moviebooking-backend-admin-0","level":"INFO","level_value":20000}
{"@timestamp":"2025-08-09T15:05:52.1180156+05:30","@version":"1","message":"Closing reporter org.apache.kafka.common.metrics.JmxReporter","logger_name":"org.apache.kafka.common.metrics.Metrics","thread_name":"kafka-admin-client-thread | moviebooking-backend-admin-0","level":"INFO","level_value":20000}
{"@timestamp":"2025-08-09T15:05:52.1180156+05:30","@version":"1","message":"Closing reporter org.apache.kafka.common.telemetry.internals.ClientTelemetryReporter","logger_name":"org.apache.kafka.common.metrics.Metrics","thread_name":"kafka-admin-client-thread | moviebooking-backend-admin-0","level":"INFO","level_value":20000}
{"@timestamp":"2025-08-09T15:05:52.1180156+05:30","@version":"1","message":"Metrics reporters closed","logger_name":"org.apache.kafka.common.metrics.Metrics","thread_name":"kafka-admin-client-thread | moviebooking-backend-admin-0","level":"INFO","level_value":20000}
{"@timestamp":"2025-08-09T15:05:52.1190129+05:30","@version":"1","message":"App info kafka.producer for producer-107 unregistered","logger_name":"org.apache.kafka.common.utils.AppInfoParser","thread_name":"kafka-admin-client-thread | moviebooking-backend-admin-0","level":"INFO","level_value":20000}
{"@timestamp":"2025-08-09T15:05:53.1185807+05:30","@version":"1","message":"[AdminClient clientId=moviebooking-backend-admin-0] Node -1 disconnected.","logger_name":"org.apache.kafka.clients.NetworkClient","thread_name":"kafka-admin-client-thread | moviebooking-backend-admin-0","level":"INFO","level_value":20000}
{"@timestamp":"2025-08-09T15:05:53.1190993+05:30","@version":"1","message":"ProducerConfig values: \r\n\tacks = -1\r\n\tauto.include.jmx.reporter = true\r\n\tbatch.size = 16384\r\n\tbootstrap.servers = [spring.kafka.bootstrap-servers_IS_UNDEFINED]\r\n\tbuffer.memory = 33554432\r\n\tclient.dns.lookup = use_all_dns_ips\r\n\tclient.id = producer-108\r\n\tcompression.type = none\r\n\tconnections.max.idle.ms = 540000\r\n\tdelivery.timeout.ms = 120000\r\n\tenable.idempotence = true\r\n\tenable.metrics.push = true\r\n\tinterceptor.classes = []\r\n\tkey.serializer = class org.apache.kafka.common.serialization.ByteArraySerializer\r\n\tlinger.ms = 0\r\n\tmax.block.ms = 60000\r\n\tmax.in.flight.requests.per.connection = 5\r\n\tmax.request.size = 1048576\r\n\tmetadata.max.age.ms = 300000\r\n\tmetadata.max.idle.ms = 300000\r\n\tmetric.reporters = []\r\n\tmetrics.num.samples = 2\r\n\tmetrics.recording.level = INFO\r\n\tmetrics.sample.window.ms = 30000\r\n\tpartitioner.adaptive.partitioning.enable = true\r\n\tpartitioner.availability.timeout.ms = 0\r\n\tpartitioner.class = null\r\n\tpartitioner.ignore.keys = false\r\n\treceive.buffer.bytes = 32768\r\n\treconnect.backoff.max.ms = 1000\r\n\treconnect.backoff.ms = 50\r\n\trequest.timeout.ms = 30000\r\n\tretries = 2147483647\r\n\tretry.backoff.max.ms = 1000\r\n\tretry.backoff.ms = 100\r\n\tsasl.client.callback.handler.class = null\r\n\tsasl.jaas.config = null\r\n\tsasl.kerberos.kinit.cmd = /usr/bin/kinit\r\n\tsasl.kerberos.min.time.before.relogin = 60000\r\n\tsasl.kerberos.service.name = null\r\n\tsasl.kerberos.ticket.renew.jitter = 0.05\r\n\tsasl.kerberos.ticket.renew.window.factor = 0.8\r\n\tsasl.login.callback.handler.class = null\r\n\tsasl.login.class = null\r\n\tsasl.login.connect.timeout.ms = null\r\n\tsasl.login.read.timeout.ms = null\r\n\tsasl.login.refresh.buffer.seconds = 300\r\n\tsasl.login.refresh.min.period.seconds = 60\r\n\tsasl.login.refresh.window.factor = 0.8\r\n\tsasl.login.refresh.window.jitter = 0.05\r\n\tsasl.login.retry.backoff.max.ms = 10000\r\n\tsasl.login.retry.backoff.ms = 100\r\n\tsasl.mechanism = GSSAPI\r\n\tsasl.oauthbearer.clock.skew.seconds = 30\r\n\tsasl.oauthbearer.expected.audience = null\r\n\tsasl.oauthbearer.expected.issuer = null\r\n\tsasl.oauthbearer.jwks.endpoint.refresh.ms = 3600000\r\n\tsasl.oauthbearer.jwks.endpoint.retry.backoff.max.ms = 10000\r\n\tsasl.oauthbearer.jwks.endpoint.retry.backoff.ms = 100\r\n\tsasl.oauthbearer.jwks.endpoint.url = null\r\n\tsasl.oauthbearer.scope.claim.name = scope\r\n\tsasl.oauthbearer.sub.claim.name = sub\r\n\tsasl.oauthbearer.token.endpoint.url = null\r\n\tsecurity.protocol = PLAINTEXT\r\n\tsecurity.providers = null\r\n\tsend.buffer.bytes = 131072\r\n\tsocket.connection.setup.timeout.max.ms = 30000\r\n\tsocket.connection.setup.timeout.ms = 10000\r\n\tssl.cipher.suites = null\r\n\tssl.enabled.protocols = [TLSv1.2, TLSv1.3]\r\n\tssl.endpoint.identification.algorithm = https\r\n\tssl.engine.factory.class = null\r\n\tssl.key.password = null\r\n\tssl.keymanager.algorithm = SunX509\r\n\tssl.keystore.certificate.chain = null\r\n\tssl.keystore.key = null\r\n\tssl.keystore.location = null\r\n\tssl.keystore.password = null\r\n\tssl.keystore.type = JKS\r\n\tssl.protocol = TLSv1.3\r\n\tssl.provider = null\r\n\tssl.secure.random.implementation = null\r\n\tssl.trustmanager.algorithm = PKIX\r\n\tssl.truststore.certificates = null\r\n\tssl.truststore.location = null\r\n\tssl.truststore.password = null\r\n\tssl.truststore.type = JKS\r\n\ttransaction.timeout.ms = 60000\r\n\ttransactional.id = null\r\n\tvalue.serializer = class org.apache.kafka.common.serialization.ByteArraySerializer\r\n","logger_name":"org.apache.kafka.clients.producer.ProducerConfig","thread_name":"kafka-admin-client-thread | moviebooking-backend-admin-0","level":"INFO","level_value":20000}
{"@timestamp":"2025-08-09T15:05:53.1201174+05:30","@version":"1","message":"initializing Kafka metrics collector","logger_name":"org.apache.kafka.common.telemetry.internals.KafkaMetricsCollector","thread_name":"kafka-admin-client-thread | moviebooking-backend-admin-0","level":"INFO","level_value":20000}
{"@timestamp":"2025-08-09T15:05:53.1201174+05:30","@version":"1","message":"[Producer clientId=producer-108] Instantiated an idempotent producer.","logger_name":"org.apache.kafka.clients.producer.KafkaProducer","thread_name":"kafka-admin-client-thread | moviebooking-backend-admin-0","level":"INFO","level_value":20000}
{"@timestamp":"2025-08-09T15:05:53.1211183+05:30","@version":"1","message":"[Producer clientId=producer-108] Closing the Kafka producer with timeoutMillis = 0 ms.","logger_name":"org.apache.kafka.clients.producer.KafkaProducer","thread_name":"kafka-admin-client-thread | moviebooking-backend-admin-0","level":"INFO","level_value":20000}
{"@timestamp":"2025-08-09T15:05:53.1211183+05:30","@version":"1","message":"Metrics scheduler closed","logger_name":"org.apache.kafka.common.metrics.Metrics","thread_name":"kafka-admin-client-thread | moviebooking-backend-admin-0","level":"INFO","level_value":20000}
{"@timestamp":"2025-08-09T15:05:53.1211183+05:30","@version":"1","message":"Closing reporter org.apache.kafka.common.metrics.JmxReporter","logger_name":"org.apache.kafka.common.metrics.Metrics","thread_name":"kafka-admin-client-thread | moviebooking-backend-admin-0","level":"INFO","level_value":20000}
{"@timestamp":"2025-08-09T15:05:53.1211183+05:30","@version":"1","message":"Closing reporter org.apache.kafka.common.telemetry.internals.ClientTelemetryReporter","logger_name":"org.apache.kafka.common.metrics.Metrics","thread_name":"kafka-admin-client-thread | moviebooking-backend-admin-0","level":"INFO","level_value":20000}
{"@timestamp":"2025-08-09T15:05:53.1211183+05:30","@version":"1","message":"Metrics reporters closed","logger_name":"org.apache.kafka.common.metrics.Metrics","thread_name":"kafka-admin-client-thread | moviebooking-backend-admin-0","level":"INFO","level_value":20000}
{"@timestamp":"2025-08-09T15:05:53.1211183+05:30","@version":"1","message":"App info kafka.producer for producer-108 unregistered","logger_name":"org.apache.kafka.common.utils.AppInfoParser","thread_name":"kafka-admin-client-thread | moviebooking-backend-admin-0","level":"INFO","level_value":20000}
{"@timestamp":"2025-08-09T15:05:53.1211183+05:30","@version":"1","message":"[AdminClient clientId=moviebooking-backend-admin-0] Connection to node -1 (localhost/127.0.0.1:9092) could not be established. Node may not be available.","logger_name":"org.apache.kafka.clients.NetworkClient","thread_name":"kafka-admin-client-thread | moviebooking-backend-admin-0","level":"WARN","level_value":30000}
{"@timestamp":"2025-08-09T15:05:53.1226366+05:30","@version":"1","message":"ProducerConfig values: \r\n\tacks = -1\r\n\tauto.include.jmx.reporter = true\r\n\tbatch.size = 16384\r\n\tbootstrap.servers = [spring.kafka.bootstrap-servers_IS_UNDEFINED]\r\n\tbuffer.memory = 33554432\r\n\tclient.dns.lookup = use_all_dns_ips\r\n\tclient.id = producer-109\r\n\tcompression.type = none\r\n\tconnections.max.idle.ms = 540000\r\n\tdelivery.timeout.ms = 120000\r\n\tenable.idempotence = true\r\n\tenable.metrics.push = true\r\n\tinterceptor.classes = []\r\n\tkey.serializer = class org.apache.kafka.common.serialization.ByteArraySerializer\r\n\tlinger.ms = 0\r\n\tmax.block.ms = 60000\r\n\tmax.in.flight.requests.per.connection = 5\r\n\tmax.request.size = 1048576\r\n\tmetadata.max.age.ms = 300000\r\n\tmetadata.max.idle.ms = 300000\r\n\tmetric.reporters = []\r\n\tmetrics.num.samples = 2\r\n\tmetrics.recording.level = INFO\r\n\tmetrics.sample.window.ms = 30000\r\n\tpartitioner.adaptive.partitioning.enable = true\r\n\tpartitioner.availability.timeout.ms = 0\r\n\tpartitioner.class = null\r\n\tpartitioner.ignore.keys = false\r\n\treceive.buffer.bytes = 32768\r\n\treconnect.backoff.max.ms = 1000\r\n\treconnect.backoff.ms = 50\r\n\trequest.timeout.ms = 30000\r\n\tretries = 2147483647\r\n\tretry.backoff.max.ms = 1000\r\n\tretry.backoff.ms = 100\r\n\tsasl.client.callback.handler.class = null\r\n\tsasl.jaas.config = null\r\n\tsasl.kerberos.kinit.cmd = /usr/bin/kinit\r\n\tsasl.kerberos.min.time.before.relogin = 60000\r\n\tsasl.kerberos.service.name = null\r\n\tsasl.kerberos.ticket.renew.jitter = 0.05\r\n\tsasl.kerberos.ticket.renew.window.factor = 0.8\r\n\tsasl.login.callback.handler.class = null\r\n\tsasl.login.class = null\r\n\tsasl.login.connect.timeout.ms = null\r\n\tsasl.login.read.timeout.ms = null\r\n\tsasl.login.refresh.buffer.seconds = 300\r\n\tsasl.login.refresh.min.period.seconds = 60\r\n\tsasl.login.refresh.window.factor = 0.8\r\n\tsasl.login.refresh.window.jitter = 0.05\r\n\tsasl.login.retry.backoff.max.ms = 10000\r\n\tsasl.login.retry.backoff.ms = 100\r\n\tsasl.mechanism = GSSAPI\r\n\tsasl.oauthbearer.clock.skew.seconds = 30\r\n\tsasl.oauthbearer.expected.audience = null\r\n\tsasl.oauthbearer.expected.issuer = null\r\n\tsasl.oauthbearer.jwks.endpoint.refresh.ms = 3600000\r\n\tsasl.oauthbearer.jwks.endpoint.retry.backoff.max.ms = 10000\r\n\tsasl.oauthbearer.jwks.endpoint.retry.backoff.ms = 100\r\n\tsasl.oauthbearer.jwks.endpoint.url = null\r\n\tsasl.oauthbearer.scope.claim.name = scope\r\n\tsasl.oauthbearer.sub.claim.name = sub\r\n\tsasl.oauthbearer.token.endpoint.url = null\r\n\tsecurity.protocol = PLAINTEXT\r\n\tsecurity.providers = null\r\n\tsend.buffer.bytes = 131072\r\n\tsocket.connection.setup.timeout.max.ms = 30000\r\n\tsocket.connection.setup.timeout.ms = 10000\r\n\tssl.cipher.suites = null\r\n\tssl.enabled.protocols = [TLSv1.2, TLSv1.3]\r\n\tssl.endpoint.identification.algorithm = https\r\n\tssl.engine.factory.class = null\r\n\tssl.key.password = null\r\n\tssl.keymanager.algorithm = SunX509\r\n\tssl.keystore.certificate.chain = null\r\n\tssl.keystore.key = null\r\n\tssl.keystore.location = null\r\n\tssl.keystore.password = null\r\n\tssl.keystore.type = JKS\r\n\tssl.protocol = TLSv1.3\r\n\tssl.provider = null\r\n\tssl.secure.random.implementation = null\r\n\tssl.trustmanager.algorithm = PKIX\r\n\tssl.truststore.certificates = null\r\n\tssl.truststore.location = null\r\n\tssl.truststore.password = null\r\n\tssl.truststore.type = JKS\r\n\ttransaction.timeout.ms = 60000\r\n\ttransactional.id = null\r\n\tvalue.serializer = class org.apache.kafka.common.serialization.ByteArraySerializer\r\n","logger_name":"org.apache.kafka.clients.producer.ProducerConfig","thread_name":"kafka-admin-client-thread | moviebooking-backend-admin-0","level":"INFO","level_value":20000}
{"@timestamp":"2025-08-09T15:05:53.1226366+05:30","@version":"1","message":"initializing Kafka metrics collector","logger_name":"org.apache.kafka.common.telemetry.internals.KafkaMetricsCollector","thread_name":"kafka-admin-client-thread | moviebooking-backend-admin-0","level":"INFO","level_value":20000}
{"@timestamp":"2025-08-09T15:05:53.1236606+05:30","@version":"1","message":"[Producer clientId=producer-109] Instantiated an idempotent producer.","logger_name":"org.apache.kafka.clients.producer.KafkaProducer","thread_name":"kafka-admin-client-thread | moviebooking-backend-admin-0","level":"INFO","level_value":20000}
{"@timestamp":"2025-08-09T15:05:53.1246609+05:30","@version":"1","message":"[Producer clientId=producer-109] Closing the Kafka producer with timeoutMillis = 0 ms.","logger_name":"org.apache.kafka.clients.producer.KafkaProducer","thread_name":"kafka-admin-client-thread | moviebooking-backend-admin-0","level":"INFO","level_value":20000}
{"@timestamp":"2025-08-09T15:05:53.1256567+05:30","@version":"1","message":"Metrics scheduler closed","logger_name":"org.apache.kafka.common.metrics.Metrics","thread_name":"kafka-admin-client-thread | moviebooking-backend-admin-0","level":"INFO","level_value":20000}
{"@timestamp":"2025-08-09T15:05:53.1256567+05:30","@version":"1","message":"Closing reporter org.apache.kafka.common.metrics.JmxReporter","logger_name":"org.apache.kafka.common.metrics.Metrics","thread_name":"kafka-admin-client-thread | moviebooking-backend-admin-0","level":"INFO","level_value":20000}
{"@timestamp":"2025-08-09T15:05:53.1256567+05:30","@version":"1","message":"Closing reporter org.apache.kafka.common.telemetry.internals.ClientTelemetryReporter","logger_name":"org.apache.kafka.common.metrics.Metrics","thread_name":"kafka-admin-client-thread | moviebooking-backend-admin-0","level":"INFO","level_value":20000}
{"@timestamp":"2025-08-09T15:05:53.1256567+05:30","@version":"1","message":"Metrics reporters closed","logger_name":"org.apache.kafka.common.metrics.Metrics","thread_name":"kafka-admin-client-thread | moviebooking-backend-admin-0","level":"INFO","level_value":20000}
{"@timestamp":"2025-08-09T15:05:53.1256567+05:30","@version":"1","message":"App info kafka.producer for producer-109 unregistered","logger_name":"org.apache.kafka.common.utils.AppInfoParser","thread_name":"kafka-admin-client-thread | moviebooking-backend-admin-0","level":"INFO","level_value":20000}
{"@timestamp":"2025-08-09T15:05:53.9042208+05:30","@version":"1","message":"[AdminClient clientId=moviebooking-backend-admin-0] Forcing a hard I/O thread shutdown. Requests in progress will be aborted.","logger_name":"org.apache.kafka.clients.admin.KafkaAdminClient","thread_name":"kafka-admin-client-thread | moviebooking-backend-admin-0","level":"INFO","level_value":20000}
{"@timestamp":"2025-08-09T15:05:53.9051906+05:30","@version":"1","message":"ProducerConfig values: \r\n\tacks = -1\r\n\tauto.include.jmx.reporter = true\r\n\tbatch.size = 16384\r\n\tbootstrap.servers = [spring.kafka.bootstrap-servers_IS_UNDEFINED]\r\n\tbuffer.memory = 33554432\r\n\tclient.dns.lookup = use_all_dns_ips\r\n\tclient.id = producer-110\r\n\tcompression.type = none\r\n\tconnections.max.idle.ms = 540000\r\n\tdelivery.timeout.ms = 120000\r\n\tenable.idempotence = true\r\n\tenable.metrics.push = true\r\n\tinterceptor.classes = []\r\n\tkey.serializer = class org.apache.kafka.common.serialization.ByteArraySerializer\r\n\tlinger.ms = 0\r\n\tmax.block.ms = 60000\r\n\tmax.in.flight.requests.per.connection = 5\r\n\tmax.request.size = 1048576\r\n\tmetadata.max.age.ms = 300000\r\n\tmetadata.max.idle.ms = 300000\r\n\tmetric.reporters = []\r\n\tmetrics.num.samples = 2\r\n\tmetrics.recording.level = INFO\r\n\tmetrics.sample.window.ms = 30000\r\n\tpartitioner.adaptive.partitioning.enable = true\r\n\tpartitioner.availability.timeout.ms = 0\r\n\tpartitioner.class = null\r\n\tpartitioner.ignore.keys = false\r\n\treceive.buffer.bytes = 32768\r\n\treconnect.backoff.max.ms = 1000\r\n\treconnect.backoff.ms = 50\r\n\trequest.timeout.ms = 30000\r\n\tretries = 2147483647\r\n\tretry.backoff.max.ms = 1000\r\n\tretry.backoff.ms = 100\r\n\tsasl.client.callback.handler.class = null\r\n\tsasl.jaas.config = null\r\n\tsasl.kerberos.kinit.cmd = /usr/bin/kinit\r\n\tsasl.kerberos.min.time.before.relogin = 60000\r\n\tsasl.kerberos.service.name = null\r\n\tsasl.kerberos.ticket.renew.jitter = 0.05\r\n\tsasl.kerberos.ticket.renew.window.factor = 0.8\r\n\tsasl.login.callback.handler.class = null\r\n\tsasl.login.class = null\r\n\tsasl.login.connect.timeout.ms = null\r\n\tsasl.login.read.timeout.ms = null\r\n\tsasl.login.refresh.buffer.seconds = 300\r\n\tsasl.login.refresh.min.period.seconds = 60\r\n\tsasl.login.refresh.window.factor = 0.8\r\n\tsasl.login.refresh.window.jitter = 0.05\r\n\tsasl.login.retry.backoff.max.ms = 10000\r\n\tsasl.login.retry.backoff.ms = 100\r\n\tsasl.mechanism = GSSAPI\r\n\tsasl.oauthbearer.clock.skew.seconds = 30\r\n\tsasl.oauthbearer.expected.audience = null\r\n\tsasl.oauthbearer.expected.issuer = null\r\n\tsasl.oauthbearer.jwks.endpoint.refresh.ms = 3600000\r\n\tsasl.oauthbearer.jwks.endpoint.retry.backoff.max.ms = 10000\r\n\tsasl.oauthbearer.jwks.endpoint.retry.backoff.ms = 100\r\n\tsasl.oauthbearer.jwks.endpoint.url = null\r\n\tsasl.oauthbearer.scope.claim.name = scope\r\n\tsasl.oauthbearer.sub.claim.name = sub\r\n\tsasl.oauthbearer.token.endpoint.url = null\r\n\tsecurity.protocol = PLAINTEXT\r\n\tsecurity.providers = null\r\n\tsend.buffer.bytes = 131072\r\n\tsocket.connection.setup.timeout.max.ms = 30000\r\n\tsocket.connection.setup.timeout.ms = 10000\r\n\tssl.cipher.suites = null\r\n\tssl.enabled.protocols = [TLSv1.2, TLSv1.3]\r\n\tssl.endpoint.identification.algorithm = https\r\n\tssl.engine.factory.class = null\r\n\tssl.key.password = null\r\n\tssl.keymanager.algorithm = SunX509\r\n\tssl.keystore.certificate.chain = null\r\n\tssl.keystore.key = null\r\n\tssl.keystore.location = null\r\n\tssl.keystore.password = null\r\n\tssl.keystore.type = JKS\r\n\tssl.protocol = TLSv1.3\r\n\tssl.provider = null\r\n\tssl.secure.random.implementation = null\r\n\tssl.trustmanager.algorithm = PKIX\r\n\tssl.truststore.certificates = null\r\n\tssl.truststore.location = null\r\n\tssl.truststore.password = null\r\n\tssl.truststore.type = JKS\r\n\ttransaction.timeout.ms = 60000\r\n\ttransactional.id = null\r\n\tvalue.serializer = class org.apache.kafka.common.serialization.ByteArraySerializer\r\n","logger_name":"org.apache.kafka.clients.producer.ProducerConfig","thread_name":"kafka-admin-client-thread | moviebooking-backend-admin-0","level":"INFO","level_value":20000}
{"@timestamp":"2025-08-09T15:05:53.9051906+05:30","@version":"1","message":"initializing Kafka metrics collector","logger_name":"org.apache.kafka.common.telemetry.internals.KafkaMetricsCollector","thread_name":"kafka-admin-client-thread | moviebooking-backend-admin-0","level":"INFO","level_value":20000}
{"@timestamp":"2025-08-09T15:05:53.9061841+05:30","@version":"1","message":"[Producer clientId=producer-110] Instantiated an idempotent producer.","logger_name":"org.apache.kafka.clients.producer.KafkaProducer","thread_name":"kafka-admin-client-thread | moviebooking-backend-admin-0","level":"INFO","level_value":20000}
{"@timestamp":"2025-08-09T15:05:53.9071337+05:30","@version":"1","message":"[Producer clientId=producer-110] Closing the Kafka producer with timeoutMillis = 0 ms.","logger_name":"org.apache.kafka.clients.producer.KafkaProducer","thread_name":"kafka-admin-client-thread | moviebooking-backend-admin-0","level":"INFO","level_value":20000}
{"@timestamp":"2025-08-09T15:05:53.9071337+05:30","@version":"1","message":"Metrics scheduler closed","logger_name":"org.apache.kafka.common.metrics.Metrics","thread_name":"kafka-admin-client-thread | moviebooking-backend-admin-0","level":"INFO","level_value":20000}
{"@timestamp":"2025-08-09T15:05:53.9071337+05:30","@version":"1","message":"Closing reporter org.apache.kafka.common.metrics.JmxReporter","logger_name":"org.apache.kafka.common.metrics.Metrics","thread_name":"kafka-admin-client-thread | moviebooking-backend-admin-0","level":"INFO","level_value":20000}
{"@timestamp":"2025-08-09T15:05:53.9071337+05:30","@version":"1","message":"Closing reporter org.apache.kafka.common.telemetry.internals.ClientTelemetryReporter","logger_name":"org.apache.kafka.common.metrics.Metrics","thread_name":"kafka-admin-client-thread | moviebooking-backend-admin-0","level":"INFO","level_value":20000}
{"@timestamp":"2025-08-09T15:05:53.9071337+05:30","@version":"1","message":"Metrics reporters closed","logger_name":"org.apache.kafka.common.metrics.Metrics","thread_name":"kafka-admin-client-thread | moviebooking-backend-admin-0","level":"INFO","level_value":20000}
{"@timestamp":"2025-08-09T15:05:53.9081414+05:30","@version":"1","message":"App info kafka.producer for producer-110 unregistered","logger_name":"org.apache.kafka.common.utils.AppInfoParser","thread_name":"kafka-admin-client-thread | moviebooking-backend-admin-0","level":"INFO","level_value":20000}
{"@timestamp":"2025-08-09T15:05:53.9081414+05:30","@version":"1","message":"App info kafka.admin.client for moviebooking-backend-admin-0 unregistered","logger_name":"org.apache.kafka.common.utils.AppInfoParser","thread_name":"kafka-admin-client-thread | moviebooking-backend-admin-0","level":"INFO","level_value":20000}
{"@timestamp":"2025-08-09T15:05:53.909137+05:30","@version":"1","message":"ProducerConfig values: \r\n\tacks = -1\r\n\tauto.include.jmx.reporter = true\r\n\tbatch.size = 16384\r\n\tbootstrap.servers = [spring.kafka.bootstrap-servers_IS_UNDEFINED]\r\n\tbuffer.memory = 33554432\r\n\tclient.dns.lookup = use_all_dns_ips\r\n\tclient.id = producer-111\r\n\tcompression.type = none\r\n\tconnections.max.idle.ms = 540000\r\n\tdelivery.timeout.ms = 120000\r\n\tenable.idempotence = true\r\n\tenable.metrics.push = true\r\n\tinterceptor.classes = []\r\n\tkey.serializer = class org.apache.kafka.common.serialization.ByteArraySerializer\r\n\tlinger.ms = 0\r\n\tmax.block.ms = 60000\r\n\tmax.in.flight.requests.per.connection = 5\r\n\tmax.request.size = 1048576\r\n\tmetadata.max.age.ms = 300000\r\n\tmetadata.max.idle.ms = 300000\r\n\tmetric.reporters = []\r\n\tmetrics.num.samples = 2\r\n\tmetrics.recording.level = INFO\r\n\tmetrics.sample.window.ms = 30000\r\n\tpartitioner.adaptive.partitioning.enable = true\r\n\tpartitioner.availability.timeout.ms = 0\r\n\tpartitioner.class = null\r\n\tpartitioner.ignore.keys = false\r\n\treceive.buffer.bytes = 32768\r\n\treconnect.backoff.max.ms = 1000\r\n\treconnect.backoff.ms = 50\r\n\trequest.timeout.ms = 30000\r\n\tretries = 2147483647\r\n\tretry.backoff.max.ms = 1000\r\n\tretry.backoff.ms = 100\r\n\tsasl.client.callback.handler.class = null\r\n\tsasl.jaas.config = null\r\n\tsasl.kerberos.kinit.cmd = /usr/bin/kinit\r\n\tsasl.kerberos.min.time.before.relogin = 60000\r\n\tsasl.kerberos.service.name = null\r\n\tsasl.kerberos.ticket.renew.jitter = 0.05\r\n\tsasl.kerberos.ticket.renew.window.factor = 0.8\r\n\tsasl.login.callback.handler.class = null\r\n\tsasl.login.class = null\r\n\tsasl.login.connect.timeout.ms = null\r\n\tsasl.login.read.timeout.ms = null\r\n\tsasl.login.refresh.buffer.seconds = 300\r\n\tsasl.login.refresh.min.period.seconds = 60\r\n\tsasl.login.refresh.window.factor = 0.8\r\n\tsasl.login.refresh.window.jitter = 0.05\r\n\tsasl.login.retry.backoff.max.ms = 10000\r\n\tsasl.login.retry.backoff.ms = 100\r\n\tsasl.mechanism = GSSAPI\r\n\tsasl.oauthbearer.clock.skew.seconds = 30\r\n\tsasl.oauthbearer.expected.audience = null\r\n\tsasl.oauthbearer.expected.issuer = null\r\n\tsasl.oauthbearer.jwks.endpoint.refresh.ms = 3600000\r\n\tsasl.oauthbearer.jwks.endpoint.retry.backoff.max.ms = 10000\r\n\tsasl.oauthbearer.jwks.endpoint.retry.backoff.ms = 100\r\n\tsasl.oauthbearer.jwks.endpoint.url = null\r\n\tsasl.oauthbearer.scope.claim.name = scope\r\n\tsasl.oauthbearer.sub.claim.name = sub\r\n\tsasl.oauthbearer.token.endpoint.url = null\r\n\tsecurity.protocol = PLAINTEXT\r\n\tsecurity.providers = null\r\n\tsend.buffer.bytes = 131072\r\n\tsocket.connection.setup.timeout.max.ms = 30000\r\n\tsocket.connection.setup.timeout.ms = 10000\r\n\tssl.cipher.suites = null\r\n\tssl.enabled.protocols = [TLSv1.2, TLSv1.3]\r\n\tssl.endpoint.identification.algorithm = https\r\n\tssl.engine.factory.class = null\r\n\tssl.key.password = null\r\n\tssl.keymanager.algorithm = SunX509\r\n\tssl.keystore.certificate.chain = null\r\n\tssl.keystore.key = null\r\n\tssl.keystore.location = null\r\n\tssl.keystore.password = null\r\n\tssl.keystore.type = JKS\r\n\tssl.protocol = TLSv1.3\r\n\tssl.provider = null\r\n\tssl.secure.random.implementation = null\r\n\tssl.trustmanager.algorithm = PKIX\r\n\tssl.truststore.certificates = null\r\n\tssl.truststore.location = null\r\n\tssl.truststore.password = null\r\n\tssl.truststore.type = JKS\r\n\ttransaction.timeout.ms = 60000\r\n\ttransactional.id = null\r\n\tvalue.serializer = class org.apache.kafka.common.serialization.ByteArraySerializer\r\n","logger_name":"org.apache.kafka.clients.producer.ProducerConfig","thread_name":"kafka-admin-client-thread | moviebooking-backend-admin-0","level":"INFO","level_value":20000}
{"@timestamp":"2025-08-09T15:05:53.909137+05:30","@version":"1","message":"initializing Kafka metrics collector","logger_name":"org.apache.kafka.common.telemetry.internals.KafkaMetricsCollector","thread_name":"kafka-admin-client-thread | moviebooking-backend-admin-0","level":"INFO","level_value":20000}
{"@timestamp":"2025-08-09T15:05:53.910156+05:30","@version":"1","message":"[Producer clientId=producer-111] Instantiated an idempotent producer.","logger_name":"org.apache.kafka.clients.producer.KafkaProducer","thread_name":"kafka-admin-client-thread | moviebooking-backend-admin-0","level":"INFO","level_value":20000}
{"@timestamp":"2025-08-09T15:05:53.910156+05:30","@version":"1","message":"[Producer clientId=producer-111] Closing the Kafka producer with timeoutMillis = 0 ms.","logger_name":"org.apache.kafka.clients.producer.KafkaProducer","thread_name":"kafka-admin-client-thread | moviebooking-backend-admin-0","level":"INFO","level_value":20000}
{"@timestamp":"2025-08-09T15:05:53.9111548+05:30","@version":"1","message":"Metrics scheduler closed","logger_name":"org.apache.kafka.common.metrics.Metrics","thread_name":"kafka-admin-client-thread | moviebooking-backend-admin-0","level":"INFO","level_value":20000}
{"@timestamp":"2025-08-09T15:05:53.9111548+05:30","@version":"1","message":"Closing reporter org.apache.kafka.common.metrics.JmxReporter","logger_name":"org.apache.kafka.common.metrics.Metrics","thread_name":"kafka-admin-client-thread | moviebooking-backend-admin-0","level":"INFO","level_value":20000}
{"@timestamp":"2025-08-09T15:05:53.9111548+05:30","@version":"1","message":"Closing reporter org.apache.kafka.common.telemetry.internals.ClientTelemetryReporter","logger_name":"org.apache.kafka.common.metrics.Metrics","thread_name":"kafka-admin-client-thread | moviebooking-backend-admin-0","level":"INFO","level_value":20000}
{"@timestamp":"2025-08-09T15:05:53.9111548+05:30","@version":"1","message":"Metrics reporters closed","logger_name":"org.apache.kafka.common.metrics.Metrics","thread_name":"kafka-admin-client-thread | moviebooking-backend-admin-0","level":"INFO","level_value":20000}
{"@timestamp":"2025-08-09T15:05:53.9111548+05:30","@version":"1","message":"App info kafka.producer for producer-111 unregistered","logger_name":"org.apache.kafka.common.utils.AppInfoParser","thread_name":"kafka-admin-client-thread | moviebooking-backend-admin-0","level":"INFO","level_value":20000}
{"@timestamp":"2025-08-09T15:05:53.9111548+05:30","@version":"1","message":"ProducerConfig values: \r\n\tacks = -1\r\n\tauto.include.jmx.reporter = true\r\n\tbatch.size = 16384\r\n\tbootstrap.servers = [spring.kafka.bootstrap-servers_IS_UNDEFINED]\r\n\tbuffer.memory = 33554432\r\n\tclient.dns.lookup = use_all_dns_ips\r\n\tclient.id = producer-112\r\n\tcompression.type = none\r\n\tconnections.max.idle.ms = 540000\r\n\tdelivery.timeout.ms = 120000\r\n\tenable.idempotence = true\r\n\tenable.metrics.push = true\r\n\tinterceptor.classes = []\r\n\tkey.serializer = class org.apache.kafka.common.serialization.ByteArraySerializer\r\n\tlinger.ms = 0\r\n\tmax.block.ms = 60000\r\n\tmax.in.flight.requests.per.connection = 5\r\n\tmax.request.size = 1048576\r\n\tmetadata.max.age.ms = 300000\r\n\tmetadata.max.idle.ms = 300000\r\n\tmetric.reporters = []\r\n\tmetrics.num.samples = 2\r\n\tmetrics.recording.level = INFO\r\n\tmetrics.sample.window.ms = 30000\r\n\tpartitioner.adaptive.partitioning.enable = true\r\n\tpartitioner.availability.timeout.ms = 0\r\n\tpartitioner.class = null\r\n\tpartitioner.ignore.keys = false\r\n\treceive.buffer.bytes = 32768\r\n\treconnect.backoff.max.ms = 1000\r\n\treconnect.backoff.ms = 50\r\n\trequest.timeout.ms = 30000\r\n\tretries = 2147483647\r\n\tretry.backoff.max.ms = 1000\r\n\tretry.backoff.ms = 100\r\n\tsasl.client.callback.handler.class = null\r\n\tsasl.jaas.config = null\r\n\tsasl.kerberos.kinit.cmd = /usr/bin/kinit\r\n\tsasl.kerberos.min.time.before.relogin = 60000\r\n\tsasl.kerberos.service.name = null\r\n\tsasl.kerberos.ticket.renew.jitter = 0.05\r\n\tsasl.kerberos.ticket.renew.window.factor = 0.8\r\n\tsasl.login.callback.handler.class = null\r\n\tsasl.login.class = null\r\n\tsasl.login.connect.timeout.ms = null\r\n\tsasl.login.read.timeout.ms = null\r\n\tsasl.login.refresh.buffer.seconds = 300\r\n\tsasl.login.refresh.min.period.seconds = 60\r\n\tsasl.login.refresh.window.factor = 0.8\r\n\tsasl.login.refresh.window.jitter = 0.05\r\n\tsasl.login.retry.backoff.max.ms = 10000\r\n\tsasl.login.retry.backoff.ms = 100\r\n\tsasl.mechanism = GSSAPI\r\n\tsasl.oauthbearer.clock.skew.seconds = 30\r\n\tsasl.oauthbearer.expected.audience = null\r\n\tsasl.oauthbearer.expected.issuer = null\r\n\tsasl.oauthbearer.jwks.endpoint.refresh.ms = 3600000\r\n\tsasl.oauthbearer.jwks.endpoint.retry.backoff.max.ms = 10000\r\n\tsasl.oauthbearer.jwks.endpoint.retry.backoff.ms = 100\r\n\tsasl.oauthbearer.jwks.endpoint.url = null\r\n\tsasl.oauthbearer.scope.claim.name = scope\r\n\tsasl.oauthbearer.sub.claim.name = sub\r\n\tsasl.oauthbearer.token.endpoint.url = null\r\n\tsecurity.protocol = PLAINTEXT\r\n\tsecurity.providers = null\r\n\tsend.buffer.bytes = 131072\r\n\tsocket.connection.setup.timeout.max.ms = 30000\r\n\tsocket.connection.setup.timeout.ms = 10000\r\n\tssl.cipher.suites = null\r\n\tssl.enabled.protocols = [TLSv1.2, TLSv1.3]\r\n\tssl.endpoint.identification.algorithm = https\r\n\tssl.engine.factory.class = null\r\n\tssl.key.password = null\r\n\tssl.keymanager.algorithm = SunX509\r\n\tssl.keystore.certificate.chain = null\r\n\tssl.keystore.key = null\r\n\tssl.keystore.location = null\r\n\tssl.keystore.password = null\r\n\tssl.keystore.type = JKS\r\n\tssl.protocol = TLSv1.3\r\n\tssl.provider = null\r\n\tssl.secure.random.implementation = null\r\n\tssl.trustmanager.algorithm = PKIX\r\n\tssl.truststore.certificates = null\r\n\tssl.truststore.location = null\r\n\tssl.truststore.password = null\r\n\tssl.truststore.type = JKS\r\n\ttransaction.timeout.ms = 60000\r\n\ttransactional.id = null\r\n\tvalue.serializer = class org.apache.kafka.common.serialization.ByteArraySerializer\r\n","logger_name":"org.apache.kafka.clients.producer.ProducerConfig","thread_name":"kafka-admin-client-thread | moviebooking-backend-admin-0","level":"INFO","level_value":20000}
{"@timestamp":"2025-08-09T15:05:53.9121561+05:30","@version":"1","message":"initializing Kafka metrics collector","logger_name":"org.apache.kafka.common.telemetry.internals.KafkaMetricsCollector","thread_name":"kafka-admin-client-thread | moviebooking-backend-admin-0","level":"INFO","level_value":20000}
{"@timestamp":"2025-08-09T15:05:53.9121561+05:30","@version":"1","message":"[Producer clientId=producer-112] Instantiated an idempotent producer.","logger_name":"org.apache.kafka.clients.producer.KafkaProducer","thread_name":"kafka-admin-client-thread | moviebooking-backend-admin-0","level":"INFO","level_value":20000}
{"@timestamp":"2025-08-09T15:05:53.9131546+05:30","@version":"1","message":"[Producer clientId=producer-112] Closing the Kafka producer with timeoutMillis = 0 ms.","logger_name":"org.apache.kafka.clients.producer.KafkaProducer","thread_name":"kafka-admin-client-thread | moviebooking-backend-admin-0","level":"INFO","level_value":20000}
{"@timestamp":"2025-08-09T15:05:53.9131546+05:30","@version":"1","message":"Metrics scheduler closed","logger_name":"org.apache.kafka.common.metrics.Metrics","thread_name":"kafka-admin-client-thread | moviebooking-backend-admin-0","level":"INFO","level_value":20000}
{"@timestamp":"2025-08-09T15:05:53.9131546+05:30","@version":"1","message":"Closing reporter org.apache.kafka.common.metrics.JmxReporter","logger_name":"org.apache.kafka.common.metrics.Metrics","thread_name":"kafka-admin-client-thread | moviebooking-backend-admin-0","level":"INFO","level_value":20000}
{"@timestamp":"2025-08-09T15:05:53.9131546+05:30","@version":"1","message":"Closing reporter org.apache.kafka.common.telemetry.internals.ClientTelemetryReporter","logger_name":"org.apache.kafka.common.metrics.Metrics","thread_name":"kafka-admin-client-thread | moviebooking-backend-admin-0","level":"INFO","level_value":20000}
{"@timestamp":"2025-08-09T15:05:53.9131546+05:30","@version":"1","message":"Metrics reporters closed","logger_name":"org.apache.kafka.common.metrics.Metrics","thread_name":"kafka-admin-client-thread | moviebooking-backend-admin-0","level":"INFO","level_value":20000}
{"@timestamp":"2025-08-09T15:05:53.9131546+05:30","@version":"1","message":"App info kafka.producer for producer-112 unregistered","logger_name":"org.apache.kafka.common.utils.AppInfoParser","thread_name":"kafka-admin-client-thread | moviebooking-backend-admin-0","level":"INFO","level_value":20000}
{"@timestamp":"2025-08-09T15:05:53.9141567+05:30","@version":"1","message":"[AdminClient clientId=moviebooking-backend-admin-0] Metadata update failed","logger_name":"org.apache.kafka.clients.admin.internals.AdminMetadataManager","thread_name":"kafka-admin-client-thread | moviebooking-backend-admin-0","level":"INFO","level_value":20000,"stack_trace":"org.apache.kafka.common.errors.TimeoutException: The AdminClient thread has exited. Call: fetchMetadata\r\n"}
{"@timestamp":"2025-08-09T15:05:53.9151562+05:30","@version":"1","message":"[AdminClient clientId=moviebooking-backend-admin-0] Timed out 2 remaining operation(s) during close.","logger_name":"org.apache.kafka.clients.admin.KafkaAdminClient","thread_name":"kafka-admin-client-thread | moviebooking-backend-admin-0","level":"INFO","level_value":20000}
{"@timestamp":"2025-08-09T15:05:53.9151562+05:30","@version":"1","message":"ProducerConfig values: \r\n\tacks = -1\r\n\tauto.include.jmx.reporter = true\r\n\tbatch.size = 16384\r\n\tbootstrap.servers = [spring.kafka.bootstrap-servers_IS_UNDEFINED]\r\n\tbuffer.memory = 33554432\r\n\tclient.dns.lookup = use_all_dns_ips\r\n\tclient.id = producer-113\r\n\tcompression.type = none\r\n\tconnections.max.idle.ms = 540000\r\n\tdelivery.timeout.ms = 120000\r\n\tenable.idempotence = true\r\n\tenable.metrics.push = true\r\n\tinterceptor.classes = []\r\n\tkey.serializer = class org.apache.kafka.common.serialization.ByteArraySerializer\r\n\tlinger.ms = 0\r\n\tmax.block.ms = 60000\r\n\tmax.in.flight.requests.per.connection = 5\r\n\tmax.request.size = 1048576\r\n\tmetadata.max.age.ms = 300000\r\n\tmetadata.max.idle.ms = 300000\r\n\tmetric.reporters = []\r\n\tmetrics.num.samples = 2\r\n\tmetrics.recording.level = INFO\r\n\tmetrics.sample.window.ms = 30000\r\n\tpartitioner.adaptive.partitioning.enable = true\r\n\tpartitioner.availability.timeout.ms = 0\r\n\tpartitioner.class = null\r\n\tpartitioner.ignore.keys = false\r\n\treceive.buffer.bytes = 32768\r\n\treconnect.backoff.max.ms = 1000\r\n\treconnect.backoff.ms = 50\r\n\trequest.timeout.ms = 30000\r\n\tretries = 2147483647\r\n\tretry.backoff.max.ms = 1000\r\n\tretry.backoff.ms = 100\r\n\tsasl.client.callback.handler.class = null\r\n\tsasl.jaas.config = null\r\n\tsasl.kerberos.kinit.cmd = /usr/bin/kinit\r\n\tsasl.kerberos.min.time.before.relogin = 60000\r\n\tsasl.kerberos.service.name = null\r\n\tsasl.kerberos.ticket.renew.jitter = 0.05\r\n\tsasl.kerberos.ticket.renew.window.factor = 0.8\r\n\tsasl.login.callback.handler.class = null\r\n\tsasl.login.class = null\r\n\tsasl.login.connect.timeout.ms = null\r\n\tsasl.login.read.timeout.ms = null\r\n\tsasl.login.refresh.buffer.seconds = 300\r\n\tsasl.login.refresh.min.period.seconds = 60\r\n\tsasl.login.refresh.window.factor = 0.8\r\n\tsasl.login.refresh.window.jitter = 0.05\r\n\tsasl.login.retry.backoff.max.ms = 10000\r\n\tsasl.login.retry.backoff.ms = 100\r\n\tsasl.mechanism = GSSAPI\r\n\tsasl.oauthbearer.clock.skew.seconds = 30\r\n\tsasl.oauthbearer.expected.audience = null\r\n\tsasl.oauthbearer.expected.issuer = null\r\n\tsasl.oauthbearer.jwks.endpoint.refresh.ms = 3600000\r\n\tsasl.oauthbearer.jwks.endpoint.retry.backoff.max.ms = 10000\r\n\tsasl.oauthbearer.jwks.endpoint.retry.backoff.ms = 100\r\n\tsasl.oauthbearer.jwks.endpoint.url = null\r\n\tsasl.oauthbearer.scope.claim.name = scope\r\n\tsasl.oauthbearer.sub.claim.name = sub\r\n\tsasl.oauthbearer.token.endpoint.url = null\r\n\tsecurity.protocol = PLAINTEXT\r\n\tsecurity.providers = null\r\n\tsend.buffer.bytes = 131072\r\n\tsocket.connection.setup.timeout.max.ms = 30000\r\n\tsocket.connection.setup.timeout.ms = 10000\r\n\tssl.cipher.suites = null\r\n\tssl.enabled.protocols = [TLSv1.2, TLSv1.3]\r\n\tssl.endpoint.identification.algorithm = https\r\n\tssl.engine.factory.class = null\r\n\tssl.key.password = null\r\n\tssl.keymanager.algorithm = SunX509\r\n\tssl.keystore.certificate.chain = null\r\n\tssl.keystore.key = null\r\n\tssl.keystore.location = null\r\n\tssl.keystore.password = null\r\n\tssl.keystore.type = JKS\r\n\tssl.protocol = TLSv1.3\r\n\tssl.provider = null\r\n\tssl.secure.random.implementation = null\r\n\tssl.trustmanager.algorithm = PKIX\r\n\tssl.truststore.certificates = null\r\n\tssl.truststore.location = null\r\n\tssl.truststore.password = null\r\n\tssl.truststore.type = JKS\r\n\ttransaction.timeout.ms = 60000\r\n\ttransactional.id = null\r\n\tvalue.serializer = class org.apache.kafka.common.serialization.ByteArraySerializer\r\n","logger_name":"org.apache.kafka.clients.producer.ProducerConfig","thread_name":"kafka-admin-client-thread | moviebooking-backend-admin-0","level":"INFO","level_value":20000}
{"@timestamp":"2025-08-09T15:05:53.9151562+05:30","@version":"1","message":"initializing Kafka metrics collector","logger_name":"org.apache.kafka.common.telemetry.internals.KafkaMetricsCollector","thread_name":"kafka-admin-client-thread | moviebooking-backend-admin-0","level":"INFO","level_value":20000}
{"@timestamp":"2025-08-09T15:05:53.9161563+05:30","@version":"1","message":"[Producer clientId=producer-113] Instantiated an idempotent producer.","logger_name":"org.apache.kafka.clients.producer.KafkaProducer","thread_name":"kafka-admin-client-thread | moviebooking-backend-admin-0","level":"INFO","level_value":20000}
{"@timestamp":"2025-08-09T15:05:53.9172366+05:30","@version":"1","message":"[Producer clientId=producer-113] Closing the Kafka producer with timeoutMillis = 0 ms.","logger_name":"org.apache.kafka.clients.producer.KafkaProducer","thread_name":"kafka-admin-client-thread | moviebooking-backend-admin-0","level":"INFO","level_value":20000}
{"@timestamp":"2025-08-09T15:05:53.9172366+05:30","@version":"1","message":"Metrics scheduler closed","logger_name":"org.apache.kafka.common.metrics.Metrics","thread_name":"kafka-admin-client-thread | moviebooking-backend-admin-0","level":"INFO","level_value":20000}
{"@timestamp":"2025-08-09T15:05:53.9172366+05:30","@version":"1","message":"Closing reporter org.apache.kafka.common.metrics.JmxReporter","logger_name":"org.apache.kafka.common.metrics.Metrics","thread_name":"kafka-admin-client-thread | moviebooking-backend-admin-0","level":"INFO","level_value":20000}
{"@timestamp":"2025-08-09T15:05:53.9172366+05:30","@version":"1","message":"Closing reporter org.apache.kafka.common.telemetry.internals.ClientTelemetryReporter","logger_name":"org.apache.kafka.common.metrics.Metrics","thread_name":"kafka-admin-client-thread | moviebooking-backend-admin-0","level":"INFO","level_value":20000}
{"@timestamp":"2025-08-09T15:05:53.9172366+05:30","@version":"1","message":"Metrics reporters closed","logger_name":"org.apache.kafka.common.metrics.Metrics","thread_name":"kafka-admin-client-thread | moviebooking-backend-admin-0","level":"INFO","level_value":20000}
{"@timestamp":"2025-08-09T15:05:53.9172366+05:30","@version":"1","message":"App info kafka.producer for producer-113 unregistered","logger_name":"org.apache.kafka.common.utils.AppInfoParser","thread_name":"kafka-admin-client-thread | moviebooking-backend-admin-0","level":"INFO","level_value":20000}
{"@timestamp":"2025-08-09T15:05:53.9201569+05:30","@version":"1","message":"Metrics scheduler closed","logger_name":"org.apache.kafka.common.metrics.Metrics","thread_name":"kafka-admin-client-thread | moviebooking-backend-admin-0","level":"INFO","level_value":20000}
{"@timestamp":"2025-08-09T15:05:53.9212172+05:30","@version":"1","message":"ProducerConfig values: \r\n\tacks = -1\r\n\tauto.include.jmx.reporter = true\r\n\tbatch.size = 16384\r\n\tbootstrap.servers = [spring.kafka.bootstrap-servers_IS_UNDEFINED]\r\n\tbuffer.memory = 33554432\r\n\tclient.dns.lookup = use_all_dns_ips\r\n\tclient.id = producer-114\r\n\tcompression.type = none\r\n\tconnections.max.idle.ms = 540000\r\n\tdelivery.timeout.ms = 120000\r\n\tenable.idempotence = true\r\n\tenable.metrics.push = true\r\n\tinterceptor.classes = []\r\n\tkey.serializer = class org.apache.kafka.common.serialization.ByteArraySerializer\r\n\tlinger.ms = 0\r\n\tmax.block.ms = 60000\r\n\tmax.in.flight.requests.per.connection = 5\r\n\tmax.request.size = 1048576\r\n\tmetadata.max.age.ms = 300000\r\n\tmetadata.max.idle.ms = 300000\r\n\tmetric.reporters = []\r\n\tmetrics.num.samples = 2\r\n\tmetrics.recording.level = INFO\r\n\tmetrics.sample.window.ms = 30000\r\n\tpartitioner.adaptive.partitioning.enable = true\r\n\tpartitioner.availability.timeout.ms = 0\r\n\tpartitioner.class = null\r\n\tpartitioner.ignore.keys = false\r\n\treceive.buffer.bytes = 32768\r\n\treconnect.backoff.max.ms = 1000\r\n\treconnect.backoff.ms = 50\r\n\trequest.timeout.ms = 30000\r\n\tretries = 2147483647\r\n\tretry.backoff.max.ms = 1000\r\n\tretry.backoff.ms = 100\r\n\tsasl.client.callback.handler.class = null\r\n\tsasl.jaas.config = null\r\n\tsasl.kerberos.kinit.cmd = /usr/bin/kinit\r\n\tsasl.kerberos.min.time.before.relogin = 60000\r\n\tsasl.kerberos.service.name = null\r\n\tsasl.kerberos.ticket.renew.jitter = 0.05\r\n\tsasl.kerberos.ticket.renew.window.factor = 0.8\r\n\tsasl.login.callback.handler.class = null\r\n\tsasl.login.class = null\r\n\tsasl.login.connect.timeout.ms = null\r\n\tsasl.login.read.timeout.ms = null\r\n\tsasl.login.refresh.buffer.seconds = 300\r\n\tsasl.login.refresh.min.period.seconds = 60\r\n\tsasl.login.refresh.window.factor = 0.8\r\n\tsasl.login.refresh.window.jitter = 0.05\r\n\tsasl.login.retry.backoff.max.ms = 10000\r\n\tsasl.login.retry.backoff.ms = 100\r\n\tsasl.mechanism = GSSAPI\r\n\tsasl.oauthbearer.clock.skew.seconds = 30\r\n\tsasl.oauthbearer.expected.audience = null\r\n\tsasl.oauthbearer.expected.issuer = null\r\n\tsasl.oauthbearer.jwks.endpoint.refresh.ms = 3600000\r\n\tsasl.oauthbearer.jwks.endpoint.retry.backoff.max.ms = 10000\r\n\tsasl.oauthbearer.jwks.endpoint.retry.backoff.ms = 100\r\n\tsasl.oauthbearer.jwks.endpoint.url = null\r\n\tsasl.oauthbearer.scope.claim.name = scope\r\n\tsasl.oauthbearer.sub.claim.name = sub\r\n\tsasl.oauthbearer.token.endpoint.url = null\r\n\tsecurity.protocol = PLAINTEXT\r\n\tsecurity.providers = null\r\n\tsend.buffer.bytes = 131072\r\n\tsocket.connection.setup.timeout.max.ms = 30000\r\n\tsocket.connection.setup.timeout.ms = 10000\r\n\tssl.cipher.suites = null\r\n\tssl.enabled.protocols = [TLSv1.2, TLSv1.3]\r\n\tssl.endpoint.identification.algorithm = https\r\n\tssl.engine.factory.class = null\r\n\tssl.key.password = null\r\n\tssl.keymanager.algorithm = SunX509\r\n\tssl.keystore.certificate.chain = null\r\n\tssl.keystore.key = null\r\n\tssl.keystore.location = null\r\n\tssl.keystore.password = null\r\n\tssl.keystore.type = JKS\r\n\tssl.protocol = TLSv1.3\r\n\tssl.provider = null\r\n\tssl.secure.random.implementation = null\r\n\tssl.trustmanager.algorithm = PKIX\r\n\tssl.truststore.certificates = null\r\n\tssl.truststore.location = null\r\n\tssl.truststore.password = null\r\n\tssl.truststore.type = JKS\r\n\ttransaction.timeout.ms = 60000\r\n\ttransactional.id = null\r\n\tvalue.serializer = class org.apache.kafka.common.serialization.ByteArraySerializer\r\n","logger_name":"org.apache.kafka.clients.producer.ProducerConfig","thread_name":"kafka-admin-client-thread | moviebooking-backend-admin-0","level":"INFO","level_value":20000}
{"@timestamp":"2025-08-09T15:05:53.9212172+05:30","@version":"1","message":"initializing Kafka metrics collector","logger_name":"org.apache.kafka.common.telemetry.internals.KafkaMetricsCollector","thread_name":"kafka-admin-client-thread | moviebooking-backend-admin-0","level":"INFO","level_value":20000}
{"@timestamp":"2025-08-09T15:05:53.9221536+05:30","@version":"1","message":"[Producer clientId=producer-114] Instantiated an idempotent producer.","logger_name":"org.apache.kafka.clients.producer.KafkaProducer","thread_name":"kafka-admin-client-thread | moviebooking-backend-admin-0","level":"INFO","level_value":20000}
{"@timestamp":"2025-08-09T15:05:53.9231621+05:30","@version":"1","message":"[Producer clientId=producer-114] Closing the Kafka producer with timeoutMillis = 0 ms.","logger_name":"org.apache.kafka.clients.producer.KafkaProducer","thread_name":"kafka-admin-client-thread | moviebooking-backend-admin-0","level":"INFO","level_value":20000}
{"@timestamp":"2025-08-09T15:05:53.9231621+05:30","@version":"1","message":"Metrics scheduler closed","logger_name":"org.apache.kafka.common.metrics.Metrics","thread_name":"kafka-admin-client-thread | moviebooking-backend-admin-0","level":"INFO","level_value":20000}
{"@timestamp":"2025-08-09T15:05:53.9231621+05:30","@version":"1","message":"Closing reporter org.apache.kafka.common.metrics.JmxReporter","logger_name":"org.apache.kafka.common.metrics.Metrics","thread_name":"kafka-admin-client-thread | moviebooking-backend-admin-0","level":"INFO","level_value":20000}
{"@timestamp":"2025-08-09T15:05:53.9231621+05:30","@version":"1","message":"Closing reporter org.apache.kafka.common.telemetry.internals.ClientTelemetryReporter","logger_name":"org.apache.kafka.common.metrics.Metrics","thread_name":"kafka-admin-client-thread | moviebooking-backend-admin-0","level":"INFO","level_value":20000}
{"@timestamp":"2025-08-09T15:05:53.9231621+05:30","@version":"1","message":"Metrics reporters closed","logger_name":"org.apache.kafka.common.metrics.Metrics","thread_name":"kafka-admin-client-thread | moviebooking-backend-admin-0","level":"INFO","level_value":20000}
{"@timestamp":"2025-08-09T15:05:53.9231621+05:30","@version":"1","message":"App info kafka.producer for producer-114 unregistered","logger_name":"org.apache.kafka.common.utils.AppInfoParser","thread_name":"kafka-admin-client-thread | moviebooking-backend-admin-0","level":"INFO","level_value":20000}
{"@timestamp":"2025-08-09T15:05:53.9242179+05:30","@version":"1","message":"ProducerConfig values: \r\n\tacks = -1\r\n\tauto.include.jmx.reporter = true\r\n\tbatch.size = 16384\r\n\tbootstrap.servers = [spring.kafka.bootstrap-servers_IS_UNDEFINED]\r\n\tbuffer.memory = 33554432\r\n\tclient.dns.lookup = use_all_dns_ips\r\n\tclient.id = producer-115\r\n\tcompression.type = none\r\n\tconnections.max.idle.ms = 540000\r\n\tdelivery.timeout.ms = 120000\r\n\tenable.idempotence = true\r\n\tenable.metrics.push = true\r\n\tinterceptor.classes = []\r\n\tkey.serializer = class org.apache.kafka.common.serialization.ByteArraySerializer\r\n\tlinger.ms = 0\r\n\tmax.block.ms = 60000\r\n\tmax.in.flight.requests.per.connection = 5\r\n\tmax.request.size = 1048576\r\n\tmetadata.max.age.ms = 300000\r\n\tmetadata.max.idle.ms = 300000\r\n\tmetric.reporters = []\r\n\tmetrics.num.samples = 2\r\n\tmetrics.recording.level = INFO\r\n\tmetrics.sample.window.ms = 30000\r\n\tpartitioner.adaptive.partitioning.enable = true\r\n\tpartitioner.availability.timeout.ms = 0\r\n\tpartitioner.class = null\r\n\tpartitioner.ignore.keys = false\r\n\treceive.buffer.bytes = 32768\r\n\treconnect.backoff.max.ms = 1000\r\n\treconnect.backoff.ms = 50\r\n\trequest.timeout.ms = 30000\r\n\tretries = 2147483647\r\n\tretry.backoff.max.ms = 1000\r\n\tretry.backoff.ms = 100\r\n\tsasl.client.callback.handler.class = null\r\n\tsasl.jaas.config = null\r\n\tsasl.kerberos.kinit.cmd = /usr/bin/kinit\r\n\tsasl.kerberos.min.time.before.relogin = 60000\r\n\tsasl.kerberos.service.name = null\r\n\tsasl.kerberos.ticket.renew.jitter = 0.05\r\n\tsasl.kerberos.ticket.renew.window.factor = 0.8\r\n\tsasl.login.callback.handler.class = null\r\n\tsasl.login.class = null\r\n\tsasl.login.connect.timeout.ms = null\r\n\tsasl.login.read.timeout.ms = null\r\n\tsasl.login.refresh.buffer.seconds = 300\r\n\tsasl.login.refresh.min.period.seconds = 60\r\n\tsasl.login.refresh.window.factor = 0.8\r\n\tsasl.login.refresh.window.jitter = 0.05\r\n\tsasl.login.retry.backoff.max.ms = 10000\r\n\tsasl.login.retry.backoff.ms = 100\r\n\tsasl.mechanism = GSSAPI\r\n\tsasl.oauthbearer.clock.skew.seconds = 30\r\n\tsasl.oauthbearer.expected.audience = null\r\n\tsasl.oauthbearer.expected.issuer = null\r\n\tsasl.oauthbearer.jwks.endpoint.refresh.ms = 3600000\r\n\tsasl.oauthbearer.jwks.endpoint.retry.backoff.max.ms = 10000\r\n\tsasl.oauthbearer.jwks.endpoint.retry.backoff.ms = 100\r\n\tsasl.oauthbearer.jwks.endpoint.url = null\r\n\tsasl.oauthbearer.scope.claim.name = scope\r\n\tsasl.oauthbearer.sub.claim.name = sub\r\n\tsasl.oauthbearer.token.endpoint.url = null\r\n\tsecurity.protocol = PLAINTEXT\r\n\tsecurity.providers = null\r\n\tsend.buffer.bytes = 131072\r\n\tsocket.connection.setup.timeout.max.ms = 30000\r\n\tsocket.connection.setup.timeout.ms = 10000\r\n\tssl.cipher.suites = null\r\n\tssl.enabled.protocols = [TLSv1.2, TLSv1.3]\r\n\tssl.endpoint.identification.algorithm = https\r\n\tssl.engine.factory.class = null\r\n\tssl.key.password = null\r\n\tssl.keymanager.algorithm = SunX509\r\n\tssl.keystore.certificate.chain = null\r\n\tssl.keystore.key = null\r\n\tssl.keystore.location = null\r\n\tssl.keystore.password = null\r\n\tssl.keystore.type = JKS\r\n\tssl.protocol = TLSv1.3\r\n\tssl.provider = null\r\n\tssl.secure.random.implementation = null\r\n\tssl.trustmanager.algorithm = PKIX\r\n\tssl.truststore.certificates = null\r\n\tssl.truststore.location = null\r\n\tssl.truststore.password = null\r\n\tssl.truststore.type = JKS\r\n\ttransaction.timeout.ms = 60000\r\n\ttransactional.id = null\r\n\tvalue.serializer = class org.apache.kafka.common.serialization.ByteArraySerializer\r\n","logger_name":"org.apache.kafka.clients.producer.ProducerConfig","thread_name":"kafka-admin-client-thread | moviebooking-backend-admin-0","level":"INFO","level_value":20000}
{"@timestamp":"2025-08-09T15:05:53.9248283+05:30","@version":"1","message":"initializing Kafka metrics collector","logger_name":"org.apache.kafka.common.telemetry.internals.KafkaMetricsCollector","thread_name":"kafka-admin-client-thread | moviebooking-backend-admin-0","level":"INFO","level_value":20000}
{"@timestamp":"2025-08-09T15:05:53.9248283+05:30","@version":"1","message":"[Producer clientId=producer-115] Instantiated an idempotent producer.","logger_name":"org.apache.kafka.clients.producer.KafkaProducer","thread_name":"kafka-admin-client-thread | moviebooking-backend-admin-0","level":"INFO","level_value":20000}
{"@timestamp":"2025-08-09T15:05:53.9258546+05:30","@version":"1","message":"[Producer clientId=producer-115] Closing the Kafka producer with timeoutMillis = 0 ms.","logger_name":"org.apache.kafka.clients.producer.KafkaProducer","thread_name":"kafka-admin-client-thread | moviebooking-backend-admin-0","level":"INFO","level_value":20000}
{"@timestamp":"2025-08-09T15:05:53.9258546+05:30","@version":"1","message":"Metrics scheduler closed","logger_name":"org.apache.kafka.common.metrics.Metrics","thread_name":"kafka-admin-client-thread | moviebooking-backend-admin-0","level":"INFO","level_value":20000}
{"@timestamp":"2025-08-09T15:05:53.9258546+05:30","@version":"1","message":"Closing reporter org.apache.kafka.common.metrics.JmxReporter","logger_name":"org.apache.kafka.common.metrics.Metrics","thread_name":"kafka-admin-client-thread | moviebooking-backend-admin-0","level":"INFO","level_value":20000}
{"@timestamp":"2025-08-09T15:05:53.9258546+05:30","@version":"1","message":"Closing reporter org.apache.kafka.common.telemetry.internals.ClientTelemetryReporter","logger_name":"org.apache.kafka.common.metrics.Metrics","thread_name":"kafka-admin-client-thread | moviebooking-backend-admin-0","level":"INFO","level_value":20000}
{"@timestamp":"2025-08-09T15:05:53.9258546+05:30","@version":"1","message":"Metrics reporters closed","logger_name":"org.apache.kafka.common.metrics.Metrics","thread_name":"kafka-admin-client-thread | moviebooking-backend-admin-0","level":"INFO","level_value":20000}
{"@timestamp":"2025-08-09T15:05:53.9258546+05:30","@version":"1","message":"App info kafka.producer for producer-115 unregistered","logger_name":"org.apache.kafka.common.utils.AppInfoParser","thread_name":"kafka-admin-client-thread | moviebooking-backend-admin-0","level":"INFO","level_value":20000}
{"@timestamp":"2025-08-09T15:05:53.9258546+05:30","@version":"1","message":"Closing reporter org.apache.kafka.common.metrics.JmxReporter","logger_name":"org.apache.kafka.common.metrics.Metrics","thread_name":"kafka-admin-client-thread | moviebooking-backend-admin-0","level":"INFO","level_value":20000}
{"@timestamp":"2025-08-09T15:05:53.9268991+05:30","@version":"1","message":"ProducerConfig values: \r\n\tacks = -1\r\n\tauto.include.jmx.reporter = true\r\n\tbatch.size = 16384\r\n\tbootstrap.servers = [spring.kafka.bootstrap-servers_IS_UNDEFINED]\r\n\tbuffer.memory = 33554432\r\n\tclient.dns.lookup = use_all_dns_ips\r\n\tclient.id = producer-116\r\n\tcompression.type = none\r\n\tconnections.max.idle.ms = 540000\r\n\tdelivery.timeout.ms = 120000\r\n\tenable.idempotence = true\r\n\tenable.metrics.push = true\r\n\tinterceptor.classes = []\r\n\tkey.serializer = class org.apache.kafka.common.serialization.ByteArraySerializer\r\n\tlinger.ms = 0\r\n\tmax.block.ms = 60000\r\n\tmax.in.flight.requests.per.connection = 5\r\n\tmax.request.size = 1048576\r\n\tmetadata.max.age.ms = 300000\r\n\tmetadata.max.idle.ms = 300000\r\n\tmetric.reporters = []\r\n\tmetrics.num.samples = 2\r\n\tmetrics.recording.level = INFO\r\n\tmetrics.sample.window.ms = 30000\r\n\tpartitioner.adaptive.partitioning.enable = true\r\n\tpartitioner.availability.timeout.ms = 0\r\n\tpartitioner.class = null\r\n\tpartitioner.ignore.keys = false\r\n\treceive.buffer.bytes = 32768\r\n\treconnect.backoff.max.ms = 1000\r\n\treconnect.backoff.ms = 50\r\n\trequest.timeout.ms = 30000\r\n\tretries = 2147483647\r\n\tretry.backoff.max.ms = 1000\r\n\tretry.backoff.ms = 100\r\n\tsasl.client.callback.handler.class = null\r\n\tsasl.jaas.config = null\r\n\tsasl.kerberos.kinit.cmd = /usr/bin/kinit\r\n\tsasl.kerberos.min.time.before.relogin = 60000\r\n\tsasl.kerberos.service.name = null\r\n\tsasl.kerberos.ticket.renew.jitter = 0.05\r\n\tsasl.kerberos.ticket.renew.window.factor = 0.8\r\n\tsasl.login.callback.handler.class = null\r\n\tsasl.login.class = null\r\n\tsasl.login.connect.timeout.ms = null\r\n\tsasl.login.read.timeout.ms = null\r\n\tsasl.login.refresh.buffer.seconds = 300\r\n\tsasl.login.refresh.min.period.seconds = 60\r\n\tsasl.login.refresh.window.factor = 0.8\r\n\tsasl.login.refresh.window.jitter = 0.05\r\n\tsasl.login.retry.backoff.max.ms = 10000\r\n\tsasl.login.retry.backoff.ms = 100\r\n\tsasl.mechanism = GSSAPI\r\n\tsasl.oauthbearer.clock.skew.seconds = 30\r\n\tsasl.oauthbearer.expected.audience = null\r\n\tsasl.oauthbearer.expected.issuer = null\r\n\tsasl.oauthbearer.jwks.endpoint.refresh.ms = 3600000\r\n\tsasl.oauthbearer.jwks.endpoint.retry.backoff.max.ms = 10000\r\n\tsasl.oauthbearer.jwks.endpoint.retry.backoff.ms = 100\r\n\tsasl.oauthbearer.jwks.endpoint.url = null\r\n\tsasl.oauthbearer.scope.claim.name = scope\r\n\tsasl.oauthbearer.sub.claim.name = sub\r\n\tsasl.oauthbearer.token.endpoint.url = null\r\n\tsecurity.protocol = PLAINTEXT\r\n\tsecurity.providers = null\r\n\tsend.buffer.bytes = 131072\r\n\tsocket.connection.setup.timeout.max.ms = 30000\r\n\tsocket.connection.setup.timeout.ms = 10000\r\n\tssl.cipher.suites = null\r\n\tssl.enabled.protocols = [TLSv1.2, TLSv1.3]\r\n\tssl.endpoint.identification.algorithm = https\r\n\tssl.engine.factory.class = null\r\n\tssl.key.password = null\r\n\tssl.keymanager.algorithm = SunX509\r\n\tssl.keystore.certificate.chain = null\r\n\tssl.keystore.key = null\r\n\tssl.keystore.location = null\r\n\tssl.keystore.password = null\r\n\tssl.keystore.type = JKS\r\n\tssl.protocol = TLSv1.3\r\n\tssl.provider = null\r\n\tssl.secure.random.implementation = null\r\n\tssl.trustmanager.algorithm = PKIX\r\n\tssl.truststore.certificates = null\r\n\tssl.truststore.location = null\r\n\tssl.truststore.password = null\r\n\tssl.truststore.type = JKS\r\n\ttransaction.timeout.ms = 60000\r\n\ttransactional.id = null\r\n\tvalue.serializer = class org.apache.kafka.common.serialization.ByteArraySerializer\r\n","logger_name":"org.apache.kafka.clients.producer.ProducerConfig","thread_name":"kafka-admin-client-thread | moviebooking-backend-admin-0","level":"INFO","level_value":20000}
{"@timestamp":"2025-08-09T15:05:53.9278464+05:30","@version":"1","message":"initializing Kafka metrics collector","logger_name":"org.apache.kafka.common.telemetry.internals.KafkaMetricsCollector","thread_name":"kafka-admin-client-thread | moviebooking-backend-admin-0","level":"INFO","level_value":20000}
{"@timestamp":"2025-08-09T15:05:53.9278464+05:30","@version":"1","message":"[Producer clientId=producer-116] Instantiated an idempotent producer.","logger_name":"org.apache.kafka.clients.producer.KafkaProducer","thread_name":"kafka-admin-client-thread | moviebooking-backend-admin-0","level":"INFO","level_value":20000}
{"@timestamp":"2025-08-09T15:05:53.9288814+05:30","@version":"1","message":"[Producer clientId=producer-116] Closing the Kafka producer with timeoutMillis = 0 ms.","logger_name":"org.apache.kafka.clients.producer.KafkaProducer","thread_name":"kafka-admin-client-thread | moviebooking-backend-admin-0","level":"INFO","level_value":20000}
{"@timestamp":"2025-08-09T15:05:53.9288814+05:30","@version":"1","message":"Metrics scheduler closed","logger_name":"org.apache.kafka.common.metrics.Metrics","thread_name":"kafka-admin-client-thread | moviebooking-backend-admin-0","level":"INFO","level_value":20000}
{"@timestamp":"2025-08-09T15:05:53.9288814+05:30","@version":"1","message":"Closing reporter org.apache.kafka.common.metrics.JmxReporter","logger_name":"org.apache.kafka.common.metrics.Metrics","thread_name":"kafka-admin-client-thread | moviebooking-backend-admin-0","level":"INFO","level_value":20000}
{"@timestamp":"2025-08-09T15:05:53.9288814+05:30","@version":"1","message":"Closing reporter org.apache.kafka.common.telemetry.internals.ClientTelemetryReporter","logger_name":"org.apache.kafka.common.metrics.Metrics","thread_name":"kafka-admin-client-thread | moviebooking-backend-admin-0","level":"INFO","level_value":20000}
{"@timestamp":"2025-08-09T15:05:53.9288814+05:30","@version":"1","message":"Metrics reporters closed","logger_name":"org.apache.kafka.common.metrics.Metrics","thread_name":"kafka-admin-client-thread | moviebooking-backend-admin-0","level":"INFO","level_value":20000}
{"@timestamp":"2025-08-09T15:05:53.9288814+05:30","@version":"1","message":"App info kafka.producer for producer-116 unregistered","logger_name":"org.apache.kafka.common.utils.AppInfoParser","thread_name":"kafka-admin-client-thread | moviebooking-backend-admin-0","level":"INFO","level_value":20000}
{"@timestamp":"2025-08-09T15:05:53.9299004+05:30","@version":"1","message":"Metrics reporters closed","logger_name":"org.apache.kafka.common.metrics.Metrics","thread_name":"kafka-admin-client-thread | moviebooking-backend-admin-0","level":"INFO","level_value":20000}
{"@timestamp":"2025-08-09T15:05:53.9299004+05:30","@version":"1","message":"ProducerConfig values: \r\n\tacks = -1\r\n\tauto.include.jmx.reporter = true\r\n\tbatch.size = 16384\r\n\tbootstrap.servers = [spring.kafka.bootstrap-servers_IS_UNDEFINED]\r\n\tbuffer.memory = 33554432\r\n\tclient.dns.lookup = use_all_dns_ips\r\n\tclient.id = producer-117\r\n\tcompression.type = none\r\n\tconnections.max.idle.ms = 540000\r\n\tdelivery.timeout.ms = 120000\r\n\tenable.idempotence = true\r\n\tenable.metrics.push = true\r\n\tinterceptor.classes = []\r\n\tkey.serializer = class org.apache.kafka.common.serialization.ByteArraySerializer\r\n\tlinger.ms = 0\r\n\tmax.block.ms = 60000\r\n\tmax.in.flight.requests.per.connection = 5\r\n\tmax.request.size = 1048576\r\n\tmetadata.max.age.ms = 300000\r\n\tmetadata.max.idle.ms = 300000\r\n\tmetric.reporters = []\r\n\tmetrics.num.samples = 2\r\n\tmetrics.recording.level = INFO\r\n\tmetrics.sample.window.ms = 30000\r\n\tpartitioner.adaptive.partitioning.enable = true\r\n\tpartitioner.availability.timeout.ms = 0\r\n\tpartitioner.class = null\r\n\tpartitioner.ignore.keys = false\r\n\treceive.buffer.bytes = 32768\r\n\treconnect.backoff.max.ms = 1000\r\n\treconnect.backoff.ms = 50\r\n\trequest.timeout.ms = 30000\r\n\tretries = 2147483647\r\n\tretry.backoff.max.ms = 1000\r\n\tretry.backoff.ms = 100\r\n\tsasl.client.callback.handler.class = null\r\n\tsasl.jaas.config = null\r\n\tsasl.kerberos.kinit.cmd = /usr/bin/kinit\r\n\tsasl.kerberos.min.time.before.relogin = 60000\r\n\tsasl.kerberos.service.name = null\r\n\tsasl.kerberos.ticket.renew.jitter = 0.05\r\n\tsasl.kerberos.ticket.renew.window.factor = 0.8\r\n\tsasl.login.callback.handler.class = null\r\n\tsasl.login.class = null\r\n\tsasl.login.connect.timeout.ms = null\r\n\tsasl.login.read.timeout.ms = null\r\n\tsasl.login.refresh.buffer.seconds = 300\r\n\tsasl.login.refresh.min.period.seconds = 60\r\n\tsasl.login.refresh.window.factor = 0.8\r\n\tsasl.login.refresh.window.jitter = 0.05\r\n\tsasl.login.retry.backoff.max.ms = 10000\r\n\tsasl.login.retry.backoff.ms = 100\r\n\tsasl.mechanism = GSSAPI\r\n\tsasl.oauthbearer.clock.skew.seconds = 30\r\n\tsasl.oauthbearer.expected.audience = null\r\n\tsasl.oauthbearer.expected.issuer = null\r\n\tsasl.oauthbearer.jwks.endpoint.refresh.ms = 3600000\r\n\tsasl.oauthbearer.jwks.endpoint.retry.backoff.max.ms = 10000\r\n\tsasl.oauthbearer.jwks.endpoint.retry.backoff.ms = 100\r\n\tsasl.oauthbearer.jwks.endpoint.url = null\r\n\tsasl.oauthbearer.scope.claim.name = scope\r\n\tsasl.oauthbearer.sub.claim.name = sub\r\n\tsasl.oauthbearer.token.endpoint.url = null\r\n\tsecurity.protocol = PLAINTEXT\r\n\tsecurity.providers = null\r\n\tsend.buffer.bytes = 131072\r\n\tsocket.connection.setup.timeout.max.ms = 30000\r\n\tsocket.connection.setup.timeout.ms = 10000\r\n\tssl.cipher.suites = null\r\n\tssl.enabled.protocols = [TLSv1.2, TLSv1.3]\r\n\tssl.endpoint.identification.algorithm = https\r\n\tssl.engine.factory.class = null\r\n\tssl.key.password = null\r\n\tssl.keymanager.algorithm = SunX509\r\n\tssl.keystore.certificate.chain = null\r\n\tssl.keystore.key = null\r\n\tssl.keystore.location = null\r\n\tssl.keystore.password = null\r\n\tssl.keystore.type = JKS\r\n\tssl.protocol = TLSv1.3\r\n\tssl.provider = null\r\n\tssl.secure.random.implementation = null\r\n\tssl.trustmanager.algorithm = PKIX\r\n\tssl.truststore.certificates = null\r\n\tssl.truststore.location = null\r\n\tssl.truststore.password = null\r\n\tssl.truststore.type = JKS\r\n\ttransaction.timeout.ms = 60000\r\n\ttransactional.id = null\r\n\tvalue.serializer = class org.apache.kafka.common.serialization.ByteArraySerializer\r\n","logger_name":"org.apache.kafka.clients.producer.ProducerConfig","thread_name":"kafka-admin-client-thread | moviebooking-backend-admin-0","level":"INFO","level_value":20000}
{"@timestamp":"2025-08-09T15:05:53.9309319+05:30","@version":"1","message":"initializing Kafka metrics collector","logger_name":"org.apache.kafka.common.telemetry.internals.KafkaMetricsCollector","thread_name":"kafka-admin-client-thread | moviebooking-backend-admin-0","level":"INFO","level_value":20000}
{"@timestamp":"2025-08-09T15:05:53.9309319+05:30","@version":"1","message":"[Producer clientId=producer-117] Instantiated an idempotent producer.","logger_name":"org.apache.kafka.clients.producer.KafkaProducer","thread_name":"kafka-admin-client-thread | moviebooking-backend-admin-0","level":"INFO","level_value":20000}
{"@timestamp":"2025-08-09T15:05:53.9309319+05:30","@version":"1","message":"[Producer clientId=producer-117] Closing the Kafka producer with timeoutMillis = 0 ms.","logger_name":"org.apache.kafka.clients.producer.KafkaProducer","thread_name":"kafka-admin-client-thread | moviebooking-backend-admin-0","level":"INFO","level_value":20000}
{"@timestamp":"2025-08-09T15:05:53.9309319+05:30","@version":"1","message":"Metrics scheduler closed","logger_name":"org.apache.kafka.common.metrics.Metrics","thread_name":"kafka-admin-client-thread | moviebooking-backend-admin-0","level":"INFO","level_value":20000}
{"@timestamp":"2025-08-09T15:05:53.9309319+05:30","@version":"1","message":"Closing reporter org.apache.kafka.common.metrics.JmxReporter","logger_name":"org.apache.kafka.common.metrics.Metrics","thread_name":"kafka-admin-client-thread | moviebooking-backend-admin-0","level":"INFO","level_value":20000}
{"@timestamp":"2025-08-09T15:05:53.9309319+05:30","@version":"1","message":"Closing reporter org.apache.kafka.common.telemetry.internals.ClientTelemetryReporter","logger_name":"org.apache.kafka.common.metrics.Metrics","thread_name":"kafka-admin-client-thread | moviebooking-backend-admin-0","level":"INFO","level_value":20000}
{"@timestamp":"2025-08-09T15:05:53.9309319+05:30","@version":"1","message":"Metrics reporters closed","logger_name":"org.apache.kafka.common.metrics.Metrics","thread_name":"kafka-admin-client-thread | moviebooking-backend-admin-0","level":"INFO","level_value":20000}
{"@timestamp":"2025-08-09T15:05:53.9319785+05:30","@version":"1","message":"App info kafka.producer for producer-117 unregistered","logger_name":"org.apache.kafka.common.utils.AppInfoParser","thread_name":"kafka-admin-client-thread | moviebooking-backend-admin-0","level":"INFO","level_value":20000}
{"@timestamp":"2025-08-09T15:05:53.9885512+05:30","@version":"1","message":"ConsumerConfig values: \r\n\tallow.auto.create.topics = true\r\n\tauto.commit.interval.ms = 5000\r\n\tauto.include.jmx.reporter = true\r\n\tauto.offset.reset = latest\r\n\tbootstrap.servers = [localhost:9092]\r\n\tcheck.crcs = true\r\n\tclient.dns.lookup = use_all_dns_ips\r\n\tclient.id = consumer-moviebooking-admin-1\r\n\tclient.rack = \r\n\tconnections.max.idle.ms = 540000\r\n\tdefault.api.timeout.ms = 60000\r\n\tenable.auto.commit = false\r\n\tenable.metrics.push = true\r\n\texclude.internal.topics = true\r\n\tfetch.max.bytes = 52428800\r\n\tfetch.max.wait.ms = 500\r\n\tfetch.min.bytes = 1\r\n\tgroup.id = moviebooking-admin\r\n\tgroup.instance.id = null\r\n\tgroup.protocol = classic\r\n\tgroup.remote.assignor = null\r\n\theartbeat.interval.ms = 3000\r\n\tinterceptor.classes = []\r\n\tinternal.leave.group.on.close = true\r\n\tinternal.throw.on.fetch.stable.offset.unsupported = false\r\n\tisolation.level = read_uncommitted\r\n\tkey.deserializer = class org.apache.kafka.common.serialization.StringDeserializer\r\n\tmax.partition.fetch.bytes = 1048576\r\n\tmax.poll.interval.ms = 300000\r\n\tmax.poll.records = 500\r\n\tmetadata.max.age.ms = 300000\r\n\tmetric.reporters = []\r\n\tmetrics.num.samples = 2\r\n\tmetrics.recording.level = INFO\r\n\tmetrics.sample.window.ms = 30000\r\n\tpartition.assignment.strategy = [class org.apache.kafka.clients.consumer.RangeAssignor, class org.apache.kafka.clients.consumer.CooperativeStickyAssignor]\r\n\treceive.buffer.bytes = 65536\r\n\treconnect.backoff.max.ms = 1000\r\n\treconnect.backoff.ms = 50\r\n\trequest.timeout.ms = 30000\r\n\tretry.backoff.max.ms = 1000\r\n\tretry.backoff.ms = 100\r\n\tsasl.client.callback.handler.class = null\r\n\tsasl.jaas.config = null\r\n\tsasl.kerberos.kinit.cmd = /usr/bin/kinit\r\n\tsasl.kerberos.min.time.before.relogin = 60000\r\n\tsasl.kerberos.service.name = null\r\n\tsasl.kerberos.ticket.renew.jitter = 0.05\r\n\tsasl.kerberos.ticket.renew.window.factor = 0.8\r\n\tsasl.login.callback.handler.class = null\r\n\tsasl.login.class = null\r\n\tsasl.login.connect.timeout.ms = null\r\n\tsasl.login.read.timeout.ms = null\r\n\tsasl.login.refresh.buffer.seconds = 300\r\n\tsasl.login.refresh.min.period.seconds = 60\r\n\tsasl.login.refresh.window.factor = 0.8\r\n\tsasl.login.refresh.window.jitter = 0.05\r\n\tsasl.login.retry.backoff.max.ms = 10000\r\n\tsasl.login.retry.backoff.ms = 100\r\n\tsasl.mechanism = GSSAPI\r\n\tsasl.oauthbearer.clock.skew.seconds = 30\r\n\tsasl.oauthbearer.expected.audience = null\r\n\tsasl.oauthbearer.expected.issuer = null\r\n\tsasl.oauthbearer.jwks.endpoint.refresh.ms = 3600000\r\n\tsasl.oauthbearer.jwks.endpoint.retry.backoff.max.ms = 10000\r\n\tsasl.oauthbearer.jwks.endpoint.retry.backoff.ms = 100\r\n\tsasl.oauthbearer.jwks.endpoint.url = null\r\n\tsasl.oauthbearer.scope.claim.name = scope\r\n\tsasl.oauthbearer.sub.claim.name = sub\r\n\tsasl.oauthbearer.token.endpoint.url = null\r\n\tsecurity.protocol = PLAINTEXT\r\n\tsecurity.providers = null\r\n\tsend.buffer.bytes = 131072\r\n\tsession.timeout.ms = 45000\r\n\tsocket.connection.setup.timeout.max.ms = 30000\r\n\tsocket.connection.setup.timeout.ms = 10000\r\n\tssl.cipher.suites = null\r\n\tssl.enabled.protocols = [TLSv1.2, TLSv1.3]\r\n\tssl.endpoint.identification.algorithm = https\r\n\tssl.engine.factory.class = null\r\n\tssl.key.password = null\r\n\tssl.keymanager.algorithm = SunX509\r\n\tssl.keystore.certificate.chain = null\r\n\tssl.keystore.key = null\r\n\tssl.keystore.location = null\r\n\tssl.keystore.password = null\r\n\tssl.keystore.type = JKS\r\n\tssl.protocol = TLSv1.3\r\n\tssl.provider = null\r\n\tssl.secure.random.implementation = null\r\n\tssl.trustmanager.algorithm = PKIX\r\n\tssl.truststore.certificates = null\r\n\tssl.truststore.location = null\r\n\tssl.truststore.password = null\r\n\tssl.truststore.type = JKS\r\n\tvalue.deserializer = class org.apache.kafka.common.serialization.StringDeserializer\r\n","logger_name":"org.apache.kafka.clients.consumer.ConsumerConfig","thread_name":"main","level":"INFO","level_value":20000}
{"@timestamp":"2025-08-09T15:05:54.0165672+05:30","@version":"1","message":"initializing Kafka metrics collector","logger_name":"org.apache.kafka.common.telemetry.internals.KafkaMetricsCollector","thread_name":"main","level":"INFO","level_value":20000}
{"@timestamp":"2025-08-09T15:05:54.0165672+05:30","@version":"1","message":"ProducerConfig values: \r\n\tacks = -1\r\n\tauto.include.jmx.reporter = true\r\n\tbatch.size = 16384\r\n\tbootstrap.servers = [spring.kafka.bootstrap-servers_IS_UNDEFINED]\r\n\tbuffer.memory = 33554432\r\n\tclient.dns.lookup = use_all_dns_ips\r\n\tclient.id = producer-118\r\n\tcompression.type = none\r\n\tconnections.max.idle.ms = 540000\r\n\tdelivery.timeout.ms = 120000\r\n\tenable.idempotence = true\r\n\tenable.metrics.push = true\r\n\tinterceptor.classes = []\r\n\tkey.serializer = class org.apache.kafka.common.serialization.ByteArraySerializer\r\n\tlinger.ms = 0\r\n\tmax.block.ms = 60000\r\n\tmax.in.flight.requests.per.connection = 5\r\n\tmax.request.size = 1048576\r\n\tmetadata.max.age.ms = 300000\r\n\tmetadata.max.idle.ms = 300000\r\n\tmetric.reporters = []\r\n\tmetrics.num.samples = 2\r\n\tmetrics.recording.level = INFO\r\n\tmetrics.sample.window.ms = 30000\r\n\tpartitioner.adaptive.partitioning.enable = true\r\n\tpartitioner.availability.timeout.ms = 0\r\n\tpartitioner.class = null\r\n\tpartitioner.ignore.keys = false\r\n\treceive.buffer.bytes = 32768\r\n\treconnect.backoff.max.ms = 1000\r\n\treconnect.backoff.ms = 50\r\n\trequest.timeout.ms = 30000\r\n\tretries = 2147483647\r\n\tretry.backoff.max.ms = 1000\r\n\tretry.backoff.ms = 100\r\n\tsasl.client.callback.handler.class = null\r\n\tsasl.jaas.config = null\r\n\tsasl.kerberos.kinit.cmd = /usr/bin/kinit\r\n\tsasl.kerberos.min.time.before.relogin = 60000\r\n\tsasl.kerberos.service.name = null\r\n\tsasl.kerberos.ticket.renew.jitter = 0.05\r\n\tsasl.kerberos.ticket.renew.window.factor = 0.8\r\n\tsasl.login.callback.handler.class = null\r\n\tsasl.login.class = null\r\n\tsasl.login.connect.timeout.ms = null\r\n\tsasl.login.read.timeout.ms = null\r\n\tsasl.login.refresh.buffer.seconds = 300\r\n\tsasl.login.refresh.min.period.seconds = 60\r\n\tsasl.login.refresh.window.factor = 0.8\r\n\tsasl.login.refresh.window.jitter = 0.05\r\n\tsasl.login.retry.backoff.max.ms = 10000\r\n\tsasl.login.retry.backoff.ms = 100\r\n\tsasl.mechanism = GSSAPI\r\n\tsasl.oauthbearer.clock.skew.seconds = 30\r\n\tsasl.oauthbearer.expected.audience = null\r\n\tsasl.oauthbearer.expected.issuer = null\r\n\tsasl.oauthbearer.jwks.endpoint.refresh.ms = 3600000\r\n\tsasl.oauthbearer.jwks.endpoint.retry.backoff.max.ms = 10000\r\n\tsasl.oauthbearer.jwks.endpoint.retry.backoff.ms = 100\r\n\tsasl.oauthbearer.jwks.endpoint.url = null\r\n\tsasl.oauthbearer.scope.claim.name = scope\r\n\tsasl.oauthbearer.sub.claim.name = sub\r\n\tsasl.oauthbearer.token.endpoint.url = null\r\n\tsecurity.protocol = PLAINTEXT\r\n\tsecurity.providers = null\r\n\tsend.buffer.bytes = 131072\r\n\tsocket.connection.setup.timeout.max.ms = 30000\r\n\tsocket.connection.setup.timeout.ms = 10000\r\n\tssl.cipher.suites = null\r\n\tssl.enabled.protocols = [TLSv1.2, TLSv1.3]\r\n\tssl.endpoint.identification.algorithm = https\r\n\tssl.engine.factory.class = null\r\n\tssl.key.password = null\r\n\tssl.keymanager.algorithm = SunX509\r\n\tssl.keystore.certificate.chain = null\r\n\tssl.keystore.key = null\r\n\tssl.keystore.location = null\r\n\tssl.keystore.password = null\r\n\tssl.keystore.type = JKS\r\n\tssl.protocol = TLSv1.3\r\n\tssl.provider = null\r\n\tssl.secure.random.implementation = null\r\n\tssl.trustmanager.algorithm = PKIX\r\n\tssl.truststore.certificates = null\r\n\tssl.truststore.location = null\r\n\tssl.truststore.password = null\r\n\tssl.truststore.type = JKS\r\n\ttransaction.timeout.ms = 60000\r\n\ttransactional.id = null\r\n\tvalue.serializer = class org.apache.kafka.common.serialization.ByteArraySerializer\r\n","logger_name":"org.apache.kafka.clients.producer.ProducerConfig","thread_name":"main","level":"INFO","level_value":20000}
{"@timestamp":"2025-08-09T15:05:54.0175648+05:30","@version":"1","message":"initializing Kafka metrics collector","logger_name":"org.apache.kafka.common.telemetry.internals.KafkaMetricsCollector","thread_name":"main","level":"INFO","level_value":20000}
{"@timestamp":"2025-08-09T15:05:54.0175648+05:30","@version":"1","message":"[Producer clientId=producer-118] Instantiated an idempotent producer.","logger_name":"org.apache.kafka.clients.producer.KafkaProducer","thread_name":"main","level":"INFO","level_value":20000}
{"@timestamp":"2025-08-09T15:05:54.0200599+05:30","@version":"1","message":"[Producer clientId=producer-118] Closing the Kafka producer with timeoutMillis = 0 ms.","logger_name":"org.apache.kafka.clients.producer.KafkaProducer","thread_name":"main","level":"INFO","level_value":20000}
{"@timestamp":"2025-08-09T15:05:54.0209013+05:30","@version":"1","message":"Metrics scheduler closed","logger_name":"org.apache.kafka.common.metrics.Metrics","thread_name":"main","level":"INFO","level_value":20000}
{"@timestamp":"2025-08-09T15:05:54.0210061+05:30","@version":"1","message":"Closing reporter org.apache.kafka.common.metrics.JmxReporter","logger_name":"org.apache.kafka.common.metrics.Metrics","thread_name":"main","level":"INFO","level_value":20000}
{"@timestamp":"2025-08-09T15:05:54.0210061+05:30","@version":"1","message":"Closing reporter org.apache.kafka.common.telemetry.internals.ClientTelemetryReporter","logger_name":"org.apache.kafka.common.metrics.Metrics","thread_name":"main","level":"INFO","level_value":20000}
{"@timestamp":"2025-08-09T15:05:54.0210061+05:30","@version":"1","message":"Metrics reporters closed","logger_name":"org.apache.kafka.common.metrics.Metrics","thread_name":"main","level":"INFO","level_value":20000}
{"@timestamp":"2025-08-09T15:05:54.0215191+05:30","@version":"1","message":"App info kafka.producer for producer-118 unregistered","logger_name":"org.apache.kafka.common.utils.AppInfoParser","thread_name":"main","level":"INFO","level_value":20000}
{"@timestamp":"2025-08-09T15:05:54.0223141+05:30","@version":"1","message":"ProducerConfig values: \r\n\tacks = -1\r\n\tauto.include.jmx.reporter = true\r\n\tbatch.size = 16384\r\n\tbootstrap.servers = [spring.kafka.bootstrap-servers_IS_UNDEFINED]\r\n\tbuffer.memory = 33554432\r\n\tclient.dns.lookup = use_all_dns_ips\r\n\tclient.id = producer-119\r\n\tcompression.type = none\r\n\tconnections.max.idle.ms = 540000\r\n\tdelivery.timeout.ms = 120000\r\n\tenable.idempotence = true\r\n\tenable.metrics.push = true\r\n\tinterceptor.classes = []\r\n\tkey.serializer = class org.apache.kafka.common.serialization.ByteArraySerializer\r\n\tlinger.ms = 0\r\n\tmax.block.ms = 60000\r\n\tmax.in.flight.requests.per.connection = 5\r\n\tmax.request.size = 1048576\r\n\tmetadata.max.age.ms = 300000\r\n\tmetadata.max.idle.ms = 300000\r\n\tmetric.reporters = []\r\n\tmetrics.num.samples = 2\r\n\tmetrics.recording.level = INFO\r\n\tmetrics.sample.window.ms = 30000\r\n\tpartitioner.adaptive.partitioning.enable = true\r\n\tpartitioner.availability.timeout.ms = 0\r\n\tpartitioner.class = null\r\n\tpartitioner.ignore.keys = false\r\n\treceive.buffer.bytes = 32768\r\n\treconnect.backoff.max.ms = 1000\r\n\treconnect.backoff.ms = 50\r\n\trequest.timeout.ms = 30000\r\n\tretries = 2147483647\r\n\tretry.backoff.max.ms = 1000\r\n\tretry.backoff.ms = 100\r\n\tsasl.client.callback.handler.class = null\r\n\tsasl.jaas.config = null\r\n\tsasl.kerberos.kinit.cmd = /usr/bin/kinit\r\n\tsasl.kerberos.min.time.before.relogin = 60000\r\n\tsasl.kerberos.service.name = null\r\n\tsasl.kerberos.ticket.renew.jitter = 0.05\r\n\tsasl.kerberos.ticket.renew.window.factor = 0.8\r\n\tsasl.login.callback.handler.class = null\r\n\tsasl.login.class = null\r\n\tsasl.login.connect.timeout.ms = null\r\n\tsasl.login.read.timeout.ms = null\r\n\tsasl.login.refresh.buffer.seconds = 300\r\n\tsasl.login.refresh.min.period.seconds = 60\r\n\tsasl.login.refresh.window.factor = 0.8\r\n\tsasl.login.refresh.window.jitter = 0.05\r\n\tsasl.login.retry.backoff.max.ms = 10000\r\n\tsasl.login.retry.backoff.ms = 100\r\n\tsasl.mechanism = GSSAPI\r\n\tsasl.oauthbearer.clock.skew.seconds = 30\r\n\tsasl.oauthbearer.expected.audience = null\r\n\tsasl.oauthbearer.expected.issuer = null\r\n\tsasl.oauthbearer.jwks.endpoint.refresh.ms = 3600000\r\n\tsasl.oauthbearer.jwks.endpoint.retry.backoff.max.ms = 10000\r\n\tsasl.oauthbearer.jwks.endpoint.retry.backoff.ms = 100\r\n\tsasl.oauthbearer.jwks.endpoint.url = null\r\n\tsasl.oauthbearer.scope.claim.name = scope\r\n\tsasl.oauthbearer.sub.claim.name = sub\r\n\tsasl.oauthbearer.token.endpoint.url = null\r\n\tsecurity.protocol = PLAINTEXT\r\n\tsecurity.providers = null\r\n\tsend.buffer.bytes = 131072\r\n\tsocket.connection.setup.timeout.max.ms = 30000\r\n\tsocket.connection.setup.timeout.ms = 10000\r\n\tssl.cipher.suites = null\r\n\tssl.enabled.protocols = [TLSv1.2, TLSv1.3]\r\n\tssl.endpoint.identification.algorithm = https\r\n\tssl.engine.factory.class = null\r\n\tssl.key.password = null\r\n\tssl.keymanager.algorithm = SunX509\r\n\tssl.keystore.certificate.chain = null\r\n\tssl.keystore.key = null\r\n\tssl.keystore.location = null\r\n\tssl.keystore.password = null\r\n\tssl.keystore.type = JKS\r\n\tssl.protocol = TLSv1.3\r\n\tssl.provider = null\r\n\tssl.secure.random.implementation = null\r\n\tssl.trustmanager.algorithm = PKIX\r\n\tssl.truststore.certificates = null\r\n\tssl.truststore.location = null\r\n\tssl.truststore.password = null\r\n\tssl.truststore.type = JKS\r\n\ttransaction.timeout.ms = 60000\r\n\ttransactional.id = null\r\n\tvalue.serializer = class org.apache.kafka.common.serialization.ByteArraySerializer\r\n","logger_name":"org.apache.kafka.clients.producer.ProducerConfig","thread_name":"main","level":"INFO","level_value":20000}
{"@timestamp":"2025-08-09T15:05:54.0229177+05:30","@version":"1","message":"initializing Kafka metrics collector","logger_name":"org.apache.kafka.common.telemetry.internals.KafkaMetricsCollector","thread_name":"main","level":"INFO","level_value":20000}
{"@timestamp":"2025-08-09T15:05:54.0234972+05:30","@version":"1","message":"[Producer clientId=producer-119] Instantiated an idempotent producer.","logger_name":"org.apache.kafka.clients.producer.KafkaProducer","thread_name":"main","level":"INFO","level_value":20000}
{"@timestamp":"2025-08-09T15:05:54.0246072+05:30","@version":"1","message":"[Producer clientId=producer-119] Closing the Kafka producer with timeoutMillis = 0 ms.","logger_name":"org.apache.kafka.clients.producer.KafkaProducer","thread_name":"main","level":"INFO","level_value":20000}
{"@timestamp":"2025-08-09T15:05:54.0246928+05:30","@version":"1","message":"Metrics scheduler closed","logger_name":"org.apache.kafka.common.metrics.Metrics","thread_name":"main","level":"INFO","level_value":20000}
{"@timestamp":"2025-08-09T15:05:54.0246928+05:30","@version":"1","message":"Closing reporter org.apache.kafka.common.metrics.JmxReporter","logger_name":"org.apache.kafka.common.metrics.Metrics","thread_name":"main","level":"INFO","level_value":20000}
{"@timestamp":"2025-08-09T15:05:54.0252044+05:30","@version":"1","message":"Closing reporter org.apache.kafka.common.telemetry.internals.ClientTelemetryReporter","logger_name":"org.apache.kafka.common.metrics.Metrics","thread_name":"main","level":"INFO","level_value":20000}
{"@timestamp":"2025-08-09T15:05:54.0252044+05:30","@version":"1","message":"Metrics reporters closed","logger_name":"org.apache.kafka.common.metrics.Metrics","thread_name":"main","level":"INFO","level_value":20000}
{"@timestamp":"2025-08-09T15:05:54.0252044+05:30","@version":"1","message":"App info kafka.producer for producer-119 unregistered","logger_name":"org.apache.kafka.common.utils.AppInfoParser","thread_name":"main","level":"INFO","level_value":20000}
{"@timestamp":"2025-08-09T15:05:54.1725277+05:30","@version":"1","message":"Kafka version: 3.7.1","logger_name":"org.apache.kafka.common.utils.AppInfoParser","thread_name":"main","level":"INFO","level_value":20000}
{"@timestamp":"2025-08-09T15:05:54.1735208+05:30","@version":"1","message":"ProducerConfig values: \r\n\tacks = -1\r\n\tauto.include.jmx.reporter = true\r\n\tbatch.size = 16384\r\n\tbootstrap.servers = [spring.kafka.bootstrap-servers_IS_UNDEFINED]\r\n\tbuffer.memory = 33554432\r\n\tclient.dns.lookup = use_all_dns_ips\r\n\tclient.id = producer-120\r\n\tcompression.type = none\r\n\tconnections.max.idle.ms = 540000\r\n\tdelivery.timeout.ms = 120000\r\n\tenable.idempotence = true\r\n\tenable.metrics.push = true\r\n\tinterceptor.classes = []\r\n\tkey.serializer = class org.apache.kafka.common.serialization.ByteArraySerializer\r\n\tlinger.ms = 0\r\n\tmax.block.ms = 60000\r\n\tmax.in.flight.requests.per.connection = 5\r\n\tmax.request.size = 1048576\r\n\tmetadata.max.age.ms = 300000\r\n\tmetadata.max.idle.ms = 300000\r\n\tmetric.reporters = []\r\n\tmetrics.num.samples = 2\r\n\tmetrics.recording.level = INFO\r\n\tmetrics.sample.window.ms = 30000\r\n\tpartitioner.adaptive.partitioning.enable = true\r\n\tpartitioner.availability.timeout.ms = 0\r\n\tpartitioner.class = null\r\n\tpartitioner.ignore.keys = false\r\n\treceive.buffer.bytes = 32768\r\n\treconnect.backoff.max.ms = 1000\r\n\treconnect.backoff.ms = 50\r\n\trequest.timeout.ms = 30000\r\n\tretries = 2147483647\r\n\tretry.backoff.max.ms = 1000\r\n\tretry.backoff.ms = 100\r\n\tsasl.client.callback.handler.class = null\r\n\tsasl.jaas.config = null\r\n\tsasl.kerberos.kinit.cmd = /usr/bin/kinit\r\n\tsasl.kerberos.min.time.before.relogin = 60000\r\n\tsasl.kerberos.service.name = null\r\n\tsasl.kerberos.ticket.renew.jitter = 0.05\r\n\tsasl.kerberos.ticket.renew.window.factor = 0.8\r\n\tsasl.login.callback.handler.class = null\r\n\tsasl.login.class = null\r\n\tsasl.login.connect.timeout.ms = null\r\n\tsasl.login.read.timeout.ms = null\r\n\tsasl.login.refresh.buffer.seconds = 300\r\n\tsasl.login.refresh.min.period.seconds = 60\r\n\tsasl.login.refresh.window.factor = 0.8\r\n\tsasl.login.refresh.window.jitter = 0.05\r\n\tsasl.login.retry.backoff.max.ms = 10000\r\n\tsasl.login.retry.backoff.ms = 100\r\n\tsasl.mechanism = GSSAPI\r\n\tsasl.oauthbearer.clock.skew.seconds = 30\r\n\tsasl.oauthbearer.expected.audience = null\r\n\tsasl.oauthbearer.expected.issuer = null\r\n\tsasl.oauthbearer.jwks.endpoint.refresh.ms = 3600000\r\n\tsasl.oauthbearer.jwks.endpoint.retry.backoff.max.ms = 10000\r\n\tsasl.oauthbearer.jwks.endpoint.retry.backoff.ms = 100\r\n\tsasl.oauthbearer.jwks.endpoint.url = null\r\n\tsasl.oauthbearer.scope.claim.name = scope\r\n\tsasl.oauthbearer.sub.claim.name = sub\r\n\tsasl.oauthbearer.token.endpoint.url = null\r\n\tsecurity.protocol = PLAINTEXT\r\n\tsecurity.providers = null\r\n\tsend.buffer.bytes = 131072\r\n\tsocket.connection.setup.timeout.max.ms = 30000\r\n\tsocket.connection.setup.timeout.ms = 10000\r\n\tssl.cipher.suites = null\r\n\tssl.enabled.protocols = [TLSv1.2, TLSv1.3]\r\n\tssl.endpoint.identification.algorithm = https\r\n\tssl.engine.factory.class = null\r\n\tssl.key.password = null\r\n\tssl.keymanager.algorithm = SunX509\r\n\tssl.keystore.certificate.chain = null\r\n\tssl.keystore.key = null\r\n\tssl.keystore.location = null\r\n\tssl.keystore.password = null\r\n\tssl.keystore.type = JKS\r\n\tssl.protocol = TLSv1.3\r\n\tssl.provider = null\r\n\tssl.secure.random.implementation = null\r\n\tssl.trustmanager.algorithm = PKIX\r\n\tssl.truststore.certificates = null\r\n\tssl.truststore.location = null\r\n\tssl.truststore.password = null\r\n\tssl.truststore.type = JKS\r\n\ttransaction.timeout.ms = 60000\r\n\ttransactional.id = null\r\n\tvalue.serializer = class org.apache.kafka.common.serialization.ByteArraySerializer\r\n","logger_name":"org.apache.kafka.clients.producer.ProducerConfig","thread_name":"main","level":"INFO","level_value":20000}
{"@timestamp":"2025-08-09T15:05:54.1735208+05:30","@version":"1","message":"initializing Kafka metrics collector","logger_name":"org.apache.kafka.common.telemetry.internals.KafkaMetricsCollector","thread_name":"main","level":"INFO","level_value":20000}
{"@timestamp":"2025-08-09T15:05:54.1745186+05:30","@version":"1","message":"[Producer clientId=producer-120] Instantiated an idempotent producer.","logger_name":"org.apache.kafka.clients.producer.KafkaProducer","thread_name":"main","level":"INFO","level_value":20000}
{"@timestamp":"2025-08-09T15:05:54.1755221+05:30","@version":"1","message":"[Producer clientId=producer-120] Closing the Kafka producer with timeoutMillis = 0 ms.","logger_name":"org.apache.kafka.clients.producer.KafkaProducer","thread_name":"main","level":"INFO","level_value":20000}
{"@timestamp":"2025-08-09T15:05:54.1755221+05:30","@version":"1","message":"Metrics scheduler closed","logger_name":"org.apache.kafka.common.metrics.Metrics","thread_name":"main","level":"INFO","level_value":20000}
{"@timestamp":"2025-08-09T15:05:54.1755221+05:30","@version":"1","message":"Closing reporter org.apache.kafka.common.metrics.JmxReporter","logger_name":"org.apache.kafka.common.metrics.Metrics","thread_name":"main","level":"INFO","level_value":20000}
{"@timestamp":"2025-08-09T15:05:54.1765236+05:30","@version":"1","message":"Closing reporter org.apache.kafka.common.telemetry.internals.ClientTelemetryReporter","logger_name":"org.apache.kafka.common.metrics.Metrics","thread_name":"main","level":"INFO","level_value":20000}
{"@timestamp":"2025-08-09T15:05:54.1765236+05:30","@version":"1","message":"Metrics reporters closed","logger_name":"org.apache.kafka.common.metrics.Metrics","thread_name":"main","level":"INFO","level_value":20000}
{"@timestamp":"2025-08-09T15:05:54.1765236+05:30","@version":"1","message":"App info kafka.producer for producer-120 unregistered","logger_name":"org.apache.kafka.common.utils.AppInfoParser","thread_name":"main","level":"INFO","level_value":20000}
{"@timestamp":"2025-08-09T15:05:54.1765236+05:30","@version":"1","message":"Kafka commitId: e2494e6ffb89f828","logger_name":"org.apache.kafka.common.utils.AppInfoParser","thread_name":"main","level":"INFO","level_value":20000}
{"@timestamp":"2025-08-09T15:05:54.1775189+05:30","@version":"1","message":"ProducerConfig values: \r\n\tacks = -1\r\n\tauto.include.jmx.reporter = true\r\n\tbatch.size = 16384\r\n\tbootstrap.servers = [spring.kafka.bootstrap-servers_IS_UNDEFINED]\r\n\tbuffer.memory = 33554432\r\n\tclient.dns.lookup = use_all_dns_ips\r\n\tclient.id = producer-121\r\n\tcompression.type = none\r\n\tconnections.max.idle.ms = 540000\r\n\tdelivery.timeout.ms = 120000\r\n\tenable.idempotence = true\r\n\tenable.metrics.push = true\r\n\tinterceptor.classes = []\r\n\tkey.serializer = class org.apache.kafka.common.serialization.ByteArraySerializer\r\n\tlinger.ms = 0\r\n\tmax.block.ms = 60000\r\n\tmax.in.flight.requests.per.connection = 5\r\n\tmax.request.size = 1048576\r\n\tmetadata.max.age.ms = 300000\r\n\tmetadata.max.idle.ms = 300000\r\n\tmetric.reporters = []\r\n\tmetrics.num.samples = 2\r\n\tmetrics.recording.level = INFO\r\n\tmetrics.sample.window.ms = 30000\r\n\tpartitioner.adaptive.partitioning.enable = true\r\n\tpartitioner.availability.timeout.ms = 0\r\n\tpartitioner.class = null\r\n\tpartitioner.ignore.keys = false\r\n\treceive.buffer.bytes = 32768\r\n\treconnect.backoff.max.ms = 1000\r\n\treconnect.backoff.ms = 50\r\n\trequest.timeout.ms = 30000\r\n\tretries = 2147483647\r\n\tretry.backoff.max.ms = 1000\r\n\tretry.backoff.ms = 100\r\n\tsasl.client.callback.handler.class = null\r\n\tsasl.jaas.config = null\r\n\tsasl.kerberos.kinit.cmd = /usr/bin/kinit\r\n\tsasl.kerberos.min.time.before.relogin = 60000\r\n\tsasl.kerberos.service.name = null\r\n\tsasl.kerberos.ticket.renew.jitter = 0.05\r\n\tsasl.kerberos.ticket.renew.window.factor = 0.8\r\n\tsasl.login.callback.handler.class = null\r\n\tsasl.login.class = null\r\n\tsasl.login.connect.timeout.ms = null\r\n\tsasl.login.read.timeout.ms = null\r\n\tsasl.login.refresh.buffer.seconds = 300\r\n\tsasl.login.refresh.min.period.seconds = 60\r\n\tsasl.login.refresh.window.factor = 0.8\r\n\tsasl.login.refresh.window.jitter = 0.05\r\n\tsasl.login.retry.backoff.max.ms = 10000\r\n\tsasl.login.retry.backoff.ms = 100\r\n\tsasl.mechanism = GSSAPI\r\n\tsasl.oauthbearer.clock.skew.seconds = 30\r\n\tsasl.oauthbearer.expected.audience = null\r\n\tsasl.oauthbearer.expected.issuer = null\r\n\tsasl.oauthbearer.jwks.endpoint.refresh.ms = 3600000\r\n\tsasl.oauthbearer.jwks.endpoint.retry.backoff.max.ms = 10000\r\n\tsasl.oauthbearer.jwks.endpoint.retry.backoff.ms = 100\r\n\tsasl.oauthbearer.jwks.endpoint.url = null\r\n\tsasl.oauthbearer.scope.claim.name = scope\r\n\tsasl.oauthbearer.sub.claim.name = sub\r\n\tsasl.oauthbearer.token.endpoint.url = null\r\n\tsecurity.protocol = PLAINTEXT\r\n\tsecurity.providers = null\r\n\tsend.buffer.bytes = 131072\r\n\tsocket.connection.setup.timeout.max.ms = 30000\r\n\tsocket.connection.setup.timeout.ms = 10000\r\n\tssl.cipher.suites = null\r\n\tssl.enabled.protocols = [TLSv1.2, TLSv1.3]\r\n\tssl.endpoint.identification.algorithm = https\r\n\tssl.engine.factory.class = null\r\n\tssl.key.password = null\r\n\tssl.keymanager.algorithm = SunX509\r\n\tssl.keystore.certificate.chain = null\r\n\tssl.keystore.key = null\r\n\tssl.keystore.location = null\r\n\tssl.keystore.password = null\r\n\tssl.keystore.type = JKS\r\n\tssl.protocol = TLSv1.3\r\n\tssl.provider = null\r\n\tssl.secure.random.implementation = null\r\n\tssl.trustmanager.algorithm = PKIX\r\n\tssl.truststore.certificates = null\r\n\tssl.truststore.location = null\r\n\tssl.truststore.password = null\r\n\tssl.truststore.type = JKS\r\n\ttransaction.timeout.ms = 60000\r\n\ttransactional.id = null\r\n\tvalue.serializer = class org.apache.kafka.common.serialization.ByteArraySerializer\r\n","logger_name":"org.apache.kafka.clients.producer.ProducerConfig","thread_name":"main","level":"INFO","level_value":20000}
{"@timestamp":"2025-08-09T15:05:54.1785275+05:30","@version":"1","message":"initializing Kafka metrics collector","logger_name":"org.apache.kafka.common.telemetry.internals.KafkaMetricsCollector","thread_name":"main","level":"INFO","level_value":20000}
{"@timestamp":"2025-08-09T15:05:54.1785275+05:30","@version":"1","message":"[Producer clientId=producer-121] Instantiated an idempotent producer.","logger_name":"org.apache.kafka.clients.producer.KafkaProducer","thread_name":"main","level":"INFO","level_value":20000}
{"@timestamp":"2025-08-09T15:05:54.1795251+05:30","@version":"1","message":"[Producer clientId=producer-121] Closing the Kafka producer with timeoutMillis = 0 ms.","logger_name":"org.apache.kafka.clients.producer.KafkaProducer","thread_name":"main","level":"INFO","level_value":20000}
{"@timestamp":"2025-08-09T15:05:54.1795251+05:30","@version":"1","message":"Metrics scheduler closed","logger_name":"org.apache.kafka.common.metrics.Metrics","thread_name":"main","level":"INFO","level_value":20000}
{"@timestamp":"2025-08-09T15:05:54.1805232+05:30","@version":"1","message":"Closing reporter org.apache.kafka.common.metrics.JmxReporter","logger_name":"org.apache.kafka.common.metrics.Metrics","thread_name":"main","level":"INFO","level_value":20000}
{"@timestamp":"2025-08-09T15:05:54.1805232+05:30","@version":"1","message":"Closing reporter org.apache.kafka.common.telemetry.internals.ClientTelemetryReporter","logger_name":"org.apache.kafka.common.metrics.Metrics","thread_name":"main","level":"INFO","level_value":20000}
{"@timestamp":"2025-08-09T15:05:54.1805232+05:30","@version":"1","message":"Metrics reporters closed","logger_name":"org.apache.kafka.common.metrics.Metrics","thread_name":"main","level":"INFO","level_value":20000}
{"@timestamp":"2025-08-09T15:05:54.1805232+05:30","@version":"1","message":"App info kafka.producer for producer-121 unregistered","logger_name":"org.apache.kafka.common.utils.AppInfoParser","thread_name":"main","level":"INFO","level_value":20000}
{"@timestamp":"2025-08-09T15:05:54.1805232+05:30","@version":"1","message":"Kafka startTimeMs: 1754732154171","logger_name":"org.apache.kafka.common.utils.AppInfoParser","thread_name":"main","level":"INFO","level_value":20000}
{"@timestamp":"2025-08-09T15:05:54.1815179+05:30","@version":"1","message":"ProducerConfig values: \r\n\tacks = -1\r\n\tauto.include.jmx.reporter = true\r\n\tbatch.size = 16384\r\n\tbootstrap.servers = [spring.kafka.bootstrap-servers_IS_UNDEFINED]\r\n\tbuffer.memory = 33554432\r\n\tclient.dns.lookup = use_all_dns_ips\r\n\tclient.id = producer-122\r\n\tcompression.type = none\r\n\tconnections.max.idle.ms = 540000\r\n\tdelivery.timeout.ms = 120000\r\n\tenable.idempotence = true\r\n\tenable.metrics.push = true\r\n\tinterceptor.classes = []\r\n\tkey.serializer = class org.apache.kafka.common.serialization.ByteArraySerializer\r\n\tlinger.ms = 0\r\n\tmax.block.ms = 60000\r\n\tmax.in.flight.requests.per.connection = 5\r\n\tmax.request.size = 1048576\r\n\tmetadata.max.age.ms = 300000\r\n\tmetadata.max.idle.ms = 300000\r\n\tmetric.reporters = []\r\n\tmetrics.num.samples = 2\r\n\tmetrics.recording.level = INFO\r\n\tmetrics.sample.window.ms = 30000\r\n\tpartitioner.adaptive.partitioning.enable = true\r\n\tpartitioner.availability.timeout.ms = 0\r\n\tpartitioner.class = null\r\n\tpartitioner.ignore.keys = false\r\n\treceive.buffer.bytes = 32768\r\n\treconnect.backoff.max.ms = 1000\r\n\treconnect.backoff.ms = 50\r\n\trequest.timeout.ms = 30000\r\n\tretries = 2147483647\r\n\tretry.backoff.max.ms = 1000\r\n\tretry.backoff.ms = 100\r\n\tsasl.client.callback.handler.class = null\r\n\tsasl.jaas.config = null\r\n\tsasl.kerberos.kinit.cmd = /usr/bin/kinit\r\n\tsasl.kerberos.min.time.before.relogin = 60000\r\n\tsasl.kerberos.service.name = null\r\n\tsasl.kerberos.ticket.renew.jitter = 0.05\r\n\tsasl.kerberos.ticket.renew.window.factor = 0.8\r\n\tsasl.login.callback.handler.class = null\r\n\tsasl.login.class = null\r\n\tsasl.login.connect.timeout.ms = null\r\n\tsasl.login.read.timeout.ms = null\r\n\tsasl.login.refresh.buffer.seconds = 300\r\n\tsasl.login.refresh.min.period.seconds = 60\r\n\tsasl.login.refresh.window.factor = 0.8\r\n\tsasl.login.refresh.window.jitter = 0.05\r\n\tsasl.login.retry.backoff.max.ms = 10000\r\n\tsasl.login.retry.backoff.ms = 100\r\n\tsasl.mechanism = GSSAPI\r\n\tsasl.oauthbearer.clock.skew.seconds = 30\r\n\tsasl.oauthbearer.expected.audience = null\r\n\tsasl.oauthbearer.expected.issuer = null\r\n\tsasl.oauthbearer.jwks.endpoint.refresh.ms = 3600000\r\n\tsasl.oauthbearer.jwks.endpoint.retry.backoff.max.ms = 10000\r\n\tsasl.oauthbearer.jwks.endpoint.retry.backoff.ms = 100\r\n\tsasl.oauthbearer.jwks.endpoint.url = null\r\n\tsasl.oauthbearer.scope.claim.name = scope\r\n\tsasl.oauthbearer.sub.claim.name = sub\r\n\tsasl.oauthbearer.token.endpoint.url = null\r\n\tsecurity.protocol = PLAINTEXT\r\n\tsecurity.providers = null\r\n\tsend.buffer.bytes = 131072\r\n\tsocket.connection.setup.timeout.max.ms = 30000\r\n\tsocket.connection.setup.timeout.ms = 10000\r\n\tssl.cipher.suites = null\r\n\tssl.enabled.protocols = [TLSv1.2, TLSv1.3]\r\n\tssl.endpoint.identification.algorithm = https\r\n\tssl.engine.factory.class = null\r\n\tssl.key.password = null\r\n\tssl.keymanager.algorithm = SunX509\r\n\tssl.keystore.certificate.chain = null\r\n\tssl.keystore.key = null\r\n\tssl.keystore.location = null\r\n\tssl.keystore.password = null\r\n\tssl.keystore.type = JKS\r\n\tssl.protocol = TLSv1.3\r\n\tssl.provider = null\r\n\tssl.secure.random.implementation = null\r\n\tssl.trustmanager.algorithm = PKIX\r\n\tssl.truststore.certificates = null\r\n\tssl.truststore.location = null\r\n\tssl.truststore.password = null\r\n\tssl.truststore.type = JKS\r\n\ttransaction.timeout.ms = 60000\r\n\ttransactional.id = null\r\n\tvalue.serializer = class org.apache.kafka.common.serialization.ByteArraySerializer\r\n","logger_name":"org.apache.kafka.clients.producer.ProducerConfig","thread_name":"main","level":"INFO","level_value":20000}
{"@timestamp":"2025-08-09T15:05:54.1815179+05:30","@version":"1","message":"initializing Kafka metrics collector","logger_name":"org.apache.kafka.common.telemetry.internals.KafkaMetricsCollector","thread_name":"main","level":"INFO","level_value":20000}
{"@timestamp":"2025-08-09T15:05:54.1825204+05:30","@version":"1","message":"[Producer clientId=producer-122] Instantiated an idempotent producer.","logger_name":"org.apache.kafka.clients.producer.KafkaProducer","thread_name":"main","level":"INFO","level_value":20000}
{"@timestamp":"2025-08-09T15:05:54.1835285+05:30","@version":"1","message":"[Producer clientId=producer-122] Closing the Kafka producer with timeoutMillis = 0 ms.","logger_name":"org.apache.kafka.clients.producer.KafkaProducer","thread_name":"main","level":"INFO","level_value":20000}
{"@timestamp":"2025-08-09T15:05:54.1835285+05:30","@version":"1","message":"Metrics scheduler closed","logger_name":"org.apache.kafka.common.metrics.Metrics","thread_name":"main","level":"INFO","level_value":20000}
{"@timestamp":"2025-08-09T15:05:54.1835285+05:30","@version":"1","message":"Closing reporter org.apache.kafka.common.metrics.JmxReporter","logger_name":"org.apache.kafka.common.metrics.Metrics","thread_name":"main","level":"INFO","level_value":20000}
{"@timestamp":"2025-08-09T15:05:54.1835285+05:30","@version":"1","message":"Closing reporter org.apache.kafka.common.telemetry.internals.ClientTelemetryReporter","logger_name":"org.apache.kafka.common.metrics.Metrics","thread_name":"main","level":"INFO","level_value":20000}
{"@timestamp":"2025-08-09T15:05:54.1835285+05:30","@version":"1","message":"Metrics reporters closed","logger_name":"org.apache.kafka.common.metrics.Metrics","thread_name":"main","level":"INFO","level_value":20000}
{"@timestamp":"2025-08-09T15:05:54.1835285+05:30","@version":"1","message":"App info kafka.producer for producer-122 unregistered","logger_name":"org.apache.kafka.common.utils.AppInfoParser","thread_name":"main","level":"INFO","level_value":20000}
{"@timestamp":"2025-08-09T15:05:54.2251579+05:30","@version":"1","message":"[Consumer clientId=consumer-moviebooking-admin-1, groupId=moviebooking-admin] Subscribed to topic(s): moviebooking.tickets","logger_name":"org.apache.kafka.clients.consumer.internals.LegacyKafkaConsumer","thread_name":"main","level":"INFO","level_value":20000}
{"@timestamp":"2025-08-09T15:05:54.302022+05:30","@version":"1","message":"Started SmokeTest in 69.875 seconds (process running for 78.493)","logger_name":"com.moviebookingapp.SmokeTest","thread_name":"main","level":"INFO","level_value":20000}
{"@timestamp":"2025-08-09T15:05:54.3030243+05:30","@version":"1","message":"ProducerConfig values: \r\n\tacks = -1\r\n\tauto.include.jmx.reporter = true\r\n\tbatch.size = 16384\r\n\tbootstrap.servers = [spring.kafka.bootstrap-servers_IS_UNDEFINED]\r\n\tbuffer.memory = 33554432\r\n\tclient.dns.lookup = use_all_dns_ips\r\n\tclient.id = producer-123\r\n\tcompression.type = none\r\n\tconnections.max.idle.ms = 540000\r\n\tdelivery.timeout.ms = 120000\r\n\tenable.idempotence = true\r\n\tenable.metrics.push = true\r\n\tinterceptor.classes = []\r\n\tkey.serializer = class org.apache.kafka.common.serialization.ByteArraySerializer\r\n\tlinger.ms = 0\r\n\tmax.block.ms = 60000\r\n\tmax.in.flight.requests.per.connection = 5\r\n\tmax.request.size = 1048576\r\n\tmetadata.max.age.ms = 300000\r\n\tmetadata.max.idle.ms = 300000\r\n\tmetric.reporters = []\r\n\tmetrics.num.samples = 2\r\n\tmetrics.recording.level = INFO\r\n\tmetrics.sample.window.ms = 30000\r\n\tpartitioner.adaptive.partitioning.enable = true\r\n\tpartitioner.availability.timeout.ms = 0\r\n\tpartitioner.class = null\r\n\tpartitioner.ignore.keys = false\r\n\treceive.buffer.bytes = 32768\r\n\treconnect.backoff.max.ms = 1000\r\n\treconnect.backoff.ms = 50\r\n\trequest.timeout.ms = 30000\r\n\tretries = 2147483647\r\n\tretry.backoff.max.ms = 1000\r\n\tretry.backoff.ms = 100\r\n\tsasl.client.callback.handler.class = null\r\n\tsasl.jaas.config = null\r\n\tsasl.kerberos.kinit.cmd = /usr/bin/kinit\r\n\tsasl.kerberos.min.time.before.relogin = 60000\r\n\tsasl.kerberos.service.name = null\r\n\tsasl.kerberos.ticket.renew.jitter = 0.05\r\n\tsasl.kerberos.ticket.renew.window.factor = 0.8\r\n\tsasl.login.callback.handler.class = null\r\n\tsasl.login.class = null\r\n\tsasl.login.connect.timeout.ms = null\r\n\tsasl.login.read.timeout.ms = null\r\n\tsasl.login.refresh.buffer.seconds = 300\r\n\tsasl.login.refresh.min.period.seconds = 60\r\n\tsasl.login.refresh.window.factor = 0.8\r\n\tsasl.login.refresh.window.jitter = 0.05\r\n\tsasl.login.retry.backoff.max.ms = 10000\r\n\tsasl.login.retry.backoff.ms = 100\r\n\tsasl.mechanism = GSSAPI\r\n\tsasl.oauthbearer.clock.skew.seconds = 30\r\n\tsasl.oauthbearer.expected.audience = null\r\n\tsasl.oauthbearer.expected.issuer = null\r\n\tsasl.oauthbearer.jwks.endpoint.refresh.ms = 3600000\r\n\tsasl.oauthbearer.jwks.endpoint.retry.backoff.max.ms = 10000\r\n\tsasl.oauthbearer.jwks.endpoint.retry.backoff.ms = 100\r\n\tsasl.oauthbearer.jwks.endpoint.url = null\r\n\tsasl.oauthbearer.scope.claim.name = scope\r\n\tsasl.oauthbearer.sub.claim.name = sub\r\n\tsasl.oauthbearer.token.endpoint.url = null\r\n\tsecurity.protocol = PLAINTEXT\r\n\tsecurity.providers = null\r\n\tsend.buffer.bytes = 131072\r\n\tsocket.connection.setup.timeout.max.ms = 30000\r\n\tsocket.connection.setup.timeout.ms = 10000\r\n\tssl.cipher.suites = null\r\n\tssl.enabled.protocols = [TLSv1.2, TLSv1.3]\r\n\tssl.endpoint.identification.algorithm = https\r\n\tssl.engine.factory.class = null\r\n\tssl.key.password = null\r\n\tssl.keymanager.algorithm = SunX509\r\n\tssl.keystore.certificate.chain = null\r\n\tssl.keystore.key = null\r\n\tssl.keystore.location = null\r\n\tssl.keystore.password = null\r\n\tssl.keystore.type = JKS\r\n\tssl.protocol = TLSv1.3\r\n\tssl.provider = null\r\n\tssl.secure.random.implementation = null\r\n\tssl.trustmanager.algorithm = PKIX\r\n\tssl.truststore.certificates = null\r\n\tssl.truststore.location = null\r\n\tssl.truststore.password = null\r\n\tssl.truststore.type = JKS\r\n\ttransaction.timeout.ms = 60000\r\n\ttransactional.id = null\r\n\tvalue.serializer = class org.apache.kafka.common.serialization.ByteArraySerializer\r\n","logger_name":"org.apache.kafka.clients.producer.ProducerConfig","thread_name":"main","level":"INFO","level_value":20000}
{"@timestamp":"2025-08-09T15:05:54.3050641+05:30","@version":"1","message":"initializing Kafka metrics collector","logger_name":"org.apache.kafka.common.telemetry.internals.KafkaMetricsCollector","thread_name":"main","level":"INFO","level_value":20000}
{"@timestamp":"2025-08-09T15:05:54.306033+05:30","@version":"1","message":"[Producer clientId=producer-123] Instantiated an idempotent producer.","logger_name":"org.apache.kafka.clients.producer.KafkaProducer","thread_name":"main","level":"INFO","level_value":20000}
{"@timestamp":"2025-08-09T15:05:54.3080291+05:30","@version":"1","message":"[Producer clientId=producer-123] Closing the Kafka producer with timeoutMillis = 0 ms.","logger_name":"org.apache.kafka.clients.producer.KafkaProducer","thread_name":"main","level":"INFO","level_value":20000}
{"@timestamp":"2025-08-09T15:05:54.3090203+05:30","@version":"1","message":"Metrics scheduler closed","logger_name":"org.apache.kafka.common.metrics.Metrics","thread_name":"main","level":"INFO","level_value":20000}
{"@timestamp":"2025-08-09T15:05:54.3090203+05:30","@version":"1","message":"Closing reporter org.apache.kafka.common.metrics.JmxReporter","logger_name":"org.apache.kafka.common.metrics.Metrics","thread_name":"main","level":"INFO","level_value":20000}
{"@timestamp":"2025-08-09T15:05:54.3090203+05:30","@version":"1","message":"Closing reporter org.apache.kafka.common.telemetry.internals.ClientTelemetryReporter","logger_name":"org.apache.kafka.common.metrics.Metrics","thread_name":"main","level":"INFO","level_value":20000}
{"@timestamp":"2025-08-09T15:05:54.3090203+05:30","@version":"1","message":"Metrics reporters closed","logger_name":"org.apache.kafka.common.metrics.Metrics","thread_name":"main","level":"INFO","level_value":20000}
{"@timestamp":"2025-08-09T15:05:54.3100262+05:30","@version":"1","message":"App info kafka.producer for producer-123 unregistered","logger_name":"org.apache.kafka.common.utils.AppInfoParser","thread_name":"main","level":"INFO","level_value":20000}
{"@timestamp":"2025-08-09T15:05:54.3110537+05:30","@version":"1","message":"ProducerConfig values: \r\n\tacks = -1\r\n\tauto.include.jmx.reporter = true\r\n\tbatch.size = 16384\r\n\tbootstrap.servers = [spring.kafka.bootstrap-servers_IS_UNDEFINED]\r\n\tbuffer.memory = 33554432\r\n\tclient.dns.lookup = use_all_dns_ips\r\n\tclient.id = producer-124\r\n\tcompression.type = none\r\n\tconnections.max.idle.ms = 540000\r\n\tdelivery.timeout.ms = 120000\r\n\tenable.idempotence = true\r\n\tenable.metrics.push = true\r\n\tinterceptor.classes = []\r\n\tkey.serializer = class org.apache.kafka.common.serialization.ByteArraySerializer\r\n\tlinger.ms = 0\r\n\tmax.block.ms = 60000\r\n\tmax.in.flight.requests.per.connection = 5\r\n\tmax.request.size = 1048576\r\n\tmetadata.max.age.ms = 300000\r\n\tmetadata.max.idle.ms = 300000\r\n\tmetric.reporters = []\r\n\tmetrics.num.samples = 2\r\n\tmetrics.recording.level = INFO\r\n\tmetrics.sample.window.ms = 30000\r\n\tpartitioner.adaptive.partitioning.enable = true\r\n\tpartitioner.availability.timeout.ms = 0\r\n\tpartitioner.class = null\r\n\tpartitioner.ignore.keys = false\r\n\treceive.buffer.bytes = 32768\r\n\treconnect.backoff.max.ms = 1000\r\n\treconnect.backoff.ms = 50\r\n\trequest.timeout.ms = 30000\r\n\tretries = 2147483647\r\n\tretry.backoff.max.ms = 1000\r\n\tretry.backoff.ms = 100\r\n\tsasl.client.callback.handler.class = null\r\n\tsasl.jaas.config = null\r\n\tsasl.kerberos.kinit.cmd = /usr/bin/kinit\r\n\tsasl.kerberos.min.time.before.relogin = 60000\r\n\tsasl.kerberos.service.name = null\r\n\tsasl.kerberos.ticket.renew.jitter = 0.05\r\n\tsasl.kerberos.ticket.renew.window.factor = 0.8\r\n\tsasl.login.callback.handler.class = null\r\n\tsasl.login.class = null\r\n\tsasl.login.connect.timeout.ms = null\r\n\tsasl.login.read.timeout.ms = null\r\n\tsasl.login.refresh.buffer.seconds = 300\r\n\tsasl.login.refresh.min.period.seconds = 60\r\n\tsasl.login.refresh.window.factor = 0.8\r\n\tsasl.login.refresh.window.jitter = 0.05\r\n\tsasl.login.retry.backoff.max.ms = 10000\r\n\tsasl.login.retry.backoff.ms = 100\r\n\tsasl.mechanism = GSSAPI\r\n\tsasl.oauthbearer.clock.skew.seconds = 30\r\n\tsasl.oauthbearer.expected.audience = null\r\n\tsasl.oauthbearer.expected.issuer = null\r\n\tsasl.oauthbearer.jwks.endpoint.refresh.ms = 3600000\r\n\tsasl.oauthbearer.jwks.endpoint.retry.backoff.max.ms = 10000\r\n\tsasl.oauthbearer.jwks.endpoint.retry.backoff.ms = 100\r\n\tsasl.oauthbearer.jwks.endpoint.url = null\r\n\tsasl.oauthbearer.scope.claim.name = scope\r\n\tsasl.oauthbearer.sub.claim.name = sub\r\n\tsasl.oauthbearer.token.endpoint.url = null\r\n\tsecurity.protocol = PLAINTEXT\r\n\tsecurity.providers = null\r\n\tsend.buffer.bytes = 131072\r\n\tsocket.connection.setup.timeout.max.ms = 30000\r\n\tsocket.connection.setup.timeout.ms = 10000\r\n\tssl.cipher.suites = null\r\n\tssl.enabled.protocols = [TLSv1.2, TLSv1.3]\r\n\tssl.endpoint.identification.algorithm = https\r\n\tssl.engine.factory.class = null\r\n\tssl.key.password = null\r\n\tssl.keymanager.algorithm = SunX509\r\n\tssl.keystore.certificate.chain = null\r\n\tssl.keystore.key = null\r\n\tssl.keystore.location = null\r\n\tssl.keystore.password = null\r\n\tssl.keystore.type = JKS\r\n\tssl.protocol = TLSv1.3\r\n\tssl.provider = null\r\n\tssl.secure.random.implementation = null\r\n\tssl.trustmanager.algorithm = PKIX\r\n\tssl.truststore.certificates = null\r\n\tssl.truststore.location = null\r\n\tssl.truststore.password = null\r\n\tssl.truststore.type = JKS\r\n\ttransaction.timeout.ms = 60000\r\n\ttransactional.id = null\r\n\tvalue.serializer = class org.apache.kafka.common.serialization.ByteArraySerializer\r\n","logger_name":"org.apache.kafka.clients.producer.ProducerConfig","thread_name":"main","level":"INFO","level_value":20000}
{"@timestamp":"2025-08-09T15:05:54.3110537+05:30","@version":"1","message":"initializing Kafka metrics collector","logger_name":"org.apache.kafka.common.telemetry.internals.KafkaMetricsCollector","thread_name":"main","level":"INFO","level_value":20000}
{"@timestamp":"2025-08-09T15:05:54.313054+05:30","@version":"1","message":"[Producer clientId=producer-124] Instantiated an idempotent producer.","logger_name":"org.apache.kafka.clients.producer.KafkaProducer","thread_name":"main","level":"INFO","level_value":20000}
{"@timestamp":"2025-08-09T15:05:54.3140561+05:30","@version":"1","message":"[Producer clientId=producer-124] Closing the Kafka producer with timeoutMillis = 0 ms.","logger_name":"org.apache.kafka.clients.producer.KafkaProducer","thread_name":"main","level":"INFO","level_value":20000}
{"@timestamp":"2025-08-09T15:05:54.3160514+05:30","@version":"1","message":"Metrics scheduler closed","logger_name":"org.apache.kafka.common.metrics.Metrics","thread_name":"main","level":"INFO","level_value":20000}
{"@timestamp":"2025-08-09T15:05:54.3160514+05:30","@version":"1","message":"Closing reporter org.apache.kafka.common.metrics.JmxReporter","logger_name":"org.apache.kafka.common.metrics.Metrics","thread_name":"main","level":"INFO","level_value":20000}
{"@timestamp":"2025-08-09T15:05:54.3160514+05:30","@version":"1","message":"Closing reporter org.apache.kafka.common.telemetry.internals.ClientTelemetryReporter","logger_name":"org.apache.kafka.common.metrics.Metrics","thread_name":"main","level":"INFO","level_value":20000}
{"@timestamp":"2025-08-09T15:05:54.3160514+05:30","@version":"1","message":"Metrics reporters closed","logger_name":"org.apache.kafka.common.metrics.Metrics","thread_name":"main","level":"INFO","level_value":20000}
{"@timestamp":"2025-08-09T15:05:54.3160514+05:30","@version":"1","message":"App info kafka.producer for producer-124 unregistered","logger_name":"org.apache.kafka.common.utils.AppInfoParser","thread_name":"main","level":"INFO","level_value":20000}
{"@timestamp":"2025-08-09T15:05:55.601554+05:30","@version":"1","message":"[Consumer clientId=consumer-moviebooking-admin-1, groupId=moviebooking-admin] Node -1 disconnected.","logger_name":"org.apache.kafka.clients.NetworkClient","thread_name":"org.springframework.kafka.KafkaListenerEndpointContainer#0-0-C-1","level":"INFO","level_value":20000}
{"@timestamp":"2025-08-09T15:05:55.601554+05:30","@version":"1","message":"[Consumer clientId=consumer-moviebooking-admin-1, groupId=moviebooking-admin] Connection to node -1 (localhost/127.0.0.1:9092) could not be established. Node may not be available.","logger_name":"org.apache.kafka.clients.NetworkClient","thread_name":"org.springframework.kafka.KafkaListenerEndpointContainer#0-0-C-1","level":"WARN","level_value":30000}
{"@timestamp":"2025-08-09T15:05:55.6025564+05:30","@version":"1","message":"ProducerConfig values: \r\n\tacks = -1\r\n\tauto.include.jmx.reporter = true\r\n\tbatch.size = 16384\r\n\tbootstrap.servers = [spring.kafka.bootstrap-servers_IS_UNDEFINED]\r\n\tbuffer.memory = 33554432\r\n\tclient.dns.lookup = use_all_dns_ips\r\n\tclient.id = producer-125\r\n\tcompression.type = none\r\n\tconnections.max.idle.ms = 540000\r\n\tdelivery.timeout.ms = 120000\r\n\tenable.idempotence = true\r\n\tenable.metrics.push = true\r\n\tinterceptor.classes = []\r\n\tkey.serializer = class org.apache.kafka.common.serialization.ByteArraySerializer\r\n\tlinger.ms = 0\r\n\tmax.block.ms = 60000\r\n\tmax.in.flight.requests.per.connection = 5\r\n\tmax.request.size = 1048576\r\n\tmetadata.max.age.ms = 300000\r\n\tmetadata.max.idle.ms = 300000\r\n\tmetric.reporters = []\r\n\tmetrics.num.samples = 2\r\n\tmetrics.recording.level = INFO\r\n\tmetrics.sample.window.ms = 30000\r\n\tpartitioner.adaptive.partitioning.enable = true\r\n\tpartitioner.availability.timeout.ms = 0\r\n\tpartitioner.class = null\r\n\tpartitioner.ignore.keys = false\r\n\treceive.buffer.bytes = 32768\r\n\treconnect.backoff.max.ms = 1000\r\n\treconnect.backoff.ms = 50\r\n\trequest.timeout.ms = 30000\r\n\tretries = 2147483647\r\n\tretry.backoff.max.ms = 1000\r\n\tretry.backoff.ms = 100\r\n\tsasl.client.callback.handler.class = null\r\n\tsasl.jaas.config = null\r\n\tsasl.kerberos.kinit.cmd = /usr/bin/kinit\r\n\tsasl.kerberos.min.time.before.relogin = 60000\r\n\tsasl.kerberos.service.name = null\r\n\tsasl.kerberos.ticket.renew.jitter = 0.05\r\n\tsasl.kerberos.ticket.renew.window.factor = 0.8\r\n\tsasl.login.callback.handler.class = null\r\n\tsasl.login.class = null\r\n\tsasl.login.connect.timeout.ms = null\r\n\tsasl.login.read.timeout.ms = null\r\n\tsasl.login.refresh.buffer.seconds = 300\r\n\tsasl.login.refresh.min.period.seconds = 60\r\n\tsasl.login.refresh.window.factor = 0.8\r\n\tsasl.login.refresh.window.jitter = 0.05\r\n\tsasl.login.retry.backoff.max.ms = 10000\r\n\tsasl.login.retry.backoff.ms = 100\r\n\tsasl.mechanism = GSSAPI\r\n\tsasl.oauthbearer.clock.skew.seconds = 30\r\n\tsasl.oauthbearer.expected.audience = null\r\n\tsasl.oauthbearer.expected.issuer = null\r\n\tsasl.oauthbearer.jwks.endpoint.refresh.ms = 3600000\r\n\tsasl.oauthbearer.jwks.endpoint.retry.backoff.max.ms = 10000\r\n\tsasl.oauthbearer.jwks.endpoint.retry.backoff.ms = 100\r\n\tsasl.oauthbearer.jwks.endpoint.url = null\r\n\tsasl.oauthbearer.scope.claim.name = scope\r\n\tsasl.oauthbearer.sub.claim.name = sub\r\n\tsasl.oauthbearer.token.endpoint.url = null\r\n\tsecurity.protocol = PLAINTEXT\r\n\tsecurity.providers = null\r\n\tsend.buffer.bytes = 131072\r\n\tsocket.connection.setup.timeout.max.ms = 30000\r\n\tsocket.connection.setup.timeout.ms = 10000\r\n\tssl.cipher.suites = null\r\n\tssl.enabled.protocols = [TLSv1.2, TLSv1.3]\r\n\tssl.endpoint.identification.algorithm = https\r\n\tssl.engine.factory.class = null\r\n\tssl.key.password = null\r\n\tssl.keymanager.algorithm = SunX509\r\n\tssl.keystore.certificate.chain = null\r\n\tssl.keystore.key = null\r\n\tssl.keystore.location = null\r\n\tssl.keystore.password = null\r\n\tssl.keystore.type = JKS\r\n\tssl.protocol = TLSv1.3\r\n\tssl.provider = null\r\n\tssl.secure.random.implementation = null\r\n\tssl.trustmanager.algorithm = PKIX\r\n\tssl.truststore.certificates = null\r\n\tssl.truststore.location = null\r\n\tssl.truststore.password = null\r\n\tssl.truststore.type = JKS\r\n\ttransaction.timeout.ms = 60000\r\n\ttransactional.id = null\r\n\tvalue.serializer = class org.apache.kafka.common.serialization.ByteArraySerializer\r\n","logger_name":"org.apache.kafka.clients.producer.ProducerConfig","thread_name":"org.springframework.kafka.KafkaListenerEndpointContainer#0-0-C-1","level":"INFO","level_value":20000}
{"@timestamp":"2025-08-09T15:05:55.6095558+05:30","@version":"1","message":"initializing Kafka metrics collector","logger_name":"org.apache.kafka.common.telemetry.internals.KafkaMetricsCollector","thread_name":"org.springframework.kafka.KafkaListenerEndpointContainer#0-0-C-1","level":"INFO","level_value":20000}
{"@timestamp":"2025-08-09T15:05:55.6115542+05:30","@version":"1","message":"[Producer clientId=producer-125] Instantiated an idempotent producer.","logger_name":"org.apache.kafka.clients.producer.KafkaProducer","thread_name":"org.springframework.kafka.KafkaListenerEndpointContainer#0-0-C-1","level":"INFO","level_value":20000}
{"@timestamp":"2025-08-09T15:05:55.6135738+05:30","@version":"1","message":"[Producer clientId=producer-125] Closing the Kafka producer with timeoutMillis = 0 ms.","logger_name":"org.apache.kafka.clients.producer.KafkaProducer","thread_name":"org.springframework.kafka.KafkaListenerEndpointContainer#0-0-C-1","level":"INFO","level_value":20000}
{"@timestamp":"2025-08-09T15:05:55.6155736+05:30","@version":"1","message":"Metrics scheduler closed","logger_name":"org.apache.kafka.common.metrics.Metrics","thread_name":"org.springframework.kafka.KafkaListenerEndpointContainer#0-0-C-1","level":"INFO","level_value":20000}
{"@timestamp":"2025-08-09T15:05:55.6155736+05:30","@version":"1","message":"Closing reporter org.apache.kafka.common.metrics.JmxReporter","logger_name":"org.apache.kafka.common.metrics.Metrics","thread_name":"org.springframework.kafka.KafkaListenerEndpointContainer#0-0-C-1","level":"INFO","level_value":20000}
{"@timestamp":"2025-08-09T15:05:55.6165751+05:30","@version":"1","message":"Closing reporter org.apache.kafka.common.telemetry.internals.ClientTelemetryReporter","logger_name":"org.apache.kafka.common.metrics.Metrics","thread_name":"org.springframework.kafka.KafkaListenerEndpointContainer#0-0-C-1","level":"INFO","level_value":20000}
{"@timestamp":"2025-08-09T15:05:55.6165751+05:30","@version":"1","message":"Metrics reporters closed","logger_name":"org.apache.kafka.common.metrics.Metrics","thread_name":"org.springframework.kafka.KafkaListenerEndpointContainer#0-0-C-1","level":"INFO","level_value":20000}
{"@timestamp":"2025-08-09T15:05:55.6165751+05:30","@version":"1","message":"App info kafka.producer for producer-125 unregistered","logger_name":"org.apache.kafka.common.utils.AppInfoParser","thread_name":"org.springframework.kafka.KafkaListenerEndpointContainer#0-0-C-1","level":"INFO","level_value":20000}
{"@timestamp":"2025-08-09T15:05:55.6165751+05:30","@version":"1","message":"[Consumer clientId=consumer-moviebooking-admin-1, groupId=moviebooking-admin] Bootstrap broker localhost:9092 (id: -1 rack: null) disconnected","logger_name":"org.apache.kafka.clients.NetworkClient","thread_name":"org.springframework.kafka.KafkaListenerEndpointContainer#0-0-C-1","level":"WARN","level_value":30000}
{"@timestamp":"2025-08-09T15:05:55.6175737+05:30","@version":"1","message":"ProducerConfig values: \r\n\tacks = -1\r\n\tauto.include.jmx.reporter = true\r\n\tbatch.size = 16384\r\n\tbootstrap.servers = [spring.kafka.bootstrap-servers_IS_UNDEFINED]\r\n\tbuffer.memory = 33554432\r\n\tclient.dns.lookup = use_all_dns_ips\r\n\tclient.id = producer-126\r\n\tcompression.type = none\r\n\tconnections.max.idle.ms = 540000\r\n\tdelivery.timeout.ms = 120000\r\n\tenable.idempotence = true\r\n\tenable.metrics.push = true\r\n\tinterceptor.classes = []\r\n\tkey.serializer = class org.apache.kafka.common.serialization.ByteArraySerializer\r\n\tlinger.ms = 0\r\n\tmax.block.ms = 60000\r\n\tmax.in.flight.requests.per.connection = 5\r\n\tmax.request.size = 1048576\r\n\tmetadata.max.age.ms = 300000\r\n\tmetadata.max.idle.ms = 300000\r\n\tmetric.reporters = []\r\n\tmetrics.num.samples = 2\r\n\tmetrics.recording.level = INFO\r\n\tmetrics.sample.window.ms = 30000\r\n\tpartitioner.adaptive.partitioning.enable = true\r\n\tpartitioner.availability.timeout.ms = 0\r\n\tpartitioner.class = null\r\n\tpartitioner.ignore.keys = false\r\n\treceive.buffer.bytes = 32768\r\n\treconnect.backoff.max.ms = 1000\r\n\treconnect.backoff.ms = 50\r\n\trequest.timeout.ms = 30000\r\n\tretries = 2147483647\r\n\tretry.backoff.max.ms = 1000\r\n\tretry.backoff.ms = 100\r\n\tsasl.client.callback.handler.class = null\r\n\tsasl.jaas.config = null\r\n\tsasl.kerberos.kinit.cmd = /usr/bin/kinit\r\n\tsasl.kerberos.min.time.before.relogin = 60000\r\n\tsasl.kerberos.service.name = null\r\n\tsasl.kerberos.ticket.renew.jitter = 0.05\r\n\tsasl.kerberos.ticket.renew.window.factor = 0.8\r\n\tsasl.login.callback.handler.class = null\r\n\tsasl.login.class = null\r\n\tsasl.login.connect.timeout.ms = null\r\n\tsasl.login.read.timeout.ms = null\r\n\tsasl.login.refresh.buffer.seconds = 300\r\n\tsasl.login.refresh.min.period.seconds = 60\r\n\tsasl.login.refresh.window.factor = 0.8\r\n\tsasl.login.refresh.window.jitter = 0.05\r\n\tsasl.login.retry.backoff.max.ms = 10000\r\n\tsasl.login.retry.backoff.ms = 100\r\n\tsasl.mechanism = GSSAPI\r\n\tsasl.oauthbearer.clock.skew.seconds = 30\r\n\tsasl.oauthbearer.expected.audience = null\r\n\tsasl.oauthbearer.expected.issuer = null\r\n\tsasl.oauthbearer.jwks.endpoint.refresh.ms = 3600000\r\n\tsasl.oauthbearer.jwks.endpoint.retry.backoff.max.ms = 10000\r\n\tsasl.oauthbearer.jwks.endpoint.retry.backoff.ms = 100\r\n\tsasl.oauthbearer.jwks.endpoint.url = null\r\n\tsasl.oauthbearer.scope.claim.name = scope\r\n\tsasl.oauthbearer.sub.claim.name = sub\r\n\tsasl.oauthbearer.token.endpoint.url = null\r\n\tsecurity.protocol = PLAINTEXT\r\n\tsecurity.providers = null\r\n\tsend.buffer.bytes = 131072\r\n\tsocket.connection.setup.timeout.max.ms = 30000\r\n\tsocket.connection.setup.timeout.ms = 10000\r\n\tssl.cipher.suites = null\r\n\tssl.enabled.protocols = [TLSv1.2, TLSv1.3]\r\n\tssl.endpoint.identification.algorithm = https\r\n\tssl.engine.factory.class = null\r\n\tssl.key.password = null\r\n\tssl.keymanager.algorithm = SunX509\r\n\tssl.keystore.certificate.chain = null\r\n\tssl.keystore.key = null\r\n\tssl.keystore.location = null\r\n\tssl.keystore.password = null\r\n\tssl.keystore.type = JKS\r\n\tssl.protocol = TLSv1.3\r\n\tssl.provider = null\r\n\tssl.secure.random.implementation = null\r\n\tssl.trustmanager.algorithm = PKIX\r\n\tssl.truststore.certificates = null\r\n\tssl.truststore.location = null\r\n\tssl.truststore.password = null\r\n\tssl.truststore.type = JKS\r\n\ttransaction.timeout.ms = 60000\r\n\ttransactional.id = null\r\n\tvalue.serializer = class org.apache.kafka.common.serialization.ByteArraySerializer\r\n","logger_name":"org.apache.kafka.clients.producer.ProducerConfig","thread_name":"org.springframework.kafka.KafkaListenerEndpointContainer#0-0-C-1","level":"INFO","level_value":20000}
{"@timestamp":"2025-08-09T15:05:55.6185729+05:30","@version":"1","message":"initializing Kafka metrics collector","logger_name":"org.apache.kafka.common.telemetry.internals.KafkaMetricsCollector","thread_name":"org.springframework.kafka.KafkaListenerEndpointContainer#0-0-C-1","level":"INFO","level_value":20000}
{"@timestamp":"2025-08-09T15:05:55.6195733+05:30","@version":"1","message":"[Producer clientId=producer-126] Instantiated an idempotent producer.","logger_name":"org.apache.kafka.clients.producer.KafkaProducer","thread_name":"org.springframework.kafka.KafkaListenerEndpointContainer#0-0-C-1","level":"INFO","level_value":20000}
{"@timestamp":"2025-08-09T15:05:55.6215764+05:30","@version":"1","message":"[Producer clientId=producer-126] Closing the Kafka producer with timeoutMillis = 0 ms.","logger_name":"org.apache.kafka.clients.producer.KafkaProducer","thread_name":"org.springframework.kafka.KafkaListenerEndpointContainer#0-0-C-1","level":"INFO","level_value":20000}
{"@timestamp":"2025-08-09T15:05:55.6225783+05:30","@version":"1","message":"Metrics scheduler closed","logger_name":"org.apache.kafka.common.metrics.Metrics","thread_name":"org.springframework.kafka.KafkaListenerEndpointContainer#0-0-C-1","level":"INFO","level_value":20000}
{"@timestamp":"2025-08-09T15:05:55.6225783+05:30","@version":"1","message":"Closing reporter org.apache.kafka.common.metrics.JmxReporter","logger_name":"org.apache.kafka.common.metrics.Metrics","thread_name":"org.springframework.kafka.KafkaListenerEndpointContainer#0-0-C-1","level":"INFO","level_value":20000}
{"@timestamp":"2025-08-09T15:05:55.6225783+05:30","@version":"1","message":"Closing reporter org.apache.kafka.common.telemetry.internals.ClientTelemetryReporter","logger_name":"org.apache.kafka.common.metrics.Metrics","thread_name":"org.springframework.kafka.KafkaListenerEndpointContainer#0-0-C-1","level":"INFO","level_value":20000}
{"@timestamp":"2025-08-09T15:05:55.6225783+05:30","@version":"1","message":"Metrics reporters closed","logger_name":"org.apache.kafka.common.metrics.Metrics","thread_name":"org.springframework.kafka.KafkaListenerEndpointContainer#0-0-C-1","level":"INFO","level_value":20000}
{"@timestamp":"2025-08-09T15:05:55.6225783+05:30","@version":"1","message":"App info kafka.producer for producer-126 unregistered","logger_name":"org.apache.kafka.common.utils.AppInfoParser","thread_name":"org.springframework.kafka.KafkaListenerEndpointContainer#0-0-C-1","level":"INFO","level_value":20000}
{"@timestamp":"2025-08-09T15:05:55.7478306+05:30","@version":"1","message":"[Consumer clientId=consumer-moviebooking-admin-1, groupId=moviebooking-admin] Node -1 disconnected.","logger_name":"org.apache.kafka.clients.NetworkClient","thread_name":"org.springframework.kafka.KafkaListenerEndpointContainer#0-0-C-1","level":"INFO","level_value":20000}
{"@timestamp":"2025-08-09T15:05:55.7478306+05:30","@version":"1","message":"ProducerConfig values: \r\n\tacks = -1\r\n\tauto.include.jmx.reporter = true\r\n\tbatch.size = 16384\r\n\tbootstrap.servers = [spring.kafka.bootstrap-servers_IS_UNDEFINED]\r\n\tbuffer.memory = 33554432\r\n\tclient.dns.lookup = use_all_dns_ips\r\n\tclient.id = producer-127\r\n\tcompression.type = none\r\n\tconnections.max.idle.ms = 540000\r\n\tdelivery.timeout.ms = 120000\r\n\tenable.idempotence = true\r\n\tenable.metrics.push = true\r\n\tinterceptor.classes = []\r\n\tkey.serializer = class org.apache.kafka.common.serialization.ByteArraySerializer\r\n\tlinger.ms = 0\r\n\tmax.block.ms = 60000\r\n\tmax.in.flight.requests.per.connection = 5\r\n\tmax.request.size = 1048576\r\n\tmetadata.max.age.ms = 300000\r\n\tmetadata.max.idle.ms = 300000\r\n\tmetric.reporters = []\r\n\tmetrics.num.samples = 2\r\n\tmetrics.recording.level = INFO\r\n\tmetrics.sample.window.ms = 30000\r\n\tpartitioner.adaptive.partitioning.enable = true\r\n\tpartitioner.availability.timeout.ms = 0\r\n\tpartitioner.class = null\r\n\tpartitioner.ignore.keys = false\r\n\treceive.buffer.bytes = 32768\r\n\treconnect.backoff.max.ms = 1000\r\n\treconnect.backoff.ms = 50\r\n\trequest.timeout.ms = 30000\r\n\tretries = 2147483647\r\n\tretry.backoff.max.ms = 1000\r\n\tretry.backoff.ms = 100\r\n\tsasl.client.callback.handler.class = null\r\n\tsasl.jaas.config = null\r\n\tsasl.kerberos.kinit.cmd = /usr/bin/kinit\r\n\tsasl.kerberos.min.time.before.relogin = 60000\r\n\tsasl.kerberos.service.name = null\r\n\tsasl.kerberos.ticket.renew.jitter = 0.05\r\n\tsasl.kerberos.ticket.renew.window.factor = 0.8\r\n\tsasl.login.callback.handler.class = null\r\n\tsasl.login.class = null\r\n\tsasl.login.connect.timeout.ms = null\r\n\tsasl.login.read.timeout.ms = null\r\n\tsasl.login.refresh.buffer.seconds = 300\r\n\tsasl.login.refresh.min.period.seconds = 60\r\n\tsasl.login.refresh.window.factor = 0.8\r\n\tsasl.login.refresh.window.jitter = 0.05\r\n\tsasl.login.retry.backoff.max.ms = 10000\r\n\tsasl.login.retry.backoff.ms = 100\r\n\tsasl.mechanism = GSSAPI\r\n\tsasl.oauthbearer.clock.skew.seconds = 30\r\n\tsasl.oauthbearer.expected.audience = null\r\n\tsasl.oauthbearer.expected.issuer = null\r\n\tsasl.oauthbearer.jwks.endpoint.refresh.ms = 3600000\r\n\tsasl.oauthbearer.jwks.endpoint.retry.backoff.max.ms = 10000\r\n\tsasl.oauthbearer.jwks.endpoint.retry.backoff.ms = 100\r\n\tsasl.oauthbearer.jwks.endpoint.url = null\r\n\tsasl.oauthbearer.scope.claim.name = scope\r\n\tsasl.oauthbearer.sub.claim.name = sub\r\n\tsasl.oauthbearer.token.endpoint.url = null\r\n\tsecurity.protocol = PLAINTEXT\r\n\tsecurity.providers = null\r\n\tsend.buffer.bytes = 131072\r\n\tsocket.connection.setup.timeout.max.ms = 30000\r\n\tsocket.connection.setup.timeout.ms = 10000\r\n\tssl.cipher.suites = null\r\n\tssl.enabled.protocols = [TLSv1.2, TLSv1.3]\r\n\tssl.endpoint.identification.algorithm = https\r\n\tssl.engine.factory.class = null\r\n\tssl.key.password = null\r\n\tssl.keymanager.algorithm = SunX509\r\n\tssl.keystore.certificate.chain = null\r\n\tssl.keystore.key = null\r\n\tssl.keystore.location = null\r\n\tssl.keystore.password = null\r\n\tssl.keystore.type = JKS\r\n\tssl.protocol = TLSv1.3\r\n\tssl.provider = null\r\n\tssl.secure.random.implementation = null\r\n\tssl.trustmanager.algorithm = PKIX\r\n\tssl.truststore.certificates = null\r\n\tssl.truststore.location = null\r\n\tssl.truststore.password = null\r\n\tssl.truststore.type = JKS\r\n\ttransaction.timeout.ms = 60000\r\n\ttransactional.id = null\r\n\tvalue.serializer = class org.apache.kafka.common.serialization.ByteArraySerializer\r\n","logger_name":"org.apache.kafka.clients.producer.ProducerConfig","thread_name":"org.springframework.kafka.KafkaListenerEndpointContainer#0-0-C-1","level":"INFO","level_value":20000}
{"@timestamp":"2025-08-09T15:05:55.7488241+05:30","@version":"1","message":"initializing Kafka metrics collector","logger_name":"org.apache.kafka.common.telemetry.internals.KafkaMetricsCollector","thread_name":"org.springframework.kafka.KafkaListenerEndpointContainer#0-0-C-1","level":"INFO","level_value":20000}
{"@timestamp":"2025-08-09T15:05:55.7498277+05:30","@version":"1","message":"[Producer clientId=producer-127] Instantiated an idempotent producer.","logger_name":"org.apache.kafka.clients.producer.KafkaProducer","thread_name":"org.springframework.kafka.KafkaListenerEndpointContainer#0-0-C-1","level":"INFO","level_value":20000}
{"@timestamp":"2025-08-09T15:05:55.7508275+05:30","@version":"1","message":"[Producer clientId=producer-127] Closing the Kafka producer with timeoutMillis = 0 ms.","logger_name":"org.apache.kafka.clients.producer.KafkaProducer","thread_name":"org.springframework.kafka.KafkaListenerEndpointContainer#0-0-C-1","level":"INFO","level_value":20000}
{"@timestamp":"2025-08-09T15:05:55.7518242+05:30","@version":"1","message":"Metrics scheduler closed","logger_name":"org.apache.kafka.common.metrics.Metrics","thread_name":"org.springframework.kafka.KafkaListenerEndpointContainer#0-0-C-1","level":"INFO","level_value":20000}
{"@timestamp":"2025-08-09T15:05:55.7518242+05:30","@version":"1","message":"Closing reporter org.apache.kafka.common.metrics.JmxReporter","logger_name":"org.apache.kafka.common.metrics.Metrics","thread_name":"org.springframework.kafka.KafkaListenerEndpointContainer#0-0-C-1","level":"INFO","level_value":20000}
{"@timestamp":"2025-08-09T15:05:55.7518242+05:30","@version":"1","message":"Closing reporter org.apache.kafka.common.telemetry.internals.ClientTelemetryReporter","logger_name":"org.apache.kafka.common.metrics.Metrics","thread_name":"org.springframework.kafka.KafkaListenerEndpointContainer#0-0-C-1","level":"INFO","level_value":20000}
{"@timestamp":"2025-08-09T15:05:55.7518242+05:30","@version":"1","message":"Metrics reporters closed","logger_name":"org.apache.kafka.common.metrics.Metrics","thread_name":"org.springframework.kafka.KafkaListenerEndpointContainer#0-0-C-1","level":"INFO","level_value":20000}
{"@timestamp":"2025-08-09T15:05:55.7518242+05:30","@version":"1","message":"App info kafka.producer for producer-127 unregistered","logger_name":"org.apache.kafka.common.utils.AppInfoParser","thread_name":"org.springframework.kafka.KafkaListenerEndpointContainer#0-0-C-1","level":"INFO","level_value":20000}
{"@timestamp":"2025-08-09T15:05:55.7518242+05:30","@version":"1","message":"[Consumer clientId=consumer-moviebooking-admin-1, groupId=moviebooking-admin] Connection to node -1 (localhost/127.0.0.1:9092) could not be established. Node may not be available.","logger_name":"org.apache.kafka.clients.NetworkClient","thread_name":"org.springframework.kafka.KafkaListenerEndpointContainer#0-0-C-1","level":"WARN","level_value":30000}
{"@timestamp":"2025-08-09T15:05:55.7518242+05:30","@version":"1","message":"ProducerConfig values: \r\n\tacks = -1\r\n\tauto.include.jmx.reporter = true\r\n\tbatch.size = 16384\r\n\tbootstrap.servers = [spring.kafka.bootstrap-servers_IS_UNDEFINED]\r\n\tbuffer.memory = 33554432\r\n\tclient.dns.lookup = use_all_dns_ips\r\n\tclient.id = producer-128\r\n\tcompression.type = none\r\n\tconnections.max.idle.ms = 540000\r\n\tdelivery.timeout.ms = 120000\r\n\tenable.idempotence = true\r\n\tenable.metrics.push = true\r\n\tinterceptor.classes = []\r\n\tkey.serializer = class org.apache.kafka.common.serialization.ByteArraySerializer\r\n\tlinger.ms = 0\r\n\tmax.block.ms = 60000\r\n\tmax.in.flight.requests.per.connection = 5\r\n\tmax.request.size = 1048576\r\n\tmetadata.max.age.ms = 300000\r\n\tmetadata.max.idle.ms = 300000\r\n\tmetric.reporters = []\r\n\tmetrics.num.samples = 2\r\n\tmetrics.recording.level = INFO\r\n\tmetrics.sample.window.ms = 30000\r\n\tpartitioner.adaptive.partitioning.enable = true\r\n\tpartitioner.availability.timeout.ms = 0\r\n\tpartitioner.class = null\r\n\tpartitioner.ignore.keys = false\r\n\treceive.buffer.bytes = 32768\r\n\treconnect.backoff.max.ms = 1000\r\n\treconnect.backoff.ms = 50\r\n\trequest.timeout.ms = 30000\r\n\tretries = 2147483647\r\n\tretry.backoff.max.ms = 1000\r\n\tretry.backoff.ms = 100\r\n\tsasl.client.callback.handler.class = null\r\n\tsasl.jaas.config = null\r\n\tsasl.kerberos.kinit.cmd = /usr/bin/kinit\r\n\tsasl.kerberos.min.time.before.relogin = 60000\r\n\tsasl.kerberos.service.name = null\r\n\tsasl.kerberos.ticket.renew.jitter = 0.05\r\n\tsasl.kerberos.ticket.renew.window.factor = 0.8\r\n\tsasl.login.callback.handler.class = null\r\n\tsasl.login.class = null\r\n\tsasl.login.connect.timeout.ms = null\r\n\tsasl.login.read.timeout.ms = null\r\n\tsasl.login.refresh.buffer.seconds = 300\r\n\tsasl.login.refresh.min.period.seconds = 60\r\n\tsasl.login.refresh.window.factor = 0.8\r\n\tsasl.login.refresh.window.jitter = 0.05\r\n\tsasl.login.retry.backoff.max.ms = 10000\r\n\tsasl.login.retry.backoff.ms = 100\r\n\tsasl.mechanism = GSSAPI\r\n\tsasl.oauthbearer.clock.skew.seconds = 30\r\n\tsasl.oauthbearer.expected.audience = null\r\n\tsasl.oauthbearer.expected.issuer = null\r\n\tsasl.oauthbearer.jwks.endpoint.refresh.ms = 3600000\r\n\tsasl.oauthbearer.jwks.endpoint.retry.backoff.max.ms = 10000\r\n\tsasl.oauthbearer.jwks.endpoint.retry.backoff.ms = 100\r\n\tsasl.oauthbearer.jwks.endpoint.url = null\r\n\tsasl.oauthbearer.scope.claim.name = scope\r\n\tsasl.oauthbearer.sub.claim.name = sub\r\n\tsasl.oauthbearer.token.endpoint.url = null\r\n\tsecurity.protocol = PLAINTEXT\r\n\tsecurity.providers = null\r\n\tsend.buffer.bytes = 131072\r\n\tsocket.connection.setup.timeout.max.ms = 30000\r\n\tsocket.connection.setup.timeout.ms = 10000\r\n\tssl.cipher.suites = null\r\n\tssl.enabled.protocols = [TLSv1.2, TLSv1.3]\r\n\tssl.endpoint.identification.algorithm = https\r\n\tssl.engine.factory.class = null\r\n\tssl.key.password = null\r\n\tssl.keymanager.algorithm = SunX509\r\n\tssl.keystore.certificate.chain = null\r\n\tssl.keystore.key = null\r\n\tssl.keystore.location = null\r\n\tssl.keystore.password = null\r\n\tssl.keystore.type = JKS\r\n\tssl.protocol = TLSv1.3\r\n\tssl.provider = null\r\n\tssl.secure.random.implementation = null\r\n\tssl.trustmanager.algorithm = PKIX\r\n\tssl.truststore.certificates = null\r\n\tssl.truststore.location = null\r\n\tssl.truststore.password = null\r\n\tssl.truststore.type = JKS\r\n\ttransaction.timeout.ms = 60000\r\n\ttransactional.id = null\r\n\tvalue.serializer = class org.apache.kafka.common.serialization.ByteArraySerializer\r\n","logger_name":"org.apache.kafka.clients.producer.ProducerConfig","thread_name":"org.springframework.kafka.KafkaListenerEndpointContainer#0-0-C-1","level":"INFO","level_value":20000}
{"@timestamp":"2025-08-09T15:05:55.7528303+05:30","@version":"1","message":"initializing Kafka metrics collector","logger_name":"org.apache.kafka.common.telemetry.internals.KafkaMetricsCollector","thread_name":"org.springframework.kafka.KafkaListenerEndpointContainer#0-0-C-1","level":"INFO","level_value":20000}
{"@timestamp":"2025-08-09T15:05:55.7538249+05:30","@version":"1","message":"[Producer clientId=producer-128] Instantiated an idempotent producer.","logger_name":"org.apache.kafka.clients.producer.KafkaProducer","thread_name":"org.springframework.kafka.KafkaListenerEndpointContainer#0-0-C-1","level":"INFO","level_value":20000}
{"@timestamp":"2025-08-09T15:05:55.7548247+05:30","@version":"1","message":"[Producer clientId=producer-128] Closing the Kafka producer with timeoutMillis = 0 ms.","logger_name":"org.apache.kafka.clients.producer.KafkaProducer","thread_name":"org.springframework.kafka.KafkaListenerEndpointContainer#0-0-C-1","level":"INFO","level_value":20000}
{"@timestamp":"2025-08-09T15:05:55.7558266+05:30","@version":"1","message":"Metrics scheduler closed","logger_name":"org.apache.kafka.common.metrics.Metrics","thread_name":"org.springframework.kafka.KafkaListenerEndpointContainer#0-0-C-1","level":"INFO","level_value":20000}
{"@timestamp":"2025-08-09T15:05:55.7570869+05:30","@version":"1","message":"Closing reporter org.apache.kafka.common.metrics.JmxReporter","logger_name":"org.apache.kafka.common.metrics.Metrics","thread_name":"org.springframework.kafka.KafkaListenerEndpointContainer#0-0-C-1","level":"INFO","level_value":20000}
{"@timestamp":"2025-08-09T15:05:55.7570869+05:30","@version":"1","message":"Closing reporter org.apache.kafka.common.telemetry.internals.ClientTelemetryReporter","logger_name":"org.apache.kafka.common.metrics.Metrics","thread_name":"org.springframework.kafka.KafkaListenerEndpointContainer#0-0-C-1","level":"INFO","level_value":20000}
{"@timestamp":"2025-08-09T15:05:55.7570869+05:30","@version":"1","message":"Metrics reporters closed","logger_name":"org.apache.kafka.common.metrics.Metrics","thread_name":"org.springframework.kafka.KafkaListenerEndpointContainer#0-0-C-1","level":"INFO","level_value":20000}
{"@timestamp":"2025-08-09T15:05:55.7570869+05:30","@version":"1","message":"App info kafka.producer for producer-128 unregistered","logger_name":"org.apache.kafka.common.utils.AppInfoParser","thread_name":"org.springframework.kafka.KafkaListenerEndpointContainer#0-0-C-1","level":"INFO","level_value":20000}
{"@timestamp":"2025-08-09T15:05:55.7570869+05:30","@version":"1","message":"[Consumer clientId=consumer-moviebooking-admin-1, groupId=moviebooking-admin] Bootstrap broker localhost:9092 (id: -1 rack: null) disconnected","logger_name":"org.apache.kafka.clients.NetworkClient","thread_name":"org.springframework.kafka.KafkaListenerEndpointContainer#0-0-C-1","level":"WARN","level_value":30000}
{"@timestamp":"2025-08-09T15:05:55.758122+05:30","@version":"1","message":"ProducerConfig values: \r\n\tacks = -1\r\n\tauto.include.jmx.reporter = true\r\n\tbatch.size = 16384\r\n\tbootstrap.servers = [spring.kafka.bootstrap-servers_IS_UNDEFINED]\r\n\tbuffer.memory = 33554432\r\n\tclient.dns.lookup = use_all_dns_ips\r\n\tclient.id = producer-129\r\n\tcompression.type = none\r\n\tconnections.max.idle.ms = 540000\r\n\tdelivery.timeout.ms = 120000\r\n\tenable.idempotence = true\r\n\tenable.metrics.push = true\r\n\tinterceptor.classes = []\r\n\tkey.serializer = class org.apache.kafka.common.serialization.ByteArraySerializer\r\n\tlinger.ms = 0\r\n\tmax.block.ms = 60000\r\n\tmax.in.flight.requests.per.connection = 5\r\n\tmax.request.size = 1048576\r\n\tmetadata.max.age.ms = 300000\r\n\tmetadata.max.idle.ms = 300000\r\n\tmetric.reporters = []\r\n\tmetrics.num.samples = 2\r\n\tmetrics.recording.level = INFO\r\n\tmetrics.sample.window.ms = 30000\r\n\tpartitioner.adaptive.partitioning.enable = true\r\n\tpartitioner.availability.timeout.ms = 0\r\n\tpartitioner.class = null\r\n\tpartitioner.ignore.keys = false\r\n\treceive.buffer.bytes = 32768\r\n\treconnect.backoff.max.ms = 1000\r\n\treconnect.backoff.ms = 50\r\n\trequest.timeout.ms = 30000\r\n\tretries = 2147483647\r\n\tretry.backoff.max.ms = 1000\r\n\tretry.backoff.ms = 100\r\n\tsasl.client.callback.handler.class = null\r\n\tsasl.jaas.config = null\r\n\tsasl.kerberos.kinit.cmd = /usr/bin/kinit\r\n\tsasl.kerberos.min.time.before.relogin = 60000\r\n\tsasl.kerberos.service.name = null\r\n\tsasl.kerberos.ticket.renew.jitter = 0.05\r\n\tsasl.kerberos.ticket.renew.window.factor = 0.8\r\n\tsasl.login.callback.handler.class = null\r\n\tsasl.login.class = null\r\n\tsasl.login.connect.timeout.ms = null\r\n\tsasl.login.read.timeout.ms = null\r\n\tsasl.login.refresh.buffer.seconds = 300\r\n\tsasl.login.refresh.min.period.seconds = 60\r\n\tsasl.login.refresh.window.factor = 0.8\r\n\tsasl.login.refresh.window.jitter = 0.05\r\n\tsasl.login.retry.backoff.max.ms = 10000\r\n\tsasl.login.retry.backoff.ms = 100\r\n\tsasl.mechanism = GSSAPI\r\n\tsasl.oauthbearer.clock.skew.seconds = 30\r\n\tsasl.oauthbearer.expected.audience = null\r\n\tsasl.oauthbearer.expected.issuer = null\r\n\tsasl.oauthbearer.jwks.endpoint.refresh.ms = 3600000\r\n\tsasl.oauthbearer.jwks.endpoint.retry.backoff.max.ms = 10000\r\n\tsasl.oauthbearer.jwks.endpoint.retry.backoff.ms = 100\r\n\tsasl.oauthbearer.jwks.endpoint.url = null\r\n\tsasl.oauthbearer.scope.claim.name = scope\r\n\tsasl.oauthbearer.sub.claim.name = sub\r\n\tsasl.oauthbearer.token.endpoint.url = null\r\n\tsecurity.protocol = PLAINTEXT\r\n\tsecurity.providers = null\r\n\tsend.buffer.bytes = 131072\r\n\tsocket.connection.setup.timeout.max.ms = 30000\r\n\tsocket.connection.setup.timeout.ms = 10000\r\n\tssl.cipher.suites = null\r\n\tssl.enabled.protocols = [TLSv1.2, TLSv1.3]\r\n\tssl.endpoint.identification.algorithm = https\r\n\tssl.engine.factory.class = null\r\n\tssl.key.password = null\r\n\tssl.keymanager.algorithm = SunX509\r\n\tssl.keystore.certificate.chain = null\r\n\tssl.keystore.key = null\r\n\tssl.keystore.location = null\r\n\tssl.keystore.password = null\r\n\tssl.keystore.type = JKS\r\n\tssl.protocol = TLSv1.3\r\n\tssl.provider = null\r\n\tssl.secure.random.implementation = null\r\n\tssl.trustmanager.algorithm = PKIX\r\n\tssl.truststore.certificates = null\r\n\tssl.truststore.location = null\r\n\tssl.truststore.password = null\r\n\tssl.truststore.type = JKS\r\n\ttransaction.timeout.ms = 60000\r\n\ttransactional.id = null\r\n\tvalue.serializer = class org.apache.kafka.common.serialization.ByteArraySerializer\r\n","logger_name":"org.apache.kafka.clients.producer.ProducerConfig","thread_name":"org.springframework.kafka.KafkaListenerEndpointContainer#0-0-C-1","level":"INFO","level_value":20000}
{"@timestamp":"2025-08-09T15:05:55.758122+05:30","@version":"1","message":"initializing Kafka metrics collector","logger_name":"org.apache.kafka.common.telemetry.internals.KafkaMetricsCollector","thread_name":"org.springframework.kafka.KafkaListenerEndpointContainer#0-0-C-1","level":"INFO","level_value":20000}
{"@timestamp":"2025-08-09T15:05:55.7591173+05:30","@version":"1","message":"[Producer clientId=producer-129] Instantiated an idempotent producer.","logger_name":"org.apache.kafka.clients.producer.KafkaProducer","thread_name":"org.springframework.kafka.KafkaListenerEndpointContainer#0-0-C-1","level":"INFO","level_value":20000}
{"@timestamp":"2025-08-09T15:05:55.7611143+05:30","@version":"1","message":"[Producer clientId=producer-129] Closing the Kafka producer with timeoutMillis = 0 ms.","logger_name":"org.apache.kafka.clients.producer.KafkaProducer","thread_name":"org.springframework.kafka.KafkaListenerEndpointContainer#0-0-C-1","level":"INFO","level_value":20000}
{"@timestamp":"2025-08-09T15:05:55.7611143+05:30","@version":"1","message":"Metrics scheduler closed","logger_name":"org.apache.kafka.common.metrics.Metrics","thread_name":"org.springframework.kafka.KafkaListenerEndpointContainer#0-0-C-1","level":"INFO","level_value":20000}
{"@timestamp":"2025-08-09T15:05:55.7611143+05:30","@version":"1","message":"Closing reporter org.apache.kafka.common.metrics.JmxReporter","logger_name":"org.apache.kafka.common.metrics.Metrics","thread_name":"org.springframework.kafka.KafkaListenerEndpointContainer#0-0-C-1","level":"INFO","level_value":20000}
{"@timestamp":"2025-08-09T15:05:55.7611143+05:30","@version":"1","message":"Closing reporter org.apache.kafka.common.telemetry.internals.ClientTelemetryReporter","logger_name":"org.apache.kafka.common.metrics.Metrics","thread_name":"org.springframework.kafka.KafkaListenerEndpointContainer#0-0-C-1","level":"INFO","level_value":20000}
{"@timestamp":"2025-08-09T15:05:55.7621131+05:30","@version":"1","message":"Metrics reporters closed","logger_name":"org.apache.kafka.common.metrics.Metrics","thread_name":"org.springframework.kafka.KafkaListenerEndpointContainer#0-0-C-1","level":"INFO","level_value":20000}
{"@timestamp":"2025-08-09T15:05:55.7621131+05:30","@version":"1","message":"App info kafka.producer for producer-129 unregistered","logger_name":"org.apache.kafka.common.utils.AppInfoParser","thread_name":"org.springframework.kafka.KafkaListenerEndpointContainer#0-0-C-1","level":"INFO","level_value":20000}
{"@timestamp":"2025-08-09T15:05:55.8845713+05:30","@version":"1","message":"[Consumer clientId=consumer-moviebooking-admin-1, groupId=moviebooking-admin] Node -1 disconnected.","logger_name":"org.apache.kafka.clients.NetworkClient","thread_name":"org.springframework.kafka.KafkaListenerEndpointContainer#0-0-C-1","level":"INFO","level_value":20000}
{"@timestamp":"2025-08-09T15:05:55.8855715+05:30","@version":"1","message":"ProducerConfig values: \r\n\tacks = -1\r\n\tauto.include.jmx.reporter = true\r\n\tbatch.size = 16384\r\n\tbootstrap.servers = [spring.kafka.bootstrap-servers_IS_UNDEFINED]\r\n\tbuffer.memory = 33554432\r\n\tclient.dns.lookup = use_all_dns_ips\r\n\tclient.id = producer-130\r\n\tcompression.type = none\r\n\tconnections.max.idle.ms = 540000\r\n\tdelivery.timeout.ms = 120000\r\n\tenable.idempotence = true\r\n\tenable.metrics.push = true\r\n\tinterceptor.classes = []\r\n\tkey.serializer = class org.apache.kafka.common.serialization.ByteArraySerializer\r\n\tlinger.ms = 0\r\n\tmax.block.ms = 60000\r\n\tmax.in.flight.requests.per.connection = 5\r\n\tmax.request.size = 1048576\r\n\tmetadata.max.age.ms = 300000\r\n\tmetadata.max.idle.ms = 300000\r\n\tmetric.reporters = []\r\n\tmetrics.num.samples = 2\r\n\tmetrics.recording.level = INFO\r\n\tmetrics.sample.window.ms = 30000\r\n\tpartitioner.adaptive.partitioning.enable = true\r\n\tpartitioner.availability.timeout.ms = 0\r\n\tpartitioner.class = null\r\n\tpartitioner.ignore.keys = false\r\n\treceive.buffer.bytes = 32768\r\n\treconnect.backoff.max.ms = 1000\r\n\treconnect.backoff.ms = 50\r\n\trequest.timeout.ms = 30000\r\n\tretries = 2147483647\r\n\tretry.backoff.max.ms = 1000\r\n\tretry.backoff.ms = 100\r\n\tsasl.client.callback.handler.class = null\r\n\tsasl.jaas.config = null\r\n\tsasl.kerberos.kinit.cmd = /usr/bin/kinit\r\n\tsasl.kerberos.min.time.before.relogin = 60000\r\n\tsasl.kerberos.service.name = null\r\n\tsasl.kerberos.ticket.renew.jitter = 0.05\r\n\tsasl.kerberos.ticket.renew.window.factor = 0.8\r\n\tsasl.login.callback.handler.class = null\r\n\tsasl.login.class = null\r\n\tsasl.login.connect.timeout.ms = null\r\n\tsasl.login.read.timeout.ms = null\r\n\tsasl.login.refresh.buffer.seconds = 300\r\n\tsasl.login.refresh.min.period.seconds = 60\r\n\tsasl.login.refresh.window.factor = 0.8\r\n\tsasl.login.refresh.window.jitter = 0.05\r\n\tsasl.login.retry.backoff.max.ms = 10000\r\n\tsasl.login.retry.backoff.ms = 100\r\n\tsasl.mechanism = GSSAPI\r\n\tsasl.oauthbearer.clock.skew.seconds = 30\r\n\tsasl.oauthbearer.expected.audience = null\r\n\tsasl.oauthbearer.expected.issuer = null\r\n\tsasl.oauthbearer.jwks.endpoint.refresh.ms = 3600000\r\n\tsasl.oauthbearer.jwks.endpoint.retry.backoff.max.ms = 10000\r\n\tsasl.oauthbearer.jwks.endpoint.retry.backoff.ms = 100\r\n\tsasl.oauthbearer.jwks.endpoint.url = null\r\n\tsasl.oauthbearer.scope.claim.name = scope\r\n\tsasl.oauthbearer.sub.claim.name = sub\r\n\tsasl.oauthbearer.token.endpoint.url = null\r\n\tsecurity.protocol = PLAINTEXT\r\n\tsecurity.providers = null\r\n\tsend.buffer.bytes = 131072\r\n\tsocket.connection.setup.timeout.max.ms = 30000\r\n\tsocket.connection.setup.timeout.ms = 10000\r\n\tssl.cipher.suites = null\r\n\tssl.enabled.protocols = [TLSv1.2, TLSv1.3]\r\n\tssl.endpoint.identification.algorithm = https\r\n\tssl.engine.factory.class = null\r\n\tssl.key.password = null\r\n\tssl.keymanager.algorithm = SunX509\r\n\tssl.keystore.certificate.chain = null\r\n\tssl.keystore.key = null\r\n\tssl.keystore.location = null\r\n\tssl.keystore.password = null\r\n\tssl.keystore.type = JKS\r\n\tssl.protocol = TLSv1.3\r\n\tssl.provider = null\r\n\tssl.secure.random.implementation = null\r\n\tssl.trustmanager.algorithm = PKIX\r\n\tssl.truststore.certificates = null\r\n\tssl.truststore.location = null\r\n\tssl.truststore.password = null\r\n\tssl.truststore.type = JKS\r\n\ttransaction.timeout.ms = 60000\r\n\ttransactional.id = null\r\n\tvalue.serializer = class org.apache.kafka.common.serialization.ByteArraySerializer\r\n","logger_name":"org.apache.kafka.clients.producer.ProducerConfig","thread_name":"org.springframework.kafka.KafkaListenerEndpointContainer#0-0-C-1","level":"INFO","level_value":20000}
{"@timestamp":"2025-08-09T15:05:55.8855715+05:30","@version":"1","message":"initializing Kafka metrics collector","logger_name":"org.apache.kafka.common.telemetry.internals.KafkaMetricsCollector","thread_name":"org.springframework.kafka.KafkaListenerEndpointContainer#0-0-C-1","level":"INFO","level_value":20000}
{"@timestamp":"2025-08-09T15:05:55.8875761+05:30","@version":"1","message":"[Producer clientId=producer-130] Instantiated an idempotent producer.","logger_name":"org.apache.kafka.clients.producer.KafkaProducer","thread_name":"org.springframework.kafka.KafkaListenerEndpointContainer#0-0-C-1","level":"INFO","level_value":20000}
{"@timestamp":"2025-08-09T15:05:55.8875761+05:30","@version":"1","message":"[Producer clientId=producer-130] Closing the Kafka producer with timeoutMillis = 0 ms.","logger_name":"org.apache.kafka.clients.producer.KafkaProducer","thread_name":"org.springframework.kafka.KafkaListenerEndpointContainer#0-0-C-1","level":"INFO","level_value":20000}
{"@timestamp":"2025-08-09T15:05:55.8885719+05:30","@version":"1","message":"Metrics scheduler closed","logger_name":"org.apache.kafka.common.metrics.Metrics","thread_name":"org.springframework.kafka.KafkaListenerEndpointContainer#0-0-C-1","level":"INFO","level_value":20000}
{"@timestamp":"2025-08-09T15:05:55.8885719+05:30","@version":"1","message":"Closing reporter org.apache.kafka.common.metrics.JmxReporter","logger_name":"org.apache.kafka.common.metrics.Metrics","thread_name":"org.springframework.kafka.KafkaListenerEndpointContainer#0-0-C-1","level":"INFO","level_value":20000}
{"@timestamp":"2025-08-09T15:05:55.8885719+05:30","@version":"1","message":"Closing reporter org.apache.kafka.common.telemetry.internals.ClientTelemetryReporter","logger_name":"org.apache.kafka.common.metrics.Metrics","thread_name":"org.springframework.kafka.KafkaListenerEndpointContainer#0-0-C-1","level":"INFO","level_value":20000}
{"@timestamp":"2025-08-09T15:05:55.8885719+05:30","@version":"1","message":"Metrics reporters closed","logger_name":"org.apache.kafka.common.metrics.Metrics","thread_name":"org.springframework.kafka.KafkaListenerEndpointContainer#0-0-C-1","level":"INFO","level_value":20000}
{"@timestamp":"2025-08-09T15:05:55.8885719+05:30","@version":"1","message":"App info kafka.producer for producer-130 unregistered","logger_name":"org.apache.kafka.common.utils.AppInfoParser","thread_name":"org.springframework.kafka.KafkaListenerEndpointContainer#0-0-C-1","level":"INFO","level_value":20000}
{"@timestamp":"2025-08-09T15:05:55.8885719+05:30","@version":"1","message":"[Consumer clientId=consumer-moviebooking-admin-1, groupId=moviebooking-admin] Connection to node -1 (localhost/127.0.0.1:9092) could not be established. Node may not be available.","logger_name":"org.apache.kafka.clients.NetworkClient","thread_name":"org.springframework.kafka.KafkaListenerEndpointContainer#0-0-C-1","level":"WARN","level_value":30000}
{"@timestamp":"2025-08-09T15:05:55.8895696+05:30","@version":"1","message":"ProducerConfig values: \r\n\tacks = -1\r\n\tauto.include.jmx.reporter = true\r\n\tbatch.size = 16384\r\n\tbootstrap.servers = [spring.kafka.bootstrap-servers_IS_UNDEFINED]\r\n\tbuffer.memory = 33554432\r\n\tclient.dns.lookup = use_all_dns_ips\r\n\tclient.id = producer-131\r\n\tcompression.type = none\r\n\tconnections.max.idle.ms = 540000\r\n\tdelivery.timeout.ms = 120000\r\n\tenable.idempotence = true\r\n\tenable.metrics.push = true\r\n\tinterceptor.classes = []\r\n\tkey.serializer = class org.apache.kafka.common.serialization.ByteArraySerializer\r\n\tlinger.ms = 0\r\n\tmax.block.ms = 60000\r\n\tmax.in.flight.requests.per.connection = 5\r\n\tmax.request.size = 1048576\r\n\tmetadata.max.age.ms = 300000\r\n\tmetadata.max.idle.ms = 300000\r\n\tmetric.reporters = []\r\n\tmetrics.num.samples = 2\r\n\tmetrics.recording.level = INFO\r\n\tmetrics.sample.window.ms = 30000\r\n\tpartitioner.adaptive.partitioning.enable = true\r\n\tpartitioner.availability.timeout.ms = 0\r\n\tpartitioner.class = null\r\n\tpartitioner.ignore.keys = false\r\n\treceive.buffer.bytes = 32768\r\n\treconnect.backoff.max.ms = 1000\r\n\treconnect.backoff.ms = 50\r\n\trequest.timeout.ms = 30000\r\n\tretries = 2147483647\r\n\tretry.backoff.max.ms = 1000\r\n\tretry.backoff.ms = 100\r\n\tsasl.client.callback.handler.class = null\r\n\tsasl.jaas.config = null\r\n\tsasl.kerberos.kinit.cmd = /usr/bin/kinit\r\n\tsasl.kerberos.min.time.before.relogin = 60000\r\n\tsasl.kerberos.service.name = null\r\n\tsasl.kerberos.ticket.renew.jitter = 0.05\r\n\tsasl.kerberos.ticket.renew.window.factor = 0.8\r\n\tsasl.login.callback.handler.class = null\r\n\tsasl.login.class = null\r\n\tsasl.login.connect.timeout.ms = null\r\n\tsasl.login.read.timeout.ms = null\r\n\tsasl.login.refresh.buffer.seconds = 300\r\n\tsasl.login.refresh.min.period.seconds = 60\r\n\tsasl.login.refresh.window.factor = 0.8\r\n\tsasl.login.refresh.window.jitter = 0.05\r\n\tsasl.login.retry.backoff.max.ms = 10000\r\n\tsasl.login.retry.backoff.ms = 100\r\n\tsasl.mechanism = GSSAPI\r\n\tsasl.oauthbearer.clock.skew.seconds = 30\r\n\tsasl.oauthbearer.expected.audience = null\r\n\tsasl.oauthbearer.expected.issuer = null\r\n\tsasl.oauthbearer.jwks.endpoint.refresh.ms = 3600000\r\n\tsasl.oauthbearer.jwks.endpoint.retry.backoff.max.ms = 10000\r\n\tsasl.oauthbearer.jwks.endpoint.retry.backoff.ms = 100\r\n\tsasl.oauthbearer.jwks.endpoint.url = null\r\n\tsasl.oauthbearer.scope.claim.name = scope\r\n\tsasl.oauthbearer.sub.claim.name = sub\r\n\tsasl.oauthbearer.token.endpoint.url = null\r\n\tsecurity.protocol = PLAINTEXT\r\n\tsecurity.providers = null\r\n\tsend.buffer.bytes = 131072\r\n\tsocket.connection.setup.timeout.max.ms = 30000\r\n\tsocket.connection.setup.timeout.ms = 10000\r\n\tssl.cipher.suites = null\r\n\tssl.enabled.protocols = [TLSv1.2, TLSv1.3]\r\n\tssl.endpoint.identification.algorithm = https\r\n\tssl.engine.factory.class = null\r\n\tssl.key.password = null\r\n\tssl.keymanager.algorithm = SunX509\r\n\tssl.keystore.certificate.chain = null\r\n\tssl.keystore.key = null\r\n\tssl.keystore.location = null\r\n\tssl.keystore.password = null\r\n\tssl.keystore.type = JKS\r\n\tssl.protocol = TLSv1.3\r\n\tssl.provider = null\r\n\tssl.secure.random.implementation = null\r\n\tssl.trustmanager.algorithm = PKIX\r\n\tssl.truststore.certificates = null\r\n\tssl.truststore.location = null\r\n\tssl.truststore.password = null\r\n\tssl.truststore.type = JKS\r\n\ttransaction.timeout.ms = 60000\r\n\ttransactional.id = null\r\n\tvalue.serializer = class org.apache.kafka.common.serialization.ByteArraySerializer\r\n","logger_name":"org.apache.kafka.clients.producer.ProducerConfig","thread_name":"org.springframework.kafka.KafkaListenerEndpointContainer#0-0-C-1","level":"INFO","level_value":20000}
{"@timestamp":"2025-08-09T15:05:55.8895696+05:30","@version":"1","message":"initializing Kafka metrics collector","logger_name":"org.apache.kafka.common.telemetry.internals.KafkaMetricsCollector","thread_name":"org.springframework.kafka.KafkaListenerEndpointContainer#0-0-C-1","level":"INFO","level_value":20000}
{"@timestamp":"2025-08-09T15:05:55.8895696+05:30","@version":"1","message":"[Producer clientId=producer-131] Instantiated an idempotent producer.","logger_name":"org.apache.kafka.clients.producer.KafkaProducer","thread_name":"org.springframework.kafka.KafkaListenerEndpointContainer#0-0-C-1","level":"INFO","level_value":20000}
{"@timestamp":"2025-08-09T15:05:55.890568+05:30","@version":"1","message":"[Producer clientId=producer-131] Closing the Kafka producer with timeoutMillis = 0 ms.","logger_name":"org.apache.kafka.clients.producer.KafkaProducer","thread_name":"org.springframework.kafka.KafkaListenerEndpointContainer#0-0-C-1","level":"INFO","level_value":20000}
{"@timestamp":"2025-08-09T15:05:55.890568+05:30","@version":"1","message":"Metrics scheduler closed","logger_name":"org.apache.kafka.common.metrics.Metrics","thread_name":"org.springframework.kafka.KafkaListenerEndpointContainer#0-0-C-1","level":"INFO","level_value":20000}
{"@timestamp":"2025-08-09T15:05:55.890568+05:30","@version":"1","message":"Closing reporter org.apache.kafka.common.metrics.JmxReporter","logger_name":"org.apache.kafka.common.metrics.Metrics","thread_name":"org.springframework.kafka.KafkaListenerEndpointContainer#0-0-C-1","level":"INFO","level_value":20000}
{"@timestamp":"2025-08-09T15:05:55.890568+05:30","@version":"1","message":"Closing reporter org.apache.kafka.common.telemetry.internals.ClientTelemetryReporter","logger_name":"org.apache.kafka.common.metrics.Metrics","thread_name":"org.springframework.kafka.KafkaListenerEndpointContainer#0-0-C-1","level":"INFO","level_value":20000}
{"@timestamp":"2025-08-09T15:05:55.890568+05:30","@version":"1","message":"Metrics reporters closed","logger_name":"org.apache.kafka.common.metrics.Metrics","thread_name":"org.springframework.kafka.KafkaListenerEndpointContainer#0-0-C-1","level":"INFO","level_value":20000}
{"@timestamp":"2025-08-09T15:05:55.890568+05:30","@version":"1","message":"App info kafka.producer for producer-131 unregistered","logger_name":"org.apache.kafka.common.utils.AppInfoParser","thread_name":"org.springframework.kafka.KafkaListenerEndpointContainer#0-0-C-1","level":"INFO","level_value":20000}
{"@timestamp":"2025-08-09T15:05:55.8915717+05:30","@version":"1","message":"[Consumer clientId=consumer-moviebooking-admin-1, groupId=moviebooking-admin] Bootstrap broker localhost:9092 (id: -1 rack: null) disconnected","logger_name":"org.apache.kafka.clients.NetworkClient","thread_name":"org.springframework.kafka.KafkaListenerEndpointContainer#0-0-C-1","level":"WARN","level_value":30000}
{"@timestamp":"2025-08-09T15:05:55.8915717+05:30","@version":"1","message":"ProducerConfig values: \r\n\tacks = -1\r\n\tauto.include.jmx.reporter = true\r\n\tbatch.size = 16384\r\n\tbootstrap.servers = [spring.kafka.bootstrap-servers_IS_UNDEFINED]\r\n\tbuffer.memory = 33554432\r\n\tclient.dns.lookup = use_all_dns_ips\r\n\tclient.id = producer-132\r\n\tcompression.type = none\r\n\tconnections.max.idle.ms = 540000\r\n\tdelivery.timeout.ms = 120000\r\n\tenable.idempotence = true\r\n\tenable.metrics.push = true\r\n\tinterceptor.classes = []\r\n\tkey.serializer = class org.apache.kafka.common.serialization.ByteArraySerializer\r\n\tlinger.ms = 0\r\n\tmax.block.ms = 60000\r\n\tmax.in.flight.requests.per.connection = 5\r\n\tmax.request.size = 1048576\r\n\tmetadata.max.age.ms = 300000\r\n\tmetadata.max.idle.ms = 300000\r\n\tmetric.reporters = []\r\n\tmetrics.num.samples = 2\r\n\tmetrics.recording.level = INFO\r\n\tmetrics.sample.window.ms = 30000\r\n\tpartitioner.adaptive.partitioning.enable = true\r\n\tpartitioner.availability.timeout.ms = 0\r\n\tpartitioner.class = null\r\n\tpartitioner.ignore.keys = false\r\n\treceive.buffer.bytes = 32768\r\n\treconnect.backoff.max.ms = 1000\r\n\treconnect.backoff.ms = 50\r\n\trequest.timeout.ms = 30000\r\n\tretries = 2147483647\r\n\tretry.backoff.max.ms = 1000\r\n\tretry.backoff.ms = 100\r\n\tsasl.client.callback.handler.class = null\r\n\tsasl.jaas.config = null\r\n\tsasl.kerberos.kinit.cmd = /usr/bin/kinit\r\n\tsasl.kerberos.min.time.before.relogin = 60000\r\n\tsasl.kerberos.service.name = null\r\n\tsasl.kerberos.ticket.renew.jitter = 0.05\r\n\tsasl.kerberos.ticket.renew.window.factor = 0.8\r\n\tsasl.login.callback.handler.class = null\r\n\tsasl.login.class = null\r\n\tsasl.login.connect.timeout.ms = null\r\n\tsasl.login.read.timeout.ms = null\r\n\tsasl.login.refresh.buffer.seconds = 300\r\n\tsasl.login.refresh.min.period.seconds = 60\r\n\tsasl.login.refresh.window.factor = 0.8\r\n\tsasl.login.refresh.window.jitter = 0.05\r\n\tsasl.login.retry.backoff.max.ms = 10000\r\n\tsasl.login.retry.backoff.ms = 100\r\n\tsasl.mechanism = GSSAPI\r\n\tsasl.oauthbearer.clock.skew.seconds = 30\r\n\tsasl.oauthbearer.expected.audience = null\r\n\tsasl.oauthbearer.expected.issuer = null\r\n\tsasl.oauthbearer.jwks.endpoint.refresh.ms = 3600000\r\n\tsasl.oauthbearer.jwks.endpoint.retry.backoff.max.ms = 10000\r\n\tsasl.oauthbearer.jwks.endpoint.retry.backoff.ms = 100\r\n\tsasl.oauthbearer.jwks.endpoint.url = null\r\n\tsasl.oauthbearer.scope.claim.name = scope\r\n\tsasl.oauthbearer.sub.claim.name = sub\r\n\tsasl.oauthbearer.token.endpoint.url = null\r\n\tsecurity.protocol = PLAINTEXT\r\n\tsecurity.providers = null\r\n\tsend.buffer.bytes = 131072\r\n\tsocket.connection.setup.timeout.max.ms = 30000\r\n\tsocket.connection.setup.timeout.ms = 10000\r\n\tssl.cipher.suites = null\r\n\tssl.enabled.protocols = [TLSv1.2, TLSv1.3]\r\n\tssl.endpoint.identification.algorithm = https\r\n\tssl.engine.factory.class = null\r\n\tssl.key.password = null\r\n\tssl.keymanager.algorithm = SunX509\r\n\tssl.keystore.certificate.chain = null\r\n\tssl.keystore.key = null\r\n\tssl.keystore.location = null\r\n\tssl.keystore.password = null\r\n\tssl.keystore.type = JKS\r\n\tssl.protocol = TLSv1.3\r\n\tssl.provider = null\r\n\tssl.secure.random.implementation = null\r\n\tssl.trustmanager.algorithm = PKIX\r\n\tssl.truststore.certificates = null\r\n\tssl.truststore.location = null\r\n\tssl.truststore.password = null\r\n\tssl.truststore.type = JKS\r\n\ttransaction.timeout.ms = 60000\r\n\ttransactional.id = null\r\n\tvalue.serializer = class org.apache.kafka.common.serialization.ByteArraySerializer\r\n","logger_name":"org.apache.kafka.clients.producer.ProducerConfig","thread_name":"org.springframework.kafka.KafkaListenerEndpointContainer#0-0-C-1","level":"INFO","level_value":20000}
{"@timestamp":"2025-08-09T15:05:55.8915717+05:30","@version":"1","message":"initializing Kafka metrics collector","logger_name":"org.apache.kafka.common.telemetry.internals.KafkaMetricsCollector","thread_name":"org.springframework.kafka.KafkaListenerEndpointContainer#0-0-C-1","level":"INFO","level_value":20000}
{"@timestamp":"2025-08-09T15:05:55.8925741+05:30","@version":"1","message":"[Producer clientId=producer-132] Instantiated an idempotent producer.","logger_name":"org.apache.kafka.clients.producer.KafkaProducer","thread_name":"org.springframework.kafka.KafkaListenerEndpointContainer#0-0-C-1","level":"INFO","level_value":20000}
{"@timestamp":"2025-08-09T15:05:55.8925741+05:30","@version":"1","message":"[Producer clientId=producer-132] Closing the Kafka producer with timeoutMillis = 0 ms.","logger_name":"org.apache.kafka.clients.producer.KafkaProducer","thread_name":"org.springframework.kafka.KafkaListenerEndpointContainer#0-0-C-1","level":"INFO","level_value":20000}
{"@timestamp":"2025-08-09T15:05:55.8935772+05:30","@version":"1","message":"Metrics scheduler closed","logger_name":"org.apache.kafka.common.metrics.Metrics","thread_name":"org.springframework.kafka.KafkaListenerEndpointContainer#0-0-C-1","level":"INFO","level_value":20000}
{"@timestamp":"2025-08-09T15:05:55.8935772+05:30","@version":"1","message":"Closing reporter org.apache.kafka.common.metrics.JmxReporter","logger_name":"org.apache.kafka.common.metrics.Metrics","thread_name":"org.springframework.kafka.KafkaListenerEndpointContainer#0-0-C-1","level":"INFO","level_value":20000}
{"@timestamp":"2025-08-09T15:05:55.8935772+05:30","@version":"1","message":"Closing reporter org.apache.kafka.common.telemetry.internals.ClientTelemetryReporter","logger_name":"org.apache.kafka.common.metrics.Metrics","thread_name":"org.springframework.kafka.KafkaListenerEndpointContainer#0-0-C-1","level":"INFO","level_value":20000}
{"@timestamp":"2025-08-09T15:05:55.8935772+05:30","@version":"1","message":"Metrics reporters closed","logger_name":"org.apache.kafka.common.metrics.Metrics","thread_name":"org.springframework.kafka.KafkaListenerEndpointContainer#0-0-C-1","level":"INFO","level_value":20000}
{"@timestamp":"2025-08-09T15:05:55.8935772+05:30","@version":"1","message":"App info kafka.producer for producer-132 unregistered","logger_name":"org.apache.kafka.common.utils.AppInfoParser","thread_name":"org.springframework.kafka.KafkaListenerEndpointContainer#0-0-C-1","level":"INFO","level_value":20000}
{"@timestamp":"2025-08-09T15:05:56.0739418+05:30","@version":"1","message":"[Consumer clientId=consumer-moviebooking-admin-1, groupId=moviebooking-admin] Node -1 disconnected.","logger_name":"org.apache.kafka.clients.NetworkClient","thread_name":"org.springframework.kafka.KafkaListenerEndpointContainer#0-0-C-1","level":"INFO","level_value":20000}
{"@timestamp":"2025-08-09T15:05:56.0749382+05:30","@version":"1","message":"ProducerConfig values: \r\n\tacks = -1\r\n\tauto.include.jmx.reporter = true\r\n\tbatch.size = 16384\r\n\tbootstrap.servers = [spring.kafka.bootstrap-servers_IS_UNDEFINED]\r\n\tbuffer.memory = 33554432\r\n\tclient.dns.lookup = use_all_dns_ips\r\n\tclient.id = producer-133\r\n\tcompression.type = none\r\n\tconnections.max.idle.ms = 540000\r\n\tdelivery.timeout.ms = 120000\r\n\tenable.idempotence = true\r\n\tenable.metrics.push = true\r\n\tinterceptor.classes = []\r\n\tkey.serializer = class org.apache.kafka.common.serialization.ByteArraySerializer\r\n\tlinger.ms = 0\r\n\tmax.block.ms = 60000\r\n\tmax.in.flight.requests.per.connection = 5\r\n\tmax.request.size = 1048576\r\n\tmetadata.max.age.ms = 300000\r\n\tmetadata.max.idle.ms = 300000\r\n\tmetric.reporters = []\r\n\tmetrics.num.samples = 2\r\n\tmetrics.recording.level = INFO\r\n\tmetrics.sample.window.ms = 30000\r\n\tpartitioner.adaptive.partitioning.enable = true\r\n\tpartitioner.availability.timeout.ms = 0\r\n\tpartitioner.class = null\r\n\tpartitioner.ignore.keys = false\r\n\treceive.buffer.bytes = 32768\r\n\treconnect.backoff.max.ms = 1000\r\n\treconnect.backoff.ms = 50\r\n\trequest.timeout.ms = 30000\r\n\tretries = 2147483647\r\n\tretry.backoff.max.ms = 1000\r\n\tretry.backoff.ms = 100\r\n\tsasl.client.callback.handler.class = null\r\n\tsasl.jaas.config = null\r\n\tsasl.kerberos.kinit.cmd = /usr/bin/kinit\r\n\tsasl.kerberos.min.time.before.relogin = 60000\r\n\tsasl.kerberos.service.name = null\r\n\tsasl.kerberos.ticket.renew.jitter = 0.05\r\n\tsasl.kerberos.ticket.renew.window.factor = 0.8\r\n\tsasl.login.callback.handler.class = null\r\n\tsasl.login.class = null\r\n\tsasl.login.connect.timeout.ms = null\r\n\tsasl.login.read.timeout.ms = null\r\n\tsasl.login.refresh.buffer.seconds = 300\r\n\tsasl.login.refresh.min.period.seconds = 60\r\n\tsasl.login.refresh.window.factor = 0.8\r\n\tsasl.login.refresh.window.jitter = 0.05\r\n\tsasl.login.retry.backoff.max.ms = 10000\r\n\tsasl.login.retry.backoff.ms = 100\r\n\tsasl.mechanism = GSSAPI\r\n\tsasl.oauthbearer.clock.skew.seconds = 30\r\n\tsasl.oauthbearer.expected.audience = null\r\n\tsasl.oauthbearer.expected.issuer = null\r\n\tsasl.oauthbearer.jwks.endpoint.refresh.ms = 3600000\r\n\tsasl.oauthbearer.jwks.endpoint.retry.backoff.max.ms = 10000\r\n\tsasl.oauthbearer.jwks.endpoint.retry.backoff.ms = 100\r\n\tsasl.oauthbearer.jwks.endpoint.url = null\r\n\tsasl.oauthbearer.scope.claim.name = scope\r\n\tsasl.oauthbearer.sub.claim.name = sub\r\n\tsasl.oauthbearer.token.endpoint.url = null\r\n\tsecurity.protocol = PLAINTEXT\r\n\tsecurity.providers = null\r\n\tsend.buffer.bytes = 131072\r\n\tsocket.connection.setup.timeout.max.ms = 30000\r\n\tsocket.connection.setup.timeout.ms = 10000\r\n\tssl.cipher.suites = null\r\n\tssl.enabled.protocols = [TLSv1.2, TLSv1.3]\r\n\tssl.endpoint.identification.algorithm = https\r\n\tssl.engine.factory.class = null\r\n\tssl.key.password = null\r\n\tssl.keymanager.algorithm = SunX509\r\n\tssl.keystore.certificate.chain = null\r\n\tssl.keystore.key = null\r\n\tssl.keystore.location = null\r\n\tssl.keystore.password = null\r\n\tssl.keystore.type = JKS\r\n\tssl.protocol = TLSv1.3\r\n\tssl.provider = null\r\n\tssl.secure.random.implementation = null\r\n\tssl.trustmanager.algorithm = PKIX\r\n\tssl.truststore.certificates = null\r\n\tssl.truststore.location = null\r\n\tssl.truststore.password = null\r\n\tssl.truststore.type = JKS\r\n\ttransaction.timeout.ms = 60000\r\n\ttransactional.id = null\r\n\tvalue.serializer = class org.apache.kafka.common.serialization.ByteArraySerializer\r\n","logger_name":"org.apache.kafka.clients.producer.ProducerConfig","thread_name":"org.springframework.kafka.KafkaListenerEndpointContainer#0-0-C-1","level":"INFO","level_value":20000}
{"@timestamp":"2025-08-09T15:05:56.0749382+05:30","@version":"1","message":"initializing Kafka metrics collector","logger_name":"org.apache.kafka.common.telemetry.internals.KafkaMetricsCollector","thread_name":"org.springframework.kafka.KafkaListenerEndpointContainer#0-0-C-1","level":"INFO","level_value":20000}
{"@timestamp":"2025-08-09T15:05:56.0769364+05:30","@version":"1","message":"[Producer clientId=producer-133] Instantiated an idempotent producer.","logger_name":"org.apache.kafka.clients.producer.KafkaProducer","thread_name":"org.springframework.kafka.KafkaListenerEndpointContainer#0-0-C-1","level":"INFO","level_value":20000}
{"@timestamp":"2025-08-09T15:05:56.077938+05:30","@version":"1","message":"[Producer clientId=producer-133] Closing the Kafka producer with timeoutMillis = 0 ms.","logger_name":"org.apache.kafka.clients.producer.KafkaProducer","thread_name":"org.springframework.kafka.KafkaListenerEndpointContainer#0-0-C-1","level":"INFO","level_value":20000}
{"@timestamp":"2025-08-09T15:05:56.077938+05:30","@version":"1","message":"Metrics scheduler closed","logger_name":"org.apache.kafka.common.metrics.Metrics","thread_name":"org.springframework.kafka.KafkaListenerEndpointContainer#0-0-C-1","level":"INFO","level_value":20000}
{"@timestamp":"2025-08-09T15:05:56.077938+05:30","@version":"1","message":"Closing reporter org.apache.kafka.common.metrics.JmxReporter","logger_name":"org.apache.kafka.common.metrics.Metrics","thread_name":"org.springframework.kafka.KafkaListenerEndpointContainer#0-0-C-1","level":"INFO","level_value":20000}
{"@timestamp":"2025-08-09T15:05:56.077938+05:30","@version":"1","message":"Closing reporter org.apache.kafka.common.telemetry.internals.ClientTelemetryReporter","logger_name":"org.apache.kafka.common.metrics.Metrics","thread_name":"org.springframework.kafka.KafkaListenerEndpointContainer#0-0-C-1","level":"INFO","level_value":20000}
{"@timestamp":"2025-08-09T15:05:56.077938+05:30","@version":"1","message":"Metrics reporters closed","logger_name":"org.apache.kafka.common.metrics.Metrics","thread_name":"org.springframework.kafka.KafkaListenerEndpointContainer#0-0-C-1","level":"INFO","level_value":20000}
{"@timestamp":"2025-08-09T15:05:56.077938+05:30","@version":"1","message":"App info kafka.producer for producer-133 unregistered","logger_name":"org.apache.kafka.common.utils.AppInfoParser","thread_name":"org.springframework.kafka.KafkaListenerEndpointContainer#0-0-C-1","level":"INFO","level_value":20000}
{"@timestamp":"2025-08-09T15:05:56.0789375+05:30","@version":"1","message":"[Consumer clientId=consumer-moviebooking-admin-1, groupId=moviebooking-admin] Connection to node -1 (localhost/127.0.0.1:9092) could not be established. Node may not be available.","logger_name":"org.apache.kafka.clients.NetworkClient","thread_name":"org.springframework.kafka.KafkaListenerEndpointContainer#0-0-C-1","level":"WARN","level_value":30000}
{"@timestamp":"2025-08-09T15:05:56.0789375+05:30","@version":"1","message":"ProducerConfig values: \r\n\tacks = -1\r\n\tauto.include.jmx.reporter = true\r\n\tbatch.size = 16384\r\n\tbootstrap.servers = [spring.kafka.bootstrap-servers_IS_UNDEFINED]\r\n\tbuffer.memory = 33554432\r\n\tclient.dns.lookup = use_all_dns_ips\r\n\tclient.id = producer-134\r\n\tcompression.type = none\r\n\tconnections.max.idle.ms = 540000\r\n\tdelivery.timeout.ms = 120000\r\n\tenable.idempotence = true\r\n\tenable.metrics.push = true\r\n\tinterceptor.classes = []\r\n\tkey.serializer = class org.apache.kafka.common.serialization.ByteArraySerializer\r\n\tlinger.ms = 0\r\n\tmax.block.ms = 60000\r\n\tmax.in.flight.requests.per.connection = 5\r\n\tmax.request.size = 1048576\r\n\tmetadata.max.age.ms = 300000\r\n\tmetadata.max.idle.ms = 300000\r\n\tmetric.reporters = []\r\n\tmetrics.num.samples = 2\r\n\tmetrics.recording.level = INFO\r\n\tmetrics.sample.window.ms = 30000\r\n\tpartitioner.adaptive.partitioning.enable = true\r\n\tpartitioner.availability.timeout.ms = 0\r\n\tpartitioner.class = null\r\n\tpartitioner.ignore.keys = false\r\n\treceive.buffer.bytes = 32768\r\n\treconnect.backoff.max.ms = 1000\r\n\treconnect.backoff.ms = 50\r\n\trequest.timeout.ms = 30000\r\n\tretries = 2147483647\r\n\tretry.backoff.max.ms = 1000\r\n\tretry.backoff.ms = 100\r\n\tsasl.client.callback.handler.class = null\r\n\tsasl.jaas.config = null\r\n\tsasl.kerberos.kinit.cmd = /usr/bin/kinit\r\n\tsasl.kerberos.min.time.before.relogin = 60000\r\n\tsasl.kerberos.service.name = null\r\n\tsasl.kerberos.ticket.renew.jitter = 0.05\r\n\tsasl.kerberos.ticket.renew.window.factor = 0.8\r\n\tsasl.login.callback.handler.class = null\r\n\tsasl.login.class = null\r\n\tsasl.login.connect.timeout.ms = null\r\n\tsasl.login.read.timeout.ms = null\r\n\tsasl.login.refresh.buffer.seconds = 300\r\n\tsasl.login.refresh.min.period.seconds = 60\r\n\tsasl.login.refresh.window.factor = 0.8\r\n\tsasl.login.refresh.window.jitter = 0.05\r\n\tsasl.login.retry.backoff.max.ms = 10000\r\n\tsasl.login.retry.backoff.ms = 100\r\n\tsasl.mechanism = GSSAPI\r\n\tsasl.oauthbearer.clock.skew.seconds = 30\r\n\tsasl.oauthbearer.expected.audience = null\r\n\tsasl.oauthbearer.expected.issuer = null\r\n\tsasl.oauthbearer.jwks.endpoint.refresh.ms = 3600000\r\n\tsasl.oauthbearer.jwks.endpoint.retry.backoff.max.ms = 10000\r\n\tsasl.oauthbearer.jwks.endpoint.retry.backoff.ms = 100\r\n\tsasl.oauthbearer.jwks.endpoint.url = null\r\n\tsasl.oauthbearer.scope.claim.name = scope\r\n\tsasl.oauthbearer.sub.claim.name = sub\r\n\tsasl.oauthbearer.token.endpoint.url = null\r\n\tsecurity.protocol = PLAINTEXT\r\n\tsecurity.providers = null\r\n\tsend.buffer.bytes = 131072\r\n\tsocket.connection.setup.timeout.max.ms = 30000\r\n\tsocket.connection.setup.timeout.ms = 10000\r\n\tssl.cipher.suites = null\r\n\tssl.enabled.protocols = [TLSv1.2, TLSv1.3]\r\n\tssl.endpoint.identification.algorithm = https\r\n\tssl.engine.factory.class = null\r\n\tssl.key.password = null\r\n\tssl.keymanager.algorithm = SunX509\r\n\tssl.keystore.certificate.chain = null\r\n\tssl.keystore.key = null\r\n\tssl.keystore.location = null\r\n\tssl.keystore.password = null\r\n\tssl.keystore.type = JKS\r\n\tssl.protocol = TLSv1.3\r\n\tssl.provider = null\r\n\tssl.secure.random.implementation = null\r\n\tssl.trustmanager.algorithm = PKIX\r\n\tssl.truststore.certificates = null\r\n\tssl.truststore.location = null\r\n\tssl.truststore.password = null\r\n\tssl.truststore.type = JKS\r\n\ttransaction.timeout.ms = 60000\r\n\ttransactional.id = null\r\n\tvalue.serializer = class org.apache.kafka.common.serialization.ByteArraySerializer\r\n","logger_name":"org.apache.kafka.clients.producer.ProducerConfig","thread_name":"org.springframework.kafka.KafkaListenerEndpointContainer#0-0-C-1","level":"INFO","level_value":20000}
{"@timestamp":"2025-08-09T15:05:56.0799642+05:30","@version":"1","message":"initializing Kafka metrics collector","logger_name":"org.apache.kafka.common.telemetry.internals.KafkaMetricsCollector","thread_name":"org.springframework.kafka.KafkaListenerEndpointContainer#0-0-C-1","level":"INFO","level_value":20000}
{"@timestamp":"2025-08-09T15:05:56.0799642+05:30","@version":"1","message":"[Producer clientId=producer-134] Instantiated an idempotent producer.","logger_name":"org.apache.kafka.clients.producer.KafkaProducer","thread_name":"org.springframework.kafka.KafkaListenerEndpointContainer#0-0-C-1","level":"INFO","level_value":20000}
{"@timestamp":"2025-08-09T15:05:56.080954+05:30","@version":"1","message":"[Producer clientId=producer-134] Closing the Kafka producer with timeoutMillis = 0 ms.","logger_name":"org.apache.kafka.clients.producer.KafkaProducer","thread_name":"org.springframework.kafka.KafkaListenerEndpointContainer#0-0-C-1","level":"INFO","level_value":20000}
{"@timestamp":"2025-08-09T15:05:56.080954+05:30","@version":"1","message":"Metrics scheduler closed","logger_name":"org.apache.kafka.common.metrics.Metrics","thread_name":"org.springframework.kafka.KafkaListenerEndpointContainer#0-0-C-1","level":"INFO","level_value":20000}
{"@timestamp":"2025-08-09T15:05:56.080954+05:30","@version":"1","message":"Closing reporter org.apache.kafka.common.metrics.JmxReporter","logger_name":"org.apache.kafka.common.metrics.Metrics","thread_name":"org.springframework.kafka.KafkaListenerEndpointContainer#0-0-C-1","level":"INFO","level_value":20000}
{"@timestamp":"2025-08-09T15:05:56.080954+05:30","@version":"1","message":"Closing reporter org.apache.kafka.common.telemetry.internals.ClientTelemetryReporter","logger_name":"org.apache.kafka.common.metrics.Metrics","thread_name":"org.springframework.kafka.KafkaListenerEndpointContainer#0-0-C-1","level":"INFO","level_value":20000}
{"@timestamp":"2025-08-09T15:05:56.080954+05:30","@version":"1","message":"Metrics reporters closed","logger_name":"org.apache.kafka.common.metrics.Metrics","thread_name":"org.springframework.kafka.KafkaListenerEndpointContainer#0-0-C-1","level":"INFO","level_value":20000}
{"@timestamp":"2025-08-09T15:05:56.080954+05:30","@version":"1","message":"App info kafka.producer for producer-134 unregistered","logger_name":"org.apache.kafka.common.utils.AppInfoParser","thread_name":"org.springframework.kafka.KafkaListenerEndpointContainer#0-0-C-1","level":"INFO","level_value":20000}
{"@timestamp":"2025-08-09T15:05:56.0819583+05:30","@version":"1","message":"[Consumer clientId=consumer-moviebooking-admin-1, groupId=moviebooking-admin] Bootstrap broker localhost:9092 (id: -1 rack: null) disconnected","logger_name":"org.apache.kafka.clients.NetworkClient","thread_name":"org.springframework.kafka.KafkaListenerEndpointContainer#0-0-C-1","level":"WARN","level_value":30000}
{"@timestamp":"2025-08-09T15:05:56.0819583+05:30","@version":"1","message":"ProducerConfig values: \r\n\tacks = -1\r\n\tauto.include.jmx.reporter = true\r\n\tbatch.size = 16384\r\n\tbootstrap.servers = [spring.kafka.bootstrap-servers_IS_UNDEFINED]\r\n\tbuffer.memory = 33554432\r\n\tclient.dns.lookup = use_all_dns_ips\r\n\tclient.id = producer-135\r\n\tcompression.type = none\r\n\tconnections.max.idle.ms = 540000\r\n\tdelivery.timeout.ms = 120000\r\n\tenable.idempotence = true\r\n\tenable.metrics.push = true\r\n\tinterceptor.classes = []\r\n\tkey.serializer = class org.apache.kafka.common.serialization.ByteArraySerializer\r\n\tlinger.ms = 0\r\n\tmax.block.ms = 60000\r\n\tmax.in.flight.requests.per.connection = 5\r\n\tmax.request.size = 1048576\r\n\tmetadata.max.age.ms = 300000\r\n\tmetadata.max.idle.ms = 300000\r\n\tmetric.reporters = []\r\n\tmetrics.num.samples = 2\r\n\tmetrics.recording.level = INFO\r\n\tmetrics.sample.window.ms = 30000\r\n\tpartitioner.adaptive.partitioning.enable = true\r\n\tpartitioner.availability.timeout.ms = 0\r\n\tpartitioner.class = null\r\n\tpartitioner.ignore.keys = false\r\n\treceive.buffer.bytes = 32768\r\n\treconnect.backoff.max.ms = 1000\r\n\treconnect.backoff.ms = 50\r\n\trequest.timeout.ms = 30000\r\n\tretries = 2147483647\r\n\tretry.backoff.max.ms = 1000\r\n\tretry.backoff.ms = 100\r\n\tsasl.client.callback.handler.class = null\r\n\tsasl.jaas.config = null\r\n\tsasl.kerberos.kinit.cmd = /usr/bin/kinit\r\n\tsasl.kerberos.min.time.before.relogin = 60000\r\n\tsasl.kerberos.service.name = null\r\n\tsasl.kerberos.ticket.renew.jitter = 0.05\r\n\tsasl.kerberos.ticket.renew.window.factor = 0.8\r\n\tsasl.login.callback.handler.class = null\r\n\tsasl.login.class = null\r\n\tsasl.login.connect.timeout.ms = null\r\n\tsasl.login.read.timeout.ms = null\r\n\tsasl.login.refresh.buffer.seconds = 300\r\n\tsasl.login.refresh.min.period.seconds = 60\r\n\tsasl.login.refresh.window.factor = 0.8\r\n\tsasl.login.refresh.window.jitter = 0.05\r\n\tsasl.login.retry.backoff.max.ms = 10000\r\n\tsasl.login.retry.backoff.ms = 100\r\n\tsasl.mechanism = GSSAPI\r\n\tsasl.oauthbearer.clock.skew.seconds = 30\r\n\tsasl.oauthbearer.expected.audience = null\r\n\tsasl.oauthbearer.expected.issuer = null\r\n\tsasl.oauthbearer.jwks.endpoint.refresh.ms = 3600000\r\n\tsasl.oauthbearer.jwks.endpoint.retry.backoff.max.ms = 10000\r\n\tsasl.oauthbearer.jwks.endpoint.retry.backoff.ms = 100\r\n\tsasl.oauthbearer.jwks.endpoint.url = null\r\n\tsasl.oauthbearer.scope.claim.name = scope\r\n\tsasl.oauthbearer.sub.claim.name = sub\r\n\tsasl.oauthbearer.token.endpoint.url = null\r\n\tsecurity.protocol = PLAINTEXT\r\n\tsecurity.providers = null\r\n\tsend.buffer.bytes = 131072\r\n\tsocket.connection.setup.timeout.max.ms = 30000\r\n\tsocket.connection.setup.timeout.ms = 10000\r\n\tssl.cipher.suites = null\r\n\tssl.enabled.protocols = [TLSv1.2, TLSv1.3]\r\n\tssl.endpoint.identification.algorithm = https\r\n\tssl.engine.factory.class = null\r\n\tssl.key.password = null\r\n\tssl.keymanager.algorithm = SunX509\r\n\tssl.keystore.certificate.chain = null\r\n\tssl.keystore.key = null\r\n\tssl.keystore.location = null\r\n\tssl.keystore.password = null\r\n\tssl.keystore.type = JKS\r\n\tssl.protocol = TLSv1.3\r\n\tssl.provider = null\r\n\tssl.secure.random.implementation = null\r\n\tssl.trustmanager.algorithm = PKIX\r\n\tssl.truststore.certificates = null\r\n\tssl.truststore.location = null\r\n\tssl.truststore.password = null\r\n\tssl.truststore.type = JKS\r\n\ttransaction.timeout.ms = 60000\r\n\ttransactional.id = null\r\n\tvalue.serializer = class org.apache.kafka.common.serialization.ByteArraySerializer\r\n","logger_name":"org.apache.kafka.clients.producer.ProducerConfig","thread_name":"org.springframework.kafka.KafkaListenerEndpointContainer#0-0-C-1","level":"INFO","level_value":20000}
{"@timestamp":"2025-08-09T15:05:56.0829516+05:30","@version":"1","message":"initializing Kafka metrics collector","logger_name":"org.apache.kafka.common.telemetry.internals.KafkaMetricsCollector","thread_name":"org.springframework.kafka.KafkaListenerEndpointContainer#0-0-C-1","level":"INFO","level_value":20000}
{"@timestamp":"2025-08-09T15:05:56.0829516+05:30","@version":"1","message":"[Producer clientId=producer-135] Instantiated an idempotent producer.","logger_name":"org.apache.kafka.clients.producer.KafkaProducer","thread_name":"org.springframework.kafka.KafkaListenerEndpointContainer#0-0-C-1","level":"INFO","level_value":20000}
{"@timestamp":"2025-08-09T15:05:56.0829516+05:30","@version":"1","message":"[Producer clientId=producer-135] Closing the Kafka producer with timeoutMillis = 0 ms.","logger_name":"org.apache.kafka.clients.producer.KafkaProducer","thread_name":"org.springframework.kafka.KafkaListenerEndpointContainer#0-0-C-1","level":"INFO","level_value":20000}
{"@timestamp":"2025-08-09T15:05:56.0839521+05:30","@version":"1","message":"Metrics scheduler closed","logger_name":"org.apache.kafka.common.metrics.Metrics","thread_name":"org.springframework.kafka.KafkaListenerEndpointContainer#0-0-C-1","level":"INFO","level_value":20000}
{"@timestamp":"2025-08-09T15:05:56.0839521+05:30","@version":"1","message":"Closing reporter org.apache.kafka.common.metrics.JmxReporter","logger_name":"org.apache.kafka.common.metrics.Metrics","thread_name":"org.springframework.kafka.KafkaListenerEndpointContainer#0-0-C-1","level":"INFO","level_value":20000}
{"@timestamp":"2025-08-09T15:05:56.0839521+05:30","@version":"1","message":"Closing reporter org.apache.kafka.common.telemetry.internals.ClientTelemetryReporter","logger_name":"org.apache.kafka.common.metrics.Metrics","thread_name":"org.springframework.kafka.KafkaListenerEndpointContainer#0-0-C-1","level":"INFO","level_value":20000}
{"@timestamp":"2025-08-09T15:05:56.0839521+05:30","@version":"1","message":"Metrics reporters closed","logger_name":"org.apache.kafka.common.metrics.Metrics","thread_name":"org.springframework.kafka.KafkaListenerEndpointContainer#0-0-C-1","level":"INFO","level_value":20000}
{"@timestamp":"2025-08-09T15:05:56.0839521+05:30","@version":"1","message":"App info kafka.producer for producer-135 unregistered","logger_name":"org.apache.kafka.common.utils.AppInfoParser","thread_name":"org.springframework.kafka.KafkaListenerEndpointContainer#0-0-C-1","level":"INFO","level_value":20000}
{"@timestamp":"2025-08-09T15:05:56.4694018+05:30","@version":"1","message":"[Consumer clientId=consumer-moviebooking-admin-1, groupId=moviebooking-admin] Node -1 disconnected.","logger_name":"org.apache.kafka.clients.NetworkClient","thread_name":"org.springframework.kafka.KafkaListenerEndpointContainer#0-0-C-1","level":"INFO","level_value":20000}
{"@timestamp":"2025-08-09T15:05:56.4704053+05:30","@version":"1","message":"ProducerConfig values: \r\n\tacks = -1\r\n\tauto.include.jmx.reporter = true\r\n\tbatch.size = 16384\r\n\tbootstrap.servers = [spring.kafka.bootstrap-servers_IS_UNDEFINED]\r\n\tbuffer.memory = 33554432\r\n\tclient.dns.lookup = use_all_dns_ips\r\n\tclient.id = producer-136\r\n\tcompression.type = none\r\n\tconnections.max.idle.ms = 540000\r\n\tdelivery.timeout.ms = 120000\r\n\tenable.idempotence = true\r\n\tenable.metrics.push = true\r\n\tinterceptor.classes = []\r\n\tkey.serializer = class org.apache.kafka.common.serialization.ByteArraySerializer\r\n\tlinger.ms = 0\r\n\tmax.block.ms = 60000\r\n\tmax.in.flight.requests.per.connection = 5\r\n\tmax.request.size = 1048576\r\n\tmetadata.max.age.ms = 300000\r\n\tmetadata.max.idle.ms = 300000\r\n\tmetric.reporters = []\r\n\tmetrics.num.samples = 2\r\n\tmetrics.recording.level = INFO\r\n\tmetrics.sample.window.ms = 30000\r\n\tpartitioner.adaptive.partitioning.enable = true\r\n\tpartitioner.availability.timeout.ms = 0\r\n\tpartitioner.class = null\r\n\tpartitioner.ignore.keys = false\r\n\treceive.buffer.bytes = 32768\r\n\treconnect.backoff.max.ms = 1000\r\n\treconnect.backoff.ms = 50\r\n\trequest.timeout.ms = 30000\r\n\tretries = 2147483647\r\n\tretry.backoff.max.ms = 1000\r\n\tretry.backoff.ms = 100\r\n\tsasl.client.callback.handler.class = null\r\n\tsasl.jaas.config = null\r\n\tsasl.kerberos.kinit.cmd = /usr/bin/kinit\r\n\tsasl.kerberos.min.time.before.relogin = 60000\r\n\tsasl.kerberos.service.name = null\r\n\tsasl.kerberos.ticket.renew.jitter = 0.05\r\n\tsasl.kerberos.ticket.renew.window.factor = 0.8\r\n\tsasl.login.callback.handler.class = null\r\n\tsasl.login.class = null\r\n\tsasl.login.connect.timeout.ms = null\r\n\tsasl.login.read.timeout.ms = null\r\n\tsasl.login.refresh.buffer.seconds = 300\r\n\tsasl.login.refresh.min.period.seconds = 60\r\n\tsasl.login.refresh.window.factor = 0.8\r\n\tsasl.login.refresh.window.jitter = 0.05\r\n\tsasl.login.retry.backoff.max.ms = 10000\r\n\tsasl.login.retry.backoff.ms = 100\r\n\tsasl.mechanism = GSSAPI\r\n\tsasl.oauthbearer.clock.skew.seconds = 30\r\n\tsasl.oauthbearer.expected.audience = null\r\n\tsasl.oauthbearer.expected.issuer = null\r\n\tsasl.oauthbearer.jwks.endpoint.refresh.ms = 3600000\r\n\tsasl.oauthbearer.jwks.endpoint.retry.backoff.max.ms = 10000\r\n\tsasl.oauthbearer.jwks.endpoint.retry.backoff.ms = 100\r\n\tsasl.oauthbearer.jwks.endpoint.url = null\r\n\tsasl.oauthbearer.scope.claim.name = scope\r\n\tsasl.oauthbearer.sub.claim.name = sub\r\n\tsasl.oauthbearer.token.endpoint.url = null\r\n\tsecurity.protocol = PLAINTEXT\r\n\tsecurity.providers = null\r\n\tsend.buffer.bytes = 131072\r\n\tsocket.connection.setup.timeout.max.ms = 30000\r\n\tsocket.connection.setup.timeout.ms = 10000\r\n\tssl.cipher.suites = null\r\n\tssl.enabled.protocols = [TLSv1.2, TLSv1.3]\r\n\tssl.endpoint.identification.algorithm = https\r\n\tssl.engine.factory.class = null\r\n\tssl.key.password = null\r\n\tssl.keymanager.algorithm = SunX509\r\n\tssl.keystore.certificate.chain = null\r\n\tssl.keystore.key = null\r\n\tssl.keystore.location = null\r\n\tssl.keystore.password = null\r\n\tssl.keystore.type = JKS\r\n\tssl.protocol = TLSv1.3\r\n\tssl.provider = null\r\n\tssl.secure.random.implementation = null\r\n\tssl.trustmanager.algorithm = PKIX\r\n\tssl.truststore.certificates = null\r\n\tssl.truststore.location = null\r\n\tssl.truststore.password = null\r\n\tssl.truststore.type = JKS\r\n\ttransaction.timeout.ms = 60000\r\n\ttransactional.id = null\r\n\tvalue.serializer = class org.apache.kafka.common.serialization.ByteArraySerializer\r\n","logger_name":"org.apache.kafka.clients.producer.ProducerConfig","thread_name":"org.springframework.kafka.KafkaListenerEndpointContainer#0-0-C-1","level":"INFO","level_value":20000}
{"@timestamp":"2025-08-09T15:05:56.4704053+05:30","@version":"1","message":"initializing Kafka metrics collector","logger_name":"org.apache.kafka.common.telemetry.internals.KafkaMetricsCollector","thread_name":"org.springframework.kafka.KafkaListenerEndpointContainer#0-0-C-1","level":"INFO","level_value":20000}
{"@timestamp":"2025-08-09T15:05:56.4727912+05:30","@version":"1","message":"[Producer clientId=producer-136] Instantiated an idempotent producer.","logger_name":"org.apache.kafka.clients.producer.KafkaProducer","thread_name":"org.springframework.kafka.KafkaListenerEndpointContainer#0-0-C-1","level":"INFO","level_value":20000}
{"@timestamp":"2025-08-09T15:05:56.4737947+05:30","@version":"1","message":"[Producer clientId=producer-136] Closing the Kafka producer with timeoutMillis = 0 ms.","logger_name":"org.apache.kafka.clients.producer.KafkaProducer","thread_name":"org.springframework.kafka.KafkaListenerEndpointContainer#0-0-C-1","level":"INFO","level_value":20000}
{"@timestamp":"2025-08-09T15:05:56.4737947+05:30","@version":"1","message":"Metrics scheduler closed","logger_name":"org.apache.kafka.common.metrics.Metrics","thread_name":"org.springframework.kafka.KafkaListenerEndpointContainer#0-0-C-1","level":"INFO","level_value":20000}
{"@timestamp":"2025-08-09T15:05:56.4737947+05:30","@version":"1","message":"Closing reporter org.apache.kafka.common.metrics.JmxReporter","logger_name":"org.apache.kafka.common.metrics.Metrics","thread_name":"org.springframework.kafka.KafkaListenerEndpointContainer#0-0-C-1","level":"INFO","level_value":20000}
{"@timestamp":"2025-08-09T15:05:56.4737947+05:30","@version":"1","message":"Closing reporter org.apache.kafka.common.telemetry.internals.ClientTelemetryReporter","logger_name":"org.apache.kafka.common.metrics.Metrics","thread_name":"org.springframework.kafka.KafkaListenerEndpointContainer#0-0-C-1","level":"INFO","level_value":20000}
{"@timestamp":"2025-08-09T15:05:56.4737947+05:30","@version":"1","message":"Metrics reporters closed","logger_name":"org.apache.kafka.common.metrics.Metrics","thread_name":"org.springframework.kafka.KafkaListenerEndpointContainer#0-0-C-1","level":"INFO","level_value":20000}
{"@timestamp":"2025-08-09T15:05:56.4747918+05:30","@version":"1","message":"App info kafka.producer for producer-136 unregistered","logger_name":"org.apache.kafka.common.utils.AppInfoParser","thread_name":"org.springframework.kafka.KafkaListenerEndpointContainer#0-0-C-1","level":"INFO","level_value":20000}
{"@timestamp":"2025-08-09T15:05:56.4747918+05:30","@version":"1","message":"[Consumer clientId=consumer-moviebooking-admin-1, groupId=moviebooking-admin] Connection to node -1 (localhost/127.0.0.1:9092) could not be established. Node may not be available.","logger_name":"org.apache.kafka.clients.NetworkClient","thread_name":"org.springframework.kafka.KafkaListenerEndpointContainer#0-0-C-1","level":"WARN","level_value":30000}
{"@timestamp":"2025-08-09T15:05:56.4747918+05:30","@version":"1","message":"ProducerConfig values: \r\n\tacks = -1\r\n\tauto.include.jmx.reporter = true\r\n\tbatch.size = 16384\r\n\tbootstrap.servers = [spring.kafka.bootstrap-servers_IS_UNDEFINED]\r\n\tbuffer.memory = 33554432\r\n\tclient.dns.lookup = use_all_dns_ips\r\n\tclient.id = producer-137\r\n\tcompression.type = none\r\n\tconnections.max.idle.ms = 540000\r\n\tdelivery.timeout.ms = 120000\r\n\tenable.idempotence = true\r\n\tenable.metrics.push = true\r\n\tinterceptor.classes = []\r\n\tkey.serializer = class org.apache.kafka.common.serialization.ByteArraySerializer\r\n\tlinger.ms = 0\r\n\tmax.block.ms = 60000\r\n\tmax.in.flight.requests.per.connection = 5\r\n\tmax.request.size = 1048576\r\n\tmetadata.max.age.ms = 300000\r\n\tmetadata.max.idle.ms = 300000\r\n\tmetric.reporters = []\r\n\tmetrics.num.samples = 2\r\n\tmetrics.recording.level = INFO\r\n\tmetrics.sample.window.ms = 30000\r\n\tpartitioner.adaptive.partitioning.enable = true\r\n\tpartitioner.availability.timeout.ms = 0\r\n\tpartitioner.class = null\r\n\tpartitioner.ignore.keys = false\r\n\treceive.buffer.bytes = 32768\r\n\treconnect.backoff.max.ms = 1000\r\n\treconnect.backoff.ms = 50\r\n\trequest.timeout.ms = 30000\r\n\tretries = 2147483647\r\n\tretry.backoff.max.ms = 1000\r\n\tretry.backoff.ms = 100\r\n\tsasl.client.callback.handler.class = null\r\n\tsasl.jaas.config = null\r\n\tsasl.kerberos.kinit.cmd = /usr/bin/kinit\r\n\tsasl.kerberos.min.time.before.relogin = 60000\r\n\tsasl.kerberos.service.name = null\r\n\tsasl.kerberos.ticket.renew.jitter = 0.05\r\n\tsasl.kerberos.ticket.renew.window.factor = 0.8\r\n\tsasl.login.callback.handler.class = null\r\n\tsasl.login.class = null\r\n\tsasl.login.connect.timeout.ms = null\r\n\tsasl.login.read.timeout.ms = null\r\n\tsasl.login.refresh.buffer.seconds = 300\r\n\tsasl.login.refresh.min.period.seconds = 60\r\n\tsasl.login.refresh.window.factor = 0.8\r\n\tsasl.login.refresh.window.jitter = 0.05\r\n\tsasl.login.retry.backoff.max.ms = 10000\r\n\tsasl.login.retry.backoff.ms = 100\r\n\tsasl.mechanism = GSSAPI\r\n\tsasl.oauthbearer.clock.skew.seconds = 30\r\n\tsasl.oauthbearer.expected.audience = null\r\n\tsasl.oauthbearer.expected.issuer = null\r\n\tsasl.oauthbearer.jwks.endpoint.refresh.ms = 3600000\r\n\tsasl.oauthbearer.jwks.endpoint.retry.backoff.max.ms = 10000\r\n\tsasl.oauthbearer.jwks.endpoint.retry.backoff.ms = 100\r\n\tsasl.oauthbearer.jwks.endpoint.url = null\r\n\tsasl.oauthbearer.scope.claim.name = scope\r\n\tsasl.oauthbearer.sub.claim.name = sub\r\n\tsasl.oauthbearer.token.endpoint.url = null\r\n\tsecurity.protocol = PLAINTEXT\r\n\tsecurity.providers = null\r\n\tsend.buffer.bytes = 131072\r\n\tsocket.connection.setup.timeout.max.ms = 30000\r\n\tsocket.connection.setup.timeout.ms = 10000\r\n\tssl.cipher.suites = null\r\n\tssl.enabled.protocols = [TLSv1.2, TLSv1.3]\r\n\tssl.endpoint.identification.algorithm = https\r\n\tssl.engine.factory.class = null\r\n\tssl.key.password = null\r\n\tssl.keymanager.algorithm = SunX509\r\n\tssl.keystore.certificate.chain = null\r\n\tssl.keystore.key = null\r\n\tssl.keystore.location = null\r\n\tssl.keystore.password = null\r\n\tssl.keystore.type = JKS\r\n\tssl.protocol = TLSv1.3\r\n\tssl.provider = null\r\n\tssl.secure.random.implementation = null\r\n\tssl.trustmanager.algorithm = PKIX\r\n\tssl.truststore.certificates = null\r\n\tssl.truststore.location = null\r\n\tssl.truststore.password = null\r\n\tssl.truststore.type = JKS\r\n\ttransaction.timeout.ms = 60000\r\n\ttransactional.id = null\r\n\tvalue.serializer = class org.apache.kafka.common.serialization.ByteArraySerializer\r\n","logger_name":"org.apache.kafka.clients.producer.ProducerConfig","thread_name":"org.springframework.kafka.KafkaListenerEndpointContainer#0-0-C-1","level":"INFO","level_value":20000}
{"@timestamp":"2025-08-09T15:05:56.4757908+05:30","@version":"1","message":"initializing Kafka metrics collector","logger_name":"org.apache.kafka.common.telemetry.internals.KafkaMetricsCollector","thread_name":"org.springframework.kafka.KafkaListenerEndpointContainer#0-0-C-1","level":"INFO","level_value":20000}
{"@timestamp":"2025-08-09T15:05:56.4757908+05:30","@version":"1","message":"[Producer clientId=producer-137] Instantiated an idempotent producer.","logger_name":"org.apache.kafka.clients.producer.KafkaProducer","thread_name":"org.springframework.kafka.KafkaListenerEndpointContainer#0-0-C-1","level":"INFO","level_value":20000}
{"@timestamp":"2025-08-09T15:05:56.476791+05:30","@version":"1","message":"[Producer clientId=producer-137] Closing the Kafka producer with timeoutMillis = 0 ms.","logger_name":"org.apache.kafka.clients.producer.KafkaProducer","thread_name":"org.springframework.kafka.KafkaListenerEndpointContainer#0-0-C-1","level":"INFO","level_value":20000}
{"@timestamp":"2025-08-09T15:05:56.476791+05:30","@version":"1","message":"Metrics scheduler closed","logger_name":"org.apache.kafka.common.metrics.Metrics","thread_name":"org.springframework.kafka.KafkaListenerEndpointContainer#0-0-C-1","level":"INFO","level_value":20000}
{"@timestamp":"2025-08-09T15:05:56.476791+05:30","@version":"1","message":"Closing reporter org.apache.kafka.common.metrics.JmxReporter","logger_name":"org.apache.kafka.common.metrics.Metrics","thread_name":"org.springframework.kafka.KafkaListenerEndpointContainer#0-0-C-1","level":"INFO","level_value":20000}
{"@timestamp":"2025-08-09T15:05:56.476791+05:30","@version":"1","message":"Closing reporter org.apache.kafka.common.telemetry.internals.ClientTelemetryReporter","logger_name":"org.apache.kafka.common.metrics.Metrics","thread_name":"org.springframework.kafka.KafkaListenerEndpointContainer#0-0-C-1","level":"INFO","level_value":20000}
{"@timestamp":"2025-08-09T15:05:56.476791+05:30","@version":"1","message":"Metrics reporters closed","logger_name":"org.apache.kafka.common.metrics.Metrics","thread_name":"org.springframework.kafka.KafkaListenerEndpointContainer#0-0-C-1","level":"INFO","level_value":20000}
{"@timestamp":"2025-08-09T15:05:56.4777905+05:30","@version":"1","message":"App info kafka.producer for producer-137 unregistered","logger_name":"org.apache.kafka.common.utils.AppInfoParser","thread_name":"org.springframework.kafka.KafkaListenerEndpointContainer#0-0-C-1","level":"INFO","level_value":20000}
{"@timestamp":"2025-08-09T15:05:56.4777905+05:30","@version":"1","message":"[Consumer clientId=consumer-moviebooking-admin-1, groupId=moviebooking-admin] Bootstrap broker localhost:9092 (id: -1 rack: null) disconnected","logger_name":"org.apache.kafka.clients.NetworkClient","thread_name":"org.springframework.kafka.KafkaListenerEndpointContainer#0-0-C-1","level":"WARN","level_value":30000}
{"@timestamp":"2025-08-09T15:05:56.4777905+05:30","@version":"1","message":"ProducerConfig values: \r\n\tacks = -1\r\n\tauto.include.jmx.reporter = true\r\n\tbatch.size = 16384\r\n\tbootstrap.servers = [spring.kafka.bootstrap-servers_IS_UNDEFINED]\r\n\tbuffer.memory = 33554432\r\n\tclient.dns.lookup = use_all_dns_ips\r\n\tclient.id = producer-138\r\n\tcompression.type = none\r\n\tconnections.max.idle.ms = 540000\r\n\tdelivery.timeout.ms = 120000\r\n\tenable.idempotence = true\r\n\tenable.metrics.push = true\r\n\tinterceptor.classes = []\r\n\tkey.serializer = class org.apache.kafka.common.serialization.ByteArraySerializer\r\n\tlinger.ms = 0\r\n\tmax.block.ms = 60000\r\n\tmax.in.flight.requests.per.connection = 5\r\n\tmax.request.size = 1048576\r\n\tmetadata.max.age.ms = 300000\r\n\tmetadata.max.idle.ms = 300000\r\n\tmetric.reporters = []\r\n\tmetrics.num.samples = 2\r\n\tmetrics.recording.level = INFO\r\n\tmetrics.sample.window.ms = 30000\r\n\tpartitioner.adaptive.partitioning.enable = true\r\n\tpartitioner.availability.timeout.ms = 0\r\n\tpartitioner.class = null\r\n\tpartitioner.ignore.keys = false\r\n\treceive.buffer.bytes = 32768\r\n\treconnect.backoff.max.ms = 1000\r\n\treconnect.backoff.ms = 50\r\n\trequest.timeout.ms = 30000\r\n\tretries = 2147483647\r\n\tretry.backoff.max.ms = 1000\r\n\tretry.backoff.ms = 100\r\n\tsasl.client.callback.handler.class = null\r\n\tsasl.jaas.config = null\r\n\tsasl.kerberos.kinit.cmd = /usr/bin/kinit\r\n\tsasl.kerberos.min.time.before.relogin = 60000\r\n\tsasl.kerberos.service.name = null\r\n\tsasl.kerberos.ticket.renew.jitter = 0.05\r\n\tsasl.kerberos.ticket.renew.window.factor = 0.8\r\n\tsasl.login.callback.handler.class = null\r\n\tsasl.login.class = null\r\n\tsasl.login.connect.timeout.ms = null\r\n\tsasl.login.read.timeout.ms = null\r\n\tsasl.login.refresh.buffer.seconds = 300\r\n\tsasl.login.refresh.min.period.seconds = 60\r\n\tsasl.login.refresh.window.factor = 0.8\r\n\tsasl.login.refresh.window.jitter = 0.05\r\n\tsasl.login.retry.backoff.max.ms = 10000\r\n\tsasl.login.retry.backoff.ms = 100\r\n\tsasl.mechanism = GSSAPI\r\n\tsasl.oauthbearer.clock.skew.seconds = 30\r\n\tsasl.oauthbearer.expected.audience = null\r\n\tsasl.oauthbearer.expected.issuer = null\r\n\tsasl.oauthbearer.jwks.endpoint.refresh.ms = 3600000\r\n\tsasl.oauthbearer.jwks.endpoint.retry.backoff.max.ms = 10000\r\n\tsasl.oauthbearer.jwks.endpoint.retry.backoff.ms = 100\r\n\tsasl.oauthbearer.jwks.endpoint.url = null\r\n\tsasl.oauthbearer.scope.claim.name = scope\r\n\tsasl.oauthbearer.sub.claim.name = sub\r\n\tsasl.oauthbearer.token.endpoint.url = null\r\n\tsecurity.protocol = PLAINTEXT\r\n\tsecurity.providers = null\r\n\tsend.buffer.bytes = 131072\r\n\tsocket.connection.setup.timeout.max.ms = 30000\r\n\tsocket.connection.setup.timeout.ms = 10000\r\n\tssl.cipher.suites = null\r\n\tssl.enabled.protocols = [TLSv1.2, TLSv1.3]\r\n\tssl.endpoint.identification.algorithm = https\r\n\tssl.engine.factory.class = null\r\n\tssl.key.password = null\r\n\tssl.keymanager.algorithm = SunX509\r\n\tssl.keystore.certificate.chain = null\r\n\tssl.keystore.key = null\r\n\tssl.keystore.location = null\r\n\tssl.keystore.password = null\r\n\tssl.keystore.type = JKS\r\n\tssl.protocol = TLSv1.3\r\n\tssl.provider = null\r\n\tssl.secure.random.implementation = null\r\n\tssl.trustmanager.algorithm = PKIX\r\n\tssl.truststore.certificates = null\r\n\tssl.truststore.location = null\r\n\tssl.truststore.password = null\r\n\tssl.truststore.type = JKS\r\n\ttransaction.timeout.ms = 60000\r\n\ttransactional.id = null\r\n\tvalue.serializer = class org.apache.kafka.common.serialization.ByteArraySerializer\r\n","logger_name":"org.apache.kafka.clients.producer.ProducerConfig","thread_name":"org.springframework.kafka.KafkaListenerEndpointContainer#0-0-C-1","level":"INFO","level_value":20000}
{"@timestamp":"2025-08-09T15:05:56.4787941+05:30","@version":"1","message":"initializing Kafka metrics collector","logger_name":"org.apache.kafka.common.telemetry.internals.KafkaMetricsCollector","thread_name":"org.springframework.kafka.KafkaListenerEndpointContainer#0-0-C-1","level":"INFO","level_value":20000}
{"@timestamp":"2025-08-09T15:05:56.4798436+05:30","@version":"1","message":"[Producer clientId=producer-138] Instantiated an idempotent producer.","logger_name":"org.apache.kafka.clients.producer.KafkaProducer","thread_name":"org.springframework.kafka.KafkaListenerEndpointContainer#0-0-C-1","level":"INFO","level_value":20000}
{"@timestamp":"2025-08-09T15:05:56.4807963+05:30","@version":"1","message":"[Producer clientId=producer-138] Closing the Kafka producer with timeoutMillis = 0 ms.","logger_name":"org.apache.kafka.clients.producer.KafkaProducer","thread_name":"org.springframework.kafka.KafkaListenerEndpointContainer#0-0-C-1","level":"INFO","level_value":20000}
{"@timestamp":"2025-08-09T15:05:56.4807963+05:30","@version":"1","message":"Metrics scheduler closed","logger_name":"org.apache.kafka.common.metrics.Metrics","thread_name":"org.springframework.kafka.KafkaListenerEndpointContainer#0-0-C-1","level":"INFO","level_value":20000}
{"@timestamp":"2025-08-09T15:05:56.4807963+05:30","@version":"1","message":"Closing reporter org.apache.kafka.common.metrics.JmxReporter","logger_name":"org.apache.kafka.common.metrics.Metrics","thread_name":"org.springframework.kafka.KafkaListenerEndpointContainer#0-0-C-1","level":"INFO","level_value":20000}
{"@timestamp":"2025-08-09T15:05:56.4821909+05:30","@version":"1","message":"Closing reporter org.apache.kafka.common.telemetry.internals.ClientTelemetryReporter","logger_name":"org.apache.kafka.common.metrics.Metrics","thread_name":"org.springframework.kafka.KafkaListenerEndpointContainer#0-0-C-1","level":"INFO","level_value":20000}
{"@timestamp":"2025-08-09T15:05:56.4821909+05:30","@version":"1","message":"Metrics reporters closed","logger_name":"org.apache.kafka.common.metrics.Metrics","thread_name":"org.springframework.kafka.KafkaListenerEndpointContainer#0-0-C-1","level":"INFO","level_value":20000}
{"@timestamp":"2025-08-09T15:05:56.4821909+05:30","@version":"1","message":"App info kafka.producer for producer-138 unregistered","logger_name":"org.apache.kafka.common.utils.AppInfoParser","thread_name":"org.springframework.kafka.KafkaListenerEndpointContainer#0-0-C-1","level":"INFO","level_value":20000}
{"@timestamp":"2025-08-09T15:05:57.4215298+05:30","@version":"1","message":"[Consumer clientId=consumer-moviebooking-admin-1, groupId=moviebooking-admin] Node -1 disconnected.","logger_name":"org.apache.kafka.clients.NetworkClient","thread_name":"org.springframework.kafka.KafkaListenerEndpointContainer#0-0-C-1","level":"INFO","level_value":20000}
{"@timestamp":"2025-08-09T15:05:57.4225326+05:30","@version":"1","message":"ProducerConfig values: \r\n\tacks = -1\r\n\tauto.include.jmx.reporter = true\r\n\tbatch.size = 16384\r\n\tbootstrap.servers = [spring.kafka.bootstrap-servers_IS_UNDEFINED]\r\n\tbuffer.memory = 33554432\r\n\tclient.dns.lookup = use_all_dns_ips\r\n\tclient.id = producer-139\r\n\tcompression.type = none\r\n\tconnections.max.idle.ms = 540000\r\n\tdelivery.timeout.ms = 120000\r\n\tenable.idempotence = true\r\n\tenable.metrics.push = true\r\n\tinterceptor.classes = []\r\n\tkey.serializer = class org.apache.kafka.common.serialization.ByteArraySerializer\r\n\tlinger.ms = 0\r\n\tmax.block.ms = 60000\r\n\tmax.in.flight.requests.per.connection = 5\r\n\tmax.request.size = 1048576\r\n\tmetadata.max.age.ms = 300000\r\n\tmetadata.max.idle.ms = 300000\r\n\tmetric.reporters = []\r\n\tmetrics.num.samples = 2\r\n\tmetrics.recording.level = INFO\r\n\tmetrics.sample.window.ms = 30000\r\n\tpartitioner.adaptive.partitioning.enable = true\r\n\tpartitioner.availability.timeout.ms = 0\r\n\tpartitioner.class = null\r\n\tpartitioner.ignore.keys = false\r\n\treceive.buffer.bytes = 32768\r\n\treconnect.backoff.max.ms = 1000\r\n\treconnect.backoff.ms = 50\r\n\trequest.timeout.ms = 30000\r\n\tretries = 2147483647\r\n\tretry.backoff.max.ms = 1000\r\n\tretry.backoff.ms = 100\r\n\tsasl.client.callback.handler.class = null\r\n\tsasl.jaas.config = null\r\n\tsasl.kerberos.kinit.cmd = /usr/bin/kinit\r\n\tsasl.kerberos.min.time.before.relogin = 60000\r\n\tsasl.kerberos.service.name = null\r\n\tsasl.kerberos.ticket.renew.jitter = 0.05\r\n\tsasl.kerberos.ticket.renew.window.factor = 0.8\r\n\tsasl.login.callback.handler.class = null\r\n\tsasl.login.class = null\r\n\tsasl.login.connect.timeout.ms = null\r\n\tsasl.login.read.timeout.ms = null\r\n\tsasl.login.refresh.buffer.seconds = 300\r\n\tsasl.login.refresh.min.period.seconds = 60\r\n\tsasl.login.refresh.window.factor = 0.8\r\n\tsasl.login.refresh.window.jitter = 0.05\r\n\tsasl.login.retry.backoff.max.ms = 10000\r\n\tsasl.login.retry.backoff.ms = 100\r\n\tsasl.mechanism = GSSAPI\r\n\tsasl.oauthbearer.clock.skew.seconds = 30\r\n\tsasl.oauthbearer.expected.audience = null\r\n\tsasl.oauthbearer.expected.issuer = null\r\n\tsasl.oauthbearer.jwks.endpoint.refresh.ms = 3600000\r\n\tsasl.oauthbearer.jwks.endpoint.retry.backoff.max.ms = 10000\r\n\tsasl.oauthbearer.jwks.endpoint.retry.backoff.ms = 100\r\n\tsasl.oauthbearer.jwks.endpoint.url = null\r\n\tsasl.oauthbearer.scope.claim.name = scope\r\n\tsasl.oauthbearer.sub.claim.name = sub\r\n\tsasl.oauthbearer.token.endpoint.url = null\r\n\tsecurity.protocol = PLAINTEXT\r\n\tsecurity.providers = null\r\n\tsend.buffer.bytes = 131072\r\n\tsocket.connection.setup.timeout.max.ms = 30000\r\n\tsocket.connection.setup.timeout.ms = 10000\r\n\tssl.cipher.suites = null\r\n\tssl.enabled.protocols = [TLSv1.2, TLSv1.3]\r\n\tssl.endpoint.identification.algorithm = https\r\n\tssl.engine.factory.class = null\r\n\tssl.key.password = null\r\n\tssl.keymanager.algorithm = SunX509\r\n\tssl.keystore.certificate.chain = null\r\n\tssl.keystore.key = null\r\n\tssl.keystore.location = null\r\n\tssl.keystore.password = null\r\n\tssl.keystore.type = JKS\r\n\tssl.protocol = TLSv1.3\r\n\tssl.provider = null\r\n\tssl.secure.random.implementation = null\r\n\tssl.trustmanager.algorithm = PKIX\r\n\tssl.truststore.certificates = null\r\n\tssl.truststore.location = null\r\n\tssl.truststore.password = null\r\n\tssl.truststore.type = JKS\r\n\ttransaction.timeout.ms = 60000\r\n\ttransactional.id = null\r\n\tvalue.serializer = class org.apache.kafka.common.serialization.ByteArraySerializer\r\n","logger_name":"org.apache.kafka.clients.producer.ProducerConfig","thread_name":"org.springframework.kafka.KafkaListenerEndpointContainer#0-0-C-1","level":"INFO","level_value":20000}
{"@timestamp":"2025-08-09T15:05:57.4235327+05:30","@version":"1","message":"initializing Kafka metrics collector","logger_name":"org.apache.kafka.common.telemetry.internals.KafkaMetricsCollector","thread_name":"org.springframework.kafka.KafkaListenerEndpointContainer#0-0-C-1","level":"INFO","level_value":20000}
{"@timestamp":"2025-08-09T15:05:57.4249193+05:30","@version":"1","message":"[Producer clientId=producer-139] Instantiated an idempotent producer.","logger_name":"org.apache.kafka.clients.producer.KafkaProducer","thread_name":"org.springframework.kafka.KafkaListenerEndpointContainer#0-0-C-1","level":"INFO","level_value":20000}
{"@timestamp":"2025-08-09T15:05:57.4259544+05:30","@version":"1","message":"[Producer clientId=producer-139] Closing the Kafka producer with timeoutMillis = 0 ms.","logger_name":"org.apache.kafka.clients.producer.KafkaProducer","thread_name":"org.springframework.kafka.KafkaListenerEndpointContainer#0-0-C-1","level":"INFO","level_value":20000}
{"@timestamp":"2025-08-09T15:05:57.4269556+05:30","@version":"1","message":"Metrics scheduler closed","logger_name":"org.apache.kafka.common.metrics.Metrics","thread_name":"org.springframework.kafka.KafkaListenerEndpointContainer#0-0-C-1","level":"INFO","level_value":20000}
{"@timestamp":"2025-08-09T15:05:57.4269556+05:30","@version":"1","message":"Closing reporter org.apache.kafka.common.metrics.JmxReporter","logger_name":"org.apache.kafka.common.metrics.Metrics","thread_name":"org.springframework.kafka.KafkaListenerEndpointContainer#0-0-C-1","level":"INFO","level_value":20000}
{"@timestamp":"2025-08-09T15:05:57.4269556+05:30","@version":"1","message":"Closing reporter org.apache.kafka.common.telemetry.internals.ClientTelemetryReporter","logger_name":"org.apache.kafka.common.metrics.Metrics","thread_name":"org.springframework.kafka.KafkaListenerEndpointContainer#0-0-C-1","level":"INFO","level_value":20000}
{"@timestamp":"2025-08-09T15:05:57.4279549+05:30","@version":"1","message":"Metrics reporters closed","logger_name":"org.apache.kafka.common.metrics.Metrics","thread_name":"org.springframework.kafka.KafkaListenerEndpointContainer#0-0-C-1","level":"INFO","level_value":20000}
{"@timestamp":"2025-08-09T15:05:57.4279549+05:30","@version":"1","message":"App info kafka.producer for producer-139 unregistered","logger_name":"org.apache.kafka.common.utils.AppInfoParser","thread_name":"org.springframework.kafka.KafkaListenerEndpointContainer#0-0-C-1","level":"INFO","level_value":20000}
{"@timestamp":"2025-08-09T15:05:57.4279549+05:30","@version":"1","message":"[Consumer clientId=consumer-moviebooking-admin-1, groupId=moviebooking-admin] Connection to node -1 (localhost/127.0.0.1:9092) could not be established. Node may not be available.","logger_name":"org.apache.kafka.clients.NetworkClient","thread_name":"org.springframework.kafka.KafkaListenerEndpointContainer#0-0-C-1","level":"WARN","level_value":30000}
{"@timestamp":"2025-08-09T15:05:57.4289541+05:30","@version":"1","message":"ProducerConfig values: \r\n\tacks = -1\r\n\tauto.include.jmx.reporter = true\r\n\tbatch.size = 16384\r\n\tbootstrap.servers = [spring.kafka.bootstrap-servers_IS_UNDEFINED]\r\n\tbuffer.memory = 33554432\r\n\tclient.dns.lookup = use_all_dns_ips\r\n\tclient.id = producer-140\r\n\tcompression.type = none\r\n\tconnections.max.idle.ms = 540000\r\n\tdelivery.timeout.ms = 120000\r\n\tenable.idempotence = true\r\n\tenable.metrics.push = true\r\n\tinterceptor.classes = []\r\n\tkey.serializer = class org.apache.kafka.common.serialization.ByteArraySerializer\r\n\tlinger.ms = 0\r\n\tmax.block.ms = 60000\r\n\tmax.in.flight.requests.per.connection = 5\r\n\tmax.request.size = 1048576\r\n\tmetadata.max.age.ms = 300000\r\n\tmetadata.max.idle.ms = 300000\r\n\tmetric.reporters = []\r\n\tmetrics.num.samples = 2\r\n\tmetrics.recording.level = INFO\r\n\tmetrics.sample.window.ms = 30000\r\n\tpartitioner.adaptive.partitioning.enable = true\r\n\tpartitioner.availability.timeout.ms = 0\r\n\tpartitioner.class = null\r\n\tpartitioner.ignore.keys = false\r\n\treceive.buffer.bytes = 32768\r\n\treconnect.backoff.max.ms = 1000\r\n\treconnect.backoff.ms = 50\r\n\trequest.timeout.ms = 30000\r\n\tretries = 2147483647\r\n\tretry.backoff.max.ms = 1000\r\n\tretry.backoff.ms = 100\r\n\tsasl.client.callback.handler.class = null\r\n\tsasl.jaas.config = null\r\n\tsasl.kerberos.kinit.cmd = /usr/bin/kinit\r\n\tsasl.kerberos.min.time.before.relogin = 60000\r\n\tsasl.kerberos.service.name = null\r\n\tsasl.kerberos.ticket.renew.jitter = 0.05\r\n\tsasl.kerberos.ticket.renew.window.factor = 0.8\r\n\tsasl.login.callback.handler.class = null\r\n\tsasl.login.class = null\r\n\tsasl.login.connect.timeout.ms = null\r\n\tsasl.login.read.timeout.ms = null\r\n\tsasl.login.refresh.buffer.seconds = 300\r\n\tsasl.login.refresh.min.period.seconds = 60\r\n\tsasl.login.refresh.window.factor = 0.8\r\n\tsasl.login.refresh.window.jitter = 0.05\r\n\tsasl.login.retry.backoff.max.ms = 10000\r\n\tsasl.login.retry.backoff.ms = 100\r\n\tsasl.mechanism = GSSAPI\r\n\tsasl.oauthbearer.clock.skew.seconds = 30\r\n\tsasl.oauthbearer.expected.audience = null\r\n\tsasl.oauthbearer.expected.issuer = null\r\n\tsasl.oauthbearer.jwks.endpoint.refresh.ms = 3600000\r\n\tsasl.oauthbearer.jwks.endpoint.retry.backoff.max.ms = 10000\r\n\tsasl.oauthbearer.jwks.endpoint.retry.backoff.ms = 100\r\n\tsasl.oauthbearer.jwks.endpoint.url = null\r\n\tsasl.oauthbearer.scope.claim.name = scope\r\n\tsasl.oauthbearer.sub.claim.name = sub\r\n\tsasl.oauthbearer.token.endpoint.url = null\r\n\tsecurity.protocol = PLAINTEXT\r\n\tsecurity.providers = null\r\n\tsend.buffer.bytes = 131072\r\n\tsocket.connection.setup.timeout.max.ms = 30000\r\n\tsocket.connection.setup.timeout.ms = 10000\r\n\tssl.cipher.suites = null\r\n\tssl.enabled.protocols = [TLSv1.2, TLSv1.3]\r\n\tssl.endpoint.identification.algorithm = https\r\n\tssl.engine.factory.class = null\r\n\tssl.key.password = null\r\n\tssl.keymanager.algorithm = SunX509\r\n\tssl.keystore.certificate.chain = null\r\n\tssl.keystore.key = null\r\n\tssl.keystore.location = null\r\n\tssl.keystore.password = null\r\n\tssl.keystore.type = JKS\r\n\tssl.protocol = TLSv1.3\r\n\tssl.provider = null\r\n\tssl.secure.random.implementation = null\r\n\tssl.trustmanager.algorithm = PKIX\r\n\tssl.truststore.certificates = null\r\n\tssl.truststore.location = null\r\n\tssl.truststore.password = null\r\n\tssl.truststore.type = JKS\r\n\ttransaction.timeout.ms = 60000\r\n\ttransactional.id = null\r\n\tvalue.serializer = class org.apache.kafka.common.serialization.ByteArraySerializer\r\n","logger_name":"org.apache.kafka.clients.producer.ProducerConfig","thread_name":"org.springframework.kafka.KafkaListenerEndpointContainer#0-0-C-1","level":"INFO","level_value":20000}
{"@timestamp":"2025-08-09T15:05:57.4289541+05:30","@version":"1","message":"initializing Kafka metrics collector","logger_name":"org.apache.kafka.common.telemetry.internals.KafkaMetricsCollector","thread_name":"org.springframework.kafka.KafkaListenerEndpointContainer#0-0-C-1","level":"INFO","level_value":20000}
{"@timestamp":"2025-08-09T15:05:57.4304814+05:30","@version":"1","message":"[Producer clientId=producer-140] Instantiated an idempotent producer.","logger_name":"org.apache.kafka.clients.producer.KafkaProducer","thread_name":"org.springframework.kafka.KafkaListenerEndpointContainer#0-0-C-1","level":"INFO","level_value":20000}
{"@timestamp":"2025-08-09T15:05:57.4315148+05:30","@version":"1","message":"[Producer clientId=producer-140] Closing the Kafka producer with timeoutMillis = 0 ms.","logger_name":"org.apache.kafka.clients.producer.KafkaProducer","thread_name":"org.springframework.kafka.KafkaListenerEndpointContainer#0-0-C-1","level":"INFO","level_value":20000}
{"@timestamp":"2025-08-09T15:05:57.4325085+05:30","@version":"1","message":"Metrics scheduler closed","logger_name":"org.apache.kafka.common.metrics.Metrics","thread_name":"org.springframework.kafka.KafkaListenerEndpointContainer#0-0-C-1","level":"INFO","level_value":20000}
{"@timestamp":"2025-08-09T15:05:57.4325085+05:30","@version":"1","message":"Closing reporter org.apache.kafka.common.metrics.JmxReporter","logger_name":"org.apache.kafka.common.metrics.Metrics","thread_name":"org.springframework.kafka.KafkaListenerEndpointContainer#0-0-C-1","level":"INFO","level_value":20000}
{"@timestamp":"2025-08-09T15:05:57.4325085+05:30","@version":"1","message":"Closing reporter org.apache.kafka.common.telemetry.internals.ClientTelemetryReporter","logger_name":"org.apache.kafka.common.metrics.Metrics","thread_name":"org.springframework.kafka.KafkaListenerEndpointContainer#0-0-C-1","level":"INFO","level_value":20000}
{"@timestamp":"2025-08-09T15:05:57.4325085+05:30","@version":"1","message":"Metrics reporters closed","logger_name":"org.apache.kafka.common.metrics.Metrics","thread_name":"org.springframework.kafka.KafkaListenerEndpointContainer#0-0-C-1","level":"INFO","level_value":20000}
{"@timestamp":"2025-08-09T15:05:57.433511+05:30","@version":"1","message":"App info kafka.producer for producer-140 unregistered","logger_name":"org.apache.kafka.common.utils.AppInfoParser","thread_name":"org.springframework.kafka.KafkaListenerEndpointContainer#0-0-C-1","level":"INFO","level_value":20000}
{"@timestamp":"2025-08-09T15:05:57.433511+05:30","@version":"1","message":"[Consumer clientId=consumer-moviebooking-admin-1, groupId=moviebooking-admin] Bootstrap broker localhost:9092 (id: -1 rack: null) disconnected","logger_name":"org.apache.kafka.clients.NetworkClient","thread_name":"org.springframework.kafka.KafkaListenerEndpointContainer#0-0-C-1","level":"WARN","level_value":30000}
{"@timestamp":"2025-08-09T15:05:57.433511+05:30","@version":"1","message":"ProducerConfig values: \r\n\tacks = -1\r\n\tauto.include.jmx.reporter = true\r\n\tbatch.size = 16384\r\n\tbootstrap.servers = [spring.kafka.bootstrap-servers_IS_UNDEFINED]\r\n\tbuffer.memory = 33554432\r\n\tclient.dns.lookup = use_all_dns_ips\r\n\tclient.id = producer-141\r\n\tcompression.type = none\r\n\tconnections.max.idle.ms = 540000\r\n\tdelivery.timeout.ms = 120000\r\n\tenable.idempotence = true\r\n\tenable.metrics.push = true\r\n\tinterceptor.classes = []\r\n\tkey.serializer = class org.apache.kafka.common.serialization.ByteArraySerializer\r\n\tlinger.ms = 0\r\n\tmax.block.ms = 60000\r\n\tmax.in.flight.requests.per.connection = 5\r\n\tmax.request.size = 1048576\r\n\tmetadata.max.age.ms = 300000\r\n\tmetadata.max.idle.ms = 300000\r\n\tmetric.reporters = []\r\n\tmetrics.num.samples = 2\r\n\tmetrics.recording.level = INFO\r\n\tmetrics.sample.window.ms = 30000\r\n\tpartitioner.adaptive.partitioning.enable = true\r\n\tpartitioner.availability.timeout.ms = 0\r\n\tpartitioner.class = null\r\n\tpartitioner.ignore.keys = false\r\n\treceive.buffer.bytes = 32768\r\n\treconnect.backoff.max.ms = 1000\r\n\treconnect.backoff.ms = 50\r\n\trequest.timeout.ms = 30000\r\n\tretries = 2147483647\r\n\tretry.backoff.max.ms = 1000\r\n\tretry.backoff.ms = 100\r\n\tsasl.client.callback.handler.class = null\r\n\tsasl.jaas.config = null\r\n\tsasl.kerberos.kinit.cmd = /usr/bin/kinit\r\n\tsasl.kerberos.min.time.before.relogin = 60000\r\n\tsasl.kerberos.service.name = null\r\n\tsasl.kerberos.ticket.renew.jitter = 0.05\r\n\tsasl.kerberos.ticket.renew.window.factor = 0.8\r\n\tsasl.login.callback.handler.class = null\r\n\tsasl.login.class = null\r\n\tsasl.login.connect.timeout.ms = null\r\n\tsasl.login.read.timeout.ms = null\r\n\tsasl.login.refresh.buffer.seconds = 300\r\n\tsasl.login.refresh.min.period.seconds = 60\r\n\tsasl.login.refresh.window.factor = 0.8\r\n\tsasl.login.refresh.window.jitter = 0.05\r\n\tsasl.login.retry.backoff.max.ms = 10000\r\n\tsasl.login.retry.backoff.ms = 100\r\n\tsasl.mechanism = GSSAPI\r\n\tsasl.oauthbearer.clock.skew.seconds = 30\r\n\tsasl.oauthbearer.expected.audience = null\r\n\tsasl.oauthbearer.expected.issuer = null\r\n\tsasl.oauthbearer.jwks.endpoint.refresh.ms = 3600000\r\n\tsasl.oauthbearer.jwks.endpoint.retry.backoff.max.ms = 10000\r\n\tsasl.oauthbearer.jwks.endpoint.retry.backoff.ms = 100\r\n\tsasl.oauthbearer.jwks.endpoint.url = null\r\n\tsasl.oauthbearer.scope.claim.name = scope\r\n\tsasl.oauthbearer.sub.claim.name = sub\r\n\tsasl.oauthbearer.token.endpoint.url = null\r\n\tsecurity.protocol = PLAINTEXT\r\n\tsecurity.providers = null\r\n\tsend.buffer.bytes = 131072\r\n\tsocket.connection.setup.timeout.max.ms = 30000\r\n\tsocket.connection.setup.timeout.ms = 10000\r\n\tssl.cipher.suites = null\r\n\tssl.enabled.protocols = [TLSv1.2, TLSv1.3]\r\n\tssl.endpoint.identification.algorithm = https\r\n\tssl.engine.factory.class = null\r\n\tssl.key.password = null\r\n\tssl.keymanager.algorithm = SunX509\r\n\tssl.keystore.certificate.chain = null\r\n\tssl.keystore.key = null\r\n\tssl.keystore.location = null\r\n\tssl.keystore.password = null\r\n\tssl.keystore.type = JKS\r\n\tssl.protocol = TLSv1.3\r\n\tssl.provider = null\r\n\tssl.secure.random.implementation = null\r\n\tssl.trustmanager.algorithm = PKIX\r\n\tssl.truststore.certificates = null\r\n\tssl.truststore.location = null\r\n\tssl.truststore.password = null\r\n\tssl.truststore.type = JKS\r\n\ttransaction.timeout.ms = 60000\r\n\ttransactional.id = null\r\n\tvalue.serializer = class org.apache.kafka.common.serialization.ByteArraySerializer\r\n","logger_name":"org.apache.kafka.clients.producer.ProducerConfig","thread_name":"org.springframework.kafka.KafkaListenerEndpointContainer#0-0-C-1","level":"INFO","level_value":20000}
{"@timestamp":"2025-08-09T15:05:57.4345093+05:30","@version":"1","message":"initializing Kafka metrics collector","logger_name":"org.apache.kafka.common.telemetry.internals.KafkaMetricsCollector","thread_name":"org.springframework.kafka.KafkaListenerEndpointContainer#0-0-C-1","level":"INFO","level_value":20000}
{"@timestamp":"2025-08-09T15:05:57.4355095+05:30","@version":"1","message":"[Producer clientId=producer-141] Instantiated an idempotent producer.","logger_name":"org.apache.kafka.clients.producer.KafkaProducer","thread_name":"org.springframework.kafka.KafkaListenerEndpointContainer#0-0-C-1","level":"INFO","level_value":20000}
{"@timestamp":"2025-08-09T15:05:57.4365064+05:30","@version":"1","message":"[Producer clientId=producer-141] Closing the Kafka producer with timeoutMillis = 0 ms.","logger_name":"org.apache.kafka.clients.producer.KafkaProducer","thread_name":"org.springframework.kafka.KafkaListenerEndpointContainer#0-0-C-1","level":"INFO","level_value":20000}
{"@timestamp":"2025-08-09T15:05:57.4375034+05:30","@version":"1","message":"Metrics scheduler closed","logger_name":"org.apache.kafka.common.metrics.Metrics","thread_name":"org.springframework.kafka.KafkaListenerEndpointContainer#0-0-C-1","level":"INFO","level_value":20000}
{"@timestamp":"2025-08-09T15:05:57.4375034+05:30","@version":"1","message":"Closing reporter org.apache.kafka.common.metrics.JmxReporter","logger_name":"org.apache.kafka.common.metrics.Metrics","thread_name":"org.springframework.kafka.KafkaListenerEndpointContainer#0-0-C-1","level":"INFO","level_value":20000}
{"@timestamp":"2025-08-09T15:05:57.4375034+05:30","@version":"1","message":"Closing reporter org.apache.kafka.common.telemetry.internals.ClientTelemetryReporter","logger_name":"org.apache.kafka.common.metrics.Metrics","thread_name":"org.springframework.kafka.KafkaListenerEndpointContainer#0-0-C-1","level":"INFO","level_value":20000}
{"@timestamp":"2025-08-09T15:05:57.4375034+05:30","@version":"1","message":"Metrics reporters closed","logger_name":"org.apache.kafka.common.metrics.Metrics","thread_name":"org.springframework.kafka.KafkaListenerEndpointContainer#0-0-C-1","level":"INFO","level_value":20000}
{"@timestamp":"2025-08-09T15:05:57.4375034+05:30","@version":"1","message":"App info kafka.producer for producer-141 unregistered","logger_name":"org.apache.kafka.common.utils.AppInfoParser","thread_name":"org.springframework.kafka.KafkaListenerEndpointContainer#0-0-C-1","level":"INFO","level_value":20000}
]]></system-out>
    <system-err><![CDATA[Aug 09, 2025 3:04:38 PM org.junit.platform.launcher.core.LauncherConfigurationParameters loadClasspathResource
WARNING: Discovered 2 'junit-platform.properties' configuration files in the classpath; only the first will be used.
Aug 09, 2025 3:04:38 PM org.junit.platform.launcher.core.LauncherConfigurationParameters loadClasspathResource
WARNING: Discovered 2 'junit-platform.properties' configuration files in the classpath; only the first will be used.
Aug 09, 2025 3:04:40 PM org.junit.platform.launcher.core.LauncherConfigurationParameters loadClasspathResource
WARNING: Discovered 2 'junit-platform.properties' configuration files in the classpath; only the first will be used.
WARNING: A Java agent has been loaded dynamically (C:\Users\2263222\.m2\repository\net\bytebuddy\byte-buddy-agent\1.14.18\byte-buddy-agent-1.14.18.jar)
WARNING: If a serviceability tool is in use, please run with -XX:+EnableDynamicAgentLoading to hide this warning
WARNING: If a serviceability tool is not in use, please run with -Djdk.instrument.traceUsage for more information
WARNING: Dynamic loading of agents will be disallowed by default in a future release
]]></system-err>
  </testcase>
</testsuite>